<?xml version="1.0" encoding="UTF-8"?>
<testsuite xmlns:xsi="http://www.w3.org/2001/XMLSchema-instance" xsi:noNamespaceSchemaLocation="https://maven.apache.org/surefire/maven-surefire-plugin/xsd/surefire-test-report.xsd" version="3.0.2" name="com.taxonomy.OnnxRestEndpointTest" time="78.853" tests="5" errors="0" skipped="0" failures="0" flakes="0">
  <properties>
[...]
</properties>
  <testcase name="graphSearchReturnsStructuredResult" classname="com.taxonomy.OnnxRestEndpointTest" time="75.86">
    <system-out><![CDATA[2026-08-22T16:50:22.551Z  INFO 5917 --- [taxonomy-analyzer] [           main] t.c.s.AnnotationConfigContextLoaderUtils : Could not detect default configuration classes for test class [com.taxonomy.OnnxRestEndpointTest]: OnnxRestEndpointTest does not declare any static, non-private, non-final, nested classes annotated with @Configuration.
2026-08-22T16:50:22.555Z  INFO 5917 --- [taxonomy-analyzer] [           main] .b.t.c.SpringBootTestContextBootstrapper : Found @SpringBootConfiguration com.taxonomy.TaxonomyApplication for test class com.taxonomy.OnnxRestEndpointTest
2026-08-22T16:50:22.556Z  INFO 5917 --- [taxonomy-analyzer] [           main] t.c.s.AnnotationConfigContextLoaderUtils : Could not detect default configuration classes for test class [com.taxonomy.OnnxRestEndpointTest]: OnnxRestEndpointTest does not declare any static, non-private, non-final, nested classes annotated with @Configuration.
2026-08-22T16:50:22.557Z  INFO 5917 --- [taxonomy-analyzer] [           main] .b.t.c.SpringBootTestContextBootstrapper : Found @SpringBootConfiguration com.taxonomy.TaxonomyApplication for test class com.taxonomy.OnnxRestEndpointTest
2026-08-22T16:50:22.575Z  INFO 5917 --- [taxonomy-analyzer] [           main] c.t.s.service.LocalEmbeddingService      : Closed DJL embedding model.
2026-08-22T16:50:22.576Z  INFO 5917 --- [taxonomy-analyzer] [           main] j.LocalContainerEntityManagerFactoryBean : Closing JPA EntityManagerFactory for persistence unit 'default'
2026-08-22T16:50:22.579Z  INFO 5917 --- [taxonomy-analyzer] [           main] com.zaxxer.hikari.HikariDataSource       : taxonomy-hsqldb - Shutdown initiated...
2026-08-22T16:50:22.583Z  INFO 5917 --- [taxonomy-analyzer] [           main] com.zaxxer.hikari.HikariDataSource       : taxonomy-hsqldb - Shutdown completed.

  .   ____          _            __ _ _
 /\\ / ___'_ __ _ _(_)_ __  __ _ \ \ \ \
( ( )\___ | '_ | '_| | '_ \/ _` | \ \ \ \
 \\/  ___)| |_)| | | | | || (_| |  ) ) ) )
  '  |____| .__|_| |_|_| |_\__, | / / / /
 =========|_|==============|___/=/_/_/_/

 :: Spring Boot ::                (v4.1.0)

2026-08-22T16:50:22.601Z  INFO 5917 --- [taxonomy-analyzer] [           main] com.taxonomy.OnnxRestEndpointTest        : Starting OnnxRestEndpointTest using Java 21.0.12 with PID 5917 (started by runner in /home/runner/work/Taxonomy/Taxonomy/taxonomy-app)
2026-08-22T16:50:22.601Z  INFO 5917 --- [taxonomy-analyzer] [           main] com.taxonomy.OnnxRestEndpointTest        : No active profile set, falling back to 1 default profile: "hsqldb"
2026-08-22T16:50:22.799Z  INFO 5917 --- [taxonomy-analyzer] [           main] .s.d.r.c.RepositoryConfigurationDelegate : Bootstrapping Spring Data JPA repositories in DEFAULT mode.
2026-08-22T16:50:22.847Z  INFO 5917 --- [taxonomy-analyzer] [           main] .s.d.r.c.RepositoryConfigurationDelegate : Finished Spring Data repository scanning in 46 ms. Found 40 JPA repository interfaces.
2026-08-22T16:50:22.925Z  INFO 5917 --- [taxonomy-analyzer] [           main] com.zaxxer.hikari.HikariDataSource       : taxonomy-hsqldb - Starting...
2026-08-22T16:50:22.925Z  INFO 5917 --- [taxonomy-analyzer] [           main] com.zaxxer.hikari.pool.PoolBase          : taxonomy-hsqldb - Driver does not support get/set network timeout for connections. (feature not supported)
2026-08-22T16:50:22.925Z  INFO 5917 --- [taxonomy-analyzer] [           main] com.zaxxer.hikari.pool.HikariPool        : taxonomy-hsqldb - Added connection org.hsqldb.jdbc.JDBCConnection@359ff79b
2026-08-22T16:50:22.925Z  INFO 5917 --- [taxonomy-analyzer] [           main] com.zaxxer.hikari.HikariDataSource       : taxonomy-hsqldb - Start completed.
2026-08-22T16:50:22.944Z  INFO 5917 --- [taxonomy-analyzer] [           main] org.flywaydb.core.FlywayExecutor         : Database: jdbc:hsqldb:mem:taxonomydb;DB_CLOSE_DELAY=-1 (HSQL Database Engine 2.7)
2026-08-22T16:50:22.950Z  INFO 5917 --- [taxonomy-analyzer] [           main] c.t.d.s.JgitStorageSchemaMigrationConfig : Migrating managed JGit Core schema for HSQLDB
2026-08-22T16:50:22.950Z  INFO 5917 --- [taxonomy-analyzer] [           main] org.flywaydb.core.FlywayExecutor         : Database: jdbc:hsqldb:mem:taxonomydb;DB_CLOSE_DELAY=-1 (HSQL Database Engine 2.7)
2026-08-22T16:50:22.954Z  INFO 5917 --- [taxonomy-analyzer] [           main] o.f.core.internal.command.DbValidate     : Successfully validated 8 migrations (execution time 00:00.002s)
2026-08-22T16:50:22.955Z  INFO 5917 --- [taxonomy-analyzer] [           main] o.f.core.internal.command.DbMigrate      : Current version of schema "PUBLIC": 0.9.1
2026-08-22T16:50:22.955Z  INFO 5917 --- [taxonomy-analyzer] [           main] o.f.core.internal.command.DbMigrate      : Schema "PUBLIC" is up to date. No migration necessary.
2026-08-22T16:50:22.966Z  INFO 5917 --- [taxonomy-analyzer] [           main] org.flywaydb.core.FlywayExecutor         : Database: jdbc:hsqldb:mem:taxonomydb;DB_CLOSE_DELAY=-1 (HSQL Database Engine 2.7)
2026-08-22T16:50:23.000Z  INFO 5917 --- [taxonomy-analyzer] [           main] org.hibernate.orm.jpa                    : HHH008540: Processing PersistenceUnitInfo [name: default]
2026-08-22T16:50:23.027Z  INFO 5917 --- [taxonomy-analyzer] [           main] o.s.o.j.p.SpringPersistenceUnitInfo      : No LoadTimeWeaver setup: ignoring JPA class transformer
2026-08-22T16:50:23.028Z  WARN 5917 --- [taxonomy-analyzer] [           main] org.hibernate.orm.deprecation            : HHH90000025: HSQLDialect does not need to be specified explicitly using 'hibernate.dialect' (remove the property setting and it will be selected by default)
2026-08-22T16:50:23.028Z  INFO 5917 --- [taxonomy-analyzer] [           main] org.hibernate.orm.connections.pooling    : HHH10001005: Database info:
	Database JDBC URL [jdbc:hsqldb:mem:taxonomydb;DB_CLOSE_DELAY=-1]
	Database driver: HSQL Database Engine Driver
	Database dialect: HSQLDialect
	Database version: 2.7.3
	Default catalog/schema: PUBLIC/PUBLIC
	Autocommit mode: undefined/unknown
	Isolation level: READ_COMMITTED [default READ_COMMITTED]
	JDBC fetch size: none
	Pool: DataSourceConnectionProvider
	Minimum pool size: undefined/unknown
	Maximum pool size: undefined/unknown
2026-08-22T16:50:23.207Z  INFO 5917 --- [taxonomy-analyzer] [           main] org.hibernate.search.version.orm         : HSEARCH000034: Hibernate Search version 8.4.0.Final
2026-08-22T16:50:23.312Z  INFO 5917 --- [taxonomy-analyzer] [           main] org.hibernate.orm.core                   : HHH000489: No JTA platform available (set 'hibernate.transaction.jta.platform' to enable JTA platform integration)
2026-08-22T16:50:23.312Z  INFO 5917 --- [taxonomy-analyzer] [           main] org.hibernate.orm.jdbc.batch             : HHH100501: Automatic JDBC statement batching enabled (maximum batch size 50)
2026-08-22T16:50:23.368Z  INFO 5917 --- [taxonomy-analyzer] [           main] org.hibernate.search.configuration       : HSEARCH000567: Configuration property tracking is disabled; unused properties will not be logged.
2026-08-22T16:50:23.498Z  INFO 5917 --- [taxonomy-analyzer] [           main] j.LocalContainerEntityManagerFactoryBean : Initialized JPA EntityManagerFactory for persistence unit 'default'
2026-08-22T16:50:23.535Z  INFO 5917 --- [taxonomy-analyzer] [           main] c.t.w.service.SystemRepositoryService    : Created primary architecture repository catalog entry (storage=taxonomy-dsl, topology=INTERNAL_SHARED, branch=draft)
2026-08-22T16:50:23.722Z  WARN 5917 --- [taxonomy-analyzer] [           main] c.t.catalog.service.TaxonomyService      : Node 'IP-2065' references itself as parent; attaching it to taxonomy root 'IP'.
2026-08-22T16:50:24.072Z  INFO 5917 --- [taxonomy-analyzer] [           main] c.t.catalog.service.TaxonomyService      : Taxonomy loaded: 2572 nodes from 8 sheets.
2026-08-22T16:50:24.072Z  INFO 5917 --- [taxonomy-analyzer] [           main] c.t.catalog.service.TaxonomyService      : No 'Relations' sheet found in workbook — trying CSV fallback.
2026-08-22T16:50:24.089Z  INFO 5917 --- [taxonomy-analyzer] [           main] c.t.catalog.service.TaxonomyService      : CSV relations loaded: 37 relations.
2026-08-22T16:50:24.089Z  INFO 5917 --- [taxonomy-analyzer] [           main] c.t.catalog.service.TaxonomyService      : Cleared in-memory node maps to free heap.
2026-08-22T16:50:24.089Z  INFO 5917 --- [taxonomy-analyzer] [           main] c.t.catalog.service.TaxonomyService      : Full-text and vector index will be populated automatically by Hibernate Search.
2026-08-22T16:50:24.265Z  INFO 5917 --- [taxonomy-analyzer] [           main] c.taxonomy.dsl.storage.DslStorageConfig  : Creating HibernateRepositoryFactory for application-managed SessionFactory
2026-08-22T16:50:24.265Z  INFO 5917 --- [taxonomy-analyzer] [           main] c.taxonomy.dsl.storage.DslStorageConfig  : Creating DslGitRepositoryFactory backed by jgit-storage-hibernate-core
2026-08-22T16:50:24.266Z  INFO 5917 --- [taxonomy-analyzer] [           main] c.t.dsl.storage.DslGitRepositoryFactory  : Opening database-backed DslGitRepository 'taxonomy-dsl'
2026-08-22T16:50:24.268Z  INFO 5917 --- [taxonomy-analyzer] [           main] c.taxonomy.dsl.storage.DslGitRepository  : Initialised database-backed DslGitRepository (HibernateRepository)
2026-08-22T16:50:24.360Z  INFO 5917 --- [taxonomy-analyzer] [           main] c.t.s.service.PromptTemplateService      : Loaded 13 prompt template(s) from classpath:prompts/
2026-08-22T16:50:24.525Z  INFO 5917 --- [taxonomy-analyzer] [           main] c.t.analysis.service.LlmGatewayRegistry  : LlmGatewayRegistry initialised with 7 gateways
2026-08-22T16:50:24.535Z  INFO 5917 --- [taxonomy-analyzer] [           main] c.t.p.PreferencesStorageConfig           : Creating database-backed PreferencesGitRepository
2026-08-22T16:50:24.536Z  INFO 5917 --- [taxonomy-analyzer] [           main] c.t.p.storage.PreferencesGitRepository   : Initialised database-backed PreferencesGitRepository
2026-08-22T16:50:24.539Z  INFO 5917 --- [taxonomy-analyzer] [           main] c.t.preferences.PreferencesService       : Preferences loaded from JGit repository (14 entries)
2026-08-22T16:50:24.738Z  INFO 5917 --- [taxonomy-analyzer] [           main] o.s.b.w.a.WelcomePageHandlerMapping      : Adding welcome page template: index
2026-08-22T16:50:24.772Z  INFO 5917 --- [taxonomy-analyzer] [           main] o.s.b.a.e.web.EndpointLinksResolver      : Exposing 4 endpoints beneath base path '/actuator'
2026-08-22T16:50:24.776Z  INFO 5917 --- [taxonomy-analyzer] [           main] com.taxonomy.OnnxRestEndpointTest        : Started OnnxRestEndpointTest in 2.19 seconds (process running for 126.504)
2026-08-22T16:50:24.812Z  INFO 5917 --- [taxonomy-analyzer] [           main] c.t.s.config.SchemaContractMigrator      : Created repository foreign key fk_relation_proposal_repository on relation_proposal
2026-08-22T16:50:24.823Z  INFO 5917 --- [taxonomy-analyzer] [           main] c.t.s.config.SchemaContractMigrator      : Created repository foreign key fk_taxonomy_relation_repository on taxonomy_relation
2026-08-22T16:50:24.835Z  INFO 5917 --- [taxonomy-analyzer] [           main] c.t.s.config.SchemaContractMigrator      : Created repository foreign key fk_relation_hypothesis_repository on relation_hypothesis
2026-08-22T16:50:24.845Z  INFO 5917 --- [taxonomy-analyzer] [           main] c.t.s.config.SchemaContractMigrator      : Verified repository, workspace, hypothesis and account schema contracts
2026-08-22T16:50:24.879Z  INFO 5917 --- [taxonomy-analyzer] [           main] c.t.s.config.CommitIndexSchemaMigrator   : Verified repository/workspace/branch commit-index schema contract
2026-08-22T16:50:24.883Z  INFO 5917 --- [taxonomy-analyzer] [ ID loading - 0] o.hibernate.search.mapper.massindexing   : HSEARCH000027: Mass indexing is going to index 0 entities.
2026-08-22T16:50:24.884Z  INFO 5917 --- [taxonomy-analyzer] [           main] o.hibernate.search.mapper.massindexing   : HSEARCH700168: Mass indexing complete in PT9M47.088712416S. Indexed 0/0 entities.
2026-08-22T16:50:24.884Z  INFO 5917 --- [taxonomy-analyzer] [           main] c.t.a.s.CommitIndexSearchLifecycle       : Purged/rebuilt the empty repository-scoped commit search index
2026-08-22T16:50:24.962Z  WARN 5917 --- [taxonomy-analyzer] [           main] c.t.s.config.SecurityDataInitializer     : Generated a one-time local administrator bootstrap password. Sign in as 'admin' with this value and replace it immediately: 6HoPjEfFszFCJlqqX4-7d3ck5QuJCqUI
2026-08-22T16:50:24.965Z  INFO 5917 --- [taxonomy-analyzer] [axonomy-async-1] c.t.search.LocalOnnxIndexInitializer     : Local embedding index state WAITING_FOR_TAXONOMY: Waiting for the taxonomy catalogue to become ready
2026-08-22T16:50:24.965Z  INFO 5917 --- [taxonomy-analyzer] [axonomy-async-1] c.t.search.LocalOnnxIndexInitializer     : Local embedding index state LOADING_MODEL: Loading and warming the local embedding model
2026-08-22T16:50:24.965Z  INFO 5917 --- [taxonomy-analyzer] [axonomy-async-1] c.t.s.service.LocalEmbeddingService      : Loading embedding model via DJL / ONNX Runtime from /home/runner/work/Taxonomy/Taxonomy/models/bge-small-en-v1.5 …
2026-08-22T16:50:24.965Z  INFO 5917 --- [taxonomy-analyzer] [axonomy-async-1] c.t.s.service.LocalEmbeddingService      : Loading DJL model from local path: /home/runner/work/Taxonomy/Taxonomy/models/bge-small-en-v1.5
2026-08-22T16:50:24.966Z  INFO 5917 --- [taxonomy-analyzer] [axonomy-async-1] ai.djl.onnxruntime.engine.OrtModel       : Onnx extension not found in classpath.
2026-08-22T16:50:25.010Z  INFO 5917 --- [taxonomy-analyzer] [           main] r$InitializeUserDetailsManagerConfigurer : Global AuthenticationManager configured with UserDetailsService bean with name databaseUserDetailsService
2026-08-22T16:50:25.116Z  INFO 5917 --- [taxonomy-analyzer] [           main] o.s.b.t.m.w.SpringBootMockServletContext : Initializing Spring TestDispatcherServlet ''
2026-08-22T16:50:25.117Z  INFO 5917 --- [taxonomy-analyzer] [           main] o.s.t.web.servlet.TestDispatcherServlet  : Initializing Servlet ''
2026-08-22T16:50:25.160Z  INFO 5917 --- [taxonomy-analyzer] [           main] o.s.t.web.servlet.TestDispatcherServlet  : Completed initialization in 43 ms
2026-08-22T16:50:25.192Z  WARN 5917 --- [taxonomy-analyzer] [axonomy-async-1] a.d.h.tokenizers.HuggingFaceTokenizer    : maxLength is not explicitly specified, use modelMaxLength: 512
2026-08-22T16:50:25.192Z  INFO 5917 --- [taxonomy-analyzer] [axonomy-async-1] c.t.s.service.LocalEmbeddingService      : Embedding model loaded successfully.
2026-08-22T16:50:25.206Z  INFO 5917 --- [taxonomy-analyzer] [axonomy-async-1] c.t.search.LocalOnnxIndexInitializer     : Local embedding index state INDEXING_NODES: Building taxonomy-node vectors required by semantic search
2026-08-22T16:50:25.236Z  INFO 5917 --- [taxonomy-analyzer] [ ID loading - 0] o.hibernate.search.mapper.massindexing   : HSEARCH000027: Mass indexing is going to index 2572 entities.
2026-08-22T16:50:28.441Z  INFO 5917 --- [taxonomy-analyzer] [ity loading - 0] o.hibernate.search.mapper.massindexing   : HSEARCH700167: Mass indexed 2.49% 64/2572. Speed: 0.11/s instant, 36.61/s since start. Remaining: 2508, approx. PT6H25M45.916S.
2026-08-22T16:50:29.607Z  INFO 5917 --- [taxonomy-analyzer] [ity loading - 1] o.hibernate.search.mapper.massindexing   : HSEARCH700167: Mass indexed 4.35% 112/2572. Speed: 41.26/s instant, 38.47/s since start. Remaining: 2460, approx. PT59.623S.
2026-08-22T16:50:30.536Z  INFO 5917 --- [taxonomy-analyzer] [ity loading - 0] o.hibernate.search.mapper.massindexing   : HSEARCH700167: Mass indexed 6.22% 160/2572. Speed: 51.52/s instant, 41.63/s since start. Remaining: 2412, approx. PT46.818S.
2026-08-22T16:50:31.732Z  INFO 5917 --- [taxonomy-analyzer] [ity loading - 1] o.hibernate.search.mapper.massindexing   : HSEARCH700167: Mass indexed 8.09% 208/2572. Speed: 40.11/s instant, 41.27/s since start. Remaining: 2364, approx. PT58.933S.
2026-08-22T16:50:32.614Z  INFO 5917 --- [taxonomy-analyzer] [ity loading - 0] o.hibernate.search.mapper.massindexing   : HSEARCH700167: Mass indexed 9.95% 256/2572. Speed: 54.45/s instant, 43.23/s since start. Remaining: 2316, approx. PT42.531S.
2026-08-22T16:50:34.117Z  INFO 5917 --- [taxonomy-analyzer] [ity loading - 1] o.hibernate.search.mapper.massindexing   : HSEARCH700167: Mass indexed 11.82% 304/2572. Speed: 31.93/s instant, 40.95/s since start. Remaining: 2268, approx. PT1M11.033S.
2026-08-22T16:50:35.157Z  INFO 5917 --- [taxonomy-analyzer] [ity loading - 0] o.hibernate.search.mapper.massindexing   : HSEARCH700167: Mass indexed 13.69% 352/2572. Speed: 46.17/s instant, 41.59/s since start. Remaining: 2220, approx. PT48.083S.
2026-08-22T16:50:36.105Z  INFO 5917 --- [taxonomy-analyzer] [ity loading - 1] o.hibernate.search.mapper.massindexing   : HSEARCH700167: Mass indexed 15.55% 400/2572. Speed: 50.63/s instant, 42.50/s since start. Remaining: 2172, approx. PT42.899S.
2026-08-22T16:50:37.162Z  INFO 5917 --- [taxonomy-analyzer] [ity loading - 1] o.hibernate.search.mapper.massindexing   : HSEARCH700167: Mass indexed 18.04% 464/2572. Speed: 60.52/s instant, 44.32/s since start. Remaining: 2108, approx. PT34.83S.
2026-08-22T16:50:38.578Z  INFO 5917 --- [taxonomy-analyzer] [ity loading - 0] o.hibernate.search.mapper.massindexing   : HSEARCH700167: Mass indexed 19.91% 512/2572. Speed: 33.90/s instant, 43.08/s since start. Remaining: 2060, approx. PT1M0.763S.
2026-08-22T16:50:39.363Z  INFO 5917 --- [taxonomy-analyzer] [ity loading - 1] o.hibernate.search.mapper.massindexing   : HSEARCH700167: Mass indexed 21.77% 560/2572. Speed: 61.22/s instant, 44.20/s since start. Remaining: 2012, approx. PT32.862S.
2026-08-22T16:50:40.703Z  INFO 5917 --- [taxonomy-analyzer] [ity loading - 1] o.hibernate.search.mapper.massindexing   : HSEARCH700167: Mass indexed 23.64% 608/2572. Speed: 35.81/s instant, 43.40/s since start. Remaining: 1964, approx. PT54.848S.
2026-08-22T16:50:41.651Z  INFO 5917 --- [taxonomy-analyzer] [ity loading - 0] o.hibernate.search.mapper.massindexing   : HSEARCH700167: Mass indexed 25.51% 656/2572. Speed: 50.64/s instant, 43.86/s since start. Remaining: 1916, approx. PT37.836S.
2026-08-22T16:50:42.709Z  INFO 5917 --- [taxonomy-analyzer] [ity loading - 1] o.hibernate.search.mapper.massindexing   : HSEARCH700167: Mass indexed 27.37% 704/2572. Speed: 45.47/s instant, 43.96/s since start. Remaining: 1868, approx. PT41.082S.
2026-08-22T16:50:44.231Z  INFO 5917 --- [taxonomy-analyzer] [ity loading - 0] o.hibernate.search.mapper.massindexing   : HSEARCH700167: Mass indexed 29.24% 752/2572. Speed: 31.47/s instant, 42.88/s since start. Remaining: 1820, approx. PT57.826S.
2026-08-22T16:50:45.312Z  INFO 5917 --- [taxonomy-analyzer] [ity loading - 0] o.hibernate.search.mapper.massindexing   : HSEARCH700167: Mass indexed 31.10% 800/2572. Speed: 44.41/s instant, 42.97/s since start. Remaining: 1772, approx. PT39.904S.
2026-08-22T16:50:47.659Z  INFO 5917 --- [taxonomy-analyzer] [ity loading - 1] o.hibernate.search.mapper.massindexing   : HSEARCH700167: Mass indexed 33.59% 864/2572. Speed: 27.28/s instant, 41.21/s since start. Remaining: 1708, approx. PT1M2.615S.
2026-08-22T16:50:49.282Z  INFO 5917 --- [taxonomy-analyzer] [ity loading - 0] o.hibernate.search.mapper.massindexing   : HSEARCH700167: Mass indexed 35.46% 912/2572. Speed: 29.56/s instant, 40.37/s since start. Remaining: 1660, approx. PT56.159S.
2026-08-22T16:50:51.092Z  INFO 5917 --- [taxonomy-analyzer] [ity loading - 0] o.hibernate.search.mapper.massindexing   : HSEARCH700167: Mass indexed 37.33% 960/2572. Speed: 26.53/s instant, 39.35/s since start. Remaining: 1612, approx. PT1M0.769S.
2026-08-22T16:50:53.280Z  INFO 5917 --- [taxonomy-analyzer] [ity loading - 1] o.hibernate.search.mapper.massindexing   : HSEARCH700167: Mass indexed 39.19% 1008/2572. Speed: 21.93/s instant, 37.91/s since start. Remaining: 1564, approx. PT1M11.305S.
2026-08-22T16:50:54.469Z  INFO 5917 --- [taxonomy-analyzer] [ity loading - 0] o.hibernate.search.mapper.massindexing   : HSEARCH700167: Mass indexed 41.06% 1056/2572. Speed: 40.37/s instant, 38.02/s since start. Remaining: 1516, approx. PT37.55S.
2026-08-22T16:50:55.540Z  INFO 5917 --- [taxonomy-analyzer] [ity loading - 1] o.hibernate.search.mapper.massindexing   : HSEARCH700167: Mass indexed 42.92% 1104/2572. Speed: 44.84/s instant, 38.27/s since start. Remaining: 1468, approx. PT32.737S.
2026-08-22T16:50:56.526Z  INFO 5917 --- [taxonomy-analyzer] [ity loading - 0] o.hibernate.search.mapper.massindexing   : HSEARCH700167: Mass indexed 44.79% 1152/2572. Speed: 48.69/s instant, 38.62/s since start. Remaining: 1420, approx. PT29.162S.
2026-08-22T16:50:57.994Z  INFO 5917 --- [taxonomy-analyzer] [ity loading - 0] o.hibernate.search.mapper.massindexing   : HSEARCH700167: Mass indexed 46.66% 1200/2572. Speed: 32.68/s instant, 38.34/s since start. Remaining: 1372, approx. PT41.982S.
2026-08-22T16:50:59.910Z  INFO 5917 --- [taxonomy-analyzer] [ity loading - 0] o.hibernate.search.mapper.massindexing   : HSEARCH700167: Mass indexed 49.14% 1264/2572. Speed: 33.40/s instant, 38.05/s since start. Remaining: 1308, approx. PT39.161S.
2026-08-22T16:51:01.606Z  INFO 5917 --- [taxonomy-analyzer] [ity loading - 1] o.hibernate.search.mapper.massindexing   : HSEARCH700167: Mass indexed 51.01% 1312/2572. Speed: 28.31/s instant, 37.58/s since start. Remaining: 1260, approx. PT44.502S.
2026-08-22T16:51:03.889Z  INFO 5917 --- [taxonomy-analyzer] [ity loading - 0] o.hibernate.search.mapper.massindexing   : HSEARCH700167: Mass indexed 52.88% 1360/2572. Speed: 21.02/s instant, 36.56/s since start. Remaining: 1212, approx. PT57.662S.
2026-08-22T16:51:05.912Z  INFO 5917 --- [taxonomy-analyzer] [ity loading - 1] o.hibernate.search.mapper.massindexing   : HSEARCH700167: Mass indexed 54.74% 1408/2572. Speed: 23.74/s instant, 35.90/s since start. Remaining: 1164, approx. PT49.035S.
2026-08-22T16:51:07.496Z  INFO 5917 --- [taxonomy-analyzer] [ity loading - 0] o.hibernate.search.mapper.massindexing   : HSEARCH700167: Mass indexed 56.61% 1456/2572. Speed: 30.30/s instant, 35.68/s since start. Remaining: 1116, approx. PT36.827S.
2026-08-22T16:51:08.180Z  INFO 5917 --- [taxonomy-analyzer] [ity loading - 0] o.hibernate.search.mapper.massindexing   : HSEARCH700167: Mass indexed 58.48% 1504/2572. Speed: 70.13/s instant, 36.25/s since start. Remaining: 1068, approx. PT15.229S.
2026-08-22T16:51:09.637Z  INFO 5917 --- [taxonomy-analyzer] [ity loading - 1] o.hibernate.search.mapper.massindexing   : HSEARCH700167: Mass indexed 60.34% 1552/2572. Speed: 32.94/s instant, 36.14/s since start. Remaining: 1020, approx. PT30.961S.
2026-08-22T16:51:10.865Z  INFO 5917 --- [taxonomy-analyzer] [ity loading - 0] o.hibernate.search.mapper.massindexing   : HSEARCH700167: Mass indexed 62.21% 1600/2572. Speed: 39.08/s instant, 36.22/s since start. Remaining: 972, approx. PT24.871S.
2026-08-22T16:51:12.517Z  INFO 5917 --- [taxonomy-analyzer] [ity loading - 0] o.hibernate.search.mapper.massindexing   : HSEARCH700167: Mass indexed 64.70% 1664/2572. Speed: 38.75/s instant, 36.31/s since start. Remaining: 908, approx. PT23.432S.
2026-08-22T16:51:14.226Z  INFO 5917 --- [taxonomy-analyzer] [ity loading - 1] o.hibernate.search.mapper.massindexing   : HSEARCH700167: Mass indexed 66.56% 1712/2572. Speed: 28.09/s instant, 36.02/s since start. Remaining: 860, approx. PT30.614S.
2026-08-22T16:51:15.968Z  INFO 5917 --- [taxonomy-analyzer] [ity loading - 1] o.hibernate.search.mapper.massindexing   : HSEARCH700167: Mass indexed 68.43% 1760/2572. Speed: 27.56/s instant, 35.72/s since start. Remaining: 812, approx. PT29.46S.
2026-08-22T16:51:18.021Z  INFO 5917 --- [taxonomy-analyzer] [ity loading - 1] o.hibernate.search.mapper.massindexing   : HSEARCH700167: Mass indexed 70.30% 1808/2572. Speed: 23.37/s instant, 35.22/s since start. Remaining: 764, approx. PT32.686S.
2026-08-22T16:51:19.481Z  INFO 5917 --- [taxonomy-analyzer] [ity loading - 0] o.hibernate.search.mapper.massindexing   : HSEARCH700167: Mass indexed 72.16% 1856/2572. Speed: 32.88/s instant, 35.16/s since start. Remaining: 716, approx. PT21.776S.
2026-08-22T16:51:21.060Z  INFO 5917 --- [taxonomy-analyzer] [ity loading - 1] o.hibernate.search.mapper.massindexing   : HSEARCH700167: Mass indexed 74.03% 1904/2572. Speed: 30.39/s instant, 35.02/s since start. Remaining: 668, approx. PT21.977S.
2026-08-22T16:51:22.169Z  INFO 5917 --- [taxonomy-analyzer] [ity loading - 1] o.hibernate.search.mapper.massindexing   : HSEARCH700167: Mass indexed 75.89% 1952/2572. Speed: 43.35/s instant, 35.19/s since start. Remaining: 620, approx. PT14.3S.
2026-08-22T16:51:23.826Z  INFO 5917 --- [taxonomy-analyzer] [ity loading - 0] o.hibernate.search.mapper.massindexing   : HSEARCH700167: Mass indexed 77.76% 2000/2572. Speed: 28.93/s instant, 35.01/s since start. Remaining: 572, approx. PT19.769S.
2026-08-22T16:51:25.428Z  INFO 5917 --- [taxonomy-analyzer] [ity loading - 0] o.hibernate.search.mapper.massindexing   : HSEARCH700167: Mass indexed 80.25% 2064/2572. Speed: 39.96/s instant, 35.14/s since start. Remaining: 508, approx. PT12.712S.
2026-08-22T16:51:26.771Z  INFO 5917 --- [taxonomy-analyzer] [ity loading - 1] o.hibernate.search.mapper.massindexing   : HSEARCH700167: Mass indexed 82.12% 2112/2572. Speed: 35.71/s instant, 35.15/s since start. Remaining: 460, approx. PT12.879S.
2026-08-22T16:51:27.890Z  INFO 5917 --- [taxonomy-analyzer] [ity loading - 1] o.hibernate.search.mapper.massindexing   : HSEARCH700167: Mass indexed 83.98% 2160/2572. Speed: 42.92/s instant, 35.30/s since start. Remaining: 412, approx. PT9.6S.
2026-08-22T16:51:29.445Z  INFO 5917 --- [taxonomy-analyzer] [ity loading - 0] o.hibernate.search.mapper.massindexing   : HSEARCH700167: Mass indexed 85.85% 2208/2572. Speed: 30.87/s instant, 35.19/s since start. Remaining: 364, approx. PT11.792S.
2026-08-22T16:51:30.650Z  INFO 5917 --- [taxonomy-analyzer] [ity loading - 1] o.hibernate.search.mapper.massindexing   : HSEARCH700167: Mass indexed 87.71% 2256/2572. Speed: 39.84/s instant, 35.27/s since start. Remaining: 316, approx. PT7.93S.
2026-08-22T16:51:33.114Z  INFO 5917 --- [taxonomy-analyzer] [ity loading - 0] o.hibernate.search.mapper.massindexing   : HSEARCH700167: Mass indexed 89.58% 2304/2572. Speed: 19.48/s instant, 34.69/s since start. Remaining: 268, approx. PT13.76S.
2026-08-22T16:51:34.749Z  INFO 5917 --- [taxonomy-analyzer] [ity loading - 1] o.hibernate.search.mapper.massindexing   : HSEARCH700167: Mass indexed 91.45% 2352/2572. Speed: 29.36/s instant, 34.56/s since start. Remaining: 220, approx. PT7.493S.
2026-08-22T16:51:36.752Z  INFO 5917 --- [taxonomy-analyzer] [ity loading - 0] o.hibernate.search.mapper.massindexing   : HSEARCH700167: Mass indexed 93.31% 2400/2572. Speed: 23.97/s instant, 34.26/s since start. Remaining: 172, approx. PT7.176S.
2026-08-22T16:51:38.659Z  INFO 5917 --- [taxonomy-analyzer] [ity loading - 1] o.hibernate.search.mapper.massindexing   : HSEARCH700167: Mass indexed 95.80% 2464/2572. Speed: 33.56/s instant, 34.24/s since start. Remaining: 108, approx. PT3.218S.
2026-08-22T16:51:39.663Z  INFO 5917 --- [taxonomy-analyzer] [ity loading - 0] o.hibernate.search.mapper.massindexing   : HSEARCH700167: Mass indexed 97.67% 2512/2572. Speed: 47.81/s instant, 34.42/s since start. Remaining: 60, approx. PT1.255S.
2026-08-22T16:51:40.593Z  INFO 5917 --- [taxonomy-analyzer] [ity loading - 0] o.hibernate.search.mapper.massindexing   : HSEARCH700167: Mass indexed 99.38% 2556/2572. Speed: 47.31/s instant, 34.59/s since start. Remaining: 16, approx. PT0.338S.
2026-08-22T16:51:40.597Z  INFO 5917 --- [taxonomy-analyzer] [axonomy-async-1] o.hibernate.search.mapper.massindexing   : HSEARCH700168: Mass indexing complete in PT1M13.904014935S. Indexed 2572/2572 entities.
2026-08-22T16:51:40.637Z  INFO 5917 --- [taxonomy-analyzer] [axonomy-async-1] c.t.search.LocalOnnxIndexInitializer     : Local embedding index state INDEXING_RELATIONS: Node semantic search is ready; building relation vectors
2026-08-22T16:51:40.642Z  INFO 5917 --- [taxonomy-analyzer] [ ID loading - 0] o.hibernate.search.mapper.massindexing   : HSEARCH000027: Mass indexing is going to index 37 entities.
2026-08-22T16:51:40.829Z  INFO 5917 --- [taxonomy-analyzer] [           main] c.t.workspace.service.WorkspaceManager   : Creating workspace state for user 'user', workspaceId='0b5ef73f-5a2c-47a8-ac20-644a7eba92e5'
2026-08-22T16:51:40.841Z  INFO 5917 --- [taxonomy-analyzer] [           main] c.t.w.service.WorkspaceContextResolver   : Persisted primary repository f4043766-e890-4442-a9d3-fbb4f33e022a as source provenance for legacy workspace 0b5ef73f-5a2c-47a8-ac20-644a7eba92e5
]]></system-out>
  </testcase>
  <testcase name="findSimilarReturnsArray" classname="com.taxonomy.OnnxRestEndpointTest" time="0.077"/>
  <testcase name="hybridSearchReturnsResults" classname="com.taxonomy.OnnxRestEndpointTest" time="0.23">
    <system-out><![CDATA[2026-08-22T16:51:41.225Z  INFO 5917 --- [taxonomy-analyzer] [axonomy-async-1] o.hibernate.search.mapper.massindexing   : HSEARCH700168: Mass indexing complete in PT0.012002121S. Indexed 37/37 entities.
2026-08-22T16:51:41.226Z  INFO 5917 --- [taxonomy-analyzer] [axonomy-async-1] c.t.search.LocalOnnxIndexInitializer     : Local embedding index state READY: Local node and relation embedding indexes are ready
2026-08-22T16:51:41.226Z  INFO 5917 --- [taxonomy-analyzer] [axonomy-async-1] c.t.search.LocalOnnxIndexInitializer     : Local embedding indexes completed with 2572 indexed taxonomy nodes
]]></system-out>
  </testcase>
  <testcase name="embeddingStatusEndpointIsOk" classname="com.taxonomy.OnnxRestEndpointTest" time="0.009"/>
  <testcase name="semanticSearchReturnsArray" classname="com.taxonomy.OnnxRestEndpointTest" time="0.048"/>
</testsuite>