<?xml version="1.0" encoding="UTF-8"?>
<testsuite xmlns:xsi="http://www.w3.org/2001/XMLSchema-instance" xsi:noNamespaceSchemaLocation="https://maven.apache.org/surefire/maven-surefire-plugin/xsd/surefire-test-report.xsd" version="3.0.2" name="com.taxonomy.editor.ArchitectureEditorServiceTest" time="4.589" tests="33" errors="0" skipped="0" failures="0" flakes="0">
  <properties>
[...]
</properties>
  <testcase name="inverseTargetsOperationsAndConflictsWithLaterIntersectingChanges" classname="com.taxonomy.editor.ArchitectureEditorServiceTest" time="0.134">
    <system-out><![CDATA[2026-09-19T15:45:03.009Z  WARN 4265 --- [taxonomy-analyzer] [           main] org.hibernate.orm.connections.pooling    : HHH10001002: Using built-in connection pool (not intended for production use)
2026-09-19T15:45:03.018Z  INFO 4265 --- [taxonomy-analyzer] [           main] org.hibernate.orm.connections.pooling    : HHH10001005: Database info:
	Database JDBC URL [jdbc:hsqldb:mem:editor-f0ffecc7-b44f-4cab-9eb2-60afd574fac3]
	Database driver: HSQL Database Engine Driver
	Database dialect: HSQLDialect
	Database version: 2.7.3
	Default catalog/schema: PUBLIC/PUBLIC
	Autocommit mode: false
	Isolation level: READ_COMMITTED
	JDBC fetch size: none
	Pool: DriverManagerConnectionProvider
	Minimum pool size: 1
	Maximum pool size: 8
2026-09-19T15:45:03.045Z  INFO 4265 --- [taxonomy-analyzer] [           main] org.hibernate.search.version.orm         : HSEARCH000034: Hibernate Search version 8.4.0.Final
2026-09-19T15:45:03.070Z  INFO 4265 --- [taxonomy-analyzer] [           main] org.hibernate.orm.core                   : HHH000489: No JTA platform available (set 'hibernate.transaction.jta.platform' to enable JTA platform integration)
2026-09-19T15:45:03.084Z  INFO 4265 --- [taxonomy-analyzer] [           main] c.t.w.storage.DslGitRepositoryFactory    : Opening database-backed DslGitRepository 'ws-workspace-a1'
2026-09-19T15:45:03.090Z  INFO 4265 --- [taxonomy-analyzer] [           main] c.t.workspace.storage.DslGitRepository   : Initialised database-backed DslGitRepository (HibernateRepository)
2026-09-19T15:45:03.096Z  INFO 4265 --- [taxonomy-analyzer] [           main] c.t.workspace.storage.DslGitRepository   : Committed DSL to branch 'draft': e35bf53e0fd0509da0480f4f21e0c3c9a5f3948c (ref update: NEW)
]]></system-out>
  </testcase>
  <testcase name="historyAndNormalEditsDoNotLoadHistoricalBodiesButInversesLoadTheirExactTarget" classname="com.taxonomy.editor.ArchitectureEditorServiceTest" time="0.113">
    <system-out><![CDATA[2026-09-19T15:45:03.141Z  WARN 4265 --- [taxonomy-analyzer] [           main] org.hibernate.orm.connections.pooling    : HHH10001002: Using built-in connection pool (not intended for production use)
2026-09-19T15:45:03.147Z  INFO 4265 --- [taxonomy-analyzer] [           main] org.hibernate.orm.connections.pooling    : HHH10001005: Database info:
	Database JDBC URL [jdbc:hsqldb:mem:editor-3cc2007c-fdb1-4f5d-9335-8dcdc1e5369f]
	Database driver: HSQL Database Engine Driver
	Database dialect: HSQLDialect
	Database version: 2.7.3
	Default catalog/schema: PUBLIC/PUBLIC
	Autocommit mode: false
	Isolation level: READ_COMMITTED
	JDBC fetch size: none
	Pool: DriverManagerConnectionProvider
	Minimum pool size: 1
	Maximum pool size: 8
2026-09-19T15:45:03.172Z  INFO 4265 --- [taxonomy-analyzer] [           main] org.hibernate.search.version.orm         : HSEARCH000034: Hibernate Search version 8.4.0.Final
2026-09-19T15:45:03.195Z  INFO 4265 --- [taxonomy-analyzer] [           main] org.hibernate.orm.core                   : HHH000489: No JTA platform available (set 'hibernate.transaction.jta.platform' to enable JTA platform integration)
2026-09-19T15:45:03.207Z  INFO 4265 --- [taxonomy-analyzer] [           main] c.t.w.storage.DslGitRepositoryFactory    : Opening database-backed DslGitRepository 'ws-workspace-a1'
2026-09-19T15:45:03.213Z  INFO 4265 --- [taxonomy-analyzer] [           main] c.t.workspace.storage.DslGitRepository   : Initialised database-backed DslGitRepository (HibernateRepository)
2026-09-19T15:45:03.220Z  INFO 4265 --- [taxonomy-analyzer] [           main] c.t.workspace.storage.DslGitRepository   : Committed DSL to branch 'draft': e35bf53e0fd0509da0480f4f21e0c3c9a5f3948c (ref update: NEW)
]]></system-out>
  </testcase>
  <testcase name="concurrentRetriesOfTheSameCheckpointCompleteOneIntentAndOneCommit()[1]" classname="com.taxonomy.editor.ArchitectureEditorServiceTest" time="0.119">
    <system-out><![CDATA[2026-09-19T15:45:03.256Z  WARN 4265 --- [taxonomy-analyzer] [           main] org.hibernate.orm.connections.pooling    : HHH10001002: Using built-in connection pool (not intended for production use)
2026-09-19T15:45:03.264Z  INFO 4265 --- [taxonomy-analyzer] [           main] org.hibernate.orm.connections.pooling    : HHH10001005: Database info:
	Database JDBC URL [jdbc:hsqldb:mem:editor-572090c2-6a23-41b1-93de-ce43a94c2fe6]
	Database driver: HSQL Database Engine Driver
	Database dialect: HSQLDialect
	Database version: 2.7.3
	Default catalog/schema: PUBLIC/PUBLIC
	Autocommit mode: false
	Isolation level: READ_COMMITTED
	JDBC fetch size: none
	Pool: DriverManagerConnectionProvider
	Minimum pool size: 1
	Maximum pool size: 8
2026-09-19T15:45:03.289Z  INFO 4265 --- [taxonomy-analyzer] [           main] org.hibernate.search.version.orm         : HSEARCH000034: Hibernate Search version 8.4.0.Final
2026-09-19T15:45:03.313Z  INFO 4265 --- [taxonomy-analyzer] [           main] org.hibernate.orm.core                   : HHH000489: No JTA platform available (set 'hibernate.transaction.jta.platform' to enable JTA platform integration)
2026-09-19T15:45:03.326Z  INFO 4265 --- [taxonomy-analyzer] [           main] c.t.w.storage.DslGitRepositoryFactory    : Opening database-backed DslGitRepository 'ws-workspace-a1'
2026-09-19T15:45:03.333Z  INFO 4265 --- [taxonomy-analyzer] [           main] c.t.workspace.storage.DslGitRepository   : Initialised database-backed DslGitRepository (HibernateRepository)
2026-09-19T15:45:03.341Z  INFO 4265 --- [taxonomy-analyzer] [           main] c.t.workspace.storage.DslGitRepository   : Committed DSL to branch 'draft': e35bf53e0fd0509da0480f4f21e0c3c9a5f3948c (ref update: NEW)
]]></system-out>
  </testcase>
  <testcase name="concurrentRetriesOfTheSameCheckpointCompleteOneIntentAndOneCommit()[2]" classname="com.taxonomy.editor.ArchitectureEditorServiceTest" time="0.106">
    <system-out><![CDATA[2026-09-19T15:45:03.376Z  WARN 4265 --- [taxonomy-analyzer] [           main] org.hibernate.orm.connections.pooling    : HHH10001002: Using built-in connection pool (not intended for production use)
2026-09-19T15:45:03.384Z  INFO 4265 --- [taxonomy-analyzer] [           main] org.hibernate.orm.connections.pooling    : HHH10001005: Database info:
	Database JDBC URL [jdbc:hsqldb:mem:editor-3a1898f7-d977-4c5d-9b98-9cf834012013]
	Database driver: HSQL Database Engine Driver
	Database dialect: HSQLDialect
	Database version: 2.7.3
	Default catalog/schema: PUBLIC/PUBLIC
	Autocommit mode: false
	Isolation level: READ_COMMITTED
	JDBC fetch size: none
	Pool: DriverManagerConnectionProvider
	Minimum pool size: 1
	Maximum pool size: 8
2026-09-19T15:45:03.409Z  INFO 4265 --- [taxonomy-analyzer] [           main] org.hibernate.search.version.orm         : HSEARCH000034: Hibernate Search version 8.4.0.Final
2026-09-19T15:45:03.432Z  INFO 4265 --- [taxonomy-analyzer] [           main] org.hibernate.orm.core                   : HHH000489: No JTA platform available (set 'hibernate.transaction.jta.platform' to enable JTA platform integration)
2026-09-19T15:45:03.446Z  INFO 4265 --- [taxonomy-analyzer] [           main] c.t.w.storage.DslGitRepositoryFactory    : Opening database-backed DslGitRepository 'ws-workspace-a1'
2026-09-19T15:45:03.451Z  INFO 4265 --- [taxonomy-analyzer] [           main] c.t.workspace.storage.DslGitRepository   : Initialised database-backed DslGitRepository (HibernateRepository)
2026-09-19T15:45:03.456Z  INFO 4265 --- [taxonomy-analyzer] [           main] c.t.workspace.storage.DslGitRepository   : Committed DSL to branch 'draft': e35bf53e0fd0509da0480f4f21e0c3c9a5f3948c (ref update: NEW)
]]></system-out>
  </testcase>
  <testcase name="concurrentRetriesOfTheSameCheckpointCompleteOneIntentAndOneCommit()[3]" classname="com.taxonomy.editor.ArchitectureEditorServiceTest" time="0.108">
    <system-out><![CDATA[2026-09-19T15:45:03.483Z  WARN 4265 --- [taxonomy-analyzer] [           main] org.hibernate.orm.connections.pooling    : HHH10001002: Using built-in connection pool (not intended for production use)
2026-09-19T15:45:03.490Z  INFO 4265 --- [taxonomy-analyzer] [           main] org.hibernate.orm.connections.pooling    : HHH10001005: Database info:
	Database JDBC URL [jdbc:hsqldb:mem:editor-8975214c-7833-4a6b-89f0-8803b3b85b92]
	Database driver: HSQL Database Engine Driver
	Database dialect: HSQLDialect
	Database version: 2.7.3
	Default catalog/schema: PUBLIC/PUBLIC
	Autocommit mode: false
	Isolation level: READ_COMMITTED
	JDBC fetch size: none
	Pool: DriverManagerConnectionProvider
	Minimum pool size: 1
	Maximum pool size: 8
2026-09-19T15:45:03.516Z  INFO 4265 --- [taxonomy-analyzer] [           main] org.hibernate.search.version.orm         : HSEARCH000034: Hibernate Search version 8.4.0.Final
2026-09-19T15:45:03.541Z  INFO 4265 --- [taxonomy-analyzer] [           main] org.hibernate.orm.core                   : HHH000489: No JTA platform available (set 'hibernate.transaction.jta.platform' to enable JTA platform integration)
2026-09-19T15:45:03.554Z  INFO 4265 --- [taxonomy-analyzer] [           main] c.t.w.storage.DslGitRepositoryFactory    : Opening database-backed DslGitRepository 'ws-workspace-a1'
2026-09-19T15:45:03.559Z  INFO 4265 --- [taxonomy-analyzer] [           main] c.t.workspace.storage.DslGitRepository   : Initialised database-backed DslGitRepository (HibernateRepository)
2026-09-19T15:45:03.565Z  INFO 4265 --- [taxonomy-analyzer] [           main] c.t.workspace.storage.DslGitRepository   : Committed DSL to branch 'draft': e35bf53e0fd0509da0480f4f21e0c3c9a5f3948c (ref update: NEW)
]]></system-out>
  </testcase>
  <testcase name="concurrentRetriesOfTheSameCheckpointCompleteOneIntentAndOneCommit()[4]" classname="com.taxonomy.editor.ArchitectureEditorServiceTest" time="0.111">
    <system-out><![CDATA[2026-09-19T15:45:03.595Z  WARN 4265 --- [taxonomy-analyzer] [           main] org.hibernate.orm.connections.pooling    : HHH10001002: Using built-in connection pool (not intended for production use)
2026-09-19T15:45:03.602Z  INFO 4265 --- [taxonomy-analyzer] [           main] org.hibernate.orm.connections.pooling    : HHH10001005: Database info:
	Database JDBC URL [jdbc:hsqldb:mem:editor-01cbf9de-5973-44b1-8c67-5f21fd877c33]
	Database driver: HSQL Database Engine Driver
	Database dialect: HSQLDialect
	Database version: 2.7.3
	Default catalog/schema: PUBLIC/PUBLIC
	Autocommit mode: false
	Isolation level: READ_COMMITTED
	JDBC fetch size: none
	Pool: DriverManagerConnectionProvider
	Minimum pool size: 1
	Maximum pool size: 8
2026-09-19T15:45:03.628Z  INFO 4265 --- [taxonomy-analyzer] [           main] org.hibernate.search.version.orm         : HSEARCH000034: Hibernate Search version 8.4.0.Final
2026-09-19T15:45:03.652Z  INFO 4265 --- [taxonomy-analyzer] [           main] org.hibernate.orm.core                   : HHH000489: No JTA platform available (set 'hibernate.transaction.jta.platform' to enable JTA platform integration)
2026-09-19T15:45:03.664Z  INFO 4265 --- [taxonomy-analyzer] [           main] c.t.w.storage.DslGitRepositoryFactory    : Opening database-backed DslGitRepository 'ws-workspace-a1'
2026-09-19T15:45:03.670Z  INFO 4265 --- [taxonomy-analyzer] [           main] c.t.workspace.storage.DslGitRepository   : Initialised database-backed DslGitRepository (HibernateRepository)
2026-09-19T15:45:03.674Z  INFO 4265 --- [taxonomy-analyzer] [           main] c.t.workspace.storage.DslGitRepository   : Committed DSL to branch 'draft': e35bf53e0fd0509da0480f4f21e0c3c9a5f3948c (ref update: NEW)
]]></system-out>
  </testcase>
  <testcase name="concurrentRetriesOfTheSameCheckpointCompleteOneIntentAndOneCommit()[5]" classname="com.taxonomy.editor.ArchitectureEditorServiceTest" time="0.11">
    <system-out><![CDATA[2026-09-19T15:45:03.705Z  WARN 4265 --- [taxonomy-analyzer] [           main] org.hibernate.orm.connections.pooling    : HHH10001002: Using built-in connection pool (not intended for production use)
2026-09-19T15:45:03.711Z  INFO 4265 --- [taxonomy-analyzer] [           main] org.hibernate.orm.connections.pooling    : HHH10001005: Database info:
	Database JDBC URL [jdbc:hsqldb:mem:editor-50e29a12-030e-458a-b78d-b532b89695d1]
	Database driver: HSQL Database Engine Driver
	Database dialect: HSQLDialect
	Database version: 2.7.3
	Default catalog/schema: PUBLIC/PUBLIC
	Autocommit mode: false
	Isolation level: READ_COMMITTED
	JDBC fetch size: none
	Pool: DriverManagerConnectionProvider
	Minimum pool size: 1
	Maximum pool size: 8
2026-09-19T15:45:03.738Z  INFO 4265 --- [taxonomy-analyzer] [           main] org.hibernate.search.version.orm         : HSEARCH000034: Hibernate Search version 8.4.0.Final
2026-09-19T15:45:03.762Z  INFO 4265 --- [taxonomy-analyzer] [           main] org.hibernate.orm.core                   : HHH000489: No JTA platform available (set 'hibernate.transaction.jta.platform' to enable JTA platform integration)
2026-09-19T15:45:03.775Z  INFO 4265 --- [taxonomy-analyzer] [           main] c.t.w.storage.DslGitRepositoryFactory    : Opening database-backed DslGitRepository 'ws-workspace-a1'
2026-09-19T15:45:03.780Z  INFO 4265 --- [taxonomy-analyzer] [           main] c.t.workspace.storage.DslGitRepository   : Initialised database-backed DslGitRepository (HibernateRepository)
2026-09-19T15:45:03.785Z  INFO 4265 --- [taxonomy-analyzer] [           main] c.t.workspace.storage.DslGitRepository   : Committed DSL to branch 'draft': e35bf53e0fd0509da0480f4f21e0c3c9a5f3948c (ref update: NEW)
]]></system-out>
  </testcase>
  <testcase name="concurrentRetriesOfTheSameCheckpointCompleteOneIntentAndOneCommit()[6]" classname="com.taxonomy.editor.ArchitectureEditorServiceTest" time="0.111">
    <system-out><![CDATA[2026-09-19T15:45:03.816Z  WARN 4265 --- [taxonomy-analyzer] [           main] org.hibernate.orm.connections.pooling    : HHH10001002: Using built-in connection pool (not intended for production use)
2026-09-19T15:45:03.823Z  INFO 4265 --- [taxonomy-analyzer] [           main] org.hibernate.orm.connections.pooling    : HHH10001005: Database info:
	Database JDBC URL [jdbc:hsqldb:mem:editor-42d85aa3-8c11-4c96-afdb-8319770ed8ea]
	Database driver: HSQL Database Engine Driver
	Database dialect: HSQLDialect
	Database version: 2.7.3
	Default catalog/schema: PUBLIC/PUBLIC
	Autocommit mode: false
	Isolation level: READ_COMMITTED
	JDBC fetch size: none
	Pool: DriverManagerConnectionProvider
	Minimum pool size: 1
	Maximum pool size: 8
2026-09-19T15:45:03.850Z  INFO 4265 --- [taxonomy-analyzer] [           main] org.hibernate.search.version.orm         : HSEARCH000034: Hibernate Search version 8.4.0.Final
2026-09-19T15:45:03.874Z  INFO 4265 --- [taxonomy-analyzer] [           main] org.hibernate.orm.core                   : HHH000489: No JTA platform available (set 'hibernate.transaction.jta.platform' to enable JTA platform integration)
2026-09-19T15:45:03.887Z  INFO 4265 --- [taxonomy-analyzer] [           main] c.t.w.storage.DslGitRepositoryFactory    : Opening database-backed DslGitRepository 'ws-workspace-a1'
2026-09-19T15:45:03.893Z  INFO 4265 --- [taxonomy-analyzer] [           main] c.t.workspace.storage.DslGitRepository   : Initialised database-backed DslGitRepository (HibernateRepository)
2026-09-19T15:45:03.898Z  INFO 4265 --- [taxonomy-analyzer] [           main] c.t.workspace.storage.DslGitRepository   : Committed DSL to branch 'draft': e35bf53e0fd0509da0480f4f21e0c3c9a5f3948c (ref update: NEW)
]]></system-out>
  </testcase>
  <testcase name="concurrentRetriesOfTheSameCheckpointCompleteOneIntentAndOneCommit()[7]" classname="com.taxonomy.editor.ArchitectureEditorServiceTest" time="0.105">
    <system-out><![CDATA[2026-09-19T15:45:03.929Z  WARN 4265 --- [taxonomy-analyzer] [           main] org.hibernate.orm.connections.pooling    : HHH10001002: Using built-in connection pool (not intended for production use)
2026-09-19T15:45:03.934Z  INFO 4265 --- [taxonomy-analyzer] [           main] org.hibernate.orm.connections.pooling    : HHH10001005: Database info:
	Database JDBC URL [jdbc:hsqldb:mem:editor-fbb07e86-1ffc-44eb-8825-51989800ad4e]
	Database driver: HSQL Database Engine Driver
	Database dialect: HSQLDialect
	Database version: 2.7.3
	Default catalog/schema: PUBLIC/PUBLIC
	Autocommit mode: false
	Isolation level: READ_COMMITTED
	JDBC fetch size: none
	Pool: DriverManagerConnectionProvider
	Minimum pool size: 1
	Maximum pool size: 8
2026-09-19T15:45:03.960Z  INFO 4265 --- [taxonomy-analyzer] [           main] org.hibernate.search.version.orm         : HSEARCH000034: Hibernate Search version 8.4.0.Final
2026-09-19T15:45:03.984Z  INFO 4265 --- [taxonomy-analyzer] [           main] org.hibernate.orm.core                   : HHH000489: No JTA platform available (set 'hibernate.transaction.jta.platform' to enable JTA platform integration)
2026-09-19T15:45:03.996Z  INFO 4265 --- [taxonomy-analyzer] [           main] c.t.w.storage.DslGitRepositoryFactory    : Opening database-backed DslGitRepository 'ws-workspace-a1'
2026-09-19T15:45:04.001Z  INFO 4265 --- [taxonomy-analyzer] [           main] c.t.workspace.storage.DslGitRepository   : Initialised database-backed DslGitRepository (HibernateRepository)
2026-09-19T15:45:04.005Z  INFO 4265 --- [taxonomy-analyzer] [           main] c.t.workspace.storage.DslGitRepository   : Committed DSL to branch 'draft': ef1c5be9de3ef5c516ffac816bd29f19789b254a (ref update: NEW)
]]></system-out>
  </testcase>
  <testcase name="concurrentRetriesOfTheSameCheckpointCompleteOneIntentAndOneCommit()[8]" classname="com.taxonomy.editor.ArchitectureEditorServiceTest" time="0.104">
    <system-out><![CDATA[2026-09-19T15:45:04.034Z  WARN 4265 --- [taxonomy-analyzer] [           main] org.hibernate.orm.connections.pooling    : HHH10001002: Using built-in connection pool (not intended for production use)
2026-09-19T15:45:04.039Z  INFO 4265 --- [taxonomy-analyzer] [           main] org.hibernate.orm.connections.pooling    : HHH10001005: Database info:
	Database JDBC URL [jdbc:hsqldb:mem:editor-da94aaa4-a56e-49db-80bc-db4a2c097953]
	Database driver: HSQL Database Engine Driver
	Database dialect: HSQLDialect
	Database version: 2.7.3
	Default catalog/schema: PUBLIC/PUBLIC
	Autocommit mode: false
	Isolation level: READ_COMMITTED
	JDBC fetch size: none
	Pool: DriverManagerConnectionProvider
	Minimum pool size: 1
	Maximum pool size: 8
2026-09-19T15:45:04.064Z  INFO 4265 --- [taxonomy-analyzer] [           main] org.hibernate.search.version.orm         : HSEARCH000034: Hibernate Search version 8.4.0.Final
2026-09-19T15:45:04.087Z  INFO 4265 --- [taxonomy-analyzer] [           main] org.hibernate.orm.core                   : HHH000489: No JTA platform available (set 'hibernate.transaction.jta.platform' to enable JTA platform integration)
2026-09-19T15:45:04.100Z  INFO 4265 --- [taxonomy-analyzer] [           main] c.t.w.storage.DslGitRepositoryFactory    : Opening database-backed DslGitRepository 'ws-workspace-a1'
2026-09-19T15:45:04.105Z  INFO 4265 --- [taxonomy-analyzer] [           main] c.t.workspace.storage.DslGitRepository   : Initialised database-backed DslGitRepository (HibernateRepository)
2026-09-19T15:45:04.110Z  INFO 4265 --- [taxonomy-analyzer] [           main] c.t.workspace.storage.DslGitRepository   : Committed DSL to branch 'draft': ef1c5be9de3ef5c516ffac816bd29f19789b254a (ref update: NEW)
]]></system-out>
  </testcase>
  <testcase name="concurrentRetriesOfTheSameCheckpointCompleteOneIntentAndOneCommit()[9]" classname="com.taxonomy.editor.ArchitectureEditorServiceTest" time="0.106">
    <system-out><![CDATA[2026-09-19T15:45:04.139Z  WARN 4265 --- [taxonomy-analyzer] [           main] org.hibernate.orm.connections.pooling    : HHH10001002: Using built-in connection pool (not intended for production use)
2026-09-19T15:45:04.144Z  INFO 4265 --- [taxonomy-analyzer] [           main] org.hibernate.orm.connections.pooling    : HHH10001005: Database info:
	Database JDBC URL [jdbc:hsqldb:mem:editor-b39532e3-d75d-4c9e-8f14-05539ab5e051]
	Database driver: HSQL Database Engine Driver
	Database dialect: HSQLDialect
	Database version: 2.7.3
	Default catalog/schema: PUBLIC/PUBLIC
	Autocommit mode: false
	Isolation level: READ_COMMITTED
	JDBC fetch size: none
	Pool: DriverManagerConnectionProvider
	Minimum pool size: 1
	Maximum pool size: 8
2026-09-19T15:45:04.172Z  INFO 4265 --- [taxonomy-analyzer] [           main] org.hibernate.search.version.orm         : HSEARCH000034: Hibernate Search version 8.4.0.Final
2026-09-19T15:45:04.196Z  INFO 4265 --- [taxonomy-analyzer] [           main] org.hibernate.orm.core                   : HHH000489: No JTA platform available (set 'hibernate.transaction.jta.platform' to enable JTA platform integration)
2026-09-19T15:45:04.209Z  INFO 4265 --- [taxonomy-analyzer] [           main] c.t.w.storage.DslGitRepositoryFactory    : Opening database-backed DslGitRepository 'ws-workspace-a1'
2026-09-19T15:45:04.214Z  INFO 4265 --- [taxonomy-analyzer] [           main] c.t.workspace.storage.DslGitRepository   : Initialised database-backed DslGitRepository (HibernateRepository)
2026-09-19T15:45:04.219Z  INFO 4265 --- [taxonomy-analyzer] [           main] c.t.workspace.storage.DslGitRepository   : Committed DSL to branch 'draft': ef1c5be9de3ef5c516ffac816bd29f19789b254a (ref update: NEW)
]]></system-out>
  </testcase>
  <testcase name="concurrentRetriesOfTheSameCheckpointCompleteOneIntentAndOneCommit()[10]" classname="com.taxonomy.editor.ArchitectureEditorServiceTest" time="0.128">
    <system-out><![CDATA[2026-09-19T15:45:04.251Z  WARN 4265 --- [taxonomy-analyzer] [           main] org.hibernate.orm.connections.pooling    : HHH10001002: Using built-in connection pool (not intended for production use)
2026-09-19T15:45:04.257Z  INFO 4265 --- [taxonomy-analyzer] [           main] org.hibernate.orm.connections.pooling    : HHH10001005: Database info:
	Database JDBC URL [jdbc:hsqldb:mem:editor-c76bda30-cdf3-4d05-a93d-2775409e5861]
	Database driver: HSQL Database Engine Driver
	Database dialect: HSQLDialect
	Database version: 2.7.3
	Default catalog/schema: PUBLIC/PUBLIC
	Autocommit mode: false
	Isolation level: READ_COMMITTED
	JDBC fetch size: none
	Pool: DriverManagerConnectionProvider
	Minimum pool size: 1
	Maximum pool size: 8
2026-09-19T15:45:04.282Z  INFO 4265 --- [taxonomy-analyzer] [           main] org.hibernate.search.version.orm         : HSEARCH000034: Hibernate Search version 8.4.0.Final
2026-09-19T15:45:04.310Z  INFO 4265 --- [taxonomy-analyzer] [           main] org.hibernate.orm.core                   : HHH000489: No JTA platform available (set 'hibernate.transaction.jta.platform' to enable JTA platform integration)
2026-09-19T15:45:04.333Z  INFO 4265 --- [taxonomy-analyzer] [           main] c.t.w.storage.DslGitRepositoryFactory    : Opening database-backed DslGitRepository 'ws-workspace-a1'
2026-09-19T15:45:04.340Z  INFO 4265 --- [taxonomy-analyzer] [           main] c.t.workspace.storage.DslGitRepository   : Initialised database-backed DslGitRepository (HibernateRepository)
2026-09-19T15:45:04.345Z  INFO 4265 --- [taxonomy-analyzer] [           main] c.t.workspace.storage.DslGitRepository   : Committed DSL to branch 'draft': ef1c5be9de3ef5c516ffac816bd29f19789b254a (ref update: NEW)
]]></system-out>
  </testcase>
  <testcase name="concurrentRetriesOfTheSameCheckpointCompleteOneIntentAndOneCommit()[11]" classname="com.taxonomy.editor.ArchitectureEditorServiceTest" time="0.116">
    <system-out><![CDATA[2026-09-19T15:45:04.374Z  WARN 4265 --- [taxonomy-analyzer] [           main] org.hibernate.orm.connections.pooling    : HHH10001002: Using built-in connection pool (not intended for production use)
2026-09-19T15:45:04.380Z  INFO 4265 --- [taxonomy-analyzer] [           main] org.hibernate.orm.connections.pooling    : HHH10001005: Database info:
	Database JDBC URL [jdbc:hsqldb:mem:editor-0bd72edb-3e86-492f-9bd1-4ee97d809ca2]
	Database driver: HSQL Database Engine Driver
	Database dialect: HSQLDialect
	Database version: 2.7.3
	Default catalog/schema: PUBLIC/PUBLIC
	Autocommit mode: false
	Isolation level: READ_COMMITTED
	JDBC fetch size: none
	Pool: DriverManagerConnectionProvider
	Minimum pool size: 1
	Maximum pool size: 8
2026-09-19T15:45:04.419Z  INFO 4265 --- [taxonomy-analyzer] [           main] org.hibernate.search.version.orm         : HSEARCH000034: Hibernate Search version 8.4.0.Final
2026-09-19T15:45:04.442Z  INFO 4265 --- [taxonomy-analyzer] [           main] org.hibernate.orm.core                   : HHH000489: No JTA platform available (set 'hibernate.transaction.jta.platform' to enable JTA platform integration)
2026-09-19T15:45:04.456Z  INFO 4265 --- [taxonomy-analyzer] [           main] c.t.w.storage.DslGitRepositoryFactory    : Opening database-backed DslGitRepository 'ws-workspace-a1'
2026-09-19T15:45:04.460Z  INFO 4265 --- [taxonomy-analyzer] [           main] c.t.workspace.storage.DslGitRepository   : Initialised database-backed DslGitRepository (HibernateRepository)
2026-09-19T15:45:04.465Z  INFO 4265 --- [taxonomy-analyzer] [           main] c.t.workspace.storage.DslGitRepository   : Committed DSL to branch 'draft': ef1c5be9de3ef5c516ffac816bd29f19789b254a (ref update: NEW)
]]></system-out>
  </testcase>
  <testcase name="concurrentRetriesOfTheSameCheckpointCompleteOneIntentAndOneCommit()[12]" classname="com.taxonomy.editor.ArchitectureEditorServiceTest" time="0.108">
    <system-out><![CDATA[2026-09-19T15:45:04.492Z  WARN 4265 --- [taxonomy-analyzer] [           main] org.hibernate.orm.connections.pooling    : HHH10001002: Using built-in connection pool (not intended for production use)
2026-09-19T15:45:04.497Z  INFO 4265 --- [taxonomy-analyzer] [           main] org.hibernate.orm.connections.pooling    : HHH10001005: Database info:
	Database JDBC URL [jdbc:hsqldb:mem:editor-fef5609f-8ba8-412b-95f3-c04f51e588d4]
	Database driver: HSQL Database Engine Driver
	Database dialect: HSQLDialect
	Database version: 2.7.3
	Default catalog/schema: PUBLIC/PUBLIC
	Autocommit mode: false
	Isolation level: READ_COMMITTED
	JDBC fetch size: none
	Pool: DriverManagerConnectionProvider
	Minimum pool size: 1
	Maximum pool size: 8
2026-09-19T15:45:04.523Z  INFO 4265 --- [taxonomy-analyzer] [           main] org.hibernate.search.version.orm         : HSEARCH000034: Hibernate Search version 8.4.0.Final
2026-09-19T15:45:04.549Z  INFO 4265 --- [taxonomy-analyzer] [           main] org.hibernate.orm.core                   : HHH000489: No JTA platform available (set 'hibernate.transaction.jta.platform' to enable JTA platform integration)
2026-09-19T15:45:04.562Z  INFO 4265 --- [taxonomy-analyzer] [           main] c.t.w.storage.DslGitRepositoryFactory    : Opening database-backed DslGitRepository 'ws-workspace-a1'
2026-09-19T15:45:04.567Z  INFO 4265 --- [taxonomy-analyzer] [           main] c.t.workspace.storage.DslGitRepository   : Initialised database-backed DslGitRepository (HibernateRepository)
2026-09-19T15:45:04.572Z  INFO 4265 --- [taxonomy-analyzer] [           main] c.t.workspace.storage.DslGitRepository   : Committed DSL to branch 'draft': ef1c5be9de3ef5c516ffac816bd29f19789b254a (ref update: NEW)
]]></system-out>
  </testcase>
  <testcase name="concurrentRetriesOfTheSameCheckpointCompleteOneIntentAndOneCommit()[13]" classname="com.taxonomy.editor.ArchitectureEditorServiceTest" time="0.112">
    <system-out><![CDATA[2026-09-19T15:45:04.601Z  WARN 4265 --- [taxonomy-analyzer] [           main] org.hibernate.orm.connections.pooling    : HHH10001002: Using built-in connection pool (not intended for production use)
2026-09-19T15:45:04.607Z  INFO 4265 --- [taxonomy-analyzer] [           main] org.hibernate.orm.connections.pooling    : HHH10001005: Database info:
	Database JDBC URL [jdbc:hsqldb:mem:editor-ab837778-b1a4-4ca1-9f5c-cbb2a370e22f]
	Database driver: HSQL Database Engine Driver
	Database dialect: HSQLDialect
	Database version: 2.7.3
	Default catalog/schema: PUBLIC/PUBLIC
	Autocommit mode: false
	Isolation level: READ_COMMITTED
	JDBC fetch size: none
	Pool: DriverManagerConnectionProvider
	Minimum pool size: 1
	Maximum pool size: 8
2026-09-19T15:45:04.635Z  INFO 4265 --- [taxonomy-analyzer] [           main] org.hibernate.search.version.orm         : HSEARCH000034: Hibernate Search version 8.4.0.Final
2026-09-19T15:45:04.661Z  INFO 4265 --- [taxonomy-analyzer] [           main] org.hibernate.orm.core                   : HHH000489: No JTA platform available (set 'hibernate.transaction.jta.platform' to enable JTA platform integration)
2026-09-19T15:45:04.673Z  INFO 4265 --- [taxonomy-analyzer] [           main] c.t.w.storage.DslGitRepositoryFactory    : Opening database-backed DslGitRepository 'ws-workspace-a1'
2026-09-19T15:45:04.679Z  INFO 4265 --- [taxonomy-analyzer] [           main] c.t.workspace.storage.DslGitRepository   : Initialised database-backed DslGitRepository (HibernateRepository)
2026-09-19T15:45:04.683Z  INFO 4265 --- [taxonomy-analyzer] [           main] c.t.workspace.storage.DslGitRepository   : Committed DSL to branch 'draft': ef1c5be9de3ef5c516ffac816bd29f19789b254a (ref update: NEW)
]]></system-out>
  </testcase>
  <testcase name="concurrentRetriesOfTheSameCheckpointCompleteOneIntentAndOneCommit()[14]" classname="com.taxonomy.editor.ArchitectureEditorServiceTest" time="0.112">
    <system-out><![CDATA[2026-09-19T15:45:04.714Z  WARN 4265 --- [taxonomy-analyzer] [           main] org.hibernate.orm.connections.pooling    : HHH10001002: Using built-in connection pool (not intended for production use)
2026-09-19T15:45:04.719Z  INFO 4265 --- [taxonomy-analyzer] [           main] org.hibernate.orm.connections.pooling    : HHH10001005: Database info:
	Database JDBC URL [jdbc:hsqldb:mem:editor-40860466-ef8c-4c2a-b52f-4f3117652e6c]
	Database driver: HSQL Database Engine Driver
	Database dialect: HSQLDialect
	Database version: 2.7.3
	Default catalog/schema: PUBLIC/PUBLIC
	Autocommit mode: false
	Isolation level: READ_COMMITTED
	JDBC fetch size: none
	Pool: DriverManagerConnectionProvider
	Minimum pool size: 1
	Maximum pool size: 8
2026-09-19T15:45:04.747Z  INFO 4265 --- [taxonomy-analyzer] [           main] org.hibernate.search.version.orm         : HSEARCH000034: Hibernate Search version 8.4.0.Final
2026-09-19T15:45:04.771Z  INFO 4265 --- [taxonomy-analyzer] [           main] org.hibernate.orm.core                   : HHH000489: No JTA platform available (set 'hibernate.transaction.jta.platform' to enable JTA platform integration)
2026-09-19T15:45:04.784Z  INFO 4265 --- [taxonomy-analyzer] [           main] c.t.w.storage.DslGitRepositoryFactory    : Opening database-backed DslGitRepository 'ws-workspace-a1'
2026-09-19T15:45:04.790Z  INFO 4265 --- [taxonomy-analyzer] [           main] c.t.workspace.storage.DslGitRepository   : Initialised database-backed DslGitRepository (HibernateRepository)
2026-09-19T15:45:04.795Z  INFO 4265 --- [taxonomy-analyzer] [           main] c.t.workspace.storage.DslGitRepository   : Committed DSL to branch 'draft': ef1c5be9de3ef5c516ffac816bd29f19789b254a (ref update: NEW)
]]></system-out>
  </testcase>
  <testcase name="concurrentRetriesOfTheSameCheckpointCompleteOneIntentAndOneCommit()[15]" classname="com.taxonomy.editor.ArchitectureEditorServiceTest" time="0.109">
    <system-out><![CDATA[2026-09-19T15:45:04.826Z  WARN 4265 --- [taxonomy-analyzer] [           main] org.hibernate.orm.connections.pooling    : HHH10001002: Using built-in connection pool (not intended for production use)
2026-09-19T15:45:04.831Z  INFO 4265 --- [taxonomy-analyzer] [           main] org.hibernate.orm.connections.pooling    : HHH10001005: Database info:
	Database JDBC URL [jdbc:hsqldb:mem:editor-84e90fa7-bbe6-4d4f-8978-a19c301aa04a]
	Database driver: HSQL Database Engine Driver
	Database dialect: HSQLDialect
	Database version: 2.7.3
	Default catalog/schema: PUBLIC/PUBLIC
	Autocommit mode: false
	Isolation level: READ_COMMITTED
	JDBC fetch size: none
	Pool: DriverManagerConnectionProvider
	Minimum pool size: 1
	Maximum pool size: 8
2026-09-19T15:45:04.859Z  INFO 4265 --- [taxonomy-analyzer] [           main] org.hibernate.search.version.orm         : HSEARCH000034: Hibernate Search version 8.4.0.Final
2026-09-19T15:45:04.884Z  INFO 4265 --- [taxonomy-analyzer] [           main] org.hibernate.orm.core                   : HHH000489: No JTA platform available (set 'hibernate.transaction.jta.platform' to enable JTA platform integration)
2026-09-19T15:45:04.897Z  INFO 4265 --- [taxonomy-analyzer] [           main] c.t.w.storage.DslGitRepositoryFactory    : Opening database-backed DslGitRepository 'ws-workspace-a1'
2026-09-19T15:45:04.903Z  INFO 4265 --- [taxonomy-analyzer] [           main] c.t.workspace.storage.DslGitRepository   : Initialised database-backed DslGitRepository (HibernateRepository)
2026-09-19T15:45:04.908Z  INFO 4265 --- [taxonomy-analyzer] [           main] c.t.workspace.storage.DslGitRepository   : Committed DSL to branch 'draft': ef1c5be9de3ef5c516ffac816bd29f19789b254a (ref update: NEW)
]]></system-out>
  </testcase>
  <testcase name="concurrentRetriesOfTheSameCheckpointCompleteOneIntentAndOneCommit()[16]" classname="com.taxonomy.editor.ArchitectureEditorServiceTest" time="0.105">
    <system-out><![CDATA[2026-09-19T15:45:04.935Z  WARN 4265 --- [taxonomy-analyzer] [           main] org.hibernate.orm.connections.pooling    : HHH10001002: Using built-in connection pool (not intended for production use)
2026-09-19T15:45:04.941Z  INFO 4265 --- [taxonomy-analyzer] [           main] org.hibernate.orm.connections.pooling    : HHH10001005: Database info:
	Database JDBC URL [jdbc:hsqldb:mem:editor-919bedd1-58ab-4467-b3a2-b8c25d981767]
	Database driver: HSQL Database Engine Driver
	Database dialect: HSQLDialect
	Database version: 2.7.3
	Default catalog/schema: PUBLIC/PUBLIC
	Autocommit mode: false
	Isolation level: READ_COMMITTED
	JDBC fetch size: none
	Pool: DriverManagerConnectionProvider
	Minimum pool size: 1
	Maximum pool size: 8
2026-09-19T15:45:04.967Z  INFO 4265 --- [taxonomy-analyzer] [           main] org.hibernate.search.version.orm         : HSEARCH000034: Hibernate Search version 8.4.0.Final
2026-09-19T15:45:04.991Z  INFO 4265 --- [taxonomy-analyzer] [           main] org.hibernate.orm.core                   : HHH000489: No JTA platform available (set 'hibernate.transaction.jta.platform' to enable JTA platform integration)
2026-09-19T15:45:05.004Z  INFO 4265 --- [taxonomy-analyzer] [           main] c.t.w.storage.DslGitRepositoryFactory    : Opening database-backed DslGitRepository 'ws-workspace-a1'
2026-09-19T15:45:05.010Z  INFO 4265 --- [taxonomy-analyzer] [           main] c.t.workspace.storage.DslGitRepository   : Initialised database-backed DslGitRepository (HibernateRepository)
2026-09-19T15:45:05.014Z  INFO 4265 --- [taxonomy-analyzer] [           main] c.t.workspace.storage.DslGitRepository   : Committed DSL to branch 'draft': cbe0efd807ccba04983ad74fac3ee75a7546b38f (ref update: NEW)
]]></system-out>
  </testcase>
  <testcase name="concurrentRetriesOfTheSameCheckpointCompleteOneIntentAndOneCommit()[17]" classname="com.taxonomy.editor.ArchitectureEditorServiceTest" time="0.105">
    <system-out><![CDATA[2026-09-19T15:45:05.041Z  WARN 4265 --- [taxonomy-analyzer] [           main] org.hibernate.orm.connections.pooling    : HHH10001002: Using built-in connection pool (not intended for production use)
2026-09-19T15:45:05.047Z  INFO 4265 --- [taxonomy-analyzer] [           main] org.hibernate.orm.connections.pooling    : HHH10001005: Database info:
	Database JDBC URL [jdbc:hsqldb:mem:editor-33e724f9-2074-4cd9-a44c-092e9368e521]
	Database driver: HSQL Database Engine Driver
	Database dialect: HSQLDialect
	Database version: 2.7.3
	Default catalog/schema: PUBLIC/PUBLIC
	Autocommit mode: false
	Isolation level: READ_COMMITTED
	JDBC fetch size: none
	Pool: DriverManagerConnectionProvider
	Minimum pool size: 1
	Maximum pool size: 8
2026-09-19T15:45:05.073Z  INFO 4265 --- [taxonomy-analyzer] [           main] org.hibernate.search.version.orm         : HSEARCH000034: Hibernate Search version 8.4.0.Final
2026-09-19T15:45:05.097Z  INFO 4265 --- [taxonomy-analyzer] [           main] org.hibernate.orm.core                   : HHH000489: No JTA platform available (set 'hibernate.transaction.jta.platform' to enable JTA platform integration)
2026-09-19T15:45:05.110Z  INFO 4265 --- [taxonomy-analyzer] [           main] c.t.w.storage.DslGitRepositoryFactory    : Opening database-backed DslGitRepository 'ws-workspace-a1'
2026-09-19T15:45:05.115Z  INFO 4265 --- [taxonomy-analyzer] [           main] c.t.workspace.storage.DslGitRepository   : Initialised database-backed DslGitRepository (HibernateRepository)
2026-09-19T15:45:05.120Z  INFO 4265 --- [taxonomy-analyzer] [           main] c.t.workspace.storage.DslGitRepository   : Committed DSL to branch 'draft': cbe0efd807ccba04983ad74fac3ee75a7546b38f (ref update: NEW)
]]></system-out>
  </testcase>
  <testcase name="concurrentRetriesOfTheSameCheckpointCompleteOneIntentAndOneCommit()[18]" classname="com.taxonomy.editor.ArchitectureEditorServiceTest" time="0.104">
    <system-out><![CDATA[2026-09-19T15:45:05.146Z  WARN 4265 --- [taxonomy-analyzer] [           main] org.hibernate.orm.connections.pooling    : HHH10001002: Using built-in connection pool (not intended for production use)
2026-09-19T15:45:05.152Z  INFO 4265 --- [taxonomy-analyzer] [           main] org.hibernate.orm.connections.pooling    : HHH10001005: Database info:
	Database JDBC URL [jdbc:hsqldb:mem:editor-82fcc613-e62d-4c5f-ab63-bf9d3e0fc634]
	Database driver: HSQL Database Engine Driver
	Database dialect: HSQLDialect
	Database version: 2.7.3
	Default catalog/schema: PUBLIC/PUBLIC
	Autocommit mode: false
	Isolation level: READ_COMMITTED
	JDBC fetch size: none
	Pool: DriverManagerConnectionProvider
	Minimum pool size: 1
	Maximum pool size: 8
2026-09-19T15:45:05.178Z  INFO 4265 --- [taxonomy-analyzer] [           main] org.hibernate.search.version.orm         : HSEARCH000034: Hibernate Search version 8.4.0.Final
2026-09-19T15:45:05.201Z  INFO 4265 --- [taxonomy-analyzer] [           main] org.hibernate.orm.core                   : HHH000489: No JTA platform available (set 'hibernate.transaction.jta.platform' to enable JTA platform integration)
2026-09-19T15:45:05.214Z  INFO 4265 --- [taxonomy-analyzer] [           main] c.t.w.storage.DslGitRepositoryFactory    : Opening database-backed DslGitRepository 'ws-workspace-a1'
2026-09-19T15:45:05.219Z  INFO 4265 --- [taxonomy-analyzer] [           main] c.t.workspace.storage.DslGitRepository   : Initialised database-backed DslGitRepository (HibernateRepository)
2026-09-19T15:45:05.224Z  INFO 4265 --- [taxonomy-analyzer] [           main] c.t.workspace.storage.DslGitRepository   : Committed DSL to branch 'draft': cbe0efd807ccba04983ad74fac3ee75a7546b38f (ref update: NEW)
]]></system-out>
  </testcase>
  <testcase name="concurrentRetriesOfTheSameCheckpointCompleteOneIntentAndOneCommit()[19]" classname="com.taxonomy.editor.ArchitectureEditorServiceTest" time="0.199">
    <system-out><![CDATA[2026-09-19T15:45:05.255Z  WARN 4265 --- [taxonomy-analyzer] [           main] org.hibernate.orm.connections.pooling    : HHH10001002: Using built-in connection pool (not intended for production use)
2026-09-19T15:45:05.262Z  INFO 4265 --- [taxonomy-analyzer] [           main] org.hibernate.orm.connections.pooling    : HHH10001005: Database info:
	Database JDBC URL [jdbc:hsqldb:mem:editor-8f083ccf-1286-493a-a539-f12cc0b35855]
	Database driver: HSQL Database Engine Driver
	Database dialect: HSQLDialect
	Database version: 2.7.3
	Default catalog/schema: PUBLIC/PUBLIC
	Autocommit mode: false
	Isolation level: READ_COMMITTED
	JDBC fetch size: none
	Pool: DriverManagerConnectionProvider
	Minimum pool size: 1
	Maximum pool size: 8
2026-09-19T15:45:05.299Z  INFO 4265 --- [taxonomy-analyzer] [           main] org.hibernate.search.version.orm         : HSEARCH000034: Hibernate Search version 8.4.0.Final
2026-09-19T15:45:05.333Z  INFO 4265 --- [taxonomy-analyzer] [           main] org.hibernate.orm.core                   : HHH000489: No JTA platform available (set 'hibernate.transaction.jta.platform' to enable JTA platform integration)
2026-09-19T15:45:05.357Z  INFO 4265 --- [taxonomy-analyzer] [           main] c.t.w.storage.DslGitRepositoryFactory    : Opening database-backed DslGitRepository 'ws-workspace-a1'
2026-09-19T15:45:05.364Z  INFO 4265 --- [taxonomy-analyzer] [           main] c.t.workspace.storage.DslGitRepository   : Initialised database-backed DslGitRepository (HibernateRepository)
2026-09-19T15:45:05.369Z  INFO 4265 --- [taxonomy-analyzer] [           main] c.t.workspace.storage.DslGitRepository   : Committed DSL to branch 'draft': cbe0efd807ccba04983ad74fac3ee75a7546b38f (ref update: NEW)
]]></system-out>
  </testcase>
  <testcase name="concurrentRetriesOfTheSameCheckpointCompleteOneIntentAndOneCommit()[20]" classname="com.taxonomy.editor.ArchitectureEditorServiceTest" time="0.12">
    <system-out><![CDATA[2026-09-19T15:45:05.455Z  WARN 4265 --- [taxonomy-analyzer] [           main] org.hibernate.orm.connections.pooling    : HHH10001002: Using built-in connection pool (not intended for production use)
2026-09-19T15:45:05.463Z  INFO 4265 --- [taxonomy-analyzer] [           main] org.hibernate.orm.connections.pooling    : HHH10001005: Database info:
	Database JDBC URL [jdbc:hsqldb:mem:editor-5b318c8b-88cc-46cb-82c6-e8672d398310]
	Database driver: HSQL Database Engine Driver
	Database dialect: HSQLDialect
	Database version: 2.7.3
	Default catalog/schema: PUBLIC/PUBLIC
	Autocommit mode: false
	Isolation level: READ_COMMITTED
	JDBC fetch size: none
	Pool: DriverManagerConnectionProvider
	Minimum pool size: 1
	Maximum pool size: 8
2026-09-19T15:45:05.492Z  INFO 4265 --- [taxonomy-analyzer] [           main] org.hibernate.search.version.orm         : HSEARCH000034: Hibernate Search version 8.4.0.Final
2026-09-19T15:45:05.516Z  INFO 4265 --- [taxonomy-analyzer] [           main] org.hibernate.orm.core                   : HHH000489: No JTA platform available (set 'hibernate.transaction.jta.platform' to enable JTA platform integration)
2026-09-19T15:45:05.530Z  INFO 4265 --- [taxonomy-analyzer] [           main] c.t.w.storage.DslGitRepositoryFactory    : Opening database-backed DslGitRepository 'ws-workspace-a1'
2026-09-19T15:45:05.536Z  INFO 4265 --- [taxonomy-analyzer] [           main] c.t.workspace.storage.DslGitRepository   : Initialised database-backed DslGitRepository (HibernateRepository)
2026-09-19T15:45:05.541Z  INFO 4265 --- [taxonomy-analyzer] [           main] c.t.workspace.storage.DslGitRepository   : Committed DSL to branch 'draft': cbe0efd807ccba04983ad74fac3ee75a7546b38f (ref update: NEW)
]]></system-out>
  </testcase>
  <testcase name="laterRelationTouchesEndpointAndBlocksUndoWithoutTraversingGit" classname="com.taxonomy.editor.ArchitectureEditorServiceTest" time="0.126">
    <system-out><![CDATA[2026-09-19T15:45:05.575Z  WARN 4265 --- [taxonomy-analyzer] [           main] org.hibernate.orm.connections.pooling    : HHH10001002: Using built-in connection pool (not intended for production use)
2026-09-19T15:45:05.582Z  INFO 4265 --- [taxonomy-analyzer] [           main] org.hibernate.orm.connections.pooling    : HHH10001005: Database info:
	Database JDBC URL [jdbc:hsqldb:mem:editor-c9850450-35c4-463b-bfbd-5205d9a3995a]
	Database driver: HSQL Database Engine Driver
	Database dialect: HSQLDialect
	Database version: 2.7.3
	Default catalog/schema: PUBLIC/PUBLIC
	Autocommit mode: false
	Isolation level: READ_COMMITTED
	JDBC fetch size: none
	Pool: DriverManagerConnectionProvider
	Minimum pool size: 1
	Maximum pool size: 8
2026-09-19T15:45:05.619Z  INFO 4265 --- [taxonomy-analyzer] [           main] org.hibernate.search.version.orm         : HSEARCH000034: Hibernate Search version 8.4.0.Final
2026-09-19T15:45:05.653Z  INFO 4265 --- [taxonomy-analyzer] [           main] org.hibernate.orm.core                   : HHH000489: No JTA platform available (set 'hibernate.transaction.jta.platform' to enable JTA platform integration)
2026-09-19T15:45:05.667Z  INFO 4265 --- [taxonomy-analyzer] [           main] c.t.w.storage.DslGitRepositoryFactory    : Opening database-backed DslGitRepository 'ws-workspace-a1'
2026-09-19T15:45:05.672Z  INFO 4265 --- [taxonomy-analyzer] [           main] c.t.workspace.storage.DslGitRepository   : Initialised database-backed DslGitRepository (HibernateRepository)
2026-09-19T15:45:05.676Z  INFO 4265 --- [taxonomy-analyzer] [           main] c.t.workspace.storage.DslGitRepository   : Committed DSL to branch 'draft': cbe0efd807ccba04983ad74fac3ee75a7546b38f (ref update: NEW)
]]></system-out>
  </testcase>
  <testcase name="failedVersionCompletionRequiresRecoveryAndNeverOverwritesUncheckpointedEdits" classname="com.taxonomy.editor.ArchitectureEditorServiceTest" time="0.116">
    <system-out><![CDATA[2026-09-19T15:45:05.696Z  WARN 4265 --- [taxonomy-analyzer] [           main] org.hibernate.orm.connections.pooling    : HHH10001002: Using built-in connection pool (not intended for production use)
2026-09-19T15:45:05.701Z  INFO 4265 --- [taxonomy-analyzer] [           main] org.hibernate.orm.connections.pooling    : HHH10001005: Database info:
	Database JDBC URL [jdbc:hsqldb:mem:editor-524b459d-f58e-44c5-8ca3-d85b25bf2c8d]
	Database driver: HSQL Database Engine Driver
	Database dialect: HSQLDialect
	Database version: 2.7.3
	Default catalog/schema: PUBLIC/PUBLIC
	Autocommit mode: false
	Isolation level: READ_COMMITTED
	JDBC fetch size: none
	Pool: DriverManagerConnectionProvider
	Minimum pool size: 1
	Maximum pool size: 8
2026-09-19T15:45:05.724Z  INFO 4265 --- [taxonomy-analyzer] [           main] org.hibernate.search.version.orm         : HSEARCH000034: Hibernate Search version 8.4.0.Final
2026-09-19T15:45:05.748Z  INFO 4265 --- [taxonomy-analyzer] [           main] org.hibernate.orm.core                   : HHH000489: No JTA platform available (set 'hibernate.transaction.jta.platform' to enable JTA platform integration)
2026-09-19T15:45:05.760Z  INFO 4265 --- [taxonomy-analyzer] [           main] c.t.w.storage.DslGitRepositoryFactory    : Opening database-backed DslGitRepository 'ws-workspace-a1'
2026-09-19T15:45:05.765Z  INFO 4265 --- [taxonomy-analyzer] [           main] c.t.workspace.storage.DslGitRepository   : Initialised database-backed DslGitRepository (HibernateRepository)
2026-09-19T15:45:05.768Z  INFO 4265 --- [taxonomy-analyzer] [           main] c.t.workspace.storage.DslGitRepository   : Committed DSL to branch 'draft': cbe0efd807ccba04983ad74fac3ee75a7546b38f (ref update: NEW)
2026-09-19T15:45:05.787Z  INFO 4265 --- [taxonomy-analyzer] [           main] c.t.workspace.storage.DslGitRepository   : Committed DSL to branch 'draft': a94e113c433d0a111cd549a17067b5bdd367629a (ref update: FAST_FORWARD)
2026-09-19T15:45:05.800Z  INFO 4265 --- [taxonomy-analyzer] [           main] c.t.workspace.storage.DslGitRepository   : Committed DSL to branch 'draft': 4e975f962ef55bd523cf72769839fa5e978006e7 (ref update: FAST_FORWARD)
]]></system-out>
  </testcase>
  <testcase name="evidenceCommandFingerprintsRemainCompatibleAndBindTheCompleteSource" classname="com.taxonomy.editor.ArchitectureEditorServiceTest" time="0.092">
    <system-out><![CDATA[2026-09-19T15:45:05.813Z  WARN 4265 --- [taxonomy-analyzer] [           main] org.hibernate.orm.connections.pooling    : HHH10001002: Using built-in connection pool (not intended for production use)
2026-09-19T15:45:05.818Z  INFO 4265 --- [taxonomy-analyzer] [           main] org.hibernate.orm.connections.pooling    : HHH10001005: Database info:
	Database JDBC URL [jdbc:hsqldb:mem:editor-0a278135-29c1-469e-8927-e855852c1902]
	Database driver: HSQL Database Engine Driver
	Database dialect: HSQLDialect
	Database version: 2.7.3
	Default catalog/schema: PUBLIC/PUBLIC
	Autocommit mode: false
	Isolation level: READ_COMMITTED
	JDBC fetch size: none
	Pool: DriverManagerConnectionProvider
	Minimum pool size: 1
	Maximum pool size: 8
2026-09-19T15:45:05.842Z  INFO 4265 --- [taxonomy-analyzer] [           main] org.hibernate.search.version.orm         : HSEARCH000034: Hibernate Search version 8.4.0.Final
2026-09-19T15:45:05.867Z  INFO 4265 --- [taxonomy-analyzer] [           main] org.hibernate.orm.core                   : HHH000489: No JTA platform available (set 'hibernate.transaction.jta.platform' to enable JTA platform integration)
2026-09-19T15:45:05.879Z  INFO 4265 --- [taxonomy-analyzer] [           main] c.t.w.storage.DslGitRepositoryFactory    : Opening database-backed DslGitRepository 'ws-workspace-a1'
2026-09-19T15:45:05.884Z  INFO 4265 --- [taxonomy-analyzer] [           main] c.t.workspace.storage.DslGitRepository   : Initialised database-backed DslGitRepository (HibernateRepository)
2026-09-19T15:45:05.887Z  INFO 4265 --- [taxonomy-analyzer] [           main] c.t.workspace.storage.DslGitRepository   : Committed DSL to branch 'draft': cbe0efd807ccba04983ad74fac3ee75a7546b38f (ref update: NEW)
]]></system-out>
  </testcase>
  <testcase name="actorAndContextIsolationAndReadOnlyPermissionsSurviveNewStorageBoundary" classname="com.taxonomy.editor.ArchitectureEditorServiceTest" time="0.101">
    <system-out><![CDATA[2026-09-19T15:45:05.904Z  WARN 4265 --- [taxonomy-analyzer] [           main] org.hibernate.orm.connections.pooling    : HHH10001002: Using built-in connection pool (not intended for production use)
2026-09-19T15:45:05.910Z  INFO 4265 --- [taxonomy-analyzer] [           main] org.hibernate.orm.connections.pooling    : HHH10001005: Database info:
	Database JDBC URL [jdbc:hsqldb:mem:editor-26d6e861-84db-4dbd-92b5-0cdbcfd89516]
	Database driver: HSQL Database Engine Driver
	Database dialect: HSQLDialect
	Database version: 2.7.3
	Default catalog/schema: PUBLIC/PUBLIC
	Autocommit mode: false
	Isolation level: READ_COMMITTED
	JDBC fetch size: none
	Pool: DriverManagerConnectionProvider
	Minimum pool size: 1
	Maximum pool size: 8
2026-09-19T15:45:05.934Z  INFO 4265 --- [taxonomy-analyzer] [           main] org.hibernate.search.version.orm         : HSEARCH000034: Hibernate Search version 8.4.0.Final
2026-09-19T15:45:05.958Z  INFO 4265 --- [taxonomy-analyzer] [           main] org.hibernate.orm.core                   : HHH000489: No JTA platform available (set 'hibernate.transaction.jta.platform' to enable JTA platform integration)
2026-09-19T15:45:05.978Z  INFO 4265 --- [taxonomy-analyzer] [           main] c.t.w.storage.DslGitRepositoryFactory    : Opening database-backed DslGitRepository 'ws-workspace-a1'
2026-09-19T15:45:05.983Z  INFO 4265 --- [taxonomy-analyzer] [           main] c.t.workspace.storage.DslGitRepository   : Initialised database-backed DslGitRepository (HibernateRepository)
2026-09-19T15:45:05.987Z  INFO 4265 --- [taxonomy-analyzer] [           main] c.t.workspace.storage.DslGitRepository   : Committed DSL to branch 'draft': cbe0efd807ccba04983ad74fac3ee75a7546b38f (ref update: NEW)
2026-09-19T15:45:05.993Z  INFO 4265 --- [taxonomy-analyzer] [           main] c.t.w.storage.DslGitRepositoryFactory    : Opening database-backed DslGitRepository 'ws-workspace-a2'
2026-09-19T15:45:05.994Z  INFO 4265 --- [taxonomy-analyzer] [           main] c.t.workspace.storage.DslGitRepository   : Initialised database-backed DslGitRepository (HibernateRepository)
]]></system-out>
  </testcase>
  <testcase name="twoIndependentWritersCannotBothAcceptTheSameSemanticRevisionIncludingInitialization" classname="com.taxonomy.editor.ArchitectureEditorServiceTest" time="0.092">
    <system-out><![CDATA[2026-09-19T15:45:06.007Z  WARN 4265 --- [taxonomy-analyzer] [           main] org.hibernate.orm.connections.pooling    : HHH10001002: Using built-in connection pool (not intended for production use)
2026-09-19T15:45:06.012Z  INFO 4265 --- [taxonomy-analyzer] [           main] org.hibernate.orm.connections.pooling    : HHH10001005: Database info:
	Database JDBC URL [jdbc:hsqldb:mem:editor-69122c0f-033c-415d-857a-0d9fcd6f32c3]
	Database driver: HSQL Database Engine Driver
	Database dialect: HSQLDialect
	Database version: 2.7.3
	Default catalog/schema: PUBLIC/PUBLIC
	Autocommit mode: false
	Isolation level: READ_COMMITTED
	JDBC fetch size: none
	Pool: DriverManagerConnectionProvider
	Minimum pool size: 1
	Maximum pool size: 8
2026-09-19T15:45:06.036Z  INFO 4265 --- [taxonomy-analyzer] [           main] org.hibernate.search.version.orm         : HSEARCH000034: Hibernate Search version 8.4.0.Final
2026-09-19T15:45:06.059Z  INFO 4265 --- [taxonomy-analyzer] [           main] org.hibernate.orm.core                   : HHH000489: No JTA platform available (set 'hibernate.transaction.jta.platform' to enable JTA platform integration)
2026-09-19T15:45:06.071Z  INFO 4265 --- [taxonomy-analyzer] [           main] c.t.w.storage.DslGitRepositoryFactory    : Opening database-backed DslGitRepository 'ws-workspace-a1'
2026-09-19T15:45:06.076Z  INFO 4265 --- [taxonomy-analyzer] [           main] c.t.workspace.storage.DslGitRepository   : Initialised database-backed DslGitRepository (HibernateRepository)
2026-09-19T15:45:06.080Z  INFO 4265 --- [taxonomy-analyzer] [           main] c.t.workspace.storage.DslGitRepository   : Committed DSL to branch 'draft': 3b980796c85d0be893e5ff97aaffcc428e788356 (ref update: NEW)
]]></system-out>
  </testcase>
  <testcase name="hundredMixedEditsAreJournaledWithoutMovingGitAndCheckpointsCollectTheirSnapshots" classname="com.taxonomy.editor.ArchitectureEditorServiceTest" time="0.59">
    <system-out><![CDATA[2026-09-19T15:45:06.099Z  WARN 4265 --- [taxonomy-analyzer] [           main] org.hibernate.orm.connections.pooling    : HHH10001002: Using built-in connection pool (not intended for production use)
2026-09-19T15:45:06.104Z  INFO 4265 --- [taxonomy-analyzer] [           main] org.hibernate.orm.connections.pooling    : HHH10001005: Database info:
	Database JDBC URL [jdbc:hsqldb:mem:editor-fd8d1d74-0334-4bb0-8ecf-6b121f1c1603]
	Database driver: HSQL Database Engine Driver
	Database dialect: HSQLDialect
	Database version: 2.7.3
	Default catalog/schema: PUBLIC/PUBLIC
	Autocommit mode: false
	Isolation level: READ_COMMITTED
	JDBC fetch size: none
	Pool: DriverManagerConnectionProvider
	Minimum pool size: 1
	Maximum pool size: 8
2026-09-19T15:45:06.129Z  INFO 4265 --- [taxonomy-analyzer] [           main] org.hibernate.search.version.orm         : HSEARCH000034: Hibernate Search version 8.4.0.Final
2026-09-19T15:45:06.159Z  INFO 4265 --- [taxonomy-analyzer] [           main] org.hibernate.orm.core                   : HHH000489: No JTA platform available (set 'hibernate.transaction.jta.platform' to enable JTA platform integration)
2026-09-19T15:45:06.173Z  INFO 4265 --- [taxonomy-analyzer] [           main] c.t.w.storage.DslGitRepositoryFactory    : Opening database-backed DslGitRepository 'ws-workspace-a1'
2026-09-19T15:45:06.178Z  INFO 4265 --- [taxonomy-analyzer] [           main] c.t.workspace.storage.DslGitRepository   : Initialised database-backed DslGitRepository (HibernateRepository)
2026-09-19T15:45:06.181Z  INFO 4265 --- [taxonomy-analyzer] [           main] c.t.workspace.storage.DslGitRepository   : Committed DSL to branch 'draft': 3b980796c85d0be893e5ff97aaffcc428e788356 (ref update: NEW)
]]></system-out>
  </testcase>
  <testcase name="transactionFailureLeavesNeitherOperationNorWorkspaceResidue" classname="com.taxonomy.editor.ArchitectureEditorServiceTest" time="0.13">
    <system-out><![CDATA[2026-09-19T15:45:06.694Z  WARN 4265 --- [taxonomy-analyzer] [           main] org.hibernate.orm.connections.pooling    : HHH10001002: Using built-in connection pool (not intended for production use)
2026-09-19T15:45:06.700Z  INFO 4265 --- [taxonomy-analyzer] [           main] org.hibernate.orm.connections.pooling    : HHH10001005: Database info:
	Database JDBC URL [jdbc:hsqldb:mem:editor-c88eb6b0-9d1b-44ec-97fd-a9be360373b7]
	Database driver: HSQL Database Engine Driver
	Database dialect: HSQLDialect
	Database version: 2.7.3
	Default catalog/schema: PUBLIC/PUBLIC
	Autocommit mode: false
	Isolation level: READ_COMMITTED
	JDBC fetch size: none
	Pool: DriverManagerConnectionProvider
	Minimum pool size: 1
	Maximum pool size: 8
2026-09-19T15:45:06.737Z  INFO 4265 --- [taxonomy-analyzer] [           main] org.hibernate.search.version.orm         : HSEARCH000034: Hibernate Search version 8.4.0.Final
2026-09-19T15:45:06.772Z  INFO 4265 --- [taxonomy-analyzer] [           main] org.hibernate.orm.core                   : HHH000489: No JTA platform available (set 'hibernate.transaction.jta.platform' to enable JTA platform integration)
2026-09-19T15:45:06.794Z  INFO 4265 --- [taxonomy-analyzer] [           main] c.t.w.storage.DslGitRepositoryFactory    : Opening database-backed DslGitRepository 'ws-workspace-a1'
2026-09-19T15:45:06.803Z  INFO 4265 --- [taxonomy-analyzer] [           main] c.t.workspace.storage.DslGitRepository   : Initialised database-backed DslGitRepository (HibernateRepository)
2026-09-19T15:45:06.807Z  INFO 4265 --- [taxonomy-analyzer] [           main] c.t.workspace.storage.DslGitRepository   : Committed DSL to branch 'draft': 3b980796c85d0be893e5ff97aaffcc428e788356 (ref update: NEW)
]]></system-out>
  </testcase>
  <testcase name="movedGitHeadRejectsCheckpointIntentAndReleasesItsReservation" classname="com.taxonomy.editor.ArchitectureEditorServiceTest" time="0.117">
    <system-out><![CDATA[2026-09-19T15:45:06.826Z  WARN 4265 --- [taxonomy-analyzer] [           main] org.hibernate.orm.connections.pooling    : HHH10001002: Using built-in connection pool (not intended for production use)
2026-09-19T15:45:06.833Z  INFO 4265 --- [taxonomy-analyzer] [           main] org.hibernate.orm.connections.pooling    : HHH10001005: Database info:
	Database JDBC URL [jdbc:hsqldb:mem:editor-61e4f1bc-54b6-4b51-b625-6f4b498e166c]
	Database driver: HSQL Database Engine Driver
	Database dialect: HSQLDialect
	Database version: 2.7.3
	Default catalog/schema: PUBLIC/PUBLIC
	Autocommit mode: false
	Isolation level: READ_COMMITTED
	JDBC fetch size: none
	Pool: DriverManagerConnectionProvider
	Minimum pool size: 1
	Maximum pool size: 8
2026-09-19T15:45:06.870Z  INFO 4265 --- [taxonomy-analyzer] [           main] org.hibernate.search.version.orm         : HSEARCH000034: Hibernate Search version 8.4.0.Final
2026-09-19T15:45:06.894Z  INFO 4265 --- [taxonomy-analyzer] [           main] org.hibernate.orm.core                   : HHH000489: No JTA platform available (set 'hibernate.transaction.jta.platform' to enable JTA platform integration)
2026-09-19T15:45:06.906Z  INFO 4265 --- [taxonomy-analyzer] [           main] c.t.w.storage.DslGitRepositoryFactory    : Opening database-backed DslGitRepository 'ws-workspace-a1'
2026-09-19T15:45:06.910Z  INFO 4265 --- [taxonomy-analyzer] [           main] c.t.workspace.storage.DslGitRepository   : Initialised database-backed DslGitRepository (HibernateRepository)
2026-09-19T15:45:06.914Z  INFO 4265 --- [taxonomy-analyzer] [           main] c.t.workspace.storage.DslGitRepository   : Committed DSL to branch 'draft': 3b980796c85d0be893e5ff97aaffcc428e788356 (ref update: NEW)
2026-09-19T15:45:06.923Z  INFO 4265 --- [taxonomy-analyzer] [           main] c.t.workspace.storage.DslGitRepository   : Committed DSL to branch 'draft': cacc42de1f19d62db6bc9cf78fb30fa71f53df5b (ref update: FAST_FORWARD)
]]></system-out>
  </testcase>
  <testcase name="versionBranchCompareRestoreAndBothProjectionSourcesRetainTheirMeaning" classname="com.taxonomy.editor.ArchitectureEditorServiceTest" time="0.212">
    <system-out><![CDATA[2026-09-19T15:45:06.938Z  WARN 4265 --- [taxonomy-analyzer] [           main] org.hibernate.orm.connections.pooling    : HHH10001002: Using built-in connection pool (not intended for production use)
2026-09-19T15:45:06.943Z  INFO 4265 --- [taxonomy-analyzer] [           main] org.hibernate.orm.connections.pooling    : HHH10001005: Database info:
	Database JDBC URL [jdbc:hsqldb:mem:editor-5fdd5a55-581f-4182-a7cd-42a46032b5ff]
	Database driver: HSQL Database Engine Driver
	Database dialect: HSQLDialect
	Database version: 2.7.3
	Default catalog/schema: PUBLIC/PUBLIC
	Autocommit mode: false
	Isolation level: READ_COMMITTED
	JDBC fetch size: none
	Pool: DriverManagerConnectionProvider
	Minimum pool size: 1
	Maximum pool size: 8
2026-09-19T15:45:06.967Z  INFO 4265 --- [taxonomy-analyzer] [           main] org.hibernate.search.version.orm         : HSEARCH000034: Hibernate Search version 8.4.0.Final
2026-09-19T15:45:06.988Z  INFO 4265 --- [taxonomy-analyzer] [           main] org.hibernate.orm.core                   : HHH000489: No JTA platform available (set 'hibernate.transaction.jta.platform' to enable JTA platform integration)
2026-09-19T15:45:07.000Z  INFO 4265 --- [taxonomy-analyzer] [           main] c.t.w.storage.DslGitRepositoryFactory    : Opening database-backed DslGitRepository 'ws-workspace-a1'
2026-09-19T15:45:07.004Z  INFO 4265 --- [taxonomy-analyzer] [           main] c.t.workspace.storage.DslGitRepository   : Initialised database-backed DslGitRepository (HibernateRepository)
2026-09-19T15:45:07.008Z  INFO 4265 --- [taxonomy-analyzer] [           main] c.t.workspace.storage.DslGitRepository   : Committed DSL to branch 'draft': 02ebe9fe530aef6bb2a95e30db510862b8e3bba3 (ref update: NEW)
2026-09-19T15:45:07.020Z  INFO 4265 --- [taxonomy-analyzer] [           main] c.t.workspace.storage.DslGitRepository   : Created branch 'baseline' from 'draft' at 40d7a4d1e4fa34d6bb83515a1df403d3907bdae0
2026-09-19T15:45:07.039Z  INFO 4265 --- [taxonomy-analyzer] [           main] c.t.workspace.storage.DslGitRepository   : Committed DSL to branch 'draft': dee019e8b0d46ccf5ff2b77d4d2ac80c0d87e684 (ref update: FAST_FORWARD)
]]></system-out>
  </testcase>
  <testcase name="previewDoesNotEvenInitializeJournalAndRetryNeverAppendsTwice" classname="com.taxonomy.editor.ArchitectureEditorServiceTest" time="0.144">
    <system-out><![CDATA[2026-09-19T15:45:07.149Z  WARN 4265 --- [taxonomy-analyzer] [           main] org.hibernate.orm.connections.pooling    : HHH10001002: Using built-in connection pool (not intended for production use)
2026-09-19T15:45:07.156Z  INFO 4265 --- [taxonomy-analyzer] [           main] org.hibernate.orm.connections.pooling    : HHH10001005: Database info:
	Database JDBC URL [jdbc:hsqldb:mem:editor-b676eb34-13aa-40d7-aca2-9997549c84a1]
	Database driver: HSQL Database Engine Driver
	Database dialect: HSQLDialect
	Database version: 2.7.3
	Default catalog/schema: PUBLIC/PUBLIC
	Autocommit mode: false
	Isolation level: READ_COMMITTED
	JDBC fetch size: none
	Pool: DriverManagerConnectionProvider
	Minimum pool size: 1
	Maximum pool size: 8
2026-09-19T15:45:07.180Z  INFO 4265 --- [taxonomy-analyzer] [           main] org.hibernate.search.version.orm         : HSEARCH000034: Hibernate Search version 8.4.0.Final
2026-09-19T15:45:07.203Z  INFO 4265 --- [taxonomy-analyzer] [           main] org.hibernate.orm.core                   : HHH000489: No JTA platform available (set 'hibernate.transaction.jta.platform' to enable JTA platform integration)
2026-09-19T15:45:07.214Z  INFO 4265 --- [taxonomy-analyzer] [           main] c.t.w.storage.DslGitRepositoryFactory    : Opening database-backed DslGitRepository 'ws-workspace-a1'
2026-09-19T15:45:07.256Z  INFO 4265 --- [taxonomy-analyzer] [           main] c.t.workspace.storage.DslGitRepository   : Initialised database-backed DslGitRepository (HibernateRepository)
2026-09-19T15:45:07.268Z  INFO 4265 --- [taxonomy-analyzer] [           main] c.t.workspace.storage.DslGitRepository   : Committed DSL to branch 'draft': 02ebe9fe530aef6bb2a95e30db510862b8e3bba3 (ref update: NEW)
]]></system-out>
  </testcase>
  <testcase name="checkpointRecoversAfterGitSucceededAndApplicationDiedBeforeDatabaseCompletion" classname="com.taxonomy.editor.ArchitectureEditorServiceTest" time="0.3">
    <system-out><![CDATA[2026-09-19T15:45:07.296Z  WARN 4265 --- [taxonomy-analyzer] [           main] org.hibernate.orm.connections.pooling    : HHH10001002: Using built-in connection pool (not intended for production use)
2026-09-19T15:45:07.305Z  INFO 4265 --- [taxonomy-analyzer] [           main] org.hibernate.orm.connections.pooling    : HHH10001005: Database info:
	Database JDBC URL [jdbc:hsqldb:mem:editor-70ebd84f-907f-47ee-a92c-1b63fa11e835]
	Database driver: HSQL Database Engine Driver
	Database dialect: HSQLDialect
	Database version: 2.7.3
	Default catalog/schema: PUBLIC/PUBLIC
	Autocommit mode: false
	Isolation level: READ_COMMITTED
	JDBC fetch size: none
	Pool: DriverManagerConnectionProvider
	Minimum pool size: 1
	Maximum pool size: 8
2026-09-19T15:45:07.334Z  INFO 4265 --- [taxonomy-analyzer] [           main] org.hibernate.search.version.orm         : HSEARCH000034: Hibernate Search version 8.4.0.Final
2026-09-19T15:45:07.372Z  INFO 4265 --- [taxonomy-analyzer] [           main] org.hibernate.orm.core                   : HHH000489: No JTA platform available (set 'hibernate.transaction.jta.platform' to enable JTA platform integration)
2026-09-19T15:45:07.385Z  INFO 4265 --- [taxonomy-analyzer] [           main] c.t.w.storage.DslGitRepositoryFactory    : Opening database-backed DslGitRepository 'ws-workspace-a1'
2026-09-19T15:45:07.391Z  INFO 4265 --- [taxonomy-analyzer] [           main] c.t.workspace.storage.DslGitRepository   : Initialised database-backed DslGitRepository (HibernateRepository)
2026-09-19T15:45:07.396Z  INFO 4265 --- [taxonomy-analyzer] [           main] c.t.workspace.storage.DslGitRepository   : Committed DSL to branch 'draft': 02ebe9fe530aef6bb2a95e30db510862b8e3bba3 (ref update: NEW)
]]></system-out>
  </testcase>
</testsuite>