GROUP,PACKAGE,CLASS,INSTRUCTION_MISSED,INSTRUCTION_COVERED,BRANCH_MISSED,BRANCH_COVERED,LINE_MISSED,LINE_COVERED,COMPLEXITY_MISSED,COMPLEXITY_COVERED,METHOD_MISSED,METHOD_COVERED
Taxonomy Aggregate Coverage/taxonomy-analysis,com.taxonomy.analysis.dto,AiTargetDtos.AiTargetDescriptor,0,39,0,0,0,1,0,1,0,1
Taxonomy Aggregate Coverage/taxonomy-analysis,com.taxonomy.analysis.dto,AiTargetDtos.AiTargetMode,0,27,0,0,0,5,0,1,0,1
Taxonomy Aggregate Coverage/taxonomy-analysis,com.taxonomy.analysis.dto,AiTargetDtos.AiTargetCatalogView,0,9,0,0,0,1,0,1,0,1
Taxonomy Aggregate Coverage/taxonomy-analysis,com.taxonomy.analysis.dto,AiTargetDtos.AiTargetHealth,0,15,0,0,0,3,0,1,0,1
Taxonomy Aggregate Coverage/taxonomy-analysis,com.taxonomy.analysis.dto,AiTargetDtos.PromptBudget,0,12,0,0,0,1,0,1,0,1
Taxonomy Aggregate Coverage/taxonomy-analysis,com.taxonomy.analysis.usecase,AnalyzeNodeChildrenCommand,10,32,5,7,2,6,5,2,0,1
Taxonomy Aggregate Coverage/taxonomy-analysis,com.taxonomy.analysis.usecase,AnalyzeNodeChildrenResult,21,46,5,5,2,7,6,1,1,1
Taxonomy Aggregate Coverage/taxonomy-analysis,com.taxonomy.analysis.usecase,StreamRequirementAnalysisUseCase,1,85,3,5,1,26,3,6,0,5
Taxonomy Aggregate Coverage/taxonomy-analysis,com.taxonomy.analysis.usecase,AnalyzeRequirementUseCase,47,380,15,41,8,86,15,23,2,8
Taxonomy Aggregate Coverage/taxonomy-analysis,com.taxonomy.analysis.usecase,AnalysisStreamEvent.Expanding,0,9,0,0,0,1,0,1,0,1
Taxonomy Aggregate Coverage/taxonomy-analysis,com.taxonomy.analysis.usecase,AnalysisStreamEvent.Scores,0,15,0,0,0,1,0,1,0,1
Taxonomy Aggregate Coverage/taxonomy-analysis,com.taxonomy.analysis.usecase,AnalyzeRequirementCommand,0,34,0,0,0,3,0,2,0,2
Taxonomy Aggregate Coverage/taxonomy-analysis,com.taxonomy.analysis.usecase,AnalysisStreamEvent.Phase,0,9,0,0,0,1,0,1,0,1
Taxonomy Aggregate Coverage/taxonomy-analysis,com.taxonomy.analysis.usecase,JustifyLeafResult,10,19,4,4,2,4,4,1,0,1
Taxonomy Aggregate Coverage/taxonomy-analysis,com.taxonomy.analysis.usecase,AnalyzeRequirementResult,0,6,0,0,0,1,0,1,0,1
Taxonomy Aggregate Coverage/taxonomy-analysis,com.taxonomy.analysis.usecase,StreamRequirementAnalysisCommand,0,12,0,0,0,1,0,1,0,1
Taxonomy Aggregate Coverage/taxonomy-analysis,com.taxonomy.analysis.usecase,UnknownAnalysisProviderException,0,14,0,0,0,5,0,3,0,3
Taxonomy Aggregate Coverage/taxonomy-analysis,com.taxonomy.analysis.usecase,JustifyLeafUseCase,26,9,0,0,7,4,1,1,1,1
Taxonomy Aggregate Coverage/taxonomy-analysis,com.taxonomy.analysis.usecase,StreamRequirementAnalysisUseCase.new AnalysisEventCallback() {...},0,90,0,0,0,16,0,7,0,7
Taxonomy Aggregate Coverage/taxonomy-analysis,com.taxonomy.analysis.usecase,AnalyzeNodeChildrenUseCase,2,45,1,1,1,16,1,2,0,2
Taxonomy Aggregate Coverage/taxonomy-analysis,com.taxonomy.analysis.usecase,AnalysisStreamEvent.Complete,0,30,0,0,0,3,0,2,0,2
Taxonomy Aggregate Coverage/taxonomy-analysis,com.taxonomy.analysis.usecase,JustifyLeafCommand,5,44,3,9,1,7,3,4,0,1
Taxonomy Aggregate Coverage/taxonomy-analysis,com.taxonomy.analysis.usecase,AnalysisStreamEvent.Error,0,49,0,0,0,5,0,3,0,3
Taxonomy Aggregate Coverage/taxonomy-analysis,com.taxonomy.analysis.session,AnalysisDraftValidationException,5,4,0,0,2,2,1,1,1,1
Taxonomy Aggregate Coverage/taxonomy-analysis,com.taxonomy.analysis.session,AnalysisDraftDtos.SaveAnalysisDraftRequest,0,9,0,0,0,1,0,1,0,1
Taxonomy Aggregate Coverage/taxonomy-analysis,com.taxonomy.analysis.session,AnalysisDraftDtos.AnalysisDraftView,0,18,0,0,0,1,0,1,0,1
Taxonomy Aggregate Coverage/taxonomy-analysis,com.taxonomy.analysis.session,AnalysisWorkingDraftService,96,469,22,46,23,104,22,27,1,14
Taxonomy Aggregate Coverage/taxonomy-analysis,com.taxonomy.analysis.session,AnalysisDraftDtos.ResetAnalysisDraftRequest,0,6,0,0,0,1,0,1,0,1
Taxonomy Aggregate Coverage/taxonomy-analysis,com.taxonomy.analysis.session,AnalysisDraftConflictException,5,4,0,0,2,2,1,1,1,1
Taxonomy Aggregate Coverage/taxonomy-analysis,com.taxonomy.analysis.session,AnalysisWorkingDraftService.DraftScope,0,15,0,0,0,1,0,1,0,1
Taxonomy Aggregate Coverage/taxonomy-analysis,com.taxonomy.analysis.session,AnalysisWorkingDraftController,0,123,1,9,0,35,1,13,0,9
Taxonomy Aggregate Coverage/taxonomy-analysis,com.taxonomy.analysis.session,AnalysisWorkingDraft,17,82,4,4,4,29,6,11,2,11
Taxonomy Aggregate Coverage/taxonomy-analysis,com.taxonomy.analysis.service,LlmTransportMeter.JournalStartException,0,4,0,0,0,1,0,1,0,1
Taxonomy Aggregate Coverage/taxonomy-analysis,com.taxonomy.analysis.service,AnalysisRelationGenerator.ScoredNode,0,15,0,0,0,1,0,1,0,1
Taxonomy Aggregate Coverage/taxonomy-analysis,com.taxonomy.analysis.service,AnalysisRunControl.Observer,5,0,0,0,3,0,2,0,2,0
Taxonomy Aggregate Coverage/taxonomy-analysis,com.taxonomy.analysis.service,LlmTransportMeter.Usage,0,21,0,0,0,1,0,1,0,1
Taxonomy Aggregate Coverage/taxonomy-analysis,com.taxonomy.analysis.service,LlmTransportMeter.Outcome,0,21,0,0,0,1,0,1,0,1
Taxonomy Aggregate Coverage/taxonomy-analysis,com.taxonomy.analysis.service,LlmGatewayRegistry,0,187,0,4,0,25,0,7,0,5
Taxonomy Aggregate Coverage/taxonomy-analysis,com.taxonomy.analysis.service,AnalysisEventCallback,9,0,0,0,2,0,1,0,1,0
Taxonomy Aggregate Coverage/taxonomy-analysis,com.taxonomy.analysis.service,LlmRecordReplayService.ManifestEntry,0,3,0,0,0,1,0,1,0,1
Taxonomy Aggregate Coverage/taxonomy-analysis,com.taxonomy.analysis.service,LlmRecordingEntry,0,24,0,0,0,1,0,1,0,1
Taxonomy Aggregate Coverage/taxonomy-analysis,com.taxonomy.analysis.service,LlmTransportMeter.Scope,0,56,0,8,0,9,0,6,0,2
Taxonomy Aggregate Coverage/taxonomy-analysis,com.taxonomy.analysis.service,LlmService.SiblingBatchResult,0,9,0,0,0,1,0,1,0,1
Taxonomy Aggregate Coverage/taxonomy-analysis,com.taxonomy.analysis.service,AnalysisProgressRegistry.Run,6,569,10,56,1,84,10,46,0,23
Taxonomy Aggregate Coverage/taxonomy-analysis,com.taxonomy.analysis.service,LlmProviderExtensionRegistry,26,136,4,12,3,36,5,11,1,7
Taxonomy Aggregate Coverage/taxonomy-analysis,com.taxonomy.analysis.service,AnalysisProgressRegistry.Terminal,2,110,3,23,0,14,3,16,0,6
Taxonomy Aggregate Coverage/taxonomy-analysis,com.taxonomy.analysis.service,SavedAnalysisService,2,189,1,23,0,44,1,18,0,7
Taxonomy Aggregate Coverage/taxonomy-analysis,com.taxonomy.analysis.service,LlmProvider,0,51,0,0,0,9,0,1,0,1
Taxonomy Aggregate Coverage/taxonomy-analysis,com.taxonomy.analysis.service,AiTargetCatalogService,50,422,10,50,9,90,11,43,2,17
Taxonomy Aggregate Coverage/taxonomy-analysis,com.taxonomy.analysis.service,AnalysisProgressRegistry.CallView,0,21,0,0,0,1,0,1,0,1
Taxonomy Aggregate Coverage/taxonomy-analysis,com.taxonomy.analysis.service,GeminiLlmProviderExtension,0,18,0,0,0,4,0,3,0,3
Taxonomy Aggregate Coverage/taxonomy-analysis,com.taxonomy.analysis.service,AnalysisProgressRegistry.Scope,6,40,5,5,1,4,5,2,0,2
Taxonomy Aggregate Coverage/taxonomy-analysis,com.taxonomy.analysis.service,AnalysisFacade,0,25,0,0,0,7,0,3,0,3
Taxonomy Aggregate Coverage/taxonomy-analysis,com.taxonomy.analysis.service,LlmResponseParser,20,852,9,103,5,169,9,65,0,18
Taxonomy Aggregate Coverage/taxonomy-analysis,com.taxonomy.analysis.service,QwenLlmProviderExtension,0,18,0,0,0,4,0,3,0,3
Taxonomy Aggregate Coverage/taxonomy-analysis,com.taxonomy.analysis.service,AnalysisProgressRegistry.CallDetail,11,21,0,0,2,1,1,1,1,1
Taxonomy Aggregate Coverage/taxonomy-analysis,com.taxonomy.analysis.service,AnalysisMemoryGuard.Reading,0,18,0,0,0,1,0,1,0,1
Taxonomy Aggregate Coverage/taxonomy-analysis,com.taxonomy.analysis.service,LlmTransportMeter.Attempt,0,18,0,0,0,1,0,1,0,1
Taxonomy Aggregate Coverage/taxonomy-analysis,com.taxonomy.analysis.service,AnalysisProgressRegistry.Snapshot,0,63,0,0,0,1,0,1,0,1
Taxonomy Aggregate Coverage/taxonomy-analysis,com.taxonomy.analysis.service,LlmTransportMeter.TokenFields,0,52,1,15,0,9,1,9,0,2
Taxonomy Aggregate Coverage/taxonomy-analysis,com.taxonomy.analysis.service,AnalysisRelationGenerator,9,347,7,29,3,65,6,18,0,6
Taxonomy Aggregate Coverage/taxonomy-analysis,com.taxonomy.analysis.service,CustomOpenAiLlmProviderExtension,0,20,0,0,0,4,0,3,0,3
Taxonomy Aggregate Coverage/taxonomy-analysis,com.taxonomy.analysis.service,AnalysisProgressRegistry.Reservation,5,64,3,5,0,13,3,5,0,4
Taxonomy Aggregate Coverage/taxonomy-analysis,com.taxonomy.analysis.service,LocalOnnxLlmProviderExtension,0,20,0,0,0,4,0,3,0,3
Taxonomy Aggregate Coverage/taxonomy-analysis,com.taxonomy.analysis.service,LlmProviderException.Reason,0,27,0,0,0,5,0,1,0,1
Taxonomy Aggregate Coverage/taxonomy-analysis,com.taxonomy.analysis.service,LlmProviderException,3,15,0,0,1,6,1,2,1,2
Taxonomy Aggregate Coverage/taxonomy-analysis,com.taxonomy.analysis.service,MistralLlmProviderExtension,0,18,0,0,0,4,0,3,0,3
Taxonomy Aggregate Coverage/taxonomy-analysis,com.taxonomy.analysis.service,LlmTimeoutException,0,9,0,0,0,4,0,2,0,2
Taxonomy Aggregate Coverage/taxonomy-analysis,com.taxonomy.analysis.service,LlmTransportMeter.Observation,0,27,0,0,0,1,0,1,0,1
Taxonomy Aggregate Coverage/taxonomy-analysis,com.taxonomy.analysis.service,AnalysisMemoryGuard.Policy,0,44,5,7,0,4,5,2,0,1
Taxonomy Aggregate Coverage/taxonomy-analysis,com.taxonomy.analysis.service,DeepSeekLlmProviderExtension,0,18,0,0,0,4,0,3,0,3
Taxonomy Aggregate Coverage/taxonomy-analysis,com.taxonomy.analysis.service,LlmRateLimitException,0,9,0,0,0,4,0,2,0,2
Taxonomy Aggregate Coverage/taxonomy-analysis,com.taxonomy.analysis.service,AnalysisStoppedException.Reason,0,21,0,0,0,1,0,1,0,1
Taxonomy Aggregate Coverage/taxonomy-analysis,com.taxonomy.analysis.service,OpenAiCompatibleGateway,138,452,16,44,27,101,13,26,0,9
Taxonomy Aggregate Coverage/taxonomy-analysis,com.taxonomy.analysis.service,LlmTransportMeter.Source,0,15,0,0,0,1,0,1,0,1
Taxonomy Aggregate Coverage/taxonomy-analysis,com.taxonomy.analysis.service,PromptBudgetEnforcingLlmGateway,0,47,0,0,0,12,0,6,0,6
Taxonomy Aggregate Coverage/taxonomy-analysis,com.taxonomy.analysis.service,LlmProviderConfig,88,532,45,125,16,133,29,101,0,25
Taxonomy Aggregate Coverage/taxonomy-analysis,com.taxonomy.analysis.service,AnalysisMemoryGuard.Sample,0,9,0,0,0,1,0,1,0,1
Taxonomy Aggregate Coverage/taxonomy-analysis,com.taxonomy.analysis.service,LlmTransportMeter,2,418,6,50,0,83,6,37,0,15
Taxonomy Aggregate Coverage/taxonomy-analysis,com.taxonomy.analysis.service,LlmService.ScoreParseResult,35,12,2,0,5,1,3,1,2,1
Taxonomy Aggregate Coverage/taxonomy-analysis,com.taxonomy.analysis.service,LlmProviderConfig.CustomOpenAiConfigurationStatus,0,26,0,0,0,3,0,3,0,3
Taxonomy Aggregate Coverage/taxonomy-analysis,com.taxonomy.analysis.service,PromptTemplateService,20,408,5,23,5,82,5,31,0,22
Taxonomy Aggregate Coverage/taxonomy-analysis,com.taxonomy.analysis.service,LlmProviderExtensionRegistry.Registration,0,9,0,0,0,1,0,1,0,1
Taxonomy Aggregate Coverage/taxonomy-analysis,com.taxonomy.analysis.service,LlmResponseParser.new TypeReference() {...},0,3,0,0,0,1,0,1,0,1
Taxonomy Aggregate Coverage/taxonomy-analysis,com.taxonomy.analysis.service,LlmResponseParser.new TypeReference() {...},0,3,0,0,0,1,0,1,0,1
Taxonomy Aggregate Coverage/taxonomy-analysis,com.taxonomy.analysis.service,LlmResponseParser.new TypeReference() {...},0,3,0,0,0,1,0,1,0,1
Taxonomy Aggregate Coverage/taxonomy-analysis,com.taxonomy.analysis.service,AnalysisProgressRegistry.Call,0,50,0,0,0,7,0,2,0,2
Taxonomy Aggregate Coverage/taxonomy-analysis,com.taxonomy.analysis.service,AnalysisRunControl,2,273,2,38,1,73,2,28,0,10
Taxonomy Aggregate Coverage/taxonomy-analysis,com.taxonomy.analysis.service,PromptBudgetExceededException,23,52,0,0,8,13,8,2,8,2
Taxonomy Aggregate Coverage/taxonomy-analysis,com.taxonomy.analysis.service,AiPromptBudgetPolicy,2,64,3,5,0,13,3,4,0,3
Taxonomy Aggregate Coverage/taxonomy-analysis,com.taxonomy.analysis.service,LlmRecordReplayService,127,467,16,32,27,100,15,24,3,12
Taxonomy Aggregate Coverage/taxonomy-analysis,com.taxonomy.analysis.service,LlmService,838,2851,125,237,192,631,107,136,6,56
Taxonomy Aggregate Coverage/taxonomy-analysis,com.taxonomy.analysis.service,LlmGateway,0,1,0,0,0,1,0,1,0,1
Taxonomy Aggregate Coverage/taxonomy-analysis,com.taxonomy.analysis.service,AnalysisProgressRegistry.Handle,1,70,1,3,0,17,1,8,0,7
Taxonomy Aggregate Coverage/taxonomy-analysis,com.taxonomy.analysis.service,PromptTemplateService.PromptCategory,0,27,0,0,0,5,0,1,0,1
Taxonomy Aggregate Coverage/taxonomy-analysis,com.taxonomy.analysis.service,GeminiGateway,45,439,9,41,13,98,9,24,0,8
Taxonomy Aggregate Coverage/taxonomy-analysis,com.taxonomy.analysis.service,AnalysisProgressRegistry,32,487,9,51,3,84,11,39,2,18
Taxonomy Aggregate Coverage/taxonomy-analysis,com.taxonomy.analysis.service,LlmDetailAccumulator,0,216,1,23,0,43,1,15,0,4
Taxonomy Aggregate Coverage/taxonomy-analysis,com.taxonomy.analysis.service,OpenAiLlmProviderExtension,0,18,0,0,0,4,0,3,0,3
Taxonomy Aggregate Coverage/taxonomy-analysis,com.taxonomy.analysis.service,LlmRecordReplayService.ManifestData,0,11,0,0,0,3,0,1,0,1
Taxonomy Aggregate Coverage/taxonomy-analysis,com.taxonomy.analysis.service,AnalysisStoppedException,0,78,1,7,0,15,1,9,0,6
Taxonomy Aggregate Coverage/taxonomy-analysis,com.taxonomy.analysis.service,LlamaLlmProviderExtension,0,18,0,0,0,4,0,3,0,3
Taxonomy Aggregate Coverage/taxonomy-analysis,com.taxonomy.analysis.service,AnalysisMemoryGuard,0,194,4,22,0,33,4,13,0,4
Taxonomy Aggregate Coverage/taxonomy-analysis,com.taxonomy.analysis.controller,AnalysisApiController,101,1205,30,96,24,263,28,60,0,25
Taxonomy Aggregate Coverage/taxonomy-analysis,com.taxonomy.analysis.controller,AnalysisSseEventMapper.MappedEvent,0,9,0,0,0,1,0,1,0,1
Taxonomy Aggregate Coverage/taxonomy-analysis,com.taxonomy.analysis.controller,AnalysisApiController.JustifyLeafRequest,0,15,0,0,0,1,0,1,0,1
Taxonomy Aggregate Coverage/taxonomy-analysis,com.taxonomy.analysis.controller,AnalysisProgressController,0,107,0,4,0,21,0,8,0,6
Taxonomy Aggregate Coverage/taxonomy-analysis,com.taxonomy.analysis.controller,AnalysisSseEventMapper,35,528,9,31,5,101,9,22,0,11
Taxonomy Aggregate Coverage/taxonomy-analysis,com.taxonomy.analysis.controller,AnalysisSseEventMapper.CachedTaxonomyTree,0,30,1,3,0,3,1,3,0,2
Taxonomy Aggregate Coverage/taxonomy-analysis,com.taxonomy.analysis.assessment,ChildAssessmentContract,5,195,3,25,1,39,3,14,0,3
Taxonomy Aggregate Coverage/taxonomy-analysis,com.taxonomy.analysis.reformulation,ReformulationResponseParser,142,1311,49,101,3,110,44,61,0,30
Taxonomy Aggregate Coverage/taxonomy-analysis,com.taxonomy.analysis.reformulation,ReconcileResponseParser,72,501,36,48,3,35,31,28,0,15
Taxonomy Aggregate Coverage/taxonomy-analysis,com.taxonomy.analysis.reformulation,NodeReformulationService,21,365,11,27,1,48,11,24,0,16
Taxonomy Aggregate Coverage/taxonomy-analysis,com.taxonomy.analysis.reformulation,WalkUpPlanner,7,354,5,47,1,29,5,25,0,4
Taxonomy Aggregate Coverage/taxonomy-analysis,com.taxonomy.analysis.reformulation,FrozenReformulationEngine,256,1846,41,107,10,165,40,93,6,53
Taxonomy Aggregate Coverage/taxonomy-analysis,com.taxonomy.analysis.reformulation,ReconcilePromptBuilder,40,419,10,30,1,38,8,25,0,13
Taxonomy Aggregate Coverage/taxonomy-analysis,com.taxonomy.analysis.reformulation,ReformulationPromptBuilder,12,127,1,5,1,19,1,8,0,6
Taxonomy Aggregate Coverage/taxonomy-analysis,com.taxonomy.analysis.reformulation,CrossTaxonomyReconciler,116,2395,36,136,0,153,36,142,5,87
Taxonomy Aggregate Coverage/taxonomy-analysis,com.taxonomy.analysis.reformulation,WalkUpPlanner.Step,0,24,0,0,0,1,0,1,0,1
Taxonomy Aggregate Coverage/taxonomy-analysis,com.taxonomy.analysis.reformulation,FrozenReformulationEngine.Completed,0,9,0,0,0,1,0,1,0,1
Taxonomy Aggregate Coverage/taxonomy-analysis,com.taxonomy.analysis.reformulation,ReformulationCoverageValidator,29,185,7,17,0,19,7,8,0,3
Taxonomy Aggregate Coverage/taxonomy-analysis,com.taxonomy.analysis.reformulation,BoundedNodeSynthesis.Item,0,9,0,0,0,1,0,1,0,1
Taxonomy Aggregate Coverage/taxonomy-analysis,com.taxonomy.analysis.reformulation,BoundedNodeSynthesis,150,894,24,44,10,119,25,56,5,42
Taxonomy Aggregate Coverage/taxonomy-analysis,com.taxonomy.analysis.reformulation,WalkUpExecution,29,249,4,30,5,44,3,18,0,4
Taxonomy Aggregate Coverage/taxonomy-analysis,com.taxonomy.analysis.reformulation,WalkUpPlanner.Node,0,24,0,0,0,1,0,1,0,1
Taxonomy Aggregate Coverage/taxonomy-analysis,com.taxonomy.analysis.reformulation,DiscoveryContextTable,0,142,2,10,0,23,2,12,0,8
Taxonomy Aggregate Coverage/taxonomy-analysis,com.taxonomy.analysis.relations,RelationSearchProtocol,31,469,19,31,2,70,18,21,0,14
Taxonomy Aggregate Coverage/taxonomy-analysis,com.taxonomy.analysis.relations,RequirementRelationSearchService,5,170,4,6,0,30,4,12,0,11
Taxonomy Aggregate Coverage/taxonomy-analysis,com.taxonomy.analysis.relations,RequirementRelationSearch,61,506,10,38,6,84,10,24,0,10
Taxonomy Aggregate Coverage/taxonomy-analysis,com.taxonomy.analysis.relations,RequirementRelationSearchService.new RequirementRelationSearch.InputCatalogue() {...},0,33,0,0,0,4,0,4,0,4
Taxonomy Aggregate Coverage/taxonomy-analysis,com.taxonomy.analysis.relations,RelationSearchEngine,8,97,10,10,0,15,10,6,0,6
Taxonomy Aggregate Coverage/taxonomy-analysis,com.taxonomy.analysis.relations,RelationSearchEngine.Work,0,12,0,0,0,1,0,1,0,1
Taxonomy Aggregate Coverage/taxonomy-analysis,com.taxonomy.analysis.relations,RelationSearchEngine.InvalidResponseException,0,4,0,0,0,1,0,1,0,1
Taxonomy Aggregate Coverage/taxonomy-analysis,com.taxonomy.analysis.relations,RequirementRelationSearch.Options,5,18,2,2,0,4,2,1,0,1
Taxonomy Aggregate Coverage/taxonomy-analysis,com.taxonomy.analysis.relations,RelationSearchEngine.InterruptedSearchException,0,12,0,0,0,3,0,2,0,2
Taxonomy Aggregate Coverage/taxonomy-analysis,com.taxonomy.analysis.relations,RelationSearchEngine.Run,77,820,24,92,9,123,24,46,0,10
Taxonomy Aggregate Coverage/taxonomy-portfolio,com.taxonomy.portfolio.controller,PortfolioExceptionHandler,0,97,0,14,0,29,0,15,0,4
Taxonomy Aggregate Coverage/taxonomy-portfolio,com.taxonomy.portfolio.controller,PortfolioGitController.RequestContext,0,9,0,0,0,1,0,1,0,1
Taxonomy Aggregate Coverage/taxonomy-portfolio,com.taxonomy.portfolio.controller,ProjectSolutionController.RequestScope,0,9,0,0,0,1,0,1,0,1
Taxonomy Aggregate Coverage/taxonomy-portfolio,com.taxonomy.portfolio.controller,PortfolioReportController,0,57,0,0,0,16,0,2,0,2
Taxonomy Aggregate Coverage/taxonomy-portfolio,com.taxonomy.portfolio.controller,AiAutomationController,0,17,0,0,0,6,0,3,0,3
Taxonomy Aggregate Coverage/taxonomy-portfolio,com.taxonomy.portfolio.controller,SolutionCatalogController.RequestScope,0,9,0,0,0,1,0,1,0,1
Taxonomy Aggregate Coverage/taxonomy-portfolio,com.taxonomy.portfolio.controller,CopilotAnalysisController,13,83,0,0,3,22,1,7,1,7
Taxonomy Aggregate Coverage/taxonomy-portfolio,com.taxonomy.portfolio.controller,ProjectAutopilotController,0,46,0,0,0,13,0,4,0,4
Taxonomy Aggregate Coverage/taxonomy-portfolio,com.taxonomy.portfolio.controller,PortfolioReviewedImportController,0,174,0,24,0,40,0,16,0,4
Taxonomy Aggregate Coverage/taxonomy-portfolio,com.taxonomy.portfolio.controller,ProjectAutopilotController.RequestScope,0,9,0,0,0,1,0,1,0,1
Taxonomy Aggregate Coverage/taxonomy-portfolio,com.taxonomy.portfolio.controller,ProjectAnalysisController.RequestScope,0,9,0,0,0,1,0,1,0,1
Taxonomy Aggregate Coverage/taxonomy-portfolio,com.taxonomy.portfolio.controller,ProjectPortfolioController,4,317,4,16,1,72,4,21,0,15
Taxonomy Aggregate Coverage/taxonomy-portfolio,com.taxonomy.portfolio.controller,PortfolioQueryController.RequestScope,0,9,0,0,0,1,0,1,0,1
Taxonomy Aggregate Coverage/taxonomy-portfolio,com.taxonomy.portfolio.controller,AutopilotRequirementResponseAdvice,29,181,13,23,5,46,12,12,0,6
Taxonomy Aggregate Coverage/taxonomy-portfolio,com.taxonomy.portfolio.controller,CopilotAnalysisController.RequestScope,0,9,0,0,0,1,0,1,0,1
Taxonomy Aggregate Coverage/taxonomy-portfolio,com.taxonomy.portfolio.controller,PortfolioGitController,0,277,1,33,0,51,1,27,0,11
Taxonomy Aggregate Coverage/taxonomy-portfolio,com.taxonomy.portfolio.controller,ProductCatalogController.RequestScope,0,9,0,0,0,1,0,1,0,1
Taxonomy Aggregate Coverage/taxonomy-portfolio,com.taxonomy.portfolio.controller,PortfolioQueryController,0,72,0,0,0,17,0,6,0,6
Taxonomy Aggregate Coverage/taxonomy-portfolio,com.taxonomy.portfolio.controller,ProjectPortfolioController.RequestScope,0,9,0,0,0,1,0,1,0,1
Taxonomy Aggregate Coverage/taxonomy-portfolio,com.taxonomy.portfolio.controller,SolutionCatalogController,0,88,0,0,0,21,0,7,0,7
Taxonomy Aggregate Coverage/taxonomy-portfolio,com.taxonomy.portfolio.controller,ProjectAnalysisController,30,170,0,2,6,41,2,12,2,11
Taxonomy Aggregate Coverage/taxonomy-portfolio,com.taxonomy.portfolio.controller,ProjectSolutionController,0,84,0,0,0,22,0,7,0,7
Taxonomy Aggregate Coverage/taxonomy-portfolio,com.taxonomy.portfolio.controller,ProductCatalogController,0,115,0,0,0,27,0,9,0,9
Taxonomy Aggregate Coverage/taxonomy-portfolio,com.taxonomy.portfolio.controller,AutopilotRequirementResponseAdvice.DispatchSummary,1,27,1,3,0,6,1,4,0,3
Taxonomy Aggregate Coverage/taxonomy-portfolio,com.taxonomy.portfolio.controller,AutopilotRequirementResponseAdvice.RequestIdentity,0,9,0,0,0,1,0,1,0,1
Taxonomy Aggregate Coverage/taxonomy-portfolio,com.taxonomy.portfolio.controller,PortfolioPageController,0,15,0,0,0,7,0,7,0,7
Taxonomy Aggregate Coverage/taxonomy-portfolio,com.taxonomy.portfolio.config,CopilotAutomationExecutorConfiguration,0,53,0,4,0,10,0,5,0,3
Taxonomy Aggregate Coverage/taxonomy-portfolio,com.taxonomy.portfolio.config,AiAutomationDefaultsConfiguration,0,3,0,0,0,1,0,1,0,1
Taxonomy Aggregate Coverage/taxonomy-portfolio,com.taxonomy.portfolio.config,PortfolioAnalysisExecutorConfiguration,0,35,0,0,0,10,0,2,0,2
Taxonomy Aggregate Coverage/taxonomy-portfolio,com.taxonomy.portfolio.reformulation,ReformulationDtos.CreateRequest,0,12,0,0,0,1,0,1,0,1
Taxonomy Aggregate Coverage/taxonomy-portfolio,com.taxonomy.portfolio.reformulation,ReformulationAdoption,9,57,0,0,1,11,3,10,3,10
Taxonomy Aggregate Coverage/taxonomy-portfolio,com.taxonomy.portfolio.reformulation,ReformulationAdoptionDtos.Preview,0,9,0,0,0,1,0,1,0,1
Taxonomy Aggregate Coverage/taxonomy-portfolio,com.taxonomy.portfolio.reformulation,ReformulationProgressService.Partial,0,27,0,0,0,1,0,1,0,1
Taxonomy Aggregate Coverage/taxonomy-portfolio,com.taxonomy.portfolio.reformulation,ReformulationUsageService.Start,0,49,0,14,0,6,0,8,0,1
Taxonomy Aggregate Coverage/taxonomy-portfolio,com.taxonomy.portfolio.reformulation,ReformulationDtos.Run,0,55,0,2,0,1,0,2,0,1
Taxonomy Aggregate Coverage/taxonomy-portfolio,com.taxonomy.portfolio.reformulation,ReformulationUsageAttempt,0,164,0,18,0,15,0,16,0,7
Taxonomy Aggregate Coverage/taxonomy-portfolio,com.taxonomy.portfolio.reformulation,ProposalSummary,0,21,0,0,0,1,0,1,0,1
Taxonomy Aggregate Coverage/taxonomy-portfolio,com.taxonomy.portfolio.reformulation,ReformulationRecoveryService.Dispatch,0,24,0,0,0,1,0,1,0,1
Taxonomy Aggregate Coverage/taxonomy-portfolio,com.taxonomy.portfolio.reformulation,ReformulationEvidenceCodec,79,991,71,109,19,238,71,43,2,22
Taxonomy Aggregate Coverage/taxonomy-portfolio,com.taxonomy.portfolio.reformulation,ReformulationDtos.Revision,2,74,1,1,0,3,1,2,0,2
Taxonomy Aggregate Coverage/taxonomy-portfolio,com.taxonomy.portfolio.reformulation,ReformulationUsageService.Completion,0,148,0,34,0,9,0,18,0,1
Taxonomy Aggregate Coverage/taxonomy-portfolio,com.taxonomy.portfolio.reformulation,ReformulationRun,0,35,0,2,0,6,0,6,0,5
Taxonomy Aggregate Coverage/taxonomy-portfolio,com.taxonomy.portfolio.reformulation,ReformulationRecoveryService.Locked,0,9,0,0,0,1,0,1,0,1
Taxonomy Aggregate Coverage/taxonomy-portfolio,com.taxonomy.portfolio.reformulation,ReformulationDtos.StatementRequest,0,12,0,0,0,1,0,1,0,1
Taxonomy Aggregate Coverage/taxonomy-portfolio,com.taxonomy.portfolio.reformulation,ReformulationAnswerException,0,4,0,0,0,1,0,1,0,1
Taxonomy Aggregate Coverage/taxonomy-portfolio,com.taxonomy.portfolio.reformulation,ReformulationUsageService,14,548,17,65,0,74,17,31,0,7
Taxonomy Aggregate Coverage/taxonomy-portfolio,com.taxonomy.portfolio.reformulation,ReformulationProgressService,13,441,6,30,1,61,7,23,1,11
Taxonomy Aggregate Coverage/taxonomy-portfolio,com.taxonomy.portfolio.reformulation,ReformulationService,156,2123,94,174,4,229,88,89,4,39
Taxonomy Aggregate Coverage/taxonomy-portfolio,com.taxonomy.portfolio.reformulation,ReformulationUsageService.TokenSum,0,12,0,0,0,1,0,1,0,1
Taxonomy Aggregate Coverage/taxonomy-portfolio,com.taxonomy.portfolio.reformulation,ReformulationDtos.Proposal,0,21,0,0,0,1,0,1,0,1
Taxonomy Aggregate Coverage/taxonomy-portfolio,com.taxonomy.portfolio.reformulation,ReformulationDtos.AnswerRequest,0,18,0,0,0,1,0,1,0,1
Taxonomy Aggregate Coverage/taxonomy-portfolio,com.taxonomy.portfolio.reformulation,ReformulationRecoveryService.Claim,0,12,0,0,0,1,0,1,0,1
Taxonomy Aggregate Coverage/taxonomy-portfolio,com.taxonomy.portfolio.reformulation,ReformulationAdoptionDtos.ConfirmRequest,0,21,0,0,0,1,0,1,0,1
Taxonomy Aggregate Coverage/taxonomy-portfolio,com.taxonomy.portfolio.reformulation,ReformulationProposal,0,61,0,0,0,10,0,9,0,9
Taxonomy Aggregate Coverage/taxonomy-portfolio,com.taxonomy.portfolio.reformulation,ReformulationNodeCheckpoint,0,33,0,0,0,6,0,3,0,3
Taxonomy Aggregate Coverage/taxonomy-portfolio,com.taxonomy.portfolio.reformulation,ReformulationUsageSession,0,47,0,4,0,8,0,7,0,5
Taxonomy Aggregate Coverage/taxonomy-portfolio,com.taxonomy.portfolio.reformulation,ReformulationReportService.ProposalIdentity,0,9,0,0,0,1,0,1,0,1
Taxonomy Aggregate Coverage/taxonomy-portfolio,com.taxonomy.portfolio.reformulation,ReformulationReportService,0,264,0,30,0,44,0,20,0,5
Taxonomy Aggregate Coverage/taxonomy-portfolio,com.taxonomy.portfolio.reformulation,ReformulationPreconditionException,0,4,0,0,0,1,0,1,0,1
Taxonomy Aggregate Coverage/taxonomy-portfolio,com.taxonomy.portfolio.reformulation,ReformulationAdoptionService,74,826,30,72,0,88,33,44,4,22
Taxonomy Aggregate Coverage/taxonomy-portfolio,com.taxonomy.portfolio.reformulation,ReformulationProgressService.Progress,0,39,0,0,0,1,0,1,0,1
Taxonomy Aggregate Coverage/taxonomy-portfolio,com.taxonomy.portfolio.reformulation,ReformulationRevision,0,26,0,0,0,5,0,3,0,3
Taxonomy Aggregate Coverage/taxonomy-portfolio,com.taxonomy.portfolio.reformulation,ReformulationReportService.Report,0,30,0,0,0,1,0,1,0,1
Taxonomy Aggregate Coverage/taxonomy-portfolio,com.taxonomy.portfolio.reformulation,ReformulationAdoptionDtos.PreviewContent,0,54,0,0,0,1,0,1,0,1
Taxonomy Aggregate Coverage/taxonomy-portfolio,com.taxonomy.portfolio.reformulation,ReformulationEvidenceCodec.Payload,0,42,0,0,0,1,0,1,0,1
Taxonomy Aggregate Coverage/taxonomy-portfolio,com.taxonomy.portfolio.reformulation,ReformulationEvidenceCodec.new Record() {...},0,12,0,0,0,1,0,1,0,1
Taxonomy Aggregate Coverage/taxonomy-portfolio,com.taxonomy.portfolio.reformulation,ReformulationRecoveryLease,0,95,4,12,0,12,4,15,0,11
Taxonomy Aggregate Coverage/taxonomy-portfolio,com.taxonomy.portfolio.reformulation,ReformulationDtos.VariantRequest,0,6,0,0,0,1,0,1,0,1
Taxonomy Aggregate Coverage/taxonomy-portfolio,com.taxonomy.portfolio.reformulation,ReformulationAdoptionDtos.Result,0,48,0,0,0,1,0,1,0,1
Taxonomy Aggregate Coverage/taxonomy-portfolio,com.taxonomy.portfolio.reformulation,ReformulationDtos.SaveDraftRequest,0,26,0,0,0,2,0,2,0,2
Taxonomy Aggregate Coverage/taxonomy-portfolio,com.taxonomy.portfolio.reformulation,ReformulationUsageService.Sum,0,48,0,4,0,4,0,5,0,3
Taxonomy Aggregate Coverage/taxonomy-portfolio,com.taxonomy.portfolio.reformulation,ReformulationProgressService.CheckpointSummary,0,12,0,0,0,1,0,1,0,1
Taxonomy Aggregate Coverage/taxonomy-portfolio,com.taxonomy.portfolio.reformulation,ReformulationAdoptionPreview,0,30,0,0,0,5,0,4,0,4
Taxonomy Aggregate Coverage/taxonomy-portfolio,com.taxonomy.portfolio.reformulation,ReformulationRecoveryService,40,585,16,39,5,72,17,35,1,22
Taxonomy Aggregate Coverage/taxonomy-portfolio,com.taxonomy.portfolio.reformulation,ReformulationQuestionService,104,1202,53,198,5,130,53,107,3,30
Taxonomy Aggregate Coverage/taxonomy-portfolio,com.taxonomy.portfolio.reformulation,ReformulationDtos.VariantOrigin,0,9,0,0,0,1,0,1,0,1
Taxonomy Aggregate Coverage/taxonomy-portfolio,com.taxonomy.portfolio.reformulation,ReformulationEvidenceCodec.Evidence,0,24,0,0,0,1,0,1,0,1
Taxonomy Aggregate Coverage/taxonomy-portfolio,com.taxonomy.portfolio.reformulation,ReformulationProgressService.Authorized,0,15,0,0,0,1,0,1,0,1
Taxonomy Aggregate Coverage/taxonomy-portfolio,com.taxonomy.portfolio.reformulation,ReformulationUsageService.Summary,0,51,0,0,0,1,0,1,0,1
Taxonomy Aggregate Coverage/taxonomy-portfolio,com.taxonomy.portfolio.reformulation,ReformulationPortableEvidence,9,57,0,0,3,21,3,9,3,9
Taxonomy Aggregate Coverage/taxonomy-portfolio,com.taxonomy.portfolio.reformulation,ReformulationCheckpointStore,4,109,1,15,0,19,1,12,0,5
Taxonomy Aggregate Coverage/taxonomy-portfolio,com.taxonomy.portfolio.reformulation,ReformulationReportService.Source,0,24,0,0,0,1,0,1,0,1
Taxonomy Aggregate Coverage/taxonomy-portfolio,com.taxonomy.portfolio.dto,PortfolioDtos.UpsertProductCandidateRequest,0,30,0,0,0,1,0,1,0,1
Taxonomy Aggregate Coverage/taxonomy-portfolio,com.taxonomy.portfolio.dto,PortfolioDtos.ReviewConflictRequest,0,9,0,0,0,1,0,1,0,1
Taxonomy Aggregate Coverage/taxonomy-portfolio,com.taxonomy.portfolio.dto,PortfolioDtos.ImportRequirementCandidate,0,24,0,0,0,1,0,1,0,1
Taxonomy Aggregate Coverage/taxonomy-portfolio,com.taxonomy.portfolio.dto,PortfolioGitDtos.MaterializationPreview,0,39,0,0,0,1,0,1,0,1
Taxonomy Aggregate Coverage/taxonomy-portfolio,com.taxonomy.portfolio.dto,PortfolioDtos.ImportRequirementsRequest,0,18,0,0,0,1,0,1,0,1
Taxonomy Aggregate Coverage/taxonomy-portfolio,com.taxonomy.portfolio.dto,PortfolioDtos.SolutionView,0,57,0,0,0,1,0,1,0,1
Taxonomy Aggregate Coverage/taxonomy-portfolio,com.taxonomy.portfolio.dto,PortfolioImportReviewDtos.PersistedReviewImport,0,21,0,0,0,6,0,2,0,2
Taxonomy Aggregate Coverage/taxonomy-portfolio,com.taxonomy.portfolio.dto,PortfolioDtos.UpdateRequirementRequest,0,24,0,0,0,1,0,1,0,1
Taxonomy Aggregate Coverage/taxonomy-portfolio,com.taxonomy.portfolio.dto,PortfolioDtos.CreateProductRequest,0,54,0,0,0,1,0,1,0,1
Taxonomy Aggregate Coverage/taxonomy-portfolio,com.taxonomy.portfolio.dto,PortfolioDtos.CreateSolutionRequest,0,42,0,0,0,1,0,1,0,1
Taxonomy Aggregate Coverage/taxonomy-portfolio,com.taxonomy.portfolio.dto,PortfolioDtos.AnalysisJobView,0,54,0,0,0,1,0,1,0,1
Taxonomy Aggregate Coverage/taxonomy-portfolio,com.taxonomy.portfolio.dto,CopilotDtos.ProjectAutopilotStatus,0,21,0,0,0,1,0,1,0,1
Taxonomy Aggregate Coverage/taxonomy-portfolio,com.taxonomy.portfolio.dto,PortfolioDtos.SnapshotDiff,0,48,0,2,0,6,0,2,0,1
Taxonomy Aggregate Coverage/taxonomy-portfolio,com.taxonomy.portfolio.dto,CopilotDtos.AiAutomationStatus,0,48,0,0,0,1,0,1,0,1
Taxonomy Aggregate Coverage/taxonomy-portfolio,com.taxonomy.portfolio.dto,PortfolioDtos.SnapshotSummary,0,60,0,0,0,1,0,1,0,1
Taxonomy Aggregate Coverage/taxonomy-portfolio,com.taxonomy.portfolio.dto,PortfolioDtos.ImportRequirementsResult,0,9,0,0,0,1,0,1,0,1
Taxonomy Aggregate Coverage/taxonomy-portfolio,com.taxonomy.portfolio.dto,PortfolioImportReviewDtos.ReviewedImportRequest,0,18,0,0,0,1,0,1,0,1
Taxonomy Aggregate Coverage/taxonomy-portfolio,com.taxonomy.portfolio.dto,PortfolioDtos.AddProjectSolutionRequest,0,18,0,0,0,1,0,1,0,1
Taxonomy Aggregate Coverage/taxonomy-portfolio,com.taxonomy.portfolio.dto,CopilotDtos.CopilotOperationView,0,57,0,0,0,1,0,1,0,1
Taxonomy Aggregate Coverage/taxonomy-portfolio,com.taxonomy.portfolio.dto,PortfolioDtos.SourceReference,0,21,0,0,0,1,0,1,0,1
Taxonomy Aggregate Coverage/taxonomy-portfolio,com.taxonomy.portfolio.dto,PortfolioDtos.CreateProjectRequest,0,27,0,0,0,1,0,1,0,1
Taxonomy Aggregate Coverage/taxonomy-portfolio,com.taxonomy.portfolio.dto,PortfolioDtos.ConflictView,0,48,0,0,0,1,0,1,0,1
Taxonomy Aggregate Coverage/taxonomy-portfolio,com.taxonomy.portfolio.dto,PortfolioDtos.AggregatedTaxonomyNode,0,30,0,0,0,1,0,1,0,1
Taxonomy Aggregate Coverage/taxonomy-portfolio,com.taxonomy.portfolio.dto,PortfolioGitDtos.MergePortfolioRequest,0,12,0,0,0,1,0,1,0,1
Taxonomy Aggregate Coverage/taxonomy-portfolio,com.taxonomy.portfolio.dto,PortfolioDtos.MatrixView,0,12,0,0,0,1,0,1,0,1
Taxonomy Aggregate Coverage/taxonomy-portfolio,com.taxonomy.portfolio.dto,CopilotDtos.ProjectAutopilotRunRequest,0,9,0,0,0,1,0,1,0,1
Taxonomy Aggregate Coverage/taxonomy-portfolio,com.taxonomy.portfolio.dto,PortfolioDtos.AnalysisJobItemView,0,36,0,0,0,1,0,1,0,1
Taxonomy Aggregate Coverage/taxonomy-portfolio,com.taxonomy.portfolio.dto,PortfolioImportReviewDtos.ReviewedImportResult,0,12,0,0,0,1,0,1,0,1
Taxonomy Aggregate Coverage/taxonomy-portfolio,com.taxonomy.portfolio.dto,PortfolioDtos.ReviewRelationMappingRequest,0,9,0,0,0,1,0,1,0,1
Taxonomy Aggregate Coverage/taxonomy-portfolio,com.taxonomy.portfolio.dto,PortfolioDtos.SolutionProductCandidateView,0,42,0,0,0,1,0,1,0,1
Taxonomy Aggregate Coverage/taxonomy-portfolio,com.taxonomy.portfolio.dto,PortfolioImportReviewDtos.ImportDecision,0,15,0,0,0,3,0,1,0,1
Taxonomy Aggregate Coverage/taxonomy-portfolio,com.taxonomy.portfolio.dto,PortfolioDtos.RequirementVersionView,0,27,0,0,0,1,0,1,0,1
Taxonomy Aggregate Coverage/taxonomy-portfolio,com.taxonomy.portfolio.dto,PortfolioDtos.UpdateProjectRequest,0,24,0,0,0,1,0,1,0,1
Taxonomy Aggregate Coverage/taxonomy-portfolio,com.taxonomy.portfolio.dto,CopilotDtos.CopilotRunRequest,0,43,0,0,0,4,0,3,0,3
Taxonomy Aggregate Coverage/taxonomy-portfolio,com.taxonomy.portfolio.dto,PortfolioImportReviewDtos.ReviewedImportItem,0,30,0,0,0,1,0,1,0,1
Taxonomy Aggregate Coverage/taxonomy-portfolio,com.taxonomy.portfolio.dto,PortfolioGitDtos.PortfolioCommitResult,0,30,0,0,0,1,0,1,0,1
Taxonomy Aggregate Coverage/taxonomy-portfolio,com.taxonomy.portfolio.dto,PortfolioGitDtos.MaterializePortfolioResult,0,24,0,0,0,1,0,1,0,1
Taxonomy Aggregate Coverage/taxonomy-portfolio,com.taxonomy.portfolio.dto,PortfolioDtos.UpdateSolutionRequest,42,0,0,0,1,0,1,0,1,0
Taxonomy Aggregate Coverage/taxonomy-portfolio,com.taxonomy.portfolio.dto,PortfolioDtos.ElementMappingView,0,57,0,0,0,1,0,1,0,1
Taxonomy Aggregate Coverage/taxonomy-portfolio,com.taxonomy.portfolio.dto,PortfolioDtos.ProjectSolutionView,0,39,0,0,0,1,0,1,0,1
Taxonomy Aggregate Coverage/taxonomy-portfolio,com.taxonomy.portfolio.dto,PortfolioDtos.PortfolioMetrics,0,33,0,0,0,1,0,1,0,1
Taxonomy Aggregate Coverage/taxonomy-portfolio,com.taxonomy.portfolio.dto,PortfolioDtos.UpsertTaxonomyCoverageRequest,0,15,0,0,0,1,0,1,0,1
Taxonomy Aggregate Coverage/taxonomy-portfolio,com.taxonomy.portfolio.dto,PortfolioDtos.ProjectPortfolioView,0,30,0,0,0,1,0,1,0,1
Taxonomy Aggregate Coverage/taxonomy-portfolio,com.taxonomy.portfolio.dto,PortfolioDtos.RequirementView,0,48,0,0,0,1,0,1,0,1
Taxonomy Aggregate Coverage/taxonomy-portfolio,com.taxonomy.portfolio.dto,PortfolioGitDtos.ExportedPortfolioDsl,0,33,0,0,0,1,0,1,0,1
Taxonomy Aggregate Coverage/taxonomy-portfolio,com.taxonomy.portfolio.dto,PortfolioDtos.LinkRequirementSolutionRequest,0,21,0,0,0,1,0,1,0,1
Taxonomy Aggregate Coverage/taxonomy-portfolio,com.taxonomy.portfolio.dto,PortfolioDtos.CreateRequirementRequest,0,36,0,0,0,1,0,1,0,1
Taxonomy Aggregate Coverage/taxonomy-portfolio,com.taxonomy.portfolio.dto,PortfolioDtos.ReviewElementMappingRequest,0,15,0,0,0,1,0,1,0,1
Taxonomy Aggregate Coverage/taxonomy-portfolio,com.taxonomy.portfolio.dto,PortfolioDtos.AnalyzeProjectRequest,0,23,0,0,0,2,0,2,0,2
Taxonomy Aggregate Coverage/taxonomy-portfolio,com.taxonomy.portfolio.dto,PortfolioGitDtos.MaterializePortfolioRequest,0,9,0,0,0,1,0,1,0,1
Taxonomy Aggregate Coverage/taxonomy-portfolio,com.taxonomy.portfolio.dto,PortfolioDtos.RequirementSolutionLinkView,0,33,0,0,0,1,0,1,0,1
Taxonomy Aggregate Coverage/taxonomy-portfolio,com.taxonomy.portfolio.dto,PortfolioDtos.TaxonomyCoverageView,0,24,0,0,0,1,0,1,0,1
Taxonomy Aggregate Coverage/taxonomy-portfolio,com.taxonomy.portfolio.dto,PortfolioDtos.UpdateProjectSolutionRequest,0,15,0,0,0,1,0,1,0,1
Taxonomy Aggregate Coverage/taxonomy-portfolio,com.taxonomy.portfolio.dto,PortfolioDtos.ScoreChange,0,46,0,0,0,3,0,2,0,2
Taxonomy Aggregate Coverage/taxonomy-portfolio,com.taxonomy.portfolio.dto,CopilotDtos.ProjectAutopilotRunView,0,18,0,0,0,1,0,1,0,1
Taxonomy Aggregate Coverage/taxonomy-portfolio,com.taxonomy.portfolio.dto,PortfolioGitDtos.CommitPortfolioRequest,0,9,0,0,0,1,0,1,0,1
Taxonomy Aggregate Coverage/taxonomy-portfolio,com.taxonomy.portfolio.dto,PortfolioDtos.RelationMappingView,0,45,0,0,0,1,0,1,0,1
Taxonomy Aggregate Coverage/taxonomy-portfolio,com.taxonomy.portfolio.dto,PortfolioGitDtos.MergePortfolioResult,0,39,0,0,0,1,0,1,0,1
Taxonomy Aggregate Coverage/taxonomy-portfolio,com.taxonomy.portfolio.dto,PortfolioDtos.SnapshotDetail,0,24,0,0,0,1,0,1,0,1
Taxonomy Aggregate Coverage/taxonomy-portfolio,com.taxonomy.portfolio.dto,PortfolioDtos.ProductView,0,69,0,0,0,1,0,1,0,1
Taxonomy Aggregate Coverage/taxonomy-portfolio,com.taxonomy.portfolio.dto,PortfolioDtos.CreateRequirementVersionRequest,0,12,0,0,0,1,0,1,0,1
Taxonomy Aggregate Coverage/taxonomy-portfolio,com.taxonomy.portfolio.dto,PortfolioDtos.ProjectView,0,51,0,0,0,1,0,1,0,1
Taxonomy Aggregate Coverage/taxonomy-portfolio,com.taxonomy.portfolio.dto,PortfolioDtos.UpdateProductRequest,51,0,0,0,1,0,1,0,1,0
Taxonomy Aggregate Coverage/taxonomy-portfolio,com.taxonomy.portfolio.model,ProjectRequirement,23,260,7,35,5,71,8,39,1,25
Taxonomy Aggregate Coverage/taxonomy-portfolio,com.taxonomy.portfolio.model,PortfolioTypes.ProjectStatus,0,33,0,0,0,6,0,1,0,1
Taxonomy Aggregate Coverage/taxonomy-portfolio,com.taxonomy.portfolio.model,PortfolioTypes.AnalysisStatus,0,39,0,0,0,7,0,1,0,1
Taxonomy Aggregate Coverage/taxonomy-portfolio,com.taxonomy.portfolio.model,PortfolioTypes.RequirementSolutionRole,0,21,0,0,0,4,0,1,0,1
Taxonomy Aggregate Coverage/taxonomy-portfolio,com.taxonomy.portfolio.model,RequirementAnalysisSnapshot,0,355,7,43,0,99,7,51,0,33
Taxonomy Aggregate Coverage/taxonomy-portfolio,com.taxonomy.portfolio.model,PortfolioTypes.RequirementType,0,57,0,0,0,10,0,1,0,1
Taxonomy Aggregate Coverage/taxonomy-portfolio,com.taxonomy.portfolio.model,RequirementSolutionLink,3,109,0,8,1,33,1,17,1,13
Taxonomy Aggregate Coverage/taxonomy-portfolio,com.taxonomy.portfolio.model,PortfolioTypes.OperatingModel,0,45,0,0,0,8,0,1,0,1
Taxonomy Aggregate Coverage/taxonomy-portfolio,com.taxonomy.portfolio.model,PortfolioTypes.ConflictStatus,0,27,0,0,0,5,0,1,0,1
Taxonomy Aggregate Coverage/taxonomy-portfolio,com.taxonomy.portfolio.model,PortfolioTypes.MappingOrigin,0,33,0,0,0,6,0,1,0,1
Taxonomy Aggregate Coverage/taxonomy-portfolio,com.taxonomy.portfolio.model,RequirementAnalysisJob,32,244,9,25,8,76,11,33,2,25
Taxonomy Aggregate Coverage/taxonomy-portfolio,com.taxonomy.portfolio.model,PortfolioTypes.LifecycleStatus,0,27,0,0,0,5,0,1,0,1
Taxonomy Aggregate Coverage/taxonomy-portfolio,com.taxonomy.portfolio.model,PortfolioTypes.ProductStatus,0,33,0,0,0,6,0,1,0,1
Taxonomy Aggregate Coverage/taxonomy-portfolio,com.taxonomy.portfolio.model,PortfolioTypes.SolutionType,0,63,0,0,0,11,0,1,0,1
Taxonomy Aggregate Coverage/taxonomy-portfolio,com.taxonomy.portfolio.model,PortfolioTypes.ProjectSolutionStatus,0,33,0,0,0,6,0,1,0,1
Taxonomy Aggregate Coverage/taxonomy-portfolio,com.taxonomy.portfolio.model,ProjectConflict,3,96,0,2,1,33,1,18,1,17
Taxonomy Aggregate Coverage/taxonomy-portfolio,com.taxonomy.portfolio.model,ArchitectureProject,21,165,7,17,2,53,8,27,1,22
Taxonomy Aggregate Coverage/taxonomy-portfolio,com.taxonomy.portfolio.model,PortfolioTypes.ProductSelectionStatus,0,27,0,0,0,5,0,1,0,1
Taxonomy Aggregate Coverage/taxonomy-portfolio,com.taxonomy.portfolio.model,PortfolioTypes.ConflictType,0,45,0,0,0,8,0,1,0,1
Taxonomy Aggregate Coverage/taxonomy-portfolio,com.taxonomy.portfolio.model,ProductTaxonomyCoverage,0,82,0,4,0,27,0,14,0,12
Taxonomy Aggregate Coverage/taxonomy-portfolio,com.taxonomy.portfolio.model,AnalysisAutomationProfile,0,21,0,0,0,4,0,1,0,1
Taxonomy Aggregate Coverage/taxonomy-portfolio,com.taxonomy.portfolio.model,ProductCatalogEntry,9,298,1,43,3,84,4,50,3,29
Taxonomy Aggregate Coverage/taxonomy-portfolio,com.taxonomy.portfolio.model,SolutionTaxonomyCoverage,0,82,0,4,0,27,0,14,0,12
Taxonomy Aggregate Coverage/taxonomy-portfolio,com.taxonomy.portfolio.model,PortfolioTypes.RequirementStatus,0,39,0,0,0,7,0,1,0,1
Taxonomy Aggregate Coverage/taxonomy-portfolio,com.taxonomy.portfolio.model,RequirementElementMapping,0,220,1,23,0,64,1,37,0,26
Taxonomy Aggregate Coverage/taxonomy-portfolio,com.taxonomy.portfolio.model,RequirementAnalysisJobItem,0,346,6,42,0,94,6,45,0,27
Taxonomy Aggregate Coverage/taxonomy-portfolio,com.taxonomy.portfolio.model,PortfolioTenantIdentity,0,55,0,0,0,12,0,4,0,4
Taxonomy Aggregate Coverage/taxonomy-portfolio,com.taxonomy.portfolio.model,PortfolioTypes.ActionStatus,0,51,0,0,0,9,0,1,0,1
Taxonomy Aggregate Coverage/taxonomy-portfolio,com.taxonomy.portfolio.model,ProjectRequirementVersion,20,154,7,13,4,49,7,23,0,20
Taxonomy Aggregate Coverage/taxonomy-portfolio,com.taxonomy.portfolio.model,SolutionProductCandidate,0,139,0,8,0,44,0,21,0,17
Taxonomy Aggregate Coverage/taxonomy-portfolio,com.taxonomy.portfolio.model,PortfolioTypes.ReviewStatus,0,21,0,0,0,4,0,1,0,1
Taxonomy Aggregate Coverage/taxonomy-portfolio,com.taxonomy.portfolio.model,RequirementRelationMapping,0,188,1,21,0,55,1,32,0,22
Taxonomy Aggregate Coverage/taxonomy-portfolio,com.taxonomy.portfolio.model,PortfolioTypes.Criticality,0,27,0,0,0,5,0,1,0,1
Taxonomy Aggregate Coverage/taxonomy-portfolio,com.taxonomy.portfolio.model,AiCostPolicy,0,15,0,0,0,3,0,1,0,1
Taxonomy Aggregate Coverage/taxonomy-portfolio,com.taxonomy.portfolio.model,ProjectSolution,3,114,0,12,1,32,1,19,1,13
Taxonomy Aggregate Coverage/taxonomy-portfolio,com.taxonomy.portfolio.model,SolutionDefinition,25,239,7,33,7,65,12,36,5,23
Taxonomy Aggregate Coverage/taxonomy-portfolio,com.taxonomy.portfolio.repository,ProjectRequirementVersionRepository,0,48,0,10,0,10,0,8,0,3
Taxonomy Aggregate Coverage/taxonomy-portfolio,com.taxonomy.portfolio.workbench,ArchitectureSnapshotExportService,30,779,18,48,10,177,18,47,0,31
Taxonomy Aggregate Coverage/taxonomy-portfolio,com.taxonomy.portfolio.workbench,ArchitectureWorkbenchDtos.Projection,0,168,0,6,0,11,0,7,0,4
Taxonomy Aggregate Coverage/taxonomy-portfolio,com.taxonomy.portfolio.workbench,ArchitectureWorkbenchController.RequestScope,0,9,0,0,0,1,0,1,0,1
Taxonomy Aggregate Coverage/taxonomy-portfolio,com.taxonomy.portfolio.workbench,ArchiMateSnapshotMetadata,1,362,1,19,0,61,1,11,0,2
Taxonomy Aggregate Coverage/taxonomy-portfolio,com.taxonomy.portfolio.workbench,ArchitectureSnapshotExportService.Artifact,0,108,0,0,0,16,0,2,0,2
Taxonomy Aggregate Coverage/taxonomy-portfolio,com.taxonomy.portfolio.workbench,ArchitectureWorkbenchDtos.RelationMetadata,0,47,0,0,0,2,0,2,0,2
Taxonomy Aggregate Coverage/taxonomy-portfolio,com.taxonomy.portfolio.workbench,VisioSnapshotMetadata,11,386,1,21,1,66,1,12,0,2
Taxonomy Aggregate Coverage/taxonomy-portfolio,com.taxonomy.portfolio.workbench,ArchitectureSnapshotExportService.Format,0,62,0,0,0,13,0,5,0,5
Taxonomy Aggregate Coverage/taxonomy-portfolio,com.taxonomy.portfolio.workbench,ArchitectureWorkbenchService,4,397,6,36,1,75,6,23,0,8
Taxonomy Aggregate Coverage/taxonomy-portfolio,com.taxonomy.portfolio.workbench,ArchitectureWorkbenchDtos.ElementMetadata,0,51,0,0,0,1,0,1,0,1
Taxonomy Aggregate Coverage/taxonomy-portfolio,com.taxonomy.portfolio.workbench,ArchitectureWorkbenchDtos.SnapshotProvenance,0,12,0,0,0,1,0,1,0,1
Taxonomy Aggregate Coverage/taxonomy-portfolio,com.taxonomy.portfolio.workbench,ArchitecturePdfRenderer,0,48,0,6,0,14,0,5,0,2
Taxonomy Aggregate Coverage/taxonomy-portfolio,com.taxonomy.portfolio.workbench,ArchitectureWorkbenchController,0,370,1,3,0,94,1,16,0,15
Taxonomy Aggregate Coverage/taxonomy-portfolio,com.taxonomy.portfolio.service,AnalysisScoreDiff,6,230,5,37,0,40,5,20,0,4
Taxonomy Aggregate Coverage/taxonomy-portfolio,com.taxonomy.portfolio.service,ProjectRequirementAnalysisService,46,719,13,51,9,154,12,49,0,29
Taxonomy Aggregate Coverage/taxonomy-portfolio,com.taxonomy.portfolio.service,PortfolioGitApplicationService.Counts,0,18,0,0,0,1,0,1,0,1
Taxonomy Aggregate Coverage/taxonomy-portfolio,com.taxonomy.portfolio.service,ProjectPortfolioService.RequirementPage,0,12,0,0,0,1,0,1,0,1
Taxonomy Aggregate Coverage/taxonomy-portfolio,com.taxonomy.portfolio.service,PortfolioAnalysisRecoveryService,10,197,4,16,2,45,5,13,1,7
Taxonomy Aggregate Coverage/taxonomy-portfolio,com.taxonomy.portfolio.service,PortfolioAnalysisPersistenceService,110,1541,36,99,14,437,47,89,11,57
Taxonomy Aggregate Coverage/taxonomy-portfolio,com.taxonomy.portfolio.service,PortfolioAnalysisWorkQueue.WorkItem,0,46,0,0,0,3,0,2,0,2
Taxonomy Aggregate Coverage/taxonomy-portfolio,com.taxonomy.portfolio.service,ProjectConflictService,20,332,10,18,2,80,10,13,1,8
Taxonomy Aggregate Coverage/taxonomy-portfolio,com.taxonomy.portfolio.service,PortfolioAnalysisClaimPersistenceService,0,223,13,33,0,67,13,17,0,7
Taxonomy Aggregate Coverage/taxonomy-portfolio,com.taxonomy.portfolio.service,CopilotAutomationService.JobWithKey,0,9,0,0,0,1,0,1,0,1
Taxonomy Aggregate Coverage/taxonomy-portfolio,com.taxonomy.portfolio.service,PortfolioScope,0,30,0,0,0,8,0,6,0,6
Taxonomy Aggregate Coverage/taxonomy-portfolio,com.taxonomy.portfolio.service,ProductCatalogService,35,780,3,61,7,193,4,51,1,22
Taxonomy Aggregate Coverage/taxonomy-portfolio,com.taxonomy.portfolio.service,PortfolioException.Kind,0,39,0,0,0,7,0,1,0,1
Taxonomy Aggregate Coverage/taxonomy-portfolio,com.taxonomy.portfolio.service,PortablePortfolioGitService,16,455,12,28,4,106,12,18,0,10
Taxonomy Aggregate Coverage/taxonomy-portfolio,com.taxonomy.portfolio.service,CopilotAutomationService.OperationDefinition,0,50,0,0,0,2,0,2,0,2
Taxonomy Aggregate Coverage/taxonomy-portfolio,com.taxonomy.portfolio.service,ProjectAutopilotService,17,254,9,29,4,69,9,15,0,5
Taxonomy Aggregate Coverage/taxonomy-portfolio,com.taxonomy.portfolio.service,PortfolioGitService.CommitResult,0,12,0,0,0,1,0,1,0,1
Taxonomy Aggregate Coverage/taxonomy-portfolio,com.taxonomy.portfolio.service,PortfolioGitPortAdapter,0,31,0,0,0,8,0,4,0,4
Taxonomy Aggregate Coverage/taxonomy-portfolio,com.taxonomy.portfolio.service,AiAutomationPolicy,118,455,27,61,27,99,25,42,2,21
Taxonomy Aggregate Coverage/taxonomy-portfolio,com.taxonomy.portfolio.service,PortfolioGitService,301,1811,39,111,50,299,37,77,1,38
Taxonomy Aggregate Coverage/taxonomy-portfolio,com.taxonomy.portfolio.service,PortfolioReviewedImportService,14,152,8,14,4,35,8,5,0,2
Taxonomy Aggregate Coverage/taxonomy-portfolio,com.taxonomy.portfolio.service,ProjectPortfolioService,159,1078,38,84,32,269,37,67,4,39
Taxonomy Aggregate Coverage/taxonomy-portfolio,com.taxonomy.portfolio.service,PortfolioReportService,390,1276,30,79,49,228,33,59,10,25
Taxonomy Aggregate Coverage/taxonomy-portfolio,com.taxonomy.portfolio.service,PortfolioGitApplicationService,31,560,15,41,4,145,17,29,2,16
Taxonomy Aggregate Coverage/taxonomy-portfolio,com.taxonomy.portfolio.service,ProjectConflictService.ConflictRule,0,18,0,0,0,1,0,1,0,1
Taxonomy Aggregate Coverage/taxonomy-portfolio,com.taxonomy.portfolio.service,PortfolioJsonCodec.new TypeReference() {...},0,3,0,0,0,1,0,1,0,1
Taxonomy Aggregate Coverage/taxonomy-portfolio,com.taxonomy.portfolio.service,PortfolioJsonCodec.new TypeReference() {...},0,3,0,0,0,1,0,1,0,1
Taxonomy Aggregate Coverage/taxonomy-portfolio,com.taxonomy.portfolio.service,PortfolioReportService.ReportModel,0,39,0,0,0,1,0,1,0,1
Taxonomy Aggregate Coverage/taxonomy-portfolio,com.taxonomy.portfolio.service,PortfolioDecisionGitContributor,58,2443,19,111,14,443,19,78,0,32
Taxonomy Aggregate Coverage/taxonomy-portfolio,com.taxonomy.portfolio.service,CopilotCompletionService.CompletionSummary,0,12,0,0,0,1,0,1,0,1
Taxonomy Aggregate Coverage/taxonomy-portfolio,com.taxonomy.portfolio.service,CopilotResultSelector,3,128,9,19,0,30,9,10,0,5
Taxonomy Aggregate Coverage/taxonomy-portfolio,com.taxonomy.portfolio.service,PortfolioDecisionGitContributor.DecisionMaterializeResult,2,26,1,1,0,3,1,1,0,1
Taxonomy Aggregate Coverage/taxonomy-portfolio,com.taxonomy.portfolio.service,CopilotAutomationService,124,1479,39,145,25,312,37,120,2,61
Taxonomy Aggregate Coverage/taxonomy-portfolio,com.taxonomy.portfolio.service,PortfolioGitService.MaterializeResult,2,20,1,1,0,3,1,1,0,1
Taxonomy Aggregate Coverage/taxonomy-portfolio,com.taxonomy.portfolio.service,PortfolioFingerprintService,7,63,0,2,2,17,0,7,0,6
Taxonomy Aggregate Coverage/taxonomy-portfolio,com.taxonomy.portfolio.service,CopilotResultPersistenceService,4,77,0,6,0,20,1,6,1,3
Taxonomy Aggregate Coverage/taxonomy-portfolio,com.taxonomy.portfolio.service,PortfolioJsonCodec,0,91,0,14,0,21,0,12,0,5
Taxonomy Aggregate Coverage/taxonomy-portfolio,com.taxonomy.portfolio.service,AiAutomationPolicy.RunSettings,0,42,0,0,0,3,0,2,0,2
Taxonomy Aggregate Coverage/taxonomy-portfolio,com.taxonomy.portfolio.service,PortfolioAnalysisWorkQueue,3,116,3,7,1,33,3,7,0,5
Taxonomy Aggregate Coverage/taxonomy-portfolio,com.taxonomy.portfolio.service,PortfolioReportService.RenderedReport,0,12,0,0,0,1,0,1,0,1
Taxonomy Aggregate Coverage/taxonomy-portfolio,com.taxonomy.portfolio.service,SolutionPortfolioService,70,1152,18,88,12,275,17,70,2,32
Taxonomy Aggregate Coverage/taxonomy-portfolio,com.taxonomy.portfolio.service,CopilotJobControlService,0,112,0,10,0,27,0,9,0,4
Taxonomy Aggregate Coverage/taxonomy-portfolio,com.taxonomy.portfolio.service,PortfolioAggregationService,21,634,7,29,2,136,10,36,3,25
Taxonomy Aggregate Coverage/taxonomy-portfolio,com.taxonomy.portfolio.service,PortfolioReportService.SnapshotBaseline,36,0,0,0,1,0,1,0,1,0
Taxonomy Aggregate Coverage/taxonomy-portfolio,com.taxonomy.portfolio.service,PortfolioReportService.Format,0,60,0,0,0,12,0,4,0,4
Taxonomy Aggregate Coverage/taxonomy-portfolio,com.taxonomy.portfolio.service,PortfolioException,10,63,0,0,3,15,1,10,1,10
Taxonomy Aggregate Coverage/taxonomy-portfolio,com.taxonomy.portfolio.service,PortfolioValueValidator,19,157,9,31,4,40,8,20,0,8
Taxonomy Aggregate Coverage/taxonomy-portfolio,com.taxonomy.portfolio.service,CopilotOperationKey,36,133,9,17,4,22,10,8,1,4
Taxonomy Aggregate Coverage/taxonomy-portfolio,com.taxonomy.portfolio.service,CopilotCompletionService,0,293,0,38,0,67,0,25,0,6
Taxonomy Aggregate Coverage/taxonomy-portfolio,com.taxonomy.portfolio.service,CopilotResultSelector.Quality,0,90,0,12,0,14,0,8,0,2
Taxonomy Aggregate Coverage/taxonomy-portfolio,com.taxonomy.portfolio.report,SnapshotWordReportService,25,366,16,24,5,94,16,11,0,7
Taxonomy Aggregate Coverage/taxonomy-portfolio,com.taxonomy.portfolio.report,SnapshotWordReportService.Source,0,9,0,0,0,1,0,1,0,1
Taxonomy Aggregate Coverage/taxonomy-portfolio,com.taxonomy.portfolio.report,DecisionRationaleSnapshotReportController,0,200,1,11,0,40,1,12,0,7
Taxonomy Aggregate Coverage/taxonomy-portfolio,com.taxonomy.portfolio.report,SnapshotArchitectureReportController,0,115,0,6,0,27,0,5,0,2
Taxonomy Aggregate Coverage/taxonomy-portfolio,com.taxonomy.portfolio.report,DecisionRationaleSnapshotReportService,7,292,12,38,1,68,12,20,0,7
Taxonomy Aggregate Coverage/taxonomy-architecture,com.taxonomy.architecture.export,CanonicalDiagramExportService,33,300,9,27,8,71,9,22,0,13
Taxonomy Aggregate Coverage/taxonomy-architecture,com.taxonomy.architecture.workbench,ArchitectureWorkbenchConfiguration,0,15,0,0,0,4,0,4,0,4
Taxonomy Aggregate Coverage/taxonomy-architecture,com.taxonomy.architecture.report,HtmlReportRendererExtension,0,31,0,0,0,7,0,4,0,4
Taxonomy Aggregate Coverage/taxonomy-architecture,com.taxonomy.architecture.report,DocxReportRendererExtension,0,27,0,0,0,6,0,4,0,4
Taxonomy Aggregate Coverage/taxonomy-architecture,com.taxonomy.architecture.report,ArchitectureWordSectionRenderer,4,586,1,17,1,130,1,17,0,9
Taxonomy Aggregate Coverage/taxonomy-architecture,com.taxonomy.architecture.report,ArchitectureReportDocument.LegendEntry,0,9,0,0,0,1,0,1,0,1
Taxonomy Aggregate Coverage/taxonomy-architecture,com.taxonomy.architecture.report,ArchitectureFigureRenderer,56,1016,16,69,6,174,16,39,0,10
Taxonomy Aggregate Coverage/taxonomy-architecture,com.taxonomy.architecture.report,ArchitectureFigurePlanner,60,630,31,61,13,122,32,27,1,12
Taxonomy Aggregate Coverage/taxonomy-architecture,com.taxonomy.architecture.report,MarkdownReportRendererExtension,0,31,0,0,0,7,0,4,0,4
Taxonomy Aggregate Coverage/taxonomy-architecture,com.taxonomy.architecture.report,JsonReportRendererExtension,16,26,0,0,3,6,1,4,1,4
Taxonomy Aggregate Coverage/taxonomy-architecture,com.taxonomy.architecture.report,WordReportLayoutException,0,4,0,0,0,2,0,1,0,1
Taxonomy Aggregate Coverage/taxonomy-architecture,com.taxonomy.architecture.report,ArchitectureReportDocument,7,316,1,9,2,77,1,10,0,6
Taxonomy Aggregate Coverage/taxonomy-architecture,com.taxonomy.architecture.report,ReportRendererRegistry,43,291,14,22,8,77,16,21,2,17
Taxonomy Aggregate Coverage/taxonomy-architecture,com.taxonomy.architecture.report,ArchitectureFigurePlanner.Plan,0,12,0,0,0,3,0,1,0,1
Taxonomy Aggregate Coverage/taxonomy-architecture,com.taxonomy.architecture.report,DecisionTreeOverview.DecisionTreeRow,0,24,0,0,0,1,0,1,0,1
Taxonomy Aggregate Coverage/taxonomy-architecture,com.taxonomy.architecture.report,DecisionTreeOverview.Node,0,18,0,0,0,1,0,1,0,1
Taxonomy Aggregate Coverage/taxonomy-architecture,com.taxonomy.architecture.report,ArchitectureFigureRenderer.RenderedFigure,0,42,0,0,0,6,0,2,0,2
Taxonomy Aggregate Coverage/taxonomy-architecture,com.taxonomy.architecture.report,DecisionTreeOverview,10,414,10,46,2,81,10,25,0,7
Taxonomy Aggregate Coverage/taxonomy-architecture,com.taxonomy.architecture.report,ArchitectureFigurePlanner.Panel,0,27,0,0,0,4,0,1,0,1
Taxonomy Aggregate Coverage/taxonomy-architecture,com.taxonomy.architecture.report,ArchitectureReportDocument.RelationRow,0,21,0,0,0,1,0,1,0,1
Taxonomy Aggregate Coverage/taxonomy-architecture,com.taxonomy.architecture.report,WordDocumentWriter,108,1313,39,123,18,258,33,81,0,31
Taxonomy Aggregate Coverage/taxonomy-architecture,com.taxonomy.architecture.report,ArchitectureReportDocument.ElementRow,0,24,0,0,0,1,0,1,0,1
Taxonomy Aggregate Coverage/taxonomy-architecture,com.taxonomy.architecture.report,ArchitectureReportDocument.SnapshotEvidence,0,42,0,0,0,1,0,1,0,1
Taxonomy Aggregate Coverage/taxonomy-architecture,com.taxonomy.architecture.report,ArchitectureReportDocxRenderer,81,807,7,23,26,210,8,24,1,16
Taxonomy Aggregate Coverage/taxonomy-architecture,com.taxonomy.architecture.report,DecisionTreeWordSectionRenderer,18,173,2,12,1,44,2,8,0,2
Taxonomy Aggregate Coverage/taxonomy-architecture,com.taxonomy.architecture.decision,DecisionRationaleReportService,337,2935,137,341,76,618,127,194,3,79
Taxonomy Aggregate Coverage/taxonomy-architecture,com.taxonomy.architecture.decision,DecisionRationaleReport.ExecutiveSummary,0,18,0,0,0,3,0,1,0,1
Taxonomy Aggregate Coverage/taxonomy-architecture,com.taxonomy.architecture.decision,DecisionRationaleScoreSemanticsAdapter,23,586,24,68,8,126,24,40,0,18
Taxonomy Aggregate Coverage/taxonomy-architecture,com.taxonomy.architecture.decision,DecisionRationaleReportService.Completeness,0,15,0,0,0,1,0,1,0,1
Taxonomy Aggregate Coverage/taxonomy-architecture,com.taxonomy.architecture.decision,DecisionRationaleHtmlRenderer,80,1489,22,54,24,269,20,49,0,28
Taxonomy Aggregate Coverage/taxonomy-architecture,com.taxonomy.architecture.decision,DecisionChapterDiagramRenderer.DiagramPanel,0,18,0,0,0,1,0,1,0,1
Taxonomy Aggregate Coverage/taxonomy-architecture,com.taxonomy.architecture.decision,DecisionRationaleReport.ReportStatus,0,27,0,0,0,5,0,1,0,1
Taxonomy Aggregate Coverage/taxonomy-architecture,com.taxonomy.architecture.decision,DecisionReportTemplateExceptionHandler,0,66,0,0,0,13,0,3,0,3
Taxonomy Aggregate Coverage/taxonomy-architecture,com.taxonomy.architecture.decision,DecisionRationaleReportService.HierarchyData,0,9,0,0,0,1,0,1,0,1
Taxonomy Aggregate Coverage/taxonomy-architecture,com.taxonomy.architecture.decision,DecisionRationaleTemplatePreviewService,74,9,0,0,10,4,1,1,1,1
Taxonomy Aggregate Coverage/taxonomy-architecture,com.taxonomy.architecture.decision,DecisionRationaleTemplateRendererDecorator,5,26,1,1,1,6,1,3,0,3
Taxonomy Aggregate Coverage/taxonomy-architecture,com.taxonomy.architecture.decision,DecisionRationaleDocxRenderer,253,3443,74,133,40,705,71,90,2,53
Taxonomy Aggregate Coverage/taxonomy-architecture,com.taxonomy.architecture.decision,DecisionChapterDiagramRenderer.Card,0,15,0,0,0,1,0,1,0,1
Taxonomy Aggregate Coverage/taxonomy-architecture,com.taxonomy.architecture.decision,DecisionReportTemplateHeaders,0,59,0,0,0,11,0,2,0,2
Taxonomy Aggregate Coverage/taxonomy-architecture,com.taxonomy.architecture.decision,DecisionRationaleReport.ReportMetadata,5,244,1,3,1,6,1,4,0,3
Taxonomy Aggregate Coverage/taxonomy-architecture,com.taxonomy.architecture.decision,DecisionRationaleReport,8,157,5,5,1,20,5,6,0,6
Taxonomy Aggregate Coverage/taxonomy-architecture,com.taxonomy.architecture.decision,DecisionRationaleReport.DecisionChapter,0,42,0,0,0,4,0,1,0,1
Taxonomy Aggregate Coverage/taxonomy-architecture,com.taxonomy.architecture.decision,DecisionReportTemplateUnavailableException,0,5,0,0,0,2,0,1,0,1
Taxonomy Aggregate Coverage/taxonomy-architecture,com.taxonomy.architecture.decision,DecisionReportBuildMetadataService,6,49,4,4,0,12,4,3,0,3
Taxonomy Aggregate Coverage/taxonomy-architecture,com.taxonomy.architecture.decision,DecisionRationaleDocxRenderer.RationaleIndex,0,87,0,2,0,12,0,5,0,4
Taxonomy Aggregate Coverage/taxonomy-architecture,com.taxonomy.architecture.decision,DecisionRationaleJsonRenderer,7,35,0,0,2,10,0,6,0,6
Taxonomy Aggregate Coverage/taxonomy-architecture,com.taxonomy.architecture.decision,DecisionRationaleReport.ChildDecision,0,36,0,0,0,1,0,1,0,1
Taxonomy Aggregate Coverage/taxonomy-architecture,com.taxonomy.architecture.decision,DecisionRationaleReport.ReasonSource,0,21,0,0,0,4,0,1,0,1
Taxonomy Aggregate Coverage/taxonomy-architecture,com.taxonomy.architecture.decision,DecisionChapterDiagramRenderer,70,2000,17,101,11,288,15,72,0,27
Taxonomy Aggregate Coverage/taxonomy-architecture,com.taxonomy.architecture.decision,DecisionRationaleReportService.AnalysisSnapshotProvenance,0,33,0,0,0,1,0,1,0,1
Taxonomy Aggregate Coverage/taxonomy-architecture,com.taxonomy.architecture.decision,DecisionReportLabels,57,848,19,227,6,121,19,226,6,116
Taxonomy Aggregate Coverage/taxonomy-architecture,com.taxonomy.architecture.decision,DecisionRationaleReport.Disposition,0,27,0,0,0,5,0,1,0,1
Taxonomy Aggregate Coverage/taxonomy-architecture,com.taxonomy.architecture.decision,DecisionReportBuildMetadataService.BuildMetadata,0,9,0,0,0,1,0,1,0,1
Taxonomy Aggregate Coverage/taxonomy-architecture,com.taxonomy.architecture.decision,DecisionReportTemplateProvenance,5,175,2,8,1,41,2,9,0,6
Taxonomy Aggregate Coverage/taxonomy-architecture,com.taxonomy.architecture.decision,TaxonomyCatalogueMetadataService.CatalogueMetadata,0,27,0,0,0,1,0,1,0,1
Taxonomy Aggregate Coverage/taxonomy-architecture,com.taxonomy.architecture.decision,DecisionRationaleReport.PathStep,0,24,0,0,0,1,0,1,0,1
Taxonomy Aggregate Coverage/taxonomy-architecture,com.taxonomy.architecture.decision,TaxonomyCatalogueMetadataService,22,160,7,11,6,45,7,8,0,6
Taxonomy Aggregate Coverage/taxonomy-architecture,com.taxonomy.architecture.decision,DecisionChapterDiagramRenderer.CardStyle,0,18,0,0,0,1,0,1,0,1
Taxonomy Aggregate Coverage/taxonomy-architecture,com.taxonomy.architecture.decision,DecisionRationaleReportService.DecisionAnalysisInput,26,130,5,11,4,21,6,8,1,5
Taxonomy Aggregate Coverage/taxonomy-architecture,com.taxonomy.architecture.decision,DecisionRationaleReportService.Reason,0,9,0,0,0,1,0,1,0,1
Taxonomy Aggregate Coverage/taxonomy-architecture,com.taxonomy.architecture.decision,DecisionRationaleDocxRenderer.RationaleIndex.Evidence,0,9,0,0,0,1,0,1,0,1
Taxonomy Aggregate Coverage/taxonomy-architecture,com.taxonomy.architecture.decision,DecisionRationaleTemplateRendererDecorator.TemplateBackedExtension,3,49,0,0,2,13,0,5,0,5
Taxonomy Aggregate Coverage/taxonomy-architecture,com.taxonomy.architecture.decision,DecisionRationaleReport.LeafCandidate,0,27,0,0,0,1,0,1,0,1
Taxonomy Aggregate Coverage/taxonomy-architecture,com.taxonomy.architecture.decision,DecisionRationaleTemplateRenderer,74,731,29,59,17,177,28,38,0,21
Taxonomy Aggregate Coverage/taxonomy-architecture,com.taxonomy.architecture.pipeline,ArchitecturePipelineStepRegistry,0,143,0,10,0,35,0,10,0,5
Taxonomy Aggregate Coverage/taxonomy-architecture,com.taxonomy.architecture.pipeline,ImpactSelectionStep,2,82,4,8,0,20,4,8,0,6
Taxonomy Aggregate Coverage/taxonomy-architecture,com.taxonomy.architecture.pipeline,RelationshipBuildStep,20,198,3,27,4,45,4,19,1,7
Taxonomy Aggregate Coverage/taxonomy-architecture,com.taxonomy.architecture.pipeline,LeafEnrichmentStep,7,334,4,28,1,80,4,19,0,7
Taxonomy Aggregate Coverage/taxonomy-architecture,com.taxonomy.architecture.pipeline,ImpactRelationStep,13,532,16,48,0,128,15,33,0,16
Taxonomy Aggregate Coverage/taxonomy-architecture,com.taxonomy.architecture.pipeline,AnchorSelectionStep,11,127,0,12,1,28,1,11,1,5
Taxonomy Aggregate Coverage/taxonomy-architecture,com.taxonomy.architecture.pipeline,EvidenceRelationProjection,31,495,12,48,3,72,12,26,1,7
Taxonomy Aggregate Coverage/taxonomy-architecture,com.taxonomy.architecture.pipeline,RelevancePropagationStep,11,47,0,2,1,12,1,5,1,4
Taxonomy Aggregate Coverage/taxonomy-architecture,com.taxonomy.architecture.pipeline,EvidenceRelationProjection.EdgeSignature,0,12,0,0,0,1,0,1,0,1
Taxonomy Aggregate Coverage/taxonomy-architecture,com.taxonomy.architecture.pipeline,ArchitectureViewPipeline,25,531,6,50,3,109,8,30,2,8
Taxonomy Aggregate Coverage/taxonomy-architecture,com.taxonomy.architecture.pipeline,ArchitecturePipelineInvariantValidator,173,302,29,49,23,60,29,18,0,8
Taxonomy Aggregate Coverage/taxonomy-architecture,com.taxonomy.architecture.pipeline,NodeLimitStep,12,239,4,24,2,63,5,20,1,10
Taxonomy Aggregate Coverage/taxonomy-architecture,com.taxonomy.architecture.pipeline,ArchitecturePipelineStepDescriptor,0,15,0,0,0,1,0,1,0,1
Taxonomy Aggregate Coverage/taxonomy-architecture,com.taxonomy.architecture.pipeline,ScoringTraceStep,4,82,3,11,1,21,3,9,0,5
Taxonomy Aggregate Coverage/taxonomy-architecture,com.taxonomy.architecture.pipeline,ProvisionalRelationStep,4,211,2,20,1,56,2,15,0,6
Taxonomy Aggregate Coverage/taxonomy-architecture,com.taxonomy.architecture.pipeline,ElementBuildStep,11,152,1,11,1,37,2,9,1,4
Taxonomy Aggregate Coverage/taxonomy-architecture,com.taxonomy.architecture.pipeline,ArchitecturePipelineStep,0,22,0,0,0,5,0,5,0,5
Taxonomy Aggregate Coverage/taxonomy-architecture,com.taxonomy.architecture.pipeline,ArchitectureViewContext,13,145,0,6,5,39,4,21,4,18
Taxonomy Aggregate Coverage/taxonomy-architecture,com.taxonomy.architecture.controller,GraphQueryApiController,0,122,2,8,0,28,2,10,0,7
Taxonomy Aggregate Coverage/taxonomy-architecture,com.taxonomy.architecture.controller,RecommendationApiController.RecommendationRequest,0,12,0,0,0,1,0,1,0,1
Taxonomy Aggregate Coverage/taxonomy-architecture,com.taxonomy.architecture.controller,GapAnalysisApiController,0,32,0,2,0,10,0,4,0,3
Taxonomy Aggregate Coverage/taxonomy-architecture,com.taxonomy.architecture.controller,RecommendationApiController,1,23,1,1,0,8,1,2,0,2
Taxonomy Aggregate Coverage/taxonomy-architecture,com.taxonomy.architecture.controller,PatternDetectionApiController.PatternDetectionRequest,0,9,0,0,0,1,0,1,0,1
Taxonomy Aggregate Coverage/taxonomy-architecture,com.taxonomy.architecture.controller,ExplanationTraceApiController,21,24,3,1,6,8,3,2,1,2
Taxonomy Aggregate Coverage/taxonomy-architecture,com.taxonomy.architecture.controller,GapAnalysisApiController.GapAnalysisRequest,0,12,0,0,0,1,0,1,0,1
Taxonomy Aggregate Coverage/taxonomy-architecture,com.taxonomy.architecture.controller,PatternDetectionApiController,1,29,1,1,0,9,1,3,0,3
Taxonomy Aggregate Coverage/taxonomy-architecture,com.taxonomy.architecture.controller,ArchitectureSummaryApiController,0,63,0,2,0,21,0,5,0,4
Taxonomy Aggregate Coverage/taxonomy-architecture,com.taxonomy.architecture.controller,ExplanationTraceApiController.ExplainRequest,0,15,0,0,0,1,0,1,0,1
Taxonomy Aggregate Coverage/taxonomy-architecture,com.taxonomy.architecture.service,DerivedMetadataService,42,164,3,17,9,39,5,11,2,4
Taxonomy Aggregate Coverage/taxonomy-architecture,com.taxonomy.architecture.service,ApqcHierarchyService,135,53,17,3,24,13,10,3,0,3
Taxonomy Aggregate Coverage/taxonomy-architecture,com.taxonomy.architecture.service,ArchitectureGapService,18,589,15,45,2,120,12,28,0,10
Taxonomy Aggregate Coverage/taxonomy-architecture,com.taxonomy.architecture.service,RequirementArchitectureViewService,7,50,0,4,1,11,1,6,1,4
Taxonomy Aggregate Coverage/taxonomy-architecture,com.taxonomy.architecture.service,ArchitectureRecommendationService,21,359,6,24,6,80,6,14,0,5
Taxonomy Aggregate Coverage/taxonomy-architecture,com.taxonomy.architecture.service,EnrichedImpactService,26,238,2,8,4,52,2,7,0,4
Taxonomy Aggregate Coverage/taxonomy-architecture,com.taxonomy.architecture.service,ArchitectureReportService,106,1335,30,105,14,252,29,50,0,11
Taxonomy Aggregate Coverage/taxonomy-architecture,com.taxonomy.architecture.service,ArchitectureGraphQueryServiceImpl.TraversalResult,0,15,0,0,0,6,0,1,0,1
Taxonomy Aggregate Coverage/taxonomy-architecture,com.taxonomy.architecture.service,ImpactEndpointSelector,5,209,6,32,1,40,6,17,0,4
Taxonomy Aggregate Coverage/taxonomy-architecture,com.taxonomy.architecture.service,ArchitectureGraphQueryServiceImpl.Direction,0,21,0,0,0,1,0,1,0,1
Taxonomy Aggregate Coverage/taxonomy-architecture,com.taxonomy.architecture.service,ArchitectureSummaryService,67,270,9,9,7,57,11,12,3,11
Taxonomy Aggregate Coverage/taxonomy-architecture,com.taxonomy.architecture.service,ImpactEndpointSelector.new Record() {...},0,9,0,0,0,1,0,1,0,1
Taxonomy Aggregate Coverage/taxonomy-architecture,com.taxonomy.architecture.service,ArchitecturePatternService,3,513,7,47,0,96,7,26,0,6
Taxonomy Aggregate Coverage/taxonomy-architecture,com.taxonomy.architecture.service,ArchitecturePatternService.PatternStep,0,20,0,0,0,2,0,2,0,2
Taxonomy Aggregate Coverage/taxonomy-architecture,com.taxonomy.architecture.service,ExplanationTraceService,119,337,31,19,19,61,25,9,2,7
Taxonomy Aggregate Coverage/taxonomy-architecture,com.taxonomy.architecture.service,LayerRepresentativeSelector,0,25,0,8,0,8,0,6,0,2
Taxonomy Aggregate Coverage/taxonomy-architecture,com.taxonomy.architecture.service,ArchitectureImpactSelector.ScoredElement,0,9,0,0,0,1,0,1,0,1
Taxonomy Aggregate Coverage/taxonomy-architecture,com.taxonomy.architecture.service,ArchitectureGraphQueryServiceImpl,62,961,23,84,13,197,19,55,0,20
Taxonomy Aggregate Coverage/taxonomy-architecture,com.taxonomy.architecture.service,ArchitectureImpactSelector,3,512,9,59,0,86,9,42,0,17
Taxonomy Aggregate Coverage/taxonomy-architecture,com.taxonomy.architecture.service,ScoringTraceSelector,0,207,1,19,0,47,1,13,0,4
Taxonomy Aggregate Coverage/taxonomy-architecture,com.taxonomy.architecture.service,ArchitecturePatternService.PatternTemplate,0,9,0,0,0,1,0,1,0,1
Taxonomy Aggregate Coverage/taxonomy-architecture,com.taxonomy.architecture.model,ArchitectureDslDocument,4,62,1,1,1,19,2,17,1,17
Taxonomy Aggregate Coverage/taxonomy-knowledge,com.taxonomy.relations.service,HypothesisService.new TransactionSynchronization() {...},0,53,0,0,0,8,0,2,0,2
Taxonomy Aggregate Coverage/taxonomy-knowledge,com.taxonomy.relations.service,RelationProjectionRecoveryService.ReconciliationResult,0,15,0,0,0,1,0,1,0,1
Taxonomy Aggregate Coverage/taxonomy-knowledge,com.taxonomy.relations.service,RelationDecisionProjectionService.ProjectionConflictException,0,4,0,0,0,2,0,1,0,1
Taxonomy Aggregate Coverage/taxonomy-knowledge,com.taxonomy.relations.service,GitAuthoritativeHypothesisReviewService.ReviewAction,11,68,3,7,1,16,2,8,0,5
Taxonomy Aggregate Coverage/taxonomy-knowledge,com.taxonomy.relations.service,RelationProjectionOperationsService.RecoveryReconciliationPendingException,0,16,0,0,0,5,0,2,0,2
Taxonomy Aggregate Coverage/taxonomy-knowledge,com.taxonomy.relations.service,GitAuthoritativeProposalReviewService.ProposalReviewPendingException,3,61,0,0,1,13,1,6,1,6
Taxonomy Aggregate Coverage/taxonomy-knowledge,com.taxonomy.relations.service,RelationBranchProjectionRebuildService.RelationSnapshot,5,56,3,5,1,11,3,2,0,1
Taxonomy Aggregate Coverage/taxonomy-knowledge,com.taxonomy.relations.service,GitAuthoritativeRelationMutationService.ProjectionCompletionException,0,4,0,0,0,2,0,1,0,1
Taxonomy Aggregate Coverage/taxonomy-knowledge,com.taxonomy.relations.service,RelationValidationService.ValidationResult,0,35,0,0,0,10,0,6,0,6
Taxonomy Aggregate Coverage/taxonomy-knowledge,com.taxonomy.relations.service,RelationQualityService,2,405,1,23,1,108,1,35,0,24
Taxonomy Aggregate Coverage/taxonomy-knowledge,com.taxonomy.relations.service,ProposalReviewStateStore,38,118,2,18,12,32,2,14,0,6
Taxonomy Aggregate Coverage/taxonomy-knowledge,com.taxonomy.relations.service,RelationDecisionProjectionService.ProjectionOutcome,0,21,0,0,0,4,0,1,0,1
Taxonomy Aggregate Coverage/taxonomy-knowledge,com.taxonomy.relations.service,RelationBranchProjectionReadinessService.Readiness,5,40,1,3,1,6,1,3,0,2
Taxonomy Aggregate Coverage/taxonomy-knowledge,com.taxonomy.relations.service,GraphSearchService,24,350,7,13,6,80,7,17,0,14
Taxonomy Aggregate Coverage/taxonomy-knowledge,com.taxonomy.relations.service,RelationProjectionOperationsService.RebuildHeadConflictException,0,18,0,0,0,6,0,3,0,3
Taxonomy Aggregate Coverage/taxonomy-knowledge,com.taxonomy.relations.service,HypothesisReviewStateStore,17,110,3,5,3,30,4,8,1,7
Taxonomy Aggregate Coverage/taxonomy-knowledge,com.taxonomy.relations.service,GitAuthoritativeProposalReviewService.PendingPhase,0,25,0,0,0,6,0,2,0,2
Taxonomy Aggregate Coverage/taxonomy-knowledge,com.taxonomy.relations.service,RelationCandidateService,0,144,0,10,0,25,0,11,0,6
Taxonomy Aggregate Coverage/taxonomy-knowledge,com.taxonomy.relations.service,RelationProjectionRecoveryService.RecoveryRecord,0,77,0,0,0,16,0,2,0,2
Taxonomy Aggregate Coverage/taxonomy-knowledge,com.taxonomy.relations.service,GitAuthoritativeHypothesisReviewService.HypothesisReviewPendingException,3,61,0,0,1,13,1,6,1,6
Taxonomy Aggregate Coverage/taxonomy-knowledge,com.taxonomy.relations.service,RelationProjectionReadService.IdentitySnapshot,0,41,0,0,0,6,0,2,0,2
Taxonomy Aggregate Coverage/taxonomy-knowledge,com.taxonomy.relations.service,RelationBranchProjectionRebuildService,61,304,9,29,14,75,9,21,0,11
Taxonomy Aggregate Coverage/taxonomy-knowledge,com.taxonomy.relations.service,AnalysisHypothesisLinkService,0,39,0,2,0,11,0,3,0,2
Taxonomy Aggregate Coverage/taxonomy-knowledge,com.taxonomy.relations.service,RelationProjectionRecoveryService.ProjectionRecoveryReconciliationException,0,5,0,0,0,2,0,1,0,1
Taxonomy Aggregate Coverage/taxonomy-knowledge,com.taxonomy.relations.service,RelationProposalService,124,660,11,24,21,154,14,23,4,15
Taxonomy Aggregate Coverage/taxonomy-knowledge,com.taxonomy.relations.service,RelationBranchProjectionReadinessService.RelationProjectionNotReadyException,0,9,0,0,0,4,0,2,0,2
Taxonomy Aggregate Coverage/taxonomy-knowledge,com.taxonomy.relations.service,RelationBranchProjectionReadinessService,0,196,2,18,0,59,2,14,0,6
Taxonomy Aggregate Coverage/taxonomy-knowledge,com.taxonomy.relations.service,RelationDecisionProjectionWriter,0,259,3,19,0,82,3,17,0,9
Taxonomy Aggregate Coverage/taxonomy-knowledge,com.taxonomy.relations.service,RelationBranchProjectionRebuildService.BranchProjectionSourceException,0,9,0,0,0,4,0,2,0,2
Taxonomy Aggregate Coverage/taxonomy-knowledge,com.taxonomy.relations.service,GitAuthoritativeHypothesisReviewService.PendingPhase,0,25,0,0,0,6,0,2,0,2
Taxonomy Aggregate Coverage/taxonomy-knowledge,com.taxonomy.relations.service,RelationDecisionStatusPolicy,0,11,0,4,0,1,0,3,0,1
Taxonomy Aggregate Coverage/taxonomy-knowledge,com.taxonomy.relations.service,HypothesisReviewStateStore.HypothesisSnapshot,0,60,0,0,0,14,0,2,0,2
Taxonomy Aggregate Coverage/taxonomy-knowledge,com.taxonomy.relations.service,HypothesisReviewStateStore.HypothesisReviewConflictException,0,27,0,0,0,8,0,4,0,4
Taxonomy Aggregate Coverage/taxonomy-knowledge,com.taxonomy.relations.service,RelationDecisionProjectionService.AuthoritativeState,0,15,0,0,0,1,0,1,0,1
Taxonomy Aggregate Coverage/taxonomy-knowledge,com.taxonomy.relations.service,GitAuthoritativeProposalReviewService.ReviewResult,0,35,0,0,0,6,0,1,0,1
Taxonomy Aggregate Coverage/taxonomy-knowledge,com.taxonomy.relations.service,RelationProjectionReadService.ReadResult,0,31,0,0,0,5,0,1,0,1
Taxonomy Aggregate Coverage/taxonomy-knowledge,com.taxonomy.relations.service,GitAuthoritativeHypothesisService,9,283,2,21,4,68,2,29,0,19
Taxonomy Aggregate Coverage/taxonomy-knowledge,com.taxonomy.relations.service,RelationDecisionProjectionService,117,529,26,66,28,133,26,33,0,13
Taxonomy Aggregate Coverage/taxonomy-knowledge,com.taxonomy.relations.service,RelationProjectionReadService,12,524,7,33,3,123,7,41,0,28
Taxonomy Aggregate Coverage/taxonomy-knowledge,com.taxonomy.relations.service,RelationTraversalService,16,255,6,16,2,68,6,17,0,12
Taxonomy Aggregate Coverage/taxonomy-knowledge,com.taxonomy.relations.service,RelationDecisionProjectionService.ProjectionResult,0,22,0,0,0,4,0,1,0,1
Taxonomy Aggregate Coverage/taxonomy-knowledge,com.taxonomy.relations.service,RelationReviewService,9,314,3,17,2,73,2,16,0,8
Taxonomy Aggregate Coverage/taxonomy-knowledge,com.taxonomy.relations.service,RequirementCoverageService,2,248,3,9,0,47,3,20,0,17
Taxonomy Aggregate Coverage/taxonomy-knowledge,com.taxonomy.relations.service,RelationProjectionReadService.RelationProjectionUnavailableException,6,41,0,0,2,11,2,4,2,4
Taxonomy Aggregate Coverage/taxonomy-knowledge,com.taxonomy.relations.service,ProposalReviewStateStore.ProposalSnapshot,0,52,0,0,0,7,0,1,0,1
Taxonomy Aggregate Coverage/taxonomy-knowledge,com.taxonomy.relations.service,RelationProjectionReadService.CountResult,5,29,1,1,1,5,1,1,0,1
Taxonomy Aggregate Coverage/taxonomy-knowledge,com.taxonomy.relations.service,GitAuthoritativeProposalReviewService,0,149,0,2,0,39,0,7,0,6
Taxonomy Aggregate Coverage/taxonomy-knowledge,com.taxonomy.relations.service,RelationDecisionProjectionService.ProjectionContextMismatchException,0,9,0,0,0,4,0,2,0,2
Taxonomy Aggregate Coverage/taxonomy-knowledge,com.taxonomy.relations.service,RelationBranchProjectionReadinessService.ReadinessState,0,33,0,0,0,6,0,1,0,1
Taxonomy Aggregate Coverage/taxonomy-knowledge,com.taxonomy.relations.service,RelationDecisionProjectionService.ValidatedCommand,0,9,0,0,0,1,0,1,0,1
Taxonomy Aggregate Coverage/taxonomy-knowledge,com.taxonomy.relations.service,RelationBranchProjectionRebuildWriter,4,180,0,0,0,55,1,5,1,5
Taxonomy Aggregate Coverage/taxonomy-knowledge,com.taxonomy.relations.service,HybridSearchService,5,68,1,3,2,14,1,4,0,3
Taxonomy Aggregate Coverage/taxonomy-knowledge,com.taxonomy.relations.service,GitAuthoritativeRelationMutationService.ProjectionPendingException,0,35,0,2,0,10,0,6,0,5
Taxonomy Aggregate Coverage/taxonomy-knowledge,com.taxonomy.relations.service,RelationDecisionProjectionService.ProjectionSourceException,0,9,0,0,0,4,0,2,0,2
Taxonomy Aggregate Coverage/taxonomy-knowledge,com.taxonomy.relations.service,RelationProjectionReadService.RelationIdentity,0,25,0,0,0,5,0,1,0,1
Taxonomy Aggregate Coverage/taxonomy-knowledge,com.taxonomy.relations.service,RelationCompatibilityMatrix,0,288,1,13,0,53,1,12,0,6
Taxonomy Aggregate Coverage/taxonomy-knowledge,com.taxonomy.relations.service,GitAuthoritativeHypothesisReviewService.ReviewResult,0,35,0,0,0,6,0,1,0,1
Taxonomy Aggregate Coverage/taxonomy-knowledge,com.taxonomy.relations.service,HypothesisService,175,768,17,61,31,173,22,54,7,30
Taxonomy Aggregate Coverage/taxonomy-knowledge,com.taxonomy.relations.service,ProposalReviewStateStore.ProposalStateConflictException,0,4,0,0,0,2,0,1,0,1
Taxonomy Aggregate Coverage/taxonomy-knowledge,com.taxonomy.relations.service,RelationProjectionOperationsService.RebuildOperation,0,27,0,0,0,5,0,1,0,1
Taxonomy Aggregate Coverage/taxonomy-knowledge,com.taxonomy.relations.service,RelationProjectionOperationsService.ProjectionStatus,0,20,0,0,0,4,0,1,0,1
Taxonomy Aggregate Coverage/taxonomy-knowledge,com.taxonomy.relations.service,RelationProjectionOperationsService,0,181,2,18,0,45,2,13,0,5
Taxonomy Aggregate Coverage/taxonomy-knowledge,com.taxonomy.relations.service,RelationBranchProjectionRebuildService.RelationIdentity,0,21,0,0,0,2,0,2,0,2
Taxonomy Aggregate Coverage/taxonomy-knowledge,com.taxonomy.relations.service,RankFusionUtil,0,74,0,2,0,16,0,4,0,3
Taxonomy Aggregate Coverage/taxonomy-knowledge,com.taxonomy.relations.service,RelationBranchProjectionRebuildService.RebuildResult,0,18,0,0,0,1,0,1,0,1
Taxonomy Aggregate Coverage/taxonomy-knowledge,com.taxonomy.relations.service,GitAuthoritativeRelationMutationService.MutationResult,0,19,0,0,0,4,0,1,0,1
Taxonomy Aggregate Coverage/taxonomy-knowledge,com.taxonomy.relations.service,RelationProjectionReadService.ResolvedSource,0,19,0,0,0,4,0,1,0,1
Taxonomy Aggregate Coverage/taxonomy-knowledge,com.taxonomy.relations.service,RelationProjectionRecoveryService,21,246,1,17,10,70,2,14,1,6
Taxonomy Aggregate Coverage/taxonomy-knowledge,com.taxonomy.relations.service,RelationProjectionReadService.ReadModel,0,15,0,0,0,3,0,1,0,1
Taxonomy Aggregate Coverage/taxonomy-knowledge,com.taxonomy.relations.service,RelationBranchProjectionRebuildService.BranchProjectionContextException,0,4,0,0,0,2,0,1,0,1
Taxonomy Aggregate Coverage/taxonomy-knowledge,com.taxonomy.relations.service,RelationValidationService,0,123,0,6,0,26,0,6,0,3
Taxonomy Aggregate Coverage/taxonomy-knowledge,com.taxonomy.relations.service,GitAuthoritativeRelationMutationService,10,158,3,9,1,36,4,7,1,4
Taxonomy Aggregate Coverage/taxonomy-knowledge,com.taxonomy.relations.service,GitAuthoritativeHypothesisReviewService,0,171,0,2,0,47,0,9,0,8
Taxonomy Aggregate Coverage/taxonomy-knowledge,com.taxonomy.relations.service,RelationDecisionProjectionService.ProjectionRequest,0,39,0,0,0,1,0,1,0,1
Taxonomy Aggregate Coverage/taxonomy-knowledge,com.taxonomy.relations.service,GitAuthoritativeProposalReviewService.ReviewAction,14,62,2,4,2,16,2,6,0,5
Taxonomy Aggregate Coverage/taxonomy-knowledge,com.taxonomy.relations.service,RelationProjectionOperationsService.RebuildVerificationException,0,27,0,0,0,8,0,3,0,3
Taxonomy Aggregate Coverage/taxonomy-knowledge,com.taxonomy.relations.repository,RelationHypothesisRepository,10,0,0,0,4,0,2,0,2,0
Taxonomy Aggregate Coverage/taxonomy-knowledge,com.taxonomy.relations.repository,RelationProposalRepository,5,5,0,0,2,2,1,1,1,1
Taxonomy Aggregate Coverage/taxonomy-knowledge,com.taxonomy.catalog.model,PrimaryRepositorySeedRelationListener,0,57,2,12,0,16,2,8,0,3
Taxonomy Aggregate Coverage/taxonomy-knowledge,com.taxonomy.catalog.model,TaxonomyRelation,29,134,4,6,8,37,9,28,6,26
Taxonomy Aggregate Coverage/taxonomy-knowledge,com.taxonomy.catalog.model,FloatArrayConverter,0,68,0,8,0,13,0,7,0,3
Taxonomy Aggregate Coverage/taxonomy-knowledge,com.taxonomy.catalog.model,TaxonomyNode,40,179,2,0,11,50,10,47,9,47
Taxonomy Aggregate Coverage/taxonomy-knowledge,com.taxonomy.catalog.service,CatalogueOverlayService.NodePatch,2,74,1,1,0,21,1,19,0,19
Taxonomy Aggregate Coverage/taxonomy-knowledge,com.taxonomy.catalog.service,ArchiMateImportException,4,5,0,0,2,2,1,1,1,1
Taxonomy Aggregate Coverage/taxonomy-knowledge,com.taxonomy.catalog.service,PropagationResult.TraversedRelation,0,27,0,0,0,10,0,5,0,5
Taxonomy Aggregate Coverage/taxonomy-knowledge,com.taxonomy.catalog.service,CatalogueOverlayService.OverlayDefinition,5,57,1,1,1,15,2,14,1,14
Taxonomy Aggregate Coverage/taxonomy-knowledge,com.taxonomy.catalog.service,SearchService,11,186,2,2,4,37,2,6,0,6
Taxonomy Aggregate Coverage/taxonomy-knowledge,com.taxonomy.catalog.service,TaxonomyRelationService,67,565,9,23,13,129,13,35,4,28
[...]
Taxonomy Aggregate Coverage/taxonomy-app,com.taxonomy.shared.controller,HelpController.DocEntry,0,15,0,0,0,1,0,1,0,1
Taxonomy Aggregate Coverage/taxonomy-app,com.taxonomy.shared.controller,AdminApiController,55,504,12,28,12,92,12,22,2,12
Taxonomy Aggregate Coverage/taxonomy-app,com.taxonomy.shared.controller,AboutController,34,192,6,6,10,36,7,10,1,10
Taxonomy Aggregate Coverage/taxonomy-app,com.taxonomy.security.controller,ChangePasswordController,2,67,2,7,1,17,2,9,0,4
Taxonomy Aggregate Coverage/taxonomy-app,com.taxonomy.security.controller,AccountContextController,7,65,2,10,1,14,2,6,0,2
Taxonomy Aggregate Coverage/taxonomy-app,com.taxonomy.security.controller,UserManagementController,78,54,1,1,18,15,5,6,4,6
Taxonomy Aggregate Coverage/taxonomy-app,com.taxonomy.security.controller,BrowserSessionController,0,28,0,0,0,7,0,3,0,3
Taxonomy Aggregate Coverage/taxonomy-app,com.taxonomy.security.controller,AccountApiController,34,36,8,2,11,11,8,2,1,2
Taxonomy Aggregate Coverage/taxonomy-app,com.taxonomy.dsl.export,DslMaterializeService.MaterializeResult,0,21,0,0,0,1,0,1,0,1
Taxonomy Aggregate Coverage/taxonomy-app,com.taxonomy.dsl.export,TaxDslExportService,0,133,0,6,0,32,0,6,0,3
Taxonomy Aggregate Coverage/taxonomy-app,com.taxonomy.dsl.export,DslMaterializeService,266,442,39,25,58,96,26,17,2,9
Taxonomy Aggregate Coverage/taxonomy-app,com.taxonomy.provenance.model,SourceVersion,15,60,0,0,4,19,4,16,4,16
Taxonomy Aggregate Coverage/taxonomy-app,com.taxonomy.provenance.model,SourceArtifact,20,76,0,0,5,24,5,20,5,20
Taxonomy Aggregate Coverage/taxonomy-app,com.taxonomy.provenance.model,SourceFragment,32,50,0,0,9,16,9,13,9,13
Taxonomy Aggregate Coverage/taxonomy-app,com.taxonomy.provenance.model,RequirementSourceLink,12,59,0,0,6,25,3,15,3,15
Taxonomy Aggregate Coverage/taxonomy-app,com.taxonomy,TaxonomyApplication,8,0,0,0,3,0,2,0,2,0
Taxonomy Aggregate Coverage/taxonomy-app,com.taxonomy,AppConfig,0,69,0,0,0,16,0,5,0,5
Taxonomy Aggregate Coverage/taxonomy-app,com.taxonomy.export.controller,ExportApiController,210,335,23,27,46,70,19,18,3,9
Taxonomy Aggregate Coverage/taxonomy-app,com.taxonomy.observability,TaxonomyObservationConfiguration.TaxonomyObservationBeanPostProcessor,2,257,0,4,1,36,1,5,1,3
Taxonomy Aggregate Coverage/taxonomy-app,com.taxonomy.observability,TaxonomyObservationConfiguration.TargetDescriptor,0,15,0,0,0,3,0,1,0,1
Taxonomy Aggregate Coverage/taxonomy-app,com.taxonomy.observability,TaxonomyObservationConfiguration.TaxonomyObservationInterceptor,2,95,1,3,1,29,1,6,0,5
Taxonomy Aggregate Coverage/taxonomy-app,com.taxonomy.observability,TaxonomyObservationConfiguration,5,13,0,0,2,2,2,2,2,2
Taxonomy Aggregate Coverage/taxonomy-app,com.taxonomy.security.config,DocumentTemplateFirewallConfig,0,7,0,0,0,2,0,2,0,2
Taxonomy Aggregate Coverage/taxonomy-app,com.taxonomy.security.config,ActuatorAdminTokenSecurityConfig,0,67,1,5,0,15,1,8,0,6
Taxonomy Aggregate Coverage/taxonomy-app,com.taxonomy.security.config,KeycloakSecurityConfig,23,240,1,21,5,50,3,28,2,18
Taxonomy Aggregate Coverage/taxonomy-app,com.taxonomy.security.config,PasswordChangeRequiredFilter,6,193,11,45,3,52,11,26,0,9
Taxonomy Aggregate Coverage/taxonomy-app,com.taxonomy.security.config,BrowserSessionConfiguration,0,32,0,0,0,6,0,6,0,6
Taxonomy Aggregate Coverage/taxonomy-app,com.taxonomy.security.config,AuthorizationRulesConfigurer,0,1604,0,2,0,112,0,3,0,2
Taxonomy Aggregate Coverage/taxonomy-app,com.taxonomy.security.config,DocumentTemplateFirewallConfig.TemplateHttpFirewall,0,53,0,6,0,10,0,6,0,3
Taxonomy Aggregate Coverage/taxonomy-app,com.taxonomy.security.config,LoginRateLimitFilterConfiguration,0,15,0,0,0,4,0,2,0,2
Taxonomy Aggregate Coverage/taxonomy-app,com.taxonomy.security.config,LoginRateLimitFilter.FailureTracker,0,97,0,12,0,22,0,12,0,6
Taxonomy Aggregate Coverage/taxonomy-app,com.taxonomy.security.config,LoginRateLimitFilter,11,588,14,84,2,142,13,57,0,21
Taxonomy Aggregate Coverage/taxonomy-app,com.taxonomy.security.config,KeycloakSecurityConfig.new ObjectPostProcessor() {...},0,8,0,0,0,3,0,2,0,2
Taxonomy Aggregate Coverage/taxonomy-app,com.taxonomy.security.config,SecurityConfig.new ObjectPostProcessor() {...},0,8,0,0,0,3,0,2,0,2
Taxonomy Aggregate Coverage/taxonomy-app,com.taxonomy.security.config,ProductionSecurityGuard,2,93,2,16,1,25,2,13,0,6
Taxonomy Aggregate Coverage/taxonomy-app,com.taxonomy.security.config,SecurityAuditListener,50,0,2,0,13,0,6,0,5,0
Taxonomy Aggregate Coverage/taxonomy-app,com.taxonomy.security.config,ActuatorSecurityFilter,2,192,6,42,0,53,6,27,0,9
Taxonomy Aggregate Coverage/taxonomy-app,com.taxonomy.security.config,SecurityDataInitializer,8,189,4,20,4,50,3,16,0,7
Taxonomy Aggregate Coverage/taxonomy-app,com.taxonomy.security.config,PasswordChangeRequiredFilterConfiguration,0,15,0,0,0,4,0,2,0,2
Taxonomy Aggregate Coverage/taxonomy-app,com.taxonomy.security.config,SecurityConfig,24,197,5,19,8,47,8,19,3,12
Taxonomy Aggregate Coverage/taxonomy-app,com.taxonomy.security.config,PasswordEncodingConfig,0,7,0,0,0,2,0,2,0,2
Taxonomy Aggregate Coverage/taxonomy-app,com.taxonomy.security.config,SecurityDataInitializer.new TransactionSynchronization() {...},4,9,1,1,1,3,1,2,0,2
Taxonomy Aggregate Coverage/taxonomy-app,com.taxonomy.security.config,LoginRateLimitFilter.LockState,0,19,0,0,0,2,0,2,0,2
Taxonomy Aggregate Coverage/taxonomy-app,com.taxonomy.shared.extension.runtime,ExtensionRegistry.Registration,0,12,0,0,0,1,0,1,0,1
Taxonomy Aggregate Coverage/taxonomy-app,com.taxonomy.shared.extension.runtime,ExtensionRegistry,96,218,11,15,16,46,14,11,3,9
Taxonomy Aggregate Coverage/taxonomy-app,com.taxonomy.composition.architecture,ArchitectureEditorExportController,45,272,6,14,11,50,7,15,2,9
Taxonomy Aggregate Coverage/taxonomy-app,com.taxonomy.composition.persistence,TaxonomySchemaMigrationConfig.SchemaState,0,64,0,2,0,14,0,4,0,3
Taxonomy Aggregate Coverage/taxonomy-app,com.taxonomy.composition.persistence,TaxonomySchemaMigrationConfig,0,258,0,14,0,48,0,15,0,8
Taxonomy Aggregate Coverage/taxonomy-app,com.taxonomy.composition.persistence,TaxonomySchemaMigrationConfig.LegacyState,0,15,0,0,0,3,0,1,0,1
Taxonomy Aggregate Coverage/taxonomy-app,com.taxonomy.export.service,SvgExportExtension,0,37,0,0,0,8,0,4,0,4
Taxonomy Aggregate Coverage/taxonomy-app,com.taxonomy.export.service,ExportFormatExtensionRegistry,0,88,0,6,0,21,0,11,0,8
Taxonomy Aggregate Coverage/taxonomy-app,com.taxonomy.export.service,MermaidExportExtension,0,55,1,3,0,11,1,6,0,5
Taxonomy Aggregate Coverage/taxonomy-app,com.taxonomy.export.service,VisioExportExtension,7,35,0,0,2,8,0,4,0,4
Taxonomy Aggregate Coverage/taxonomy-app,com.taxonomy.export.service,StructurizrExportExtension,0,31,0,0,0,7,0,4,0,4
Taxonomy Aggregate Coverage/taxonomy-app,com.taxonomy.export.service,ArchiMateExportExtension,0,35,0,0,0,8,0,4,0,4
Taxonomy Aggregate Coverage/taxonomy-app,com.taxonomy.export.service,ExportFacade,38,249,13,39,6,51,18,21,5,8
Taxonomy Aggregate Coverage/taxonomy-app,com.taxonomy.export.service,SparxExportExtension,7,20,0,0,1,3,0,3,0,3
Taxonomy Aggregate Coverage/taxonomy-app,com.taxonomy.security.webdav,WebDavApplicationCredentialService.CreatedCredential,0,17,0,0,0,4,0,1,0,1
Taxonomy Aggregate Coverage/taxonomy-app,com.taxonomy.security.webdav,WebDavApplicationCredentialFilter,19,628,12,63,6,179,12,45,0,19
Taxonomy Aggregate Coverage/taxonomy-app,com.taxonomy.security.webdav,WebDavApplicationCredentialService,7,685,15,89,0,164,13,59,0,20
Taxonomy Aggregate Coverage/taxonomy-app,com.taxonomy.security.webdav,WebDavApplicationCredentialFilter.BasicParseResult,0,27,0,0,0,4,0,4,0,4
Taxonomy Aggregate Coverage/taxonomy-app,com.taxonomy.security.webdav,WebDavApplicationCredential,3,80,0,0,1,23,1,23,1,23
Taxonomy Aggregate Coverage/taxonomy-app,com.taxonomy.security.webdav,WebDavApplicationCredentialService.CredentialMetadata,0,36,0,4,0,2,0,4,0,2
Taxonomy Aggregate Coverage/taxonomy-app,com.taxonomy.security.webdav,WebDavApplicationCredentialAdminController.CreateCredentialRequest,0,15,0,0,0,1,0,1,0,1
Taxonomy Aggregate Coverage/taxonomy-app,com.taxonomy.security.webdav,WebDavApplicationCredentialAdminController,0,42,0,2,0,13,0,5,0,4
Taxonomy Aggregate Coverage/taxonomy-app,com.taxonomy.security.webdav,WebDavApplicationCredentialFilter.FailureTracker,0,100,0,8,0,23,0,10,0,6
Taxonomy Aggregate Coverage/taxonomy-app,com.taxonomy.security.webdav,WebDavApplicationCredentialConfiguration,0,20,0,0,0,5,0,3,0,3
Taxonomy Aggregate Coverage/taxonomy-app,com.taxonomy.security.webdav,WebDavApplicationCredentialFilter.LockState,0,19,0,0,0,2,0,2,0,2
Taxonomy Aggregate Coverage/taxonomy-app,com.taxonomy.security.webdav,WebDavApplicationCredentialService.CredentialPrincipal,0,18,0,0,0,1,0,1,0,1
Taxonomy Aggregate Coverage/taxonomy-app,com.taxonomy.security.webdav,WebDavApplicationCredentialFilter.BasicCredential,0,9,0,0,0,1,0,1,0,1
Taxonomy Aggregate Coverage/taxonomy-app,com.taxonomy.security.webdav,WebDavApplicationCredentialPageController,0,56,0,0,0,14,0,4,0,4
Taxonomy Aggregate Coverage/taxonomy-app,com.taxonomy.composition.importer,ApqcCsvImportProfileExtension,0,33,0,0,0,13,0,5,0,5
Taxonomy Aggregate Coverage/taxonomy-app,com.taxonomy.composition.importer,UafImportProfileExtension,0,33,0,0,0,13,0,5,0,5
Taxonomy Aggregate Coverage/taxonomy-app,com.taxonomy.composition.importer,C4ImportProfileExtension,0,33,0,0,0,13,0,5,0,5
Taxonomy Aggregate Coverage/taxonomy-app,com.taxonomy.composition.importer,AbstractFrameworkImportProfileExtension,0,234,0,2,0,51,0,6,0,5
Taxonomy Aggregate Coverage/taxonomy-app,com.taxonomy.composition.importer,ApqcExcelImportProfileExtension,4,27,0,0,2,9,2,3,2,3
Taxonomy Aggregate Coverage/taxonomy-app,com.taxonomy.preferences.storage,PreferencesCommit,0,15,0,0,0,1,0,1,0,1
Taxonomy Aggregate Coverage/taxonomy-app,com.taxonomy.preferences.storage,PreferencesGitRepository,32,365,11,23,7,90,10,22,2,13
Taxonomy Aggregate Coverage/taxonomy-app,com.taxonomy.composition.interop,PortfolioInteropAdapter,0,478,1,23,0,62,1,47,0,34
Taxonomy Aggregate Coverage/taxonomy-app,com.taxonomy.provenance.service,DocumentProvenanceCommandService.RegistrationResult,0,9,0,0,0,1,0,1,0,1
Taxonomy Aggregate Coverage/taxonomy-app,com.taxonomy.provenance.service,DocumentProvenanceCommandService,69,311,19,31,13,74,20,12,1,6
Taxonomy Aggregate Coverage/taxonomy-app,com.taxonomy.provenance.service,ChunkingStrategySelector,0,88,1,13,0,23,1,10,0,4
Taxonomy Aggregate Coverage/taxonomy-app,com.taxonomy.provenance.service,DocumentParserService.CandidateExtraction,0,9,0,0,0,1,0,1,0,1
Taxonomy Aggregate Coverage/taxonomy-app,com.taxonomy.provenance.service,StructuredDocumentParser,1,127,2,16,0,28,2,10,0,3
Taxonomy Aggregate Coverage/taxonomy-app,com.taxonomy.provenance.service,DocumentLimitException,8,10,0,0,3,4,1,2,1,2
Taxonomy Aggregate Coverage/taxonomy-app,com.taxonomy.provenance.service,SourceProvenanceService,15,248,2,2,3,54,3,12,1,12
Taxonomy Aggregate Coverage/taxonomy-app,com.taxonomy.provenance.service,HierarchicalChunkingService,3,217,1,19,1,52,1,16,0,7
Taxonomy Aggregate Coverage/taxonomy-app,com.taxonomy.provenance.service,DocumentParserService.TextExtraction,0,9,0,0,0,1,0,1,0,1
Taxonomy Aggregate Coverage/taxonomy-app,com.taxonomy.provenance.service,DocumentProvenanceCommandService.CandidateInput,0,9,0,0,0,1,0,1,0,1
Taxonomy Aggregate Coverage/taxonomy-app,com.taxonomy.provenance.service,DocumentParserService.ParsedContent,0,12,0,0,0,1,0,1,0,1
Taxonomy Aggregate Coverage/taxonomy-app,com.taxonomy.provenance.service,SemanticChunkingService,2,351,6,30,0,66,6,22,0,10
Taxonomy Aggregate Coverage/taxonomy-app,com.taxonomy.provenance.service,DocumentProvenanceCommandService.ConfirmationResult,0,9,0,0,0,1,0,1,0,1
Taxonomy Aggregate Coverage/taxonomy-app,com.taxonomy.provenance.service,DocumentProvenanceCommandService.ProvenanceCommandException,0,10,0,0,0,4,0,2,0,2
Taxonomy Aggregate Coverage/taxonomy-app,com.taxonomy.provenance.service,DocumentParserService.HeadingMatch,0,9,0,0,0,1,0,1,0,1
Taxonomy Aggregate Coverage/taxonomy-app,com.taxonomy.provenance.service,DocumentParserService,184,833,51,94,41,178,43,52,2,20
Taxonomy Aggregate Coverage/taxonomy-app,com.taxonomy.provenance.service,DocumentParserService.BoundedTextWriter,9,45,2,2,5,12,4,4,2,4
Taxonomy Aggregate Coverage/taxonomy-app,com.taxonomy.provenance.service,DocumentAnalysisService,51,276,4,34,9,70,4,26,1,10
Taxonomy Aggregate Coverage/taxonomy-app,com.taxonomy.provenance.service,DocumentAnalysisService.new TypeReference() {...},0,3,0,0,0,1,0,1,0,1
Taxonomy Aggregate Coverage/taxonomy-app,com.taxonomy.provenance.service,DocumentAnalysisService.new TypeReference() {...},0,3,0,0,0,1,0,1,0,1
Taxonomy Aggregate Coverage/taxonomy-app,com.taxonomy.provenance.controller,DocumentImportController,371,182,33,17,87,47,27,13,5,10
Taxonomy Aggregate Coverage/taxonomy-app,com.taxonomy.provenance.controller,DocumentImportController.ConfirmCandidatesRequest,0,12,0,0,0,1,0,1,0,1
Taxonomy Aggregate Coverage/taxonomy-app,com.taxonomy.provenance.controller,DocumentImportExceptionHandler,18,29,1,3,2,6,3,3,2,2
Taxonomy Aggregate Coverage/taxonomy-app,com.taxonomy.provenance.controller,DocumentImportController.ConfirmedCandidate,0,9,0,0,0,1,0,1,0,1
Taxonomy Aggregate Coverage/taxonomy-app,com.taxonomy.provenance.controller,DocumentImportController.BoundedText,9,0,0,0,1,0,1,0,1,0
Taxonomy Aggregate Coverage/taxonomy-app,com.taxonomy.shared.service,SystemInformationService.Metadata,0,18,0,0,0,1,0,1,0,1
Taxonomy Aggregate Coverage/taxonomy-app,com.taxonomy.shared.service,LogRingBufferService.LogEntry,0,15,0,0,0,1,0,1,0,1
Taxonomy Aggregate Coverage/taxonomy-app,com.taxonomy.shared.service,LogRingBufferService,63,41,19,1,16,12,11,2,1,2
Taxonomy Aggregate Coverage/taxonomy-app,com.taxonomy.shared.service,SystemInformationService.DatabaseInfo,0,36,0,0,0,1,0,1,0,1
Taxonomy Aggregate Coverage/taxonomy-app,com.taxonomy.shared.service,DatabaseDiagnosticFunctions,3,66,2,10,2,22,2,7,0,3
Taxonomy Aggregate Coverage/taxonomy-app,com.taxonomy.shared.service,HealthSummaryService,0,200,0,10,0,36,0,7,0,2
Taxonomy Aggregate Coverage/taxonomy-app,com.taxonomy.shared.service,SystemInformationService,50,527,25,47,11,123,23,25,0,12
Taxonomy Aggregate Coverage/taxonomy-app,com.taxonomy.shared.service,SystemInformationService.DiskInfo,0,15,0,0,0,1,0,1,0,1
Taxonomy Aggregate Coverage/taxonomy-app,com.taxonomy.shared.service,LogRingBufferService.new AppenderBase() {...},10,32,1,1,2,9,1,2,0,2
Taxonomy Aggregate Coverage/taxonomy-app,com.taxonomy.shared.service,SystemInformationService.Snapshot,0,24,0,0,0,1,0,1,0,1
Taxonomy Aggregate Coverage/taxonomy-app,com.taxonomy.shared.service,SystemInformationService.RuntimeInfo,0,30,0,0,0,1,0,1,0,1
Taxonomy Aggregate Coverage/taxonomy-app,com.taxonomy.composition.reformulation,ReformulationExecutionService.LocalExecution,0,87,2,16,0,20,2,13,0,6
Taxonomy Aggregate Coverage/taxonomy-app,com.taxonomy.composition.reformulation,ReformulationExecutionService,66,950,25,63,3,123,26,43,1,24
Taxonomy Aggregate Coverage/taxonomy-app,com.taxonomy.composition.reformulation,ReformulationRecoveryCoordinator,6,124,6,8,1,17,6,9,0,8
Taxonomy Aggregate Coverage/taxonomy-app,com.taxonomy.composition.reformulation,ReformulationReportController,5,339,1,11,0,53,1,11,0,4
Taxonomy Aggregate Coverage/taxonomy-app,com.taxonomy.composition.reformulation,ReformulationProgressController,0,72,0,0,0,11,0,4,0,4
Taxonomy Aggregate Coverage/taxonomy-app,com.taxonomy.composition.reformulation,ReformulationExecutionService.new LlmTransportMeter.Journal() {...},10,75,2,2,0,11,2,3,0,3
Taxonomy Aggregate Coverage/taxonomy-app,com.taxonomy.composition.reformulation,ReformulationAdoptionController,13,120,1,3,1,13,1,8,0,7
Taxonomy Aggregate Coverage/taxonomy-app,com.taxonomy.composition.reformulation,ReformulationBaselineAdapter,14,166,2,4,3,24,2,3,0,2
Taxonomy Aggregate Coverage/taxonomy-app,com.taxonomy.composition.reformulation,ReformulationController,44,395,4,20,1,37,4,24,0,16
Taxonomy Aggregate Coverage/taxonomy-app,com.taxonomy.composition.reformulation,ReformulationExceptionHandler,0,3,0,0,0,1,0,1,0,1
Taxonomy Aggregate Coverage/taxonomy-app,com.taxonomy.shared.config,CommitIndexSchemaMigrator.ColumnDefinition,6,0,0,0,1,0,1,0,1,0
Taxonomy Aggregate Coverage/taxonomy-app,com.taxonomy.shared.config,OracleHypothesisSessionColumnMigrator.ColumnRef,12,0,0,0,1,0,1,0,1,0
Taxonomy Aggregate Coverage/taxonomy-app,com.taxonomy.shared.config,SchemaContractMigration,0,52,0,0,0,15,0,3,0,3
Taxonomy Aggregate Coverage/taxonomy-app,com.taxonomy.shared.config,RateLimitFilter.WindowCounter,0,83,0,6,0,22,0,9,0,6
Taxonomy Aggregate Coverage/taxonomy-app,com.taxonomy.shared.config,SchemaContractMigrator.TableRef,0,12,0,0,0,1,0,1,0,1
Taxonomy Aggregate Coverage/taxonomy-app,com.taxonomy.shared.config,OracleHypothesisSessionColumnMigrator.TableRef,12,0,0,0,1,0,1,0,1,0
Taxonomy Aggregate Coverage/taxonomy-app,com.taxonomy.shared.config,OpenApiConfig,0,257,0,0,0,36,0,2,0,2
Taxonomy Aggregate Coverage/taxonomy-app,com.taxonomy.shared.config,RateLimitFilterConfiguration,0,15,0,0,0,4,0,2,0,2
Taxonomy Aggregate Coverage/taxonomy-app,com.taxonomy.shared.config,CommitIndexSchemaMigrator.IndexDefinition,0,9,0,0,0,1,0,1,0,1
Taxonomy Aggregate Coverage/taxonomy-app,com.taxonomy.shared.config,OracleHypothesisSessionColumnMigrator,578,65,65,11,137,19,49,10,15,6
Taxonomy Aggregate Coverage/taxonomy-app,com.taxonomy.shared.config,ExportConfig,0,105,0,9,0,28,0,20,0,13
Taxonomy Aggregate Coverage/taxonomy-app,com.taxonomy.shared.config,SchemaContractMigrator,177,1105,41,79,45,271,35,60,2,33
Taxonomy Aggregate Coverage/taxonomy-app,com.taxonomy.shared.config,CommitIndexProjectionResetMigrator.TableRef,0,12,0,0,0,1,0,1,0,1
Taxonomy Aggregate Coverage/taxonomy-app,com.taxonomy.shared.config,RateLimitFilter,16,480,9,59,4,127,9,43,0,18
Taxonomy Aggregate Coverage/taxonomy-app,com.taxonomy.shared.config,CommitIndexProjectionResetMigrator.IndexDefinition,0,9,0,0,0,1,0,1,0,1
Taxonomy Aggregate Coverage/taxonomy-app,com.taxonomy.shared.config,WebMvcConfig,0,97,0,0,0,17,0,4,0,4
Taxonomy Aggregate Coverage/taxonomy-app,com.taxonomy.shared.config,SchemaContractMigrator.WorkspaceTenantRow,0,9,0,0,0,1,0,1,0,1
Taxonomy Aggregate Coverage/taxonomy-app,com.taxonomy.shared.config,OracleHypothesisSessionColumnMigrator.IndexDefinition,9,0,0,0,1,0,1,0,1,0
Taxonomy Aggregate Coverage/taxonomy-app,com.taxonomy.shared.config,TaxonomyHealthIndicator,1,73,1,1,0,15,1,2,0,2
Taxonomy Aggregate Coverage/taxonomy-app,com.taxonomy.shared.config,CommitIndexProjectionResetMigrator,58,464,27,49,17,108,25,32,2,17
Taxonomy Aggregate Coverage/taxonomy-app,com.taxonomy.shared.config,CommitIndexSchemaMigrator,285,822,54,60,71,199,44,47,4,30
Taxonomy Aggregate Coverage/taxonomy-app,com.taxonomy.shared.config,RateLimitFilter.Acquisition,0,9,0,0,0,1,0,1,0,1
Taxonomy Aggregate Coverage/taxonomy-app,com.taxonomy.shared.config,I18nConfig,0,107,0,0,0,9,0,5,0,5
Taxonomy Aggregate Coverage/taxonomy-app,com.taxonomy.shared.config,SchemaContractMigrator.IndexDefinition,0,9,0,0,0,1,0,1,0,1
Taxonomy Aggregate Coverage/taxonomy-app,com.taxonomy.shared.config,GlobalExceptionHandler,2,266,3,9,1,57,3,15,0,12
Taxonomy Aggregate Coverage/taxonomy-app,com.taxonomy.shared.config,CommitIndexSchemaMigrator.TableRef,0,12,0,0,0,1,0,1,0,1
Taxonomy Aggregate Coverage/taxonomy-app,com.taxonomy.shared.config,VersionModelAdvice,0,6,0,0,0,2,0,2,0,2
Taxonomy Aggregate Coverage/taxonomy-app,com.taxonomy.shared.config,LegacyScopeIdentityNormalizer,33,226,10,26,12,60,11,15,1,7
Taxonomy Aggregate Coverage/taxonomy-app,com.taxonomy.composition.dsl.service,DslDocumentOperationsFacade,0,88,0,10,0,21,0,15,0,10
Taxonomy Aggregate Coverage/taxonomy-app,com.taxonomy.composition.dsl.service,GitRepositoryBootstrap,0,85,0,6,0,28,0,7,0,4
Taxonomy Aggregate Coverage/taxonomy-app,com.taxonomy.preferences,PreferencesService,30,327,6,10,6,69,5,17,0,14
Taxonomy Aggregate Coverage/taxonomy-app,com.taxonomy.preferences,PreferencesStorageConfig,0,15,0,0,0,4,0,3,0,3
