GROUP,PACKAGE,CLASS,INSTRUCTION_MISSED,INSTRUCTION_COVERED,BRANCH_MISSED,BRANCH_COVERED,LINE_MISSED,LINE_COVERED,COMPLEXITY_MISSED,COMPLEXITY_COVERED,METHOD_MISSED,METHOD_COVERED
Taxonomy Aggregate Coverage/taxonomy-domain,com.taxonomy.dto,RelationQualityMetrics,0,30,0,0,0,1,0,1,0,1
Taxonomy Aggregate Coverage/taxonomy-domain,com.taxonomy.dto,ProjectionState,0,24,0,0,0,1,0,1,0,1
Taxonomy Aggregate Coverage/taxonomy-domain,com.taxonomy.dto,RequirementSourceLinkDto,26,47,0,0,8,13,8,13,8,13
Taxonomy Aggregate Coverage/taxonomy-domain,com.taxonomy.dto,ContextRef,0,36,0,0,0,1,0,1,0,1
Taxonomy Aggregate Coverage/taxonomy-domain,com.taxonomy.dto,TaxonomyDiscrepancy,0,12,0,0,0,1,0,1,0,1
Taxonomy Aggregate Coverage/taxonomy-domain,com.taxonomy.dto,RecommendedElement,23,40,0,0,6,14,6,8,6,8
Taxonomy Aggregate Coverage/taxonomy-domain,com.taxonomy.dto,ElementHistoryAggregation,33,0,2,0,3,0,3,0,2,0
Taxonomy Aggregate Coverage/taxonomy-domain,com.taxonomy.dto,DocumentParseResult,5,69,1,1,1,20,2,18,1,18
Taxonomy Aggregate Coverage/taxonomy-domain,com.taxonomy.dto,TaxonomyNodeDto,0,164,0,0,0,46,0,43,0,43
Taxonomy Aggregate Coverage/taxonomy-domain,com.taxonomy.dto,ImpactElement,0,45,0,0,0,13,0,13,0,13
Taxonomy Aggregate Coverage/taxonomy-domain,com.taxonomy.dto,RelationHypothesisDto,8,68,0,0,2,22,2,14,2,14
Taxonomy Aggregate Coverage/taxonomy-domain,com.taxonomy.dto,RepositoryState,0,51,0,0,0,1,0,1,0,1
Taxonomy Aggregate Coverage/taxonomy-domain,com.taxonomy.dto,TopRejectedProposal,24,0,0,0,1,0,1,0,1,0
Taxonomy Aggregate Coverage/taxonomy-domain,com.taxonomy.dto,ArchitectureRecommendation,0,77,0,0,0,20,0,15,0,15
Taxonomy Aggregate Coverage/taxonomy-domain,com.taxonomy.dto,TransferConflict,0,15,0,0,0,1,0,1,0,1
Taxonomy Aggregate Coverage/taxonomy-domain,com.taxonomy.dto,NodeOrigin,0,56,0,0,0,11,0,3,0,3
Taxonomy Aggregate Coverage/taxonomy-domain,com.taxonomy.dto,CoverageGap,19,27,0,0,5,10,5,5,5,5
Taxonomy Aggregate Coverage/taxonomy-domain,com.taxonomy.dto,SourceFragmentDto,14,59,0,0,4,17,4,17,4,17
Taxonomy Aggregate Coverage/taxonomy-domain,com.taxonomy.dto,SavedAnalysis,0,76,0,0,0,22,0,21,0,21
Taxonomy Aggregate Coverage/taxonomy-domain,com.taxonomy.dto,ArchitectureReport,0,81,0,0,0,24,0,21,0,21
Taxonomy Aggregate Coverage/taxonomy-domain,com.taxonomy.dto,ChunkingStrategy,0,21,0,0,0,4,0,1,0,1
Taxonomy Aggregate Coverage/taxonomy-domain,com.taxonomy.dto,SuggestedRelation,0,46,0,0,0,15,0,10,0,10
Taxonomy Aggregate Coverage/taxonomy-domain,com.taxonomy.dto,TransferSelection.TransferMode,0,21,0,0,0,4,0,1,0,1
Taxonomy Aggregate Coverage/taxonomy-domain,com.taxonomy.dto,ApqcHierarchyNode,24,0,0,0,1,0,1,0,1,0
Taxonomy Aggregate Coverage/taxonomy-domain,com.taxonomy.dto,ContextComparison.DiffSummary,0,39,0,0,0,2,0,2,0,2
Taxonomy Aggregate Coverage/taxonomy-domain,com.taxonomy.dto,RequirementAnchor,15,21,0,0,4,8,4,4,4,4
Taxonomy Aggregate Coverage/taxonomy-domain,com.taxonomy.dto,HierarchicalChunk,0,45,0,0,0,13,0,13,0,13
Taxonomy Aggregate Coverage/taxonomy-domain,com.taxonomy.dto,ViewContext,0,21,0,0,0,1,0,1,0,1
Taxonomy Aggregate Coverage/taxonomy-domain,com.taxonomy.dto,SemanticChange,0,21,0,0,0,1,0,1,0,1
Taxonomy Aggregate Coverage/taxonomy-domain,com.taxonomy.dto,ArchiMateImportResult,0,71,0,0,0,21,0,19,0,19
Taxonomy Aggregate Coverage/taxonomy-domain,com.taxonomy.dto,PatternDetectionView,0,53,0,0,0,14,0,11,0,11
Taxonomy Aggregate Coverage/taxonomy-domain,com.taxonomy.dto,ImpactRelationship,15,30,0,0,5,8,5,8,5,8
Taxonomy Aggregate Coverage/taxonomy-domain,com.taxonomy.dto,ProfileInfo,0,18,0,0,0,1,0,1,0,1
Taxonomy Aggregate Coverage/taxonomy-domain,com.taxonomy.dto,WorkspaceRole,15,0,0,0,3,0,1,0,1,0
Taxonomy Aggregate Coverage/taxonomy-domain,com.taxonomy.dto,LlmCallDetail,0,59,0,0,0,17,0,17,0,17
Taxonomy Aggregate Coverage/taxonomy-domain,com.taxonomy.dto,ChangeImpactView,4,75,0,0,1,20,1,16,1,16
Taxonomy Aggregate Coverage/taxonomy-domain,com.taxonomy.dto,RequirementElementView,0,115,0,0,0,33,0,33,0,33
Taxonomy Aggregate Coverage/taxonomy-domain,com.taxonomy.dto,NodeGraphMetadata,0,21,0,0,0,1,0,1,0,1
Taxonomy Aggregate Coverage/taxonomy-domain,com.taxonomy.dto,RequirementCandidate,23,33,0,0,6,12,6,6,6,6
Taxonomy Aggregate Coverage/taxonomy-domain,com.taxonomy.dto,ProvenanceMetrics,15,0,0,0,1,0,1,0,1,0
Taxonomy Aggregate Coverage/taxonomy-domain,com.taxonomy.dto,TaxonomyRelationDto,0,73,0,0,0,21,0,21,0,21
Taxonomy Aggregate Coverage/taxonomy-domain,com.taxonomy.dto,ArchitectureSummary.NextStep,0,12,0,0,0,1,0,1,0,1
Taxonomy Aggregate Coverage/taxonomy-domain,com.taxonomy.dto,AiStatusResponse,4,39,2,2,0,12,2,6,0,6
Taxonomy Aggregate Coverage/taxonomy-domain,com.taxonomy.dto,ExplanationTrace.ScoreComponent,15,21,0,0,4,8,4,4,4,4
Taxonomy Aggregate Coverage/taxonomy-domain,com.taxonomy.dto,RequirementRelationshipView,0,104,0,2,0,29,0,28,0,27
Taxonomy Aggregate Coverage/taxonomy-domain,com.taxonomy.dto,SourceVersionDto,0,66,0,0,0,19,0,19,0,19
Taxonomy Aggregate Coverage/taxonomy-domain,com.taxonomy.dto,RelationSeedRow,0,59,1,6,0,8,1,5,0,2
Taxonomy Aggregate Coverage/taxonomy-domain,com.taxonomy.dto,GraphNeighborhoodView,4,70,0,0,1,19,1,16,1,16
Taxonomy Aggregate Coverage/taxonomy-domain,com.taxonomy.dto,AiExtractedCandidate,0,15,0,0,0,1,0,1,0,1
Taxonomy Aggregate Coverage/taxonomy-domain,com.taxonomy.dto,RegulationArchitectureMatch,0,18,0,0,0,1,0,1,0,1
Taxonomy Aggregate Coverage/taxonomy-domain,com.taxonomy.dto,ContextComparison,0,18,0,0,0,1,0,1,0,1
Taxonomy Aggregate Coverage/taxonomy-domain,com.taxonomy.dto,MissingRelation,23,33,0,0,6,12,6,6,6,6
Taxonomy Aggregate Coverage/taxonomy-domain,com.taxonomy.dto,RelationProposalDto,0,94,0,0,0,27,0,27,0,27
Taxonomy Aggregate Coverage/taxonomy-domain,com.taxonomy.dto,DetectedPattern,44,42,0,0,8,13,8,4,8,4
Taxonomy Aggregate Coverage/taxonomy-domain,com.taxonomy.dto,ContextMode,0,21,0,0,0,4,0,1,0,1
Taxonomy Aggregate Coverage/taxonomy-domain,com.taxonomy.dto,CoverageStatistics,0,27,0,0,0,1,0,1,0,1
Taxonomy Aggregate Coverage/taxonomy-domain,com.taxonomy.dto,EnrichedChangeImpactView,4,94,0,0,1,25,1,20,1,20
Taxonomy Aggregate Coverage/taxonomy-domain,com.taxonomy.dto,GapAnalysisView,0,72,0,0,0,19,0,15,0,15
Taxonomy Aggregate Coverage/taxonomy-domain,com.taxonomy.dto,ContextHistoryEntry,0,15,0,0,0,1,0,1,0,1
Taxonomy Aggregate Coverage/taxonomy-domain,com.taxonomy.dto,ApqcCoverageResult,0,18,0,0,0,1,0,1,0,1
Taxonomy Aggregate Coverage/taxonomy-domain,com.taxonomy.dto,RequirementArchitectureView,0,112,0,0,0,30,0,25,0,25
Taxonomy Aggregate Coverage/taxonomy-domain,com.taxonomy.dto,RelationOrigin,0,60,0,0,0,12,0,4,0,4
Taxonomy Aggregate Coverage/taxonomy-domain,com.taxonomy.dto,NodeCoverageEntry,0,9,0,0,0,1,0,1,0,1
Taxonomy Aggregate Coverage/taxonomy-domain,com.taxonomy.dto,AnalysisResult,4,101,0,0,1,25,1,19,1,19
Taxonomy Aggregate Coverage/taxonomy-domain,com.taxonomy.dto,RelationTypeMetrics,18,0,0,0,1,0,1,0,1,0
Taxonomy Aggregate Coverage/taxonomy-domain,com.taxonomy.dto,AiAvailabilityLevel,0,21,0,0,0,4,0,1,0,1
Taxonomy Aggregate Coverage/taxonomy-domain,com.taxonomy.dto,IncompletePattern,19,27,0,0,5,10,5,5,5,5
Taxonomy Aggregate Coverage/taxonomy-domain,com.taxonomy.dto,ExplanationTrace,0,60,0,0,0,16,0,13,0,13
Taxonomy Aggregate Coverage/taxonomy-domain,com.taxonomy.dto,AnalysisProvenance,10,25,4,4,2,4,4,1,0,1
Taxonomy Aggregate Coverage/taxonomy-domain,com.taxonomy.dto,GraphSearchResult,19,27,0,0,7,10,5,5,5,5
Taxonomy Aggregate Coverage/taxonomy-domain,com.taxonomy.dto,RequirementImpactView,4,63,0,0,1,17,1,14,1,14
Taxonomy Aggregate Coverage/taxonomy-domain,com.taxonomy.dto,WorkspaceInfo,0,81,0,0,0,5,0,3,0,3
Taxonomy Aggregate Coverage/taxonomy-domain,com.taxonomy.dto,DocumentSection,57,38,0,0,13,12,13,7,13,7
Taxonomy Aggregate Coverage/taxonomy-domain,com.taxonomy.dto,SourceArtifactDto,0,89,0,0,0,27,0,24,0,24
Taxonomy Aggregate Coverage/taxonomy-domain,com.taxonomy.dto,ArchitectureSummary,0,39,0,0,0,1,0,1,0,1
Taxonomy Aggregate Coverage/taxonomy-domain,com.taxonomy.dto,ArchitectureSummary.SummaryEntry,0,12,0,0,0,1,0,1,0,1
Taxonomy Aggregate Coverage/taxonomy-domain,com.taxonomy.dto,TransferSelection,0,18,0,0,0,1,0,1,0,1
Taxonomy Aggregate Coverage/taxonomy-domain,com.taxonomy.dto,NavigationReason,0,33,0,0,0,6,0,1,0,1
Taxonomy Aggregate Coverage/taxonomy-domain,com.taxonomy.dto,FrameworkImportResult,0,42,0,0,0,1,0,1,0,1
Taxonomy Aggregate Coverage/taxonomy-domain,com.taxonomy.dto,EnrichedImpactElement,12,52,0,0,4,14,4,13,4,13
Taxonomy Aggregate Coverage/taxonomy-domain,com.taxonomy.dto,VersionedSearchResult,33,0,0,0,1,0,1,0,1,0
Taxonomy Aggregate Coverage/taxonomy-domain,com.taxonomy.dto,AnalysisRequest,0,43,0,0,0,13,0,10,0,10
Taxonomy Aggregate Coverage/taxonomy-domain,com.taxonomy.model,HypothesisStatus,0,27,0,0,0,5,0,1,0,1
Taxonomy Aggregate Coverage/taxonomy-domain,com.taxonomy.model,ProposalStatus,0,21,0,0,0,4,0,1,0,1
Taxonomy Aggregate Coverage/taxonomy-domain,com.taxonomy.model,SeedType,0,21,0,0,0,4,0,1,0,1
Taxonomy Aggregate Coverage/taxonomy-domain,com.taxonomy.model,LinkType,0,39,0,0,0,7,0,1,0,1
Taxonomy Aggregate Coverage/taxonomy-domain,com.taxonomy.model,SourceType,0,57,0,0,0,10,0,1,0,1
Taxonomy Aggregate Coverage/taxonomy-domain,com.taxonomy.model,RelationType,0,75,0,0,0,13,0,1,0,1
Taxonomy Aggregate Coverage/taxonomy-dsl,com.taxonomy.dsl.diff,ModelDiffer,0,425,7,57,0,83,7,39,0,14
Taxonomy Aggregate Coverage/taxonomy-dsl,com.taxonomy.dsl.diff,DiffSummary,0,93,0,2,0,16,0,3,0,2
Taxonomy Aggregate Coverage/taxonomy-dsl,com.taxonomy.dsl.diff,ModelDiff.RelationChange,0,9,0,0,0,1,0,1,0,1
Taxonomy Aggregate Coverage/taxonomy-dsl,com.taxonomy.dsl.diff,ModelDiff.ElementChange,0,9,0,0,0,1,0,1,0,1
Taxonomy Aggregate Coverage/taxonomy-dsl,com.taxonomy.dsl.diff,SemanticChange,0,61,0,0,0,5,0,5,0,5
Taxonomy Aggregate Coverage/taxonomy-dsl,com.taxonomy.dsl.diff,ModelDiff,0,73,5,7,0,5,5,4,0,3
Taxonomy Aggregate Coverage/taxonomy-dsl,com.taxonomy.dsl.diff,SemanticChangeType,0,105,0,0,0,18,0,3,0,3
Taxonomy Aggregate Coverage/taxonomy-dsl,com.taxonomy.dsl.diff,SemanticDiffDescriber,63,590,5,35,8,96,5,27,0,12
Taxonomy Aggregate Coverage/taxonomy-dsl,com.taxonomy.dsl.mapping,MappingResult,0,15,0,0,0,1,0,1,0,1
Taxonomy Aggregate Coverage/taxonomy-dsl,com.taxonomy.dsl.mapping,ExternalElement,0,18,0,0,0,1,0,1,0,1
Taxonomy Aggregate Coverage/taxonomy-dsl,com.taxonomy.dsl.mapping,ExternalModelMapper,2,306,2,10,0,70,2,7,0,3
Taxonomy Aggregate Coverage/taxonomy-dsl,com.taxonomy.dsl.mapping,ExternalRelation,0,15,0,0,0,1,0,1,0,1
Taxonomy Aggregate Coverage/taxonomy-dsl,com.taxonomy.dsl.model,RequirementMapping,0,57,0,0,0,16,0,12,0,12
Taxonomy Aggregate Coverage/taxonomy-dsl,com.taxonomy.dsl.model,ArchitectureRequirementSourceLink,0,88,0,0,0,25,0,20,0,20
Taxonomy Aggregate Coverage/taxonomy-dsl,com.taxonomy.dsl.model,CanonicalArchitectureModel,13,100,0,0,1,24,2,13,2,13
Taxonomy Aggregate Coverage/taxonomy-dsl,com.taxonomy.dsl.model,ArchitectureRequirement,0,53,0,0,0,15,0,10,0,10
Taxonomy Aggregate Coverage/taxonomy-dsl,com.taxonomy.dsl.model,ArchitectureRelation,0,74,0,0,0,21,0,16,0,16
Taxonomy Aggregate Coverage/taxonomy-dsl,com.taxonomy.dsl.model,ArchitectureEvidence,0,82,0,0,0,23,0,20,0,20
Taxonomy Aggregate Coverage/taxonomy-dsl,com.taxonomy.dsl.model,ArchitectureSource,0,81,0,0,0,23,0,18,0,18
Taxonomy Aggregate Coverage/taxonomy-dsl,com.taxonomy.dsl.model,ArchitectureSourceVersion,0,78,0,0,0,22,0,18,0,18
Taxonomy Aggregate Coverage/taxonomy-dsl,com.taxonomy.dsl.model,ArchitectureSourceFragment,26,73,0,0,8,20,5,19,5,19
Taxonomy Aggregate Coverage/taxonomy-dsl,com.taxonomy.dsl.model,TaxonomyRootTypes,0,137,0,14,0,25,0,12,0,5
Taxonomy Aggregate Coverage/taxonomy-dsl,com.taxonomy.dsl.model,ArchitectureView,0,67,0,0,0,17,0,12,0,12
Taxonomy Aggregate Coverage/taxonomy-dsl,com.taxonomy.dsl.model,ArchitectureElement,0,73,0,0,0,21,0,14,0,14
Taxonomy Aggregate Coverage/taxonomy-dsl,com.taxonomy.dsl.serializer,TaxDslSerializer,24,562,13,47,2,97,12,30,0,12
Taxonomy Aggregate Coverage/taxonomy-dsl,com.taxonomy.dsl.mapping.profiles,UafMappingProfile,0,186,2,6,0,39,2,12,0,10
Taxonomy Aggregate Coverage/taxonomy-dsl,com.taxonomy.dsl.mapping.profiles,ArchiMateMappingProfile,0,192,2,6,0,40,2,12,0,10
Taxonomy Aggregate Coverage/taxonomy-dsl,com.taxonomy.dsl.mapping.profiles,ApqcMappingProfile,0,85,0,4,0,19,0,12,0,10
Taxonomy Aggregate Coverage/taxonomy-dsl,com.taxonomy.dsl.mapping.profiles,C4MappingProfile,0,102,0,4,0,21,0,12,0,10
Taxonomy Aggregate Coverage/taxonomy-dsl,com.taxonomy.dsl.validation,DslValidationResult,63,45,8,2,10,9,7,8,3,7
Taxonomy Aggregate Coverage/taxonomy-dsl,com.taxonomy.dsl.validation,DslValidator,72,634,31,69,15,119,25,37,0,12
Taxonomy Aggregate Coverage/taxonomy-dsl,com.taxonomy.dsl.merge,TaxDslMergeResult,2,25,1,1,0,5,1,3,0,3
Taxonomy Aggregate Coverage/taxonomy-dsl,com.taxonomy.dsl.merge,TaxDslSemanticMerger,91,744,27,75,13,147,23,51,0,23
Taxonomy Aggregate Coverage/taxonomy-dsl,com.taxonomy.dsl.merge,TaxDslMergeConflict,3,34,2,2,1,3,2,2,0,2
Taxonomy Aggregate Coverage/taxonomy-dsl,com.taxonomy.dsl.parser,TaxDslParser,65,475,15,53,11,92,14,33,1,10
Taxonomy Aggregate Coverage/taxonomy-dsl,com.taxonomy.dsl.parser,DslTokenizer,4,352,2,30,0,54,2,19,0,5
Taxonomy Aggregate Coverage/taxonomy-dsl,com.taxonomy.dsl.mapper,AstToModelMapper,7,694,19,38,0,165,19,26,0,12
Taxonomy Aggregate Coverage/taxonomy-dsl,com.taxonomy.dsl.mapper,ModelToAstMapper,93,836,27,47,16,139,25,26,1,13
Taxonomy Aggregate Coverage/taxonomy-dsl,com.taxonomy.dsl.ast,BlockAst,0,78,0,0,0,23,0,11,0,11
Taxonomy Aggregate Coverage/taxonomy-dsl,com.taxonomy.dsl.ast,MetaAst,0,15,0,0,0,1,0,1,0,1
Taxonomy Aggregate Coverage/taxonomy-dsl,com.taxonomy.dsl.ast,SourceLocation,23,12,2,0,5,1,3,1,2,1
Taxonomy Aggregate Coverage/taxonomy-dsl,com.taxonomy.dsl.ast,DocumentAst,0,31,0,0,0,7,0,5,0,5
Taxonomy Aggregate Coverage/taxonomy-dsl,com.taxonomy.dsl.ast,PropertyAst,0,24,1,3,0,2,1,3,0,2
Taxonomy Aggregate Coverage/taxonomy-export,com.taxonomy.archimate,ArchiMateModel,0,18,0,0,0,1,0,1,0,1
Taxonomy Aggregate Coverage/taxonomy-export,com.taxonomy.archimate,ArchiMateView,0,15,0,0,0,1,0,1,0,1
Taxonomy Aggregate Coverage/taxonomy-export,com.taxonomy.archimate,ArchiMateRelationship,0,21,0,0,0,1,0,1,0,1
Taxonomy Aggregate Coverage/taxonomy-export,com.taxonomy.archimate,ArchiMateViewConnection,0,15,0,0,0,1,0,1,0,1
Taxonomy Aggregate Coverage/taxonomy-export,com.taxonomy.archimate,ArchiMateElement,0,15,0,0,0,1,0,1,0,1
Taxonomy Aggregate Coverage/taxonomy-export,com.taxonomy.archimate,ArchiMateViewNode,0,36,0,0,0,1,0,1,0,1
Taxonomy Aggregate Coverage/taxonomy-export,com.taxonomy.export.spi,ExportFormatDescriptor,0,18,0,0,0,1,0,1,0,1
Taxonomy Aggregate Coverage/taxonomy-export,com.taxonomy.export.spi,ExportResult,0,29,0,0,0,6,0,3,0,3
Taxonomy Aggregate Coverage/taxonomy-export,com.taxonomy.export.spi,ExportContext,2,25,1,1,0,5,1,2,0,2
Taxonomy Aggregate Coverage/taxonomy-export,com.taxonomy.export.spi,ExportFormatExtension,0,21,0,0,0,4,0,4,0,4
Taxonomy Aggregate Coverage/taxonomy-export,com.taxonomy.export,ArchiMateDiagramService,69,677,13,77,7,121,13,63,0,14
Taxonomy Aggregate Coverage/taxonomy-export,com.taxonomy.export,VisioPackageBuilder,0,280,0,6,0,57,0,14,0,11
Taxonomy Aggregate Coverage/taxonomy-export,com.taxonomy.export,MermaidExportService,67,904,21,86,13,171,18,62,0,24
Taxonomy Aggregate Coverage/taxonomy-export,com.taxonomy.export,PersistedDiagramProjection,0,9,0,0,0,2,0,1,0,1
Taxonomy Aggregate Coverage/taxonomy-export,com.taxonomy.export,ClusteringDiagramSelectionPolicy,4,4,0,0,2,2,1,1,1,1
Taxonomy Aggregate Coverage/taxonomy-export,com.taxonomy.export,LeafOnlyDiagramSelectionPolicy,4,4,0,0,2,2,1,1,1,1
Taxonomy Aggregate Coverage/taxonomy-export,com.taxonomy.export,ArchiMateXmlExporter,3,502,5,23,1,105,5,18,0,9
Taxonomy Aggregate Coverage/taxonomy-export,com.taxonomy.export,DiagramViewMetadata,0,103,1,17,0,21,1,11,0,3
Taxonomy Aggregate Coverage/taxonomy-export,com.taxonomy.export,ConfigurableDiagramSelectionPolicy,14,774,14,106,1,129,15,67,1,21
Taxonomy Aggregate Coverage/taxonomy-export,com.taxonomy.export,VisioDiagramService,1,207,3,11,0,37,3,8,0,4
Taxonomy Aggregate Coverage/taxonomy-export,com.taxonomy.export,StructurizrExportService,14,328,8,24,2,61,8,14,0,6
Taxonomy Aggregate Coverage/taxonomy-export,com.taxonomy.export,MermaidLabels,0,435,0,0,0,72,0,6,0,6
Taxonomy Aggregate Coverage/taxonomy-export,com.taxonomy.export,DiagramTextWrapper,7,129,7,21,2,31,7,10,0,3
Taxonomy Aggregate Coverage/taxonomy-export,com.taxonomy.export,LayeredDiagramLayoutService,20,332,12,24,1,73,14,12,2,6
Taxonomy Aggregate Coverage/taxonomy-export,com.taxonomy.export,DiagramProjectionService,4,383,1,21,1,75,2,16,1,6
Taxonomy Aggregate Coverage/taxonomy-export,com.taxonomy.export,SvgDiagramRenderer,15,381,10,19,5,78,10,12,0,5
Taxonomy Aggregate Coverage/taxonomy-export,com.taxonomy.export,DiagramSelectionConfig,0,82,0,0,0,5,0,5,0,5
Taxonomy Aggregate Coverage/taxonomy-export,com.taxonomy.export,EdgeRerouteStrategy,0,103,0,12,0,20,0,11,0,5
Taxonomy Aggregate Coverage/taxonomy-export,com.taxonomy.export,TraceDiagramSelectionPolicy,4,4,0,0,2,2,1,1,1,1
Taxonomy Aggregate Coverage/taxonomy-export,com.taxonomy.visio.converter,VisioDocumentConverter,0,61,0,0,0,21,0,4,0,4
Taxonomy Aggregate Coverage/taxonomy-export,com.taxonomy.visio.converter,VisioPageContentsConverter,0,243,0,8,0,59,0,9,0,5
Taxonomy Aggregate Coverage/taxonomy-export,com.taxonomy.visio.converter,VisioPagesConverter,0,66,0,2,0,16,0,5,0,4
Taxonomy Aggregate Coverage/taxonomy-export,com.taxonomy.visio,VisioDocument,0,11,0,0,0,3,0,2,0,2
Taxonomy Aggregate Coverage/taxonomy-export,com.taxonomy.visio,VisioConnect,0,21,0,0,0,8,0,4,0,4
Taxonomy Aggregate Coverage/taxonomy-export,com.taxonomy.visio,VisioShape,3,48,0,0,1,17,1,8,1,8
Taxonomy Aggregate Coverage/taxonomy-export,com.taxonomy.visio,VisioPage,3,28,0,0,1,9,1,4,1,4
Taxonomy Aggregate Coverage/taxonomy-export,com.taxonomy.diagram,DiagramSceneNode,0,45,0,0,0,1,0,1,0,1
Taxonomy Aggregate Coverage/taxonomy-export,com.taxonomy.diagram,DiagramSceneEdge,0,33,0,0,0,1,0,1,0,1
Taxonomy Aggregate Coverage/taxonomy-export,com.taxonomy.diagram,DiagramScene,4,35,2,2,0,5,2,2,0,2
Taxonomy Aggregate Coverage/taxonomy-export,com.taxonomy.diagram,DiagramLayout,0,9,0,0,0,1,0,1,0,1
Taxonomy Aggregate Coverage/taxonomy-export,com.taxonomy.diagram,DiagramModel,0,15,0,0,0,1,0,1,0,1
Taxonomy Aggregate Coverage/taxonomy-export,com.taxonomy.diagram,DiagramEdge,0,30,0,0,0,3,0,2,0,2
Taxonomy Aggregate Coverage/taxonomy-export,com.taxonomy.diagram,DiagramNode,0,46,0,0,0,3,0,2,0,2
Taxonomy Aggregate Coverage/taxonomy-extension-api,com.taxonomy.extension.api.llm,LlmProviderExtension,0,21,0,0,0,4,0,4,0,4
Taxonomy Aggregate Coverage/taxonomy-extension-api,com.taxonomy.extension.api.llm,LlmProviderDescriptor,2,29,1,1,0,4,1,1,0,1
Taxonomy Aggregate Coverage/taxonomy-extension-api,com.taxonomy.extension.api.report,ReportRenderContext,2,25,1,1,0,5,1,2,0,2
Taxonomy Aggregate Coverage/taxonomy-extension-api,com.taxonomy.extension.api.report,ReportRendererExtension,0,21,0,0,0,4,0,4,0,4
Taxonomy Aggregate Coverage/taxonomy-extension-api,com.taxonomy.extension.api.report,ReportRenderResult,0,29,0,0,0,6,0,3,0,3
Taxonomy Aggregate Coverage/taxonomy-extension-api,com.taxonomy.extension.api.report,ReportFormatDescriptor,0,18,0,0,0,1,0,1,0,1
Taxonomy Aggregate Coverage/taxonomy-extension-api,com.taxonomy.shared.extension,ExtensionDescriptor,0,15,0,0,0,1,0,1,0,1
Taxonomy Aggregate Coverage/taxonomy-extension-api,com.taxonomy.shared.extension,TaxonomyExtension,2,12,0,0,1,1,1,1,1,1
Taxonomy Aggregate Coverage/taxonomy-extension-api,com.taxonomy.shared.extension,ExtensionKind,0,33,0,0,0,6,0,1,0,1
Taxonomy Aggregate Coverage/taxonomy-extension-api,com.taxonomy.extension.api.importer,ImportProfileExtension,0,21,0,0,0,5,0,4,0,4
Taxonomy Aggregate Coverage/taxonomy-extension-api,com.taxonomy.extension.api.importer,ImportInput,0,20,0,0,0,4,0,2,0,2
Taxonomy Aggregate Coverage/taxonomy-extension-api,com.taxonomy.extension.api.importer,ImportProfileDescriptor,0,18,0,0,0,1,0,1,0,1
Taxonomy Aggregate Coverage/taxonomy-app,com.taxonomy.security.model,AppRole,11,12,0,0,5,6,3,3,3,3
Taxonomy Aggregate Coverage/taxonomy-app,com.taxonomy.security.model,AppUser,0,67,0,0,0,21,0,17,0,17
Taxonomy Aggregate Coverage/taxonomy-app,com.taxonomy.provenance.config,DocumentImportLimits,15,68,0,0,5,22,4,13,4,13
Taxonomy Aggregate Coverage/taxonomy-app,com.taxonomy.provenance.config,DocumentMultipartConfiguration,3,19,0,0,2,5,0,2,0,2
Taxonomy Aggregate Coverage/taxonomy-app,com.taxonomy.relations.controller,CoverageApiController,1,53,1,1,0,15,1,7,0,7
Taxonomy Aggregate Coverage/taxonomy-app,com.taxonomy.relations.controller,RelationApiController,9,154,6,10,4,37,6,8,0,6
Taxonomy Aggregate Coverage/taxonomy-app,com.taxonomy.relations.controller,CoverageApiController.RecordCoverageRequest,0,15,0,0,0,1,0,1,0,1
Taxonomy Aggregate Coverage/taxonomy-app,com.taxonomy.relations.controller,QualityApiController,0,27,0,0,0,7,0,5,0,5
Taxonomy Aggregate Coverage/taxonomy-app,com.taxonomy.relations.controller,ProposalApiController,173,221,34,24,31,55,22,18,1,10
Taxonomy Aggregate Coverage/taxonomy-app,com.taxonomy.search,EmbeddingBridgeSupport,1,43,1,5,1,12,1,5,0,3
Taxonomy Aggregate Coverage/taxonomy-app,com.taxonomy.search,NodeEmbeddingBinder,0,29,0,0,0,12,0,2,0,2
Taxonomy Aggregate Coverage/taxonomy-app,com.taxonomy.search,RelationEmbeddingBinder.Bridge,3,83,6,8,0,18,6,4,0,3
Taxonomy Aggregate Coverage/taxonomy-app,com.taxonomy.search,RelationEmbeddingBinder,0,25,0,0,0,10,0,2,0,2
Taxonomy Aggregate Coverage/taxonomy-app,com.taxonomy.search,LocalOnnxIndexInitializer,99,37,11,3,38,13,7,4,1,3
Taxonomy Aggregate Coverage/taxonomy-app,com.taxonomy.search,NodeEmbeddingBinder.Bridge,4,181,10,20,0,34,10,8,0,3
Taxonomy Aggregate Coverage/taxonomy-app,com.taxonomy.provenance.model,SourceArtifact,20,76,0,0,5,24,5,20,5,20
Taxonomy Aggregate Coverage/taxonomy-app,com.taxonomy.provenance.model,RequirementSourceLink,12,59,0,0,6,25,3,15,3,15
Taxonomy Aggregate Coverage/taxonomy-app,com.taxonomy.provenance.model,SourceVersion,15,60,0,0,4,19,4,16,4,16
Taxonomy Aggregate Coverage/taxonomy-app,com.taxonomy.provenance.model,SourceFragment,32,50,0,0,9,16,9,13,9,13
Taxonomy Aggregate Coverage/taxonomy-app,com.taxonomy,TaxonomyApplication,8,0,0,0,3,0,2,0,2,0
Taxonomy Aggregate Coverage/taxonomy-app,com.taxonomy,AppConfig,0,57,0,0,0,16,0,5,0,5
Taxonomy Aggregate Coverage/taxonomy-app,com.taxonomy.architecture.report,HtmlReportRendererExtension,0,31,0,0,0,7,0,4,0,4
Taxonomy Aggregate Coverage/taxonomy-app,com.taxonomy.architecture.report,MarkdownReportRendererExtension,0,31,0,0,0,7,0,4,0,4
Taxonomy Aggregate Coverage/taxonomy-app,com.taxonomy.architecture.report,JsonReportRendererExtension,16,26,0,0,3,6,1,4,1,4
Taxonomy Aggregate Coverage/taxonomy-app,com.taxonomy.architecture.report,ReportRendererRegistry,8,80,2,4,1,20,3,8,1,7
Taxonomy Aggregate Coverage/taxonomy-app,com.taxonomy.architecture.report,DocxReportRendererExtension,0,27,0,0,0,6,0,4,0,4
Taxonomy Aggregate Coverage/taxonomy-app,com.taxonomy.architecture.workbench,ArchitectureWorkbenchConfiguration,0,11,0,0,0,3,0,3,0,3
Taxonomy Aggregate Coverage/taxonomy-app,com.taxonomy.observability,TaxonomyObservationConfiguration.TaxonomyObservationBeanPostProcessor,2,253,0,4,1,34,1,5,1,3
Taxonomy Aggregate Coverage/taxonomy-app,com.taxonomy.observability,TaxonomyObservationConfiguration.TaxonomyObservationInterceptor,2,95,1,3,1,29,1,6,0,5
Taxonomy Aggregate Coverage/taxonomy-app,com.taxonomy.observability,TaxonomyObservationConfiguration.TargetDescriptor,0,15,0,0,0,3,0,1,0,1
Taxonomy Aggregate Coverage/taxonomy-app,com.taxonomy.observability,TaxonomyObservationConfiguration,5,13,0,0,2,2,2,2,2,2
Taxonomy Aggregate Coverage/taxonomy-app,com.taxonomy.search.controller,SearchApiController,47,141,11,19,9,33,11,14,0,10
Taxonomy Aggregate Coverage/taxonomy-app,com.taxonomy.analysis.controller,AnalysisApiController.JustifyLeafRequest,0,15,0,0,0,1,0,1,0,1
Taxonomy Aggregate Coverage/taxonomy-app,com.taxonomy.analysis.controller,AnalysisSseEventMapper,25,233,7,17,4,39,7,9,0,4
Taxonomy Aggregate Coverage/taxonomy-app,com.taxonomy.analysis.controller,AnalysisSseEventMapper.MappedEvent,0,9,0,0,0,1,0,1,0,1
Taxonomy Aggregate Coverage/taxonomy-app,com.taxonomy.analysis.controller,AnalysisApiController,86,307,10,16,19,89,10,14,0,11
Taxonomy Aggregate Coverage/taxonomy-app,com.taxonomy.architecture.model,ArchitectureCommitIndex,8,79,1,1,2,24,3,22,2,22
Taxonomy Aggregate Coverage/taxonomy-app,com.taxonomy.architecture.model,ArchitectureDslDocument,8,58,1,1,2,18,3,16,2,16
Taxonomy Aggregate Coverage/taxonomy-app,com.taxonomy.portfolio.config,PortfolioAnalysisExecutorConfiguration,0,35,0,0,0,10,0,2,0,2
Taxonomy Aggregate Coverage/taxonomy-app,com.taxonomy.preferences.storage,PreferencesCommit,0,15,0,0,0,1,0,1,0,1
Taxonomy Aggregate Coverage/taxonomy-app,com.taxonomy.preferences.storage,PreferencesGitRepository,32,365,11,23,7,90,10,22,2,13
Taxonomy Aggregate Coverage/taxonomy-app,com.taxonomy.architecture.pipeline,ArchitecturePipelineStepRegistry,0,143,0,10,0,35,0,10,0,5
Taxonomy Aggregate Coverage/taxonomy-app,com.taxonomy.architecture.pipeline,LeafEnrichmentStep,9,332,7,25,1,80,7,16,0,7
Taxonomy Aggregate Coverage/taxonomy-app,com.taxonomy.architecture.pipeline,AnchorSelectionStep,11,127,0,12,1,28,1,11,1,5
Taxonomy Aggregate Coverage/taxonomy-app,com.taxonomy.architecture.pipeline,ArchitectureViewPipeline,18,512,6,50,2,105,7,29,1,7
Taxonomy Aggregate Coverage/taxonomy-app,com.taxonomy.architecture.pipeline,ArchitectureViewContext,13,145,0,6,5,39,4,21,4,18
Taxonomy Aggregate Coverage/taxonomy-app,com.taxonomy.architecture.pipeline,ImpactSelectionStep,2,82,4,8,0,20,4,8,0,6
Taxonomy Aggregate Coverage/taxonomy-app,com.taxonomy.architecture.pipeline,RelevancePropagationStep,11,47,0,2,1,12,1,5,1,4
Taxonomy Aggregate Coverage/taxonomy-app,com.taxonomy.architecture.pipeline,ProvisionalRelationStep,15,200,4,18,4,53,3,14,0,6
Taxonomy Aggregate Coverage/taxonomy-app,com.taxonomy.architecture.pipeline,ElementBuildStep,11,152,1,11,1,37,2,9,1,4
Taxonomy Aggregate Coverage/taxonomy-app,com.taxonomy.architecture.pipeline,ArchitecturePipelineStep,0,22,0,0,0,5,0,5,0,5
Taxonomy Aggregate Coverage/taxonomy-app,com.taxonomy.architecture.pipeline,RelationshipBuildStep,20,198,3,27,4,45,4,19,1,7
Taxonomy Aggregate Coverage/taxonomy-app,com.taxonomy.architecture.pipeline,ArchitecturePipelineInvariantValidator,173,302,29,49,23,60,29,18,0,8
Taxonomy Aggregate Coverage/taxonomy-app,com.taxonomy.architecture.pipeline,ArchitecturePipelineStepDescriptor,0,15,0,0,0,1,0,1,0,1
Taxonomy Aggregate Coverage/taxonomy-app,com.taxonomy.architecture.pipeline,ScoringTraceStep,4,82,3,11,1,21,3,9,0,5
Taxonomy Aggregate Coverage/taxonomy-app,com.taxonomy.architecture.pipeline,ImpactRelationStep,70,382,18,46,15,85,16,27,0,11
Taxonomy Aggregate Coverage/taxonomy-app,com.taxonomy.architecture.pipeline,NodeLimitStep,11,75,1,7,1,18,2,8,1,5
Taxonomy Aggregate Coverage/taxonomy-app,com.taxonomy.catalog.model,TaxonomyNode,48,171,2,0,13,48,12,45,11,45
Taxonomy Aggregate Coverage/taxonomy-app,com.taxonomy.catalog.model,TaxonomyRelation,36,84,3,3,10,26,10,21,8,20
Taxonomy Aggregate Coverage/taxonomy-app,com.taxonomy.dsl.storage,JgitStorageSchemaMigrationConfig,138,795,18,52,38,219,21,52,4,34
Taxonomy Aggregate Coverage/taxonomy-app,com.taxonomy.dsl.storage,JgitStorageSchemaMigrationConfig.DatabaseFamily,15,73,2,4,3,19,2,7,0,6
Taxonomy Aggregate Coverage/taxonomy-app,com.taxonomy.dsl.storage,JgitStorageHibernateSchemaFilterProvider,0,24,0,0,0,8,0,7,0,7
Taxonomy Aggregate Coverage/taxonomy-app,com.taxonomy.dsl.storage,DslGitRepositoryFactory,49,149,7,13,14,39,7,16,1,12
Taxonomy Aggregate Coverage/taxonomy-app,com.taxonomy.dsl.storage,DslStorageConfig,0,28,0,0,0,7,0,4,0,4
Taxonomy Aggregate Coverage/taxonomy-app,com.taxonomy.dsl.storage,TaxonomySchemaMigrationConfig.LegacyState,0,15,0,0,0,3,0,1,0,1
Taxonomy Aggregate Coverage/taxonomy-app,com.taxonomy.dsl.storage,DslCommit,0,15,0,0,0,1,0,1,0,1
Taxonomy Aggregate Coverage/taxonomy-app,com.taxonomy.dsl.storage,TaxonomySchemaMigrationConfig,14,228,2,12,3,45,2,13,0,8
Taxonomy Aggregate Coverage/taxonomy-app,com.taxonomy.dsl.storage,JgitStorageHibernateSchemaFilterProvider.new SchemaFilter() {...},2,16,0,2,1,3,1,4,1,3
Taxonomy Aggregate Coverage/taxonomy-app,com.taxonomy.dsl.storage,DslBranch,0,12,0,0,0,1,0,1,0,1
Taxonomy Aggregate Coverage/taxonomy-app,com.taxonomy.dsl.storage,DslGitRepository,144,1515,28,78,30,323,27,66,3,37
Taxonomy Aggregate Coverage/taxonomy-app,com.taxonomy.dsl.storage,JgitStorageSchemaMigrationConfig.SchemaSnapshot,10,315,5,23,4,71,5,18,0,9
Taxonomy Aggregate Coverage/taxonomy-app,com.taxonomy.dsl.storage,JgitStorageSchemaMigrationConfig.IndexSignature,0,12,0,0,0,3,0,1,0,1
Taxonomy Aggregate Coverage/taxonomy-app,com.taxonomy.dsl.storage,TaxonomySchemaMigrationConfig.SchemaState,7,57,0,2,2,12,0,4,0,3
Taxonomy Aggregate Coverage/taxonomy-app,com.taxonomy.provenance.service,ChunkingStrategySelector,0,88,1,13,0,23,1,10,0,4
Taxonomy Aggregate Coverage/taxonomy-app,com.taxonomy.provenance.service,DocumentParserService.CandidateExtraction,0,9,0,0,0,1,0,1,0,1
Taxonomy Aggregate Coverage/taxonomy-app,com.taxonomy.provenance.service,SourceProvenanceService,15,248,2,2,3,54,3,12,1,12
Taxonomy Aggregate Coverage/taxonomy-app,com.taxonomy.provenance.service,DocumentProvenanceCommandService.CandidateInput,0,9,0,0,0,1,0,1,0,1
Taxonomy Aggregate Coverage/taxonomy-app,com.taxonomy.provenance.service,DocumentProvenanceCommandService.ConfirmationResult,0,9,0,0,0,1,0,1,0,1
Taxonomy Aggregate Coverage/taxonomy-app,com.taxonomy.provenance.service,DocumentProvenanceCommandService.ProvenanceCommandException,0,10,0,0,0,4,0,2,0,2
Taxonomy Aggregate Coverage/taxonomy-app,com.taxonomy.provenance.service,DocumentParserService.HeadingMatch,0,9,0,0,0,1,0,1,0,1
Taxonomy Aggregate Coverage/taxonomy-app,com.taxonomy.provenance.service,DocumentParserService,184,833,51,94,41,178,43,52,2,20
Taxonomy Aggregate Coverage/taxonomy-app,com.taxonomy.provenance.service,DocumentAnalysisService,91,236,16,22,21,58,14,16,2,9
Taxonomy Aggregate Coverage/taxonomy-app,com.taxonomy.provenance.service,DocumentAnalysisService.new TypeReference() {...},0,3,0,0,0,1,0,1,0,1
Taxonomy Aggregate Coverage/taxonomy-app,com.taxonomy.provenance.service,DocumentAnalysisService.new TypeReference() {...},0,3,0,0,0,1,0,1,0,1
Taxonomy Aggregate Coverage/taxonomy-app,com.taxonomy.provenance.service,DocumentProvenanceCommandService.RegistrationResult,0,9,0,0,0,1,0,1,0,1
Taxonomy Aggregate Coverage/taxonomy-app,com.taxonomy.provenance.service,DocumentProvenanceCommandService,69,311,19,31,13,74,20,12,1,6
Taxonomy Aggregate Coverage/taxonomy-app,com.taxonomy.provenance.service,StructuredDocumentParser,1,127,2,16,0,28,2,10,0,3
Taxonomy Aggregate Coverage/taxonomy-app,com.taxonomy.provenance.service,DocumentLimitException,8,10,0,0,3,4,1,2,1,2
Taxonomy Aggregate Coverage/taxonomy-app,com.taxonomy.provenance.service,HierarchicalChunkingService,3,217,1,19,1,52,1,16,0,7
Taxonomy Aggregate Coverage/taxonomy-app,com.taxonomy.provenance.service,DocumentParserService.TextExtraction,0,9,0,0,0,1,0,1,0,1
Taxonomy Aggregate Coverage/taxonomy-app,com.taxonomy.provenance.service,DocumentParserService.ParsedContent,0,12,0,0,0,1,0,1,0,1
Taxonomy Aggregate Coverage/taxonomy-app,com.taxonomy.provenance.service,SemanticChunkingService,2,351,6,30,0,66,6,22,0,10
Taxonomy Aggregate Coverage/taxonomy-app,com.taxonomy.provenance.service,DocumentParserService.BoundedTextWriter,9,45,2,2,5,12,4,4,2,4
Taxonomy Aggregate Coverage/taxonomy-app,com.taxonomy.shared.service,LogRingBufferService.LogEntry,0,15,0,0,0,1,0,1,0,1
Taxonomy Aggregate Coverage/taxonomy-app,com.taxonomy.shared.service,LogRingBufferService,63,41,19,1,16,12,11,2,1,2
Taxonomy Aggregate Coverage/taxonomy-app,com.taxonomy.shared.service,LocalEmbeddingService,407,651,48,48,104,165,42,31,3,22
Taxonomy Aggregate Coverage/taxonomy-app,com.taxonomy.shared.service,AppInitializationStateService,0,77,0,4,0,13,0,10,0,8
Taxonomy Aggregate Coverage/taxonomy-app,com.taxonomy.shared.service,AppInitializationStateService.StateSnapshot,0,15,0,0,0,1,0,1,0,1
Taxonomy Aggregate Coverage/taxonomy-app,com.taxonomy.shared.service,LogRingBufferService.new AppenderBase() {...},10,32,1,1,2,9,1,2,0,2
Taxonomy Aggregate Coverage/taxonomy-app,com.taxonomy.shared.service,HealthSummaryService,0,200,0,10,0,36,0,7,0,2
Taxonomy Aggregate Coverage/taxonomy-app,com.taxonomy.shared.service,PromptTemplateService,46,342,6,20,13,75,6,26,1,18
Taxonomy Aggregate Coverage/taxonomy-app,com.taxonomy.shared.service,PromptTemplateService.PromptCategory,0,27,0,0,0,5,0,1,0,1
Taxonomy Aggregate Coverage/taxonomy-app,com.taxonomy.shared.service,AppInitializationStateService.State,0,33,0,0,0,6,0,1,0,1
Taxonomy Aggregate Coverage/taxonomy-app,com.taxonomy.analysis.service,AnalysisRelationGenerator.ScoredNode,0,15,0,0,0,1,0,1,0,1
Taxonomy Aggregate Coverage/taxonomy-app,com.taxonomy.analysis.service,SavedAnalysisService,2,189,1,23,0,44,1,18,0,7
Taxonomy Aggregate Coverage/taxonomy-app,com.taxonomy.analysis.service,QwenLlmProviderExtension,0,18,0,0,0,4,0,3,0,3
Taxonomy Aggregate Coverage/taxonomy-app,com.taxonomy.analysis.service,LocalOnnxLlmProviderExtension,0,20,0,0,0,4,0,3,0,3
Taxonomy Aggregate Coverage/taxonomy-app,com.taxonomy.analysis.service,LlmProviderException.Reason,0,27,0,0,0,5,0,1,0,1
Taxonomy Aggregate Coverage/taxonomy-app,com.taxonomy.analysis.service,MistralLlmProviderExtension,0,18,0,0,0,4,0,3,0,3
Taxonomy Aggregate Coverage/taxonomy-app,com.taxonomy.analysis.service,DeepSeekLlmProviderExtension,0,18,0,0,0,4,0,3,0,3
Taxonomy Aggregate Coverage/taxonomy-app,com.taxonomy.analysis.service,LlmRateLimitException,0,9,0,0,0,4,0,2,0,2
Taxonomy Aggregate Coverage/taxonomy-app,com.taxonomy.analysis.service,LlmService.ScoreParseResult,35,12,2,0,5,1,3,1,2,1
Taxonomy Aggregate Coverage/taxonomy-app,com.taxonomy.analysis.service,LlmProviderExtensionRegistry.Registration,0,9,0,0,0,1,0,1,0,1
Taxonomy Aggregate Coverage/taxonomy-app,com.taxonomy.analysis.service,LlmResponseParser.new TypeReference() {...},0,3,0,0,0,1,0,1,0,1
Taxonomy Aggregate Coverage/taxonomy-app,com.taxonomy.analysis.service,LlmResponseParser.new TypeReference() {...},0,3,0,0,0,1,0,1,0,1
Taxonomy Aggregate Coverage/taxonomy-app,com.taxonomy.analysis.service,LlmResponseParser.new TypeReference() {...},0,3,0,0,0,1,0,1,0,1
Taxonomy Aggregate Coverage/taxonomy-app,com.taxonomy.analysis.service,LlmService,463,1975,83,141,94,433,70,79,4,33
Taxonomy Aggregate Coverage/taxonomy-app,com.taxonomy.analysis.service,OpenAiLlmProviderExtension,0,18,0,0,0,4,0,3,0,3
Taxonomy Aggregate Coverage/taxonomy-app,com.taxonomy.analysis.service,LlmGatewayRegistry,0,169,0,2,0,19,0,4,0,3
Taxonomy Aggregate Coverage/taxonomy-app,com.taxonomy.analysis.service,LlmRecordingEntry,0,24,0,0,0,1,0,1,0,1
Taxonomy Aggregate Coverage/taxonomy-app,com.taxonomy.analysis.service,LlmProviderExtensionRegistry,26,136,4,12,3,36,5,11,1,7
Taxonomy Aggregate Coverage/taxonomy-app,com.taxonomy.analysis.service,LlmProvider,0,51,0,0,0,9,0,1,0,1
Taxonomy Aggregate Coverage/taxonomy-app,com.taxonomy.analysis.service,LlmRecordReplayService,127,467,16,32,27,100,15,24,3,12
Taxonomy Aggregate Coverage/taxonomy-app,com.taxonomy.analysis.service,LlmRecordReplayService.ManifestData,0,11,0,0,0,3,0,1,0,1
Taxonomy Aggregate Coverage/taxonomy-app,com.taxonomy.analysis.service,GeminiLlmProviderExtension,0,18,0,0,0,4,0,3,0,3
Taxonomy Aggregate Coverage/taxonomy-app,com.taxonomy.analysis.service,CustomOpenAiLlmProviderExtension,0,20,0,0,0,4,0,3,0,3
Taxonomy Aggregate Coverage/taxonomy-app,com.taxonomy.analysis.service,LlmProviderException,3,15,0,0,1,6,1,2,1,2
Taxonomy Aggregate Coverage/taxonomy-app,com.taxonomy.analysis.service,LlmTimeoutException,0,9,0,0,0,4,0,2,0,2
Taxonomy Aggregate Coverage/taxonomy-app,com.taxonomy.analysis.service,LlmProviderConfig.CustomOpenAiConfigurationStatus,0,26,0,0,0,3,0,3,0,3
Taxonomy Aggregate Coverage/taxonomy-app,com.taxonomy.analysis.service,GeminiGateway,97,391,20,32,22,92,18,15,0,7
Taxonomy Aggregate Coverage/taxonomy-app,com.taxonomy.analysis.service,LlamaLlmProviderExtension,0,18,0,0,0,4,0,3,0,3
Taxonomy Aggregate Coverage/taxonomy-app,com.taxonomy.analysis.service,LlmRecordReplayService.ManifestEntry,0,3,0,0,0,1,0,1,0,1
Taxonomy Aggregate Coverage/taxonomy-app,com.taxonomy.analysis.service,AnalysisFacade,0,25,0,0,0,7,0,3,0,3
Taxonomy Aggregate Coverage/taxonomy-app,com.taxonomy.analysis.service,LlmResponseParser,10,556,4,50,3,105,4,36,0,13
Taxonomy Aggregate Coverage/taxonomy-app,com.taxonomy.analysis.service,AnalysisRelationGenerator,15,341,7,29,3,65,8,16,2,4
Taxonomy Aggregate Coverage/taxonomy-app,com.taxonomy.analysis.service,OpenAiCompatibleGateway,256,344,30,32,48,85,23,16,0,8
Taxonomy Aggregate Coverage/taxonomy-app,com.taxonomy.analysis.service,LlmProviderConfig,98,522,50,120,19,130,33,97,0,25
Taxonomy Aggregate Coverage/taxonomy-app,com.taxonomy.versioning.controller,DslWorkspacePreResolutionInterceptor,0,32,0,2,0,10,0,3,0,2
Taxonomy Aggregate Coverage/taxonomy-app,com.taxonomy.versioning.controller,GitStateController.RequestContext,0,9,0,0,0,1,0,1,0,1
Taxonomy Aggregate Coverage/taxonomy-app,com.taxonomy.versioning.controller,ContextNavigationController,77,274,11,9,20,54,8,16,1,13
Taxonomy Aggregate Coverage/taxonomy-app,com.taxonomy.versioning.controller,DslApiController,257,1985,27,47,61,420,24,63,6,44
Taxonomy Aggregate Coverage/taxonomy-app,com.taxonomy.versioning.controller,GitStateController,0,87,0,0,0,22,0,6,0,6
Taxonomy Aggregate Coverage/taxonomy-app,com.taxonomy.catalog.service.importer,ApqcExcelImportProfileExtension,4,27,0,0,2,9,2,3,2,3
Taxonomy Aggregate Coverage/taxonomy-app,com.taxonomy.catalog.service.importer,StructurizrDslParser,17,286,17,43,5,62,17,22,0,6
Taxonomy Aggregate Coverage/taxonomy-app,com.taxonomy.catalog.service.importer,ImportProfileRegistry,0,124,2,12,0,30,2,13,0,8
Taxonomy Aggregate Coverage/taxonomy-app,com.taxonomy.catalog.service.importer,ApqcExcelParser,92,360,30,26,15,59,26,15,1,11
Taxonomy Aggregate Coverage/taxonomy-app,com.taxonomy.catalog.service.importer,FrameworkImportService,0,94,0,0,0,19,0,10,0,10
Taxonomy Aggregate Coverage/taxonomy-app,com.taxonomy.catalog.service.importer,ExternalParser.ParsedExternalModel,0,9,0,0,0,1,0,1,0,1
Taxonomy Aggregate Coverage/taxonomy-app,com.taxonomy.catalog.service.importer,ImportProfileRegistry.Registration,0,9,0,0,0,1,0,1,0,1
Taxonomy Aggregate Coverage/taxonomy-app,com.taxonomy.catalog.service.importer,C4ImportProfileExtension,0,33,0,0,0,13,0,5,0,5
Taxonomy Aggregate Coverage/taxonomy-app,com.taxonomy.catalog.service.importer,AbstractFrameworkImportProfileExtension,49,185,1,1,9,42,2,4,1,4
Taxonomy Aggregate Coverage/taxonomy-app,com.taxonomy.catalog.service.importer,UafImportProfileExtension,0,33,0,0,0,13,0,5,0,5
Taxonomy Aggregate Coverage/taxonomy-app,com.taxonomy.catalog.service.importer,ApqcCsvParser,48,442,20,44,7,68,19,24,1,10
Taxonomy Aggregate Coverage/taxonomy-app,com.taxonomy.catalog.service.importer,ApqcCsvImportProfileExtension,0,33,0,0,0,13,0,5,0,5
Taxonomy Aggregate Coverage/taxonomy-app,com.taxonomy.catalog.service.importer,UafXmlParser,153,239,45,33,34,67,34,15,1,9
Taxonomy Aggregate Coverage/taxonomy-app,com.taxonomy.analysis.usecase,AnalyzeRequirementUseCase,5,165,4,10,1,50,4,9,0,6
Taxonomy Aggregate Coverage/taxonomy-app,com.taxonomy.analysis.usecase,AnalyzeRequirementCommand,0,34,0,0,0,3,0,2,0,2
Taxonomy Aggregate Coverage/taxonomy-app,com.taxonomy.analysis.usecase,AnalysisStreamEvent.Phase,0,9,0,0,0,1,0,1,0,1
Taxonomy Aggregate Coverage/taxonomy-app,com.taxonomy.analysis.usecase,JustifyLeafResult,10,19,4,4,2,4,4,1,0,1
Taxonomy Aggregate Coverage/taxonomy-app,com.taxonomy.analysis.usecase,AnalysisStreamEvent.Complete,0,15,0,0,0,1,0,1,0,1
Taxonomy Aggregate Coverage/taxonomy-app,com.taxonomy.analysis.usecase,JustifyLeafCommand,5,44,3,9,1,7,3,4,0,1
Taxonomy Aggregate Coverage/taxonomy-app,com.taxonomy.analysis.usecase,AnalysisStreamEvent.Error,0,18,0,0,0,1,0,1,0,1
Taxonomy Aggregate Coverage/taxonomy-app,com.taxonomy.analysis.usecase,StreamRequirementAnalysisUseCase,1,59,2,4,1,20,2,5,0,4
Taxonomy Aggregate Coverage/taxonomy-app,com.taxonomy.analysis.usecase,AnalysisStreamEvent.Scores,0,15,0,0,0,1,0,1,0,1
Taxonomy Aggregate Coverage/taxonomy-app,com.taxonomy.analysis.usecase,StreamRequirementAnalysisCommand,0,12,0,0,0,1,0,1,0,1
Taxonomy Aggregate Coverage/taxonomy-app,com.taxonomy.analysis.usecase,JustifyLeafUseCase,26,9,0,0,7,4,1,1,1,1
Taxonomy Aggregate Coverage/taxonomy-app,com.taxonomy.analysis.usecase,AnalyzeNodeChildrenCommand,10,32,5,7,2,6,5,2,0,1
Taxonomy Aggregate Coverage/taxonomy-app,com.taxonomy.analysis.usecase,AnalyzeRequirementResult,0,6,0,0,0,1,0,1,0,1
Taxonomy Aggregate Coverage/taxonomy-app,com.taxonomy.analysis.usecase,StreamRequirementAnalysisUseCase.new AnalysisEventCallback() {...},0,58,0,0,0,11,0,6,0,6
Taxonomy Aggregate Coverage/taxonomy-app,com.taxonomy.analysis.usecase,AnalyzeNodeChildrenUseCase,2,45,1,1,1,16,1,2,0,2
Taxonomy Aggregate Coverage/taxonomy-app,com.taxonomy.analysis.usecase,AnalyzeNodeChildrenResult,19,48,4,6,2,7,5,2,1,1
Taxonomy Aggregate Coverage/taxonomy-app,com.taxonomy.analysis.usecase,AnalysisStreamEvent.Expanding,0,9,0,0,0,1,0,1,0,1
Taxonomy Aggregate Coverage/taxonomy-app,com.taxonomy.analysis.usecase,UnknownAnalysisProviderException,0,14,0,0,0,5,0,3,0,3
Taxonomy Aggregate Coverage/taxonomy-app,com.taxonomy.relations.service,RelationQualityService,148,122,8,4,22,33,9,6,3,6
Taxonomy Aggregate Coverage/taxonomy-app,com.taxonomy.relations.service,GraphSearchService,205,184,12,6,41,39,15,7,7,6
Taxonomy Aggregate Coverage/taxonomy-app,com.taxonomy.relations.service,RelationCandidateService,6,138,5,5,0,25,4,7,0,6
Taxonomy Aggregate Coverage/taxonomy-app,com.taxonomy.relations.service,RelationProposalService,183,351,10,11,31,75,12,11,3,9
Taxonomy Aggregate Coverage/taxonomy-app,com.taxonomy.relations.service,RelationTraversalService,36,88,4,10,7,23,4,8,1,4
Taxonomy Aggregate Coverage/taxonomy-app,com.taxonomy.relations.service,RelationReviewService,103,175,6,2,22,38,4,8,0,8
Taxonomy Aggregate Coverage/taxonomy-app,com.taxonomy.relations.service,RankFusionUtil,0,74,0,2,0,16,0,4,0,3
Taxonomy Aggregate Coverage/taxonomy-app,com.taxonomy.relations.service,RelationValidationService.ValidationResult,0,35,0,0,0,10,0,6,0,6
Taxonomy Aggregate Coverage/taxonomy-app,com.taxonomy.relations.service,RequirementCoverageService,2,248,3,9,0,47,3,20,0,17
Taxonomy Aggregate Coverage/taxonomy-app,com.taxonomy.relations.service,HybridSearchService,5,68,1,3,2,14,1,4,0,3
Taxonomy Aggregate Coverage/taxonomy-app,com.taxonomy.relations.service,RelationCompatibilityMatrix,0,288,1,13,0,53,1,12,0,6
Taxonomy Aggregate Coverage/taxonomy-app,com.taxonomy.relations.service,RelationValidationService,21,138,3,7,4,33,4,6,1,4
Taxonomy Aggregate Coverage/taxonomy-app,com.taxonomy.security.keycloak,KeycloakAuthenticationEntryPoint,25,0,0,0,7,0,3,0,3,0
Taxonomy Aggregate Coverage/taxonomy-app,com.taxonomy.security.keycloak,SwaggerKeycloakConfig,0,50,1,1,0,14,1,3,0,3
Taxonomy Aggregate Coverage/taxonomy-app,com.taxonomy.security.keycloak,KeycloakHealthIndicator,0,106,1,5,0,39,1,8,0,6
Taxonomy Aggregate Coverage/taxonomy-app,com.taxonomy.security.keycloak,KeycloakAccountRedirectController,9,0,0,0,2,0,2,0,2,0
Taxonomy Aggregate Coverage/taxonomy-app,com.taxonomy.security.keycloak,KeycloakLogoutHandler,0,73,1,5,0,18,1,5,0,3
Taxonomy Aggregate Coverage/taxonomy-app,com.taxonomy.security.keycloak,KeycloakOidcUserService,86,0,4,0,20,0,6,0,4,0
Taxonomy Aggregate Coverage/taxonomy-app,com.taxonomy.security.keycloak,KeycloakJwtAuthConverter,2,105,2,8,1,22,2,8,0,5
Taxonomy Aggregate Coverage/taxonomy-app,com.taxonomy.architecture.controller,RecommendationApiController.RecommendationRequest,0,12,0,0,0,1,0,1,0,1
Taxonomy Aggregate Coverage/taxonomy-app,com.taxonomy.architecture.controller,PatternDetectionApiController,1,29,1,1,0,9,1,3,0,3
Taxonomy Aggregate Coverage/taxonomy-app,com.taxonomy.architecture.controller,PatternDetectionApiController.PatternDetectionRequest,0,9,0,0,0,1,0,1,0,1
Taxonomy Aggregate Coverage/taxonomy-app,com.taxonomy.architecture.controller,ReportApiController,3,128,3,7,1,30,3,10,0,8
Taxonomy Aggregate Coverage/taxonomy-app,com.taxonomy.architecture.controller,RecommendationApiController,1,23,1,1,0,8,1,2,0,2
Taxonomy Aggregate Coverage/taxonomy-app,com.taxonomy.architecture.controller,ExplanationTraceApiController,21,24,3,1,6,8,3,2,1,2
Taxonomy Aggregate Coverage/taxonomy-app,com.taxonomy.architecture.controller,GapAnalysisApiController.GapAnalysisRequest,0,12,0,0,0,1,0,1,0,1
Taxonomy Aggregate Coverage/taxonomy-app,com.taxonomy.architecture.controller,ArchitectureSummaryApiController,0,63,0,2,0,21,0,5,0,4
Taxonomy Aggregate Coverage/taxonomy-app,com.taxonomy.architecture.controller,ReportApiController.ReportRequest,0,12,0,0,0,1,0,1,0,1
Taxonomy Aggregate Coverage/taxonomy-app,com.taxonomy.architecture.controller,GraphQueryApiController,0,122,2,8,0,28,2,10,0,7
Taxonomy Aggregate Coverage/taxonomy-app,com.taxonomy.architecture.controller,GapAnalysisApiController,0,32,0,2,0,10,0,4,0,3
Taxonomy Aggregate Coverage/taxonomy-app,com.taxonomy.architecture.controller,ExplanationTraceApiController.ExplainRequest,0,15,0,0,0,1,0,1,0,1
Taxonomy Aggregate Coverage/taxonomy-app,com.taxonomy.workspace.controller,WorkspaceController,93,1061,13,39,19,235,12,49,2,33
Taxonomy Aggregate Coverage/taxonomy-app,com.taxonomy.workspace.controller,ExternalSyncController,14,369,5,17,4,94,5,16,0,10
Taxonomy Aggregate Coverage/taxonomy-app,com.taxonomy.security.service,UserManagementService,87,490,23,35,16,93,22,27,1,19
Taxonomy Aggregate Coverage/taxonomy-app,com.taxonomy.security.service,PasswordChangeService.Result,0,39,0,0,0,7,0,1,0,1
Taxonomy Aggregate Coverage/taxonomy-app,com.taxonomy.security.service,DatabaseUserDetailsService,0,52,0,2,0,14,0,5,0,4
Taxonomy Aggregate Coverage/taxonomy-app,com.taxonomy.security.service,UserManagementService.NotFoundException,0,4,0,0,0,1,0,1,0,1
Taxonomy Aggregate Coverage/taxonomy-app,com.taxonomy.security.service,UserManagementService.ConflictException,0,4,0,0,0,1,0,1,0,1
Taxonomy Aggregate Coverage/taxonomy-app,com.taxonomy.security.service,UserManagementService.ValidationException,0,4,0,0,0,1,0,1,0,1
Taxonomy Aggregate Coverage/taxonomy-app,com.taxonomy.security.service,PasswordChangeService,0,86,3,15,0,23,3,9,0,3
Taxonomy Aggregate Coverage/taxonomy-app,com.taxonomy.catalog.service,TaxonomyRelationService,47,361,6,14,6,74,9,23,3,19
Taxonomy Aggregate Coverage/taxonomy-app,com.taxonomy.catalog.service,HierarchyScoreDistributor,15,377,7,29,3,77,7,17,0,6
Taxonomy Aggregate Coverage/taxonomy-app,com.taxonomy.catalog.service,RelevancePropagationService,22,313,12,24,5,60,9,13,0,4
Taxonomy Aggregate Coverage/taxonomy-app,com.taxonomy.catalog.service,ArchiMateXmlImporter.ParsedRelationship,0,15,0,0,0,1,0,1,0,1
Taxonomy Aggregate Coverage/taxonomy-app,com.taxonomy.catalog.service,ArchiMateXmlImporter.ParsedElement,0,15,0,0,0,1,0,1,0,1
Taxonomy Aggregate Coverage/taxonomy-app,com.taxonomy.catalog.service,PropagationResult,0,27,0,0,0,10,0,5,0,5
Taxonomy Aggregate Coverage/taxonomy-app,com.taxonomy.catalog.service,HierarchyScoreDistributor.DistributionResult,0,9,0,0,0,1,0,1,0,1
Taxonomy Aggregate Coverage/taxonomy-app,com.taxonomy.catalog.service,TaxonomyService,436,1174,72,87,108,280,59,54,5,25
Taxonomy Aggregate Coverage/taxonomy-app,com.taxonomy.catalog.service,RelationSeedParser,0,253,1,31,0,63,1,22,0,7
Taxonomy Aggregate Coverage/taxonomy-app,com.taxonomy.catalog.service,ArchiMateXmlImporter.ParsedModel,0,9,0,0,0,1,0,1,0,1
Taxonomy Aggregate Coverage/taxonomy-app,com.taxonomy.catalog.service,ArchiMateXmlImporter,59,593,24,62,18,142,22,35,0,14
Taxonomy Aggregate Coverage/taxonomy-app,com.taxonomy.catalog.service,ArchiMateImportException,4,5,0,0,2,2,1,1,1,1
Taxonomy Aggregate Coverage/taxonomy-app,com.taxonomy.catalog.service,PropagationResult.TraversedRelation,0,27,0,0,0,10,0,5,0,5
Taxonomy Aggregate Coverage/taxonomy-app,com.taxonomy.catalog.service,SearchService,11,186,2,2,4,37,2,6,0,6
Taxonomy Aggregate Coverage/taxonomy-app,com.taxonomy.catalog.service,DeterministicNodeScorer,0,37,0,2,0,7,0,3,0,2
Taxonomy Aggregate Coverage/taxonomy-app,com.taxonomy.catalog.service,IndependentScoring,4,38,0,2,2,6,2,3,2,2
Taxonomy Aggregate Coverage/taxonomy-app,com.taxonomy.catalog.service,CatalogFacade,0,133,0,6,0,35,0,12,0,9
Taxonomy Aggregate Coverage/taxonomy-app,com.taxonomy.catalog.service,RecordedNodeScorer,14,40,3,3,5,8,3,3,1,2
Taxonomy Aggregate Coverage/taxonomy-app,com.taxonomy.catalog.service,BudgetDistribution,48,175,6,10,9,31,6,10,2,6
Taxonomy Aggregate Coverage/taxonomy-app,com.taxonomy.shared.logging,SensitiveLlmPromptTurboFilter,32,20,6,6,10,6,6,4,2,2
Taxonomy Aggregate Coverage/taxonomy-app,com.taxonomy.shared.controller,PreferencesController,67,10,4,0,17,4,6,2,4,2
Taxonomy Aggregate Coverage/taxonomy-app,com.taxonomy.shared.controller,ExtensionApiController,0,27,0,0,0,9,0,3,0,3
Taxonomy Aggregate Coverage/taxonomy-app,com.taxonomy.shared.controller,I18nApiController,14,84,1,5,5,21,1,6,0,4
Taxonomy Aggregate Coverage/taxonomy-app,com.taxonomy.shared.controller,HelpController.DocEntry,0,15,0,0,0,1,0,1,0,1
Taxonomy Aggregate Coverage/taxonomy-app,com.taxonomy.shared.controller,AdminApiController,59,500,13,27,12,92,13,21,2,12
Taxonomy Aggregate Coverage/taxonomy-app,com.taxonomy.shared.controller,AboutController,34,192,6,6,10,36,7,10,1,10
Taxonomy Aggregate Coverage/taxonomy-app,com.taxonomy.shared.controller,HelpController,104,1158,20,8,24,52,14,12,1,11
Taxonomy Aggregate Coverage/taxonomy-app,com.taxonomy.security.controller,UserManagementController,78,54,1,1,18,15,5,6,4,6
Taxonomy Aggregate Coverage/taxonomy-app,com.taxonomy.security.controller,ChangePasswordController,2,67,2,7,1,17,2,9,0,4
Taxonomy Aggregate Coverage/taxonomy-app,com.taxonomy.security.controller,AccountContextController,7,65,2,10,1,14,2,6,0,2
Taxonomy Aggregate Coverage/taxonomy-app,com.taxonomy.security.controller,AccountApiController,34,36,8,2,11,11,8,2,1,2
Taxonomy Aggregate Coverage/taxonomy-app,com.taxonomy.portfolio.service,ProjectRequirementAnalysisService,183,503,24,26,36,111,26,26,6,21
Taxonomy Aggregate Coverage/taxonomy-app,com.taxonomy.portfolio.service,PortfolioAnalysisWorkQueue.WorkItem,0,24,0,0,0,1,0,1,0,1
Taxonomy Aggregate Coverage/taxonomy-app,com.taxonomy.portfolio.service,ProjectConflictService,20,330,10,18,2,79,10,13,1,8
Taxonomy Aggregate Coverage/taxonomy-app,com.taxonomy.portfolio.service,PortfolioScope,22,57,16,12,4,10,13,6,1,4
Taxonomy Aggregate Coverage/taxonomy-app,com.taxonomy.portfolio.service,ProductCatalogService,276,539,42,22,55,145,38,17,6,17
Taxonomy Aggregate Coverage/taxonomy-app,com.taxonomy.portfolio.service,PortablePortfolioGitService,21,415,13,27,5,95,13,17,0,10
Taxonomy Aggregate Coverage/taxonomy-app,com.taxonomy.portfolio.service,PortfolioGitService.CommitResult,0,12,0,0,0,1,0,1,0,1
Taxonomy Aggregate Coverage/taxonomy-app,com.taxonomy.portfolio.service,PortfolioGitService,344,1520,46,70,57,263,41,51,1,33
Taxonomy Aggregate Coverage/taxonomy-app,com.taxonomy.portfolio.service,ProjectPortfolioService,156,937,38,68,30,230,37,54,4,34
Taxonomy Aggregate Coverage/taxonomy-app,com.taxonomy.portfolio.service,ProjectConflictService.ConflictRule,0,18,0,0,0,1,0,1,0,1
Taxonomy Aggregate Coverage/taxonomy-app,com.taxonomy.portfolio.service,PortfolioJsonCodec.new TypeReference() {...},0,3,0,0,0,1,0,1,0,1
Taxonomy Aggregate Coverage/taxonomy-app,com.taxonomy.portfolio.service,PortfolioJsonCodec.new TypeReference() {...},0,3,0,0,0,1,0,1,0,1
Taxonomy Aggregate Coverage/taxonomy-app,com.taxonomy.portfolio.service,PortfolioReportService.ReportModel,0,39,0,0,0,1,0,1,0,1
Taxonomy Aggregate Coverage/taxonomy-app,com.taxonomy.portfolio.service,PortfolioDecisionGitContributor,815,1686,62,68,159,298,51,46,1,31
Taxonomy Aggregate Coverage/taxonomy-app,com.taxonomy.portfolio.service,PortfolioDecisionGitContributor.DecisionMaterializeResult,2,26,1,1,0,3,1,1,0,1
Taxonomy Aggregate Coverage/taxonomy-app,com.taxonomy.portfolio.service,PortfolioFingerprintService,9,112,2,2,2,27,2,8,0,8
Taxonomy Aggregate Coverage/taxonomy-app,com.taxonomy.portfolio.service,PortfolioAnalysisWorkQueue,4,94,1,5,0,27,2,5,1,3
Taxonomy Aggregate Coverage/taxonomy-app,com.taxonomy.portfolio.service,PortfolioReportService.RenderedReport,0,12,0,0,0,1,0,1,0,1
Taxonomy Aggregate Coverage/taxonomy-app,com.taxonomy.portfolio.service,SolutionPortfolioService,292,930,65,41,57,230,57,30,6,28
Taxonomy Aggregate Coverage/taxonomy-app,com.taxonomy.portfolio.service,PortfolioReportService.SnapshotBaseline,36,0,0,0,1,0,1,0,1,0
Taxonomy Aggregate Coverage/taxonomy-app,com.taxonomy.portfolio.service,PortfolioReportService.Format,0,60,0,0,0,12,0,4,0,4
Taxonomy Aggregate Coverage/taxonomy-app,com.taxonomy.portfolio.service,PortfolioException,7,43,0,0,1,11,1,7,1,7
Taxonomy Aggregate Coverage/taxonomy-app,com.taxonomy.portfolio.service,PortfolioGitApplicationService.Counts,18,0,0,0,1,0,1,0,1,0
Taxonomy Aggregate Coverage/taxonomy-app,com.taxonomy.portfolio.service,PortfolioAnalysisRecoveryService,7,113,1,7,1,30,2,5,1,2
Taxonomy Aggregate Coverage/taxonomy-app,com.taxonomy.portfolio.service,PortfolioAnalysisPersistenceService,595,931,69,44,130,247,77,43,25,38
Taxonomy Aggregate Coverage/taxonomy-app,com.taxonomy.portfolio.service,PortfolioException.Kind,0,33,0,0,0,6,0,1,0,1
Taxonomy Aggregate Coverage/taxonomy-app,com.taxonomy.portfolio.service,PortfolioGitPortAdapter,0,31,0,0,0,8,0,4,0,4
Taxonomy Aggregate Coverage/taxonomy-app,com.taxonomy.portfolio.service,PortfolioReviewedImportService,14,152,8,14,4,35,8,5,0,2
Taxonomy Aggregate Coverage/taxonomy-app,com.taxonomy.portfolio.service,PortfolioReportService,602,1064,45,64,89,188,49,43,15,20
Taxonomy Aggregate Coverage/taxonomy-app,com.taxonomy.portfolio.service,PortfolioGitApplicationService,299,272,27,25,79,68,29,14,7,10
Taxonomy Aggregate Coverage/taxonomy-app,com.taxonomy.portfolio.service,PortfolioGitService.MaterializeResult,2,20,1,1,0,3,1,1,0,1
Taxonomy Aggregate Coverage/taxonomy-app,com.taxonomy.portfolio.service,PortfolioJsonCodec,30,61,7,7,9,12,7,5,0,5
Taxonomy Aggregate Coverage/taxonomy-app,com.taxonomy.portfolio.service,PortfolioAggregationService,22,633,8,28,3,135,11,35,3,25
Taxonomy Aggregate Coverage/taxonomy-app,com.taxonomy.portfolio.service,PortfolioValueValidator,19,157,9,31,4,40,8,20,0,8
Taxonomy Aggregate Coverage/taxonomy-app,com.taxonomy.versioning.model,ContextHistoryRecord,7,73,0,0,3,32,2,21,2,21
Taxonomy Aggregate Coverage/taxonomy-app,com.taxonomy.dsl.export,TaxDslExportService,0,133,0,6,0,32,0,6,0,3
Taxonomy Aggregate Coverage/taxonomy-app,com.taxonomy.dsl.export,DslMaterializeService.MaterializeResult,0,21,0,0,0,1,0,1,0,1
Taxonomy Aggregate Coverage/taxonomy-app,com.taxonomy.dsl.export,DslMaterializeService,250,416,29,25,45,88,21,14,1,7
Taxonomy Aggregate Coverage/taxonomy-app,com.taxonomy.export.controller,ExportApiController,198,270,23,25,42,56,19,16,3,8
Taxonomy Aggregate Coverage/taxonomy-app,com.taxonomy.security.config,LoginRateLimitFilter.FailureTracker,37,64,3,7,10,14,5,5,2,3
Taxonomy Aggregate Coverage/taxonomy-app,com.taxonomy.security.config,LoginRateLimitFilter,53,137,16,22,11,30,13,14,0,8
Taxonomy Aggregate Coverage/taxonomy-app,com.taxonomy.security.config,ProductionSecurityGuard,2,47,1,7,1,11,1,6,0,3
Taxonomy Aggregate Coverage/taxonomy-app,com.taxonomy.security.config,ActuatorSecurityFilter,0,106,3,19,0,29,3,12,0,4
Taxonomy Aggregate Coverage/taxonomy-app,com.taxonomy.security.config,PasswordEncodingConfig,0,7,0,0,0,2,0,2,0,2
Taxonomy Aggregate Coverage/taxonomy-app,com.taxonomy.security.config,KeycloakSecurityConfig,160,0,6,0,32,0,18,0,15,0
Taxonomy Aggregate Coverage/taxonomy-app,com.taxonomy.security.config,PasswordChangeRequiredFilter,0,111,11,21,0,31,11,8,0,3
Taxonomy Aggregate Coverage/taxonomy-app,com.taxonomy.security.config,AuthorizationRulesConfigurer,19,1125,1,1,1,75,1,2,0,2
Taxonomy Aggregate Coverage/taxonomy-app,com.taxonomy.security.config,SecurityAuditListener,50,0,2,0,13,0,6,0,5,0
Taxonomy Aggregate Coverage/taxonomy-app,com.taxonomy.security.config,SecurityDataInitializer,0,172,3,15,0,42,3,12,0,6
Taxonomy Aggregate Coverage/taxonomy-app,com.taxonomy.security.config,SecurityConfig,8,102,3,5,0,27,2,11,0,9
Taxonomy Aggregate Coverage/taxonomy-app,com.taxonomy.shared.extension.runtime,ExtensionRegistry.Registration,0,12,0,0,0,1,0,1,0,1
Taxonomy Aggregate Coverage/taxonomy-app,com.taxonomy.shared.extension.runtime,ExtensionRegistry,96,218,11,15,16,46,14,11,3,9
Taxonomy Aggregate Coverage/taxonomy-app,com.taxonomy.portfolio.model,ProjectRequirement,10,180,11,11,2,50,13,19,2,19
Taxonomy Aggregate Coverage/taxonomy-app,com.taxonomy.portfolio.model,PortfolioTypes.ProjectStatus,0,33,0,0,0,6,0,1,0,1
Taxonomy Aggregate Coverage/taxonomy-app,com.taxonomy.portfolio.model,PortfolioTypes.AnalysisStatus,0,39,0,0,0,7,0,1,0,1
Taxonomy Aggregate Coverage/taxonomy-app,com.taxonomy.portfolio.model,PortfolioTypes.RequirementSolutionRole,0,21,0,0,0,4,0,1,0,1
Taxonomy Aggregate Coverage/taxonomy-app,com.taxonomy.portfolio.model,RequirementAnalysisSnapshot,14,141,3,1,3,49,4,23,2,23
Taxonomy Aggregate Coverage/taxonomy-app,com.taxonomy.portfolio.model,PortfolioTypes.OperatingModel,0,45,0,0,0,8,0,1,0,1
Taxonomy Aggregate Coverage/taxonomy-app,com.taxonomy.portfolio.model,PortfolioTypes.ConflictStatus,0,27,0,0,0,5,0,1,0,1
Taxonomy Aggregate Coverage/taxonomy-app,com.taxonomy.portfolio.model,PortfolioTypes.MappingOrigin,0,33,0,0,0,6,0,1,0,1
Taxonomy Aggregate Coverage/taxonomy-app,com.taxonomy.portfolio.model,RequirementAnalysisJob,19,170,5,9,5,57,6,24,2,21
Taxonomy Aggregate Coverage/taxonomy-app,com.taxonomy.portfolio.model,PortfolioTypes.LifecycleStatus,0,27,0,0,0,5,0,1,0,1
Taxonomy Aggregate Coverage/taxonomy-app,com.taxonomy.portfolio.model,PortfolioTypes.SolutionType,0,63,0,0,0,11,0,1,0,1
Taxonomy Aggregate Coverage/taxonomy-app,com.taxonomy.portfolio.model,ArchitectureProject,19,108,5,11,2,36,7,19,2,16
Taxonomy Aggregate Coverage/taxonomy-app,com.taxonomy.portfolio.model,PortfolioTypes.ConflictType,0,45,0,0,0,8,0,1,0,1
Taxonomy Aggregate Coverage/taxonomy-app,com.taxonomy.portfolio.model,ProductCatalogEntry,95,153,34,2,21,49,22,23,4,23
Taxonomy Aggregate Coverage/taxonomy-app,com.taxonomy.portfolio.model,SolutionTaxonomyCoverage,22,60,3,1,7,20,4,10,2,10
Taxonomy Aggregate Coverage/taxonomy-app,com.taxonomy.portfolio.model,PortfolioTypes.RequirementStatus,0,39,0,0,0,7,0,1,0,1
Taxonomy Aggregate Coverage/taxonomy-app,com.taxonomy.portfolio.model,RequirementAnalysisJobItem,49,83,3,1,15,29,5,14,3,14
Taxonomy Aggregate Coverage/taxonomy-app,com.taxonomy.portfolio.model,PortfolioTypes.ReviewStatus,0,21,0,0,0,4,0,1,0,1
Taxonomy Aggregate Coverage/taxonomy-app,com.taxonomy.portfolio.model,PortfolioTypes.Criticality,0,27,0,0,0,5,0,1,0,1
Taxonomy Aggregate Coverage/taxonomy-app,com.taxonomy.portfolio.model,ProjectSolution,5,112,6,6,1,32,7,13,1,13
Taxonomy Aggregate Coverage/taxonomy-app,com.taxonomy.portfolio.model,SolutionDefinition,15,190,7,25,2,53,9,30,2,21
Taxonomy Aggregate Coverage/taxonomy-app,com.taxonomy.portfolio.model,PortfolioTypes.RequirementType,0,57,0,0,0,10,0,1,0,1
Taxonomy Aggregate Coverage/taxonomy-app,com.taxonomy.portfolio.model,RequirementSolutionLink,5,107,4,4,1,33,5,13,1,13
Taxonomy Aggregate Coverage/taxonomy-app,com.taxonomy.portfolio.model,PortfolioTypes.ProductStatus,0,33,0,0,0,6,0,1,0,1
Taxonomy Aggregate Coverage/taxonomy-app,com.taxonomy.portfolio.model,PortfolioTypes.ProjectSolutionStatus,0,33,0,0,0,6,0,1,0,1
Taxonomy Aggregate Coverage/taxonomy-app,com.taxonomy.portfolio.model,ProjectConflict,6,93,1,1,2,32,3,16,2,16
Taxonomy Aggregate Coverage/taxonomy-app,com.taxonomy.portfolio.model,PortfolioTypes.ProductSelectionStatus,0,27,0,0,0,5,0,1,0,1
Taxonomy Aggregate Coverage/taxonomy-app,com.taxonomy.portfolio.model,ProductTaxonomyCoverage,25,57,3,1,8,19,5,9,3,9
Taxonomy Aggregate Coverage/taxonomy-app,com.taxonomy.portfolio.model,RequirementElementMapping,26,105,4,0,8,35,4,20,2,20
Taxonomy Aggregate Coverage/taxonomy-app,com.taxonomy.portfolio.model,PortfolioTypes.ActionStatus,0,51,0,0,0,9,0,1,0,1
Taxonomy Aggregate Coverage/taxonomy-app,com.taxonomy.portfolio.model,ProjectRequirementVersion,0,87,0,0,0,31,0,16,0,16
Taxonomy Aggregate Coverage/taxonomy-app,com.taxonomy.portfolio.model,SolutionProductCandidate,40,99,6,2,12,32,6,15,2,15
Taxonomy Aggregate Coverage/taxonomy-app,com.taxonomy.portfolio.model,RequirementRelationMapping,93,6,2,0,31,3,18,1,17,1
Taxonomy Aggregate Coverage/taxonomy-app,com.taxonomy.export.service,MermaidExportExtension,0,55,1,3,0,11,1,6,0,5
Taxonomy Aggregate Coverage/taxonomy-app,com.taxonomy.export.service,VisioExportExtension,21,21,0,0,4,6,1,3,1,3
Taxonomy Aggregate Coverage/taxonomy-app,com.taxonomy.export.service,StructurizrExportExtension,0,31,0,0,0,7,0,4,0,4
Taxonomy Aggregate Coverage/taxonomy-app,com.taxonomy.export.service,ArchiMateExportExtension,0,35,0,0,0,8,0,4,0,4
Taxonomy Aggregate Coverage/taxonomy-app,com.taxonomy.export.service,ExportFormatExtensionRegistry,0,88,0,6,0,21,0,11,0,8
Taxonomy Aggregate Coverage/taxonomy-app,com.taxonomy.export.service,ExportFacade,36,104,1,1,6,27,6,7,5,7
Taxonomy Aggregate Coverage/taxonomy-app,com.taxonomy.portfolio.controller,ProjectAnalysisController.RequestScope,0,9,0,0,0,1,0,1,0,1
Taxonomy Aggregate Coverage/taxonomy-app,com.taxonomy.portfolio.controller,ProjectPortfolioController,172,149,10,10,40,33,17,8,8,7
Taxonomy Aggregate Coverage/taxonomy-app,com.taxonomy.portfolio.controller,PortfolioGitController,189,88,26,8,30,21,20,8,5,6
Taxonomy Aggregate Coverage/taxonomy-app,com.taxonomy.portfolio.controller,ProductCatalogController.RequestScope,9,0,0,0,1,0,1,0,1,0
Taxonomy Aggregate Coverage/taxonomy-app,com.taxonomy.portfolio.controller,SolutionCatalogController,79,9,0,0,17,4,6,1,6,1
Taxonomy Aggregate Coverage/taxonomy-app,com.taxonomy.portfolio.controller,ProjectSolutionController,75,9,0,0,18,4,6,1,6,1
Taxonomy Aggregate Coverage/taxonomy-app,com.taxonomy.portfolio.controller,ProductCatalogController,106,9,0,0,23,4,8,1,8,1
Taxonomy Aggregate Coverage/taxonomy-app,com.taxonomy.portfolio.controller,PortfolioExceptionHandler,26,44,6,4,9,11,7,4,1,2
Taxonomy Aggregate Coverage/taxonomy-app,com.taxonomy.portfolio.controller,PortfolioGitController.RequestContext,0,9,0,0,0,1,0,1,0,1
Taxonomy Aggregate Coverage/taxonomy-app,com.taxonomy.portfolio.controller,ProjectSolutionController.RequestScope,9,0,0,0,1,0,1,0,1,0
Taxonomy Aggregate Coverage/taxonomy-app,com.taxonomy.portfolio.controller,PortfolioReportController,48,9,0,0,12,4,1,1,1,1
Taxonomy Aggregate Coverage/taxonomy-app,com.taxonomy.portfolio.controller,SolutionCatalogController.RequestScope,9,0,0,0,1,0,1,0,1,0
Taxonomy Aggregate Coverage/taxonomy-app,com.taxonomy.portfolio.controller,PortfolioReviewedImportController,152,22,24,0,33,7,15,1,3,1
Taxonomy Aggregate Coverage/taxonomy-app,com.taxonomy.portfolio.controller,PortfolioQueryController.RequestScope,9,0,0,0,1,0,1,0,1,0
Taxonomy Aggregate Coverage/taxonomy-app,com.taxonomy.portfolio.controller,PortfolioQueryController,60,12,0,0,12,5,5,1,5,1
Taxonomy Aggregate Coverage/taxonomy-app,com.taxonomy.portfolio.controller,ProjectPortfolioController.RequestScope,0,9,0,0,0,1,0,1,0,1
Taxonomy Aggregate Coverage/taxonomy-app,com.taxonomy.portfolio.controller,ProjectAnalysisController,108,92,1,1,20,27,8,6,7,6
Taxonomy Aggregate Coverage/taxonomy-app,com.taxonomy.portfolio.controller,PortfolioPageController,6,9,0,0,3,4,3,4,3,4
Taxonomy Aggregate Coverage/taxonomy-app,com.taxonomy.portfolio.dto,PortfolioDtos.ReviewConflictRequest,0,9,0,0,0,1,0,1,0,1
Taxonomy Aggregate Coverage/taxonomy-app,com.taxonomy.portfolio.dto,PortfolioGitDtos.MaterializationPreview,0,39,0,0,0,1,0,1,0,1
Taxonomy Aggregate Coverage/taxonomy-app,com.taxonomy.portfolio.dto,PortfolioImportReviewDtos.PersistedReviewImport,12,9,0,0,5,1,1,1,1,1
Taxonomy Aggregate Coverage/taxonomy-app,com.taxonomy.portfolio.dto,PortfolioDtos.UpdateRequirementRequest,0,24,0,0,0,1,0,1,0,1
Taxonomy Aggregate Coverage/taxonomy-app,com.taxonomy.portfolio.dto,PortfolioDtos.CreateProductRequest,0,54,0,0,0,1,0,1,0,1
Taxonomy Aggregate Coverage/taxonomy-app,com.taxonomy.portfolio.dto,PortfolioDtos.CreateSolutionRequest,0,42,0,0,0,1,0,1,0,1
Taxonomy Aggregate Coverage/taxonomy-app,com.taxonomy.portfolio.dto,PortfolioDtos.AnalysisJobView,0,54,0,0,0,1,0,1,0,1
Taxonomy Aggregate Coverage/taxonomy-app,com.taxonomy.portfolio.dto,PortfolioDtos.SnapshotDiff,33,0,0,0,1,0,1,0,1,0
Taxonomy Aggregate Coverage/taxonomy-app,com.taxonomy.portfolio.dto,PortfolioDtos.SnapshotSummary,0,60,0,0,0,1,0,1,0,1
Taxonomy Aggregate Coverage/taxonomy-app,com.taxonomy.portfolio.dto,PortfolioDtos.SourceReference,0,21,0,0,0,1,0,1,0,1
Taxonomy Aggregate Coverage/taxonomy-app,com.taxonomy.portfolio.dto,PortfolioDtos.AggregatedTaxonomyNode,0,30,0,0,0,1,0,1,0,1
Taxonomy Aggregate Coverage/taxonomy-app,com.taxonomy.portfolio.dto,PortfolioDtos.MatrixView,0,12,0,0,0,1,0,1,0,1
Taxonomy Aggregate Coverage/taxonomy-app,com.taxonomy.portfolio.dto,PortfolioDtos.ReviewRelationMappingRequest,9,0,0,0,1,0,1,0,1,0
Taxonomy Aggregate Coverage/taxonomy-app,com.taxonomy.portfolio.dto,PortfolioImportReviewDtos.ImportDecision,0,15,0,0,0,3,0,1,0,1
Taxonomy Aggregate Coverage/taxonomy-app,com.taxonomy.portfolio.dto,PortfolioDtos.RequirementVersionView,0,27,0,0,0,1,0,1,0,1
Taxonomy Aggregate Coverage/taxonomy-app,com.taxonomy.portfolio.dto,PortfolioDtos.UpdateProjectRequest,0,24,0,0,0,1,0,1,0,1
Taxonomy Aggregate Coverage/taxonomy-app,com.taxonomy.portfolio.dto,PortfolioGitDtos.PortfolioCommitResult,30,0,0,0,1,0,1,0,1,0
Taxonomy Aggregate Coverage/taxonomy-app,com.taxonomy.portfolio.dto,PortfolioDtos.CreateRequirementRequest,0,36,0,0,0,1,0,1,0,1
Taxonomy Aggregate Coverage/taxonomy-app,com.taxonomy.portfolio.dto,PortfolioDtos.ReviewElementMappingRequest,15,0,0,0,1,0,1,0,1,0
Taxonomy Aggregate Coverage/taxonomy-app,com.taxonomy.portfolio.dto,PortfolioDtos.RequirementSolutionLinkView,0,33,0,0,0,1,0,1,0,1
Taxonomy Aggregate Coverage/taxonomy-app,com.taxonomy.portfolio.dto,PortfolioDtos.TaxonomyCoverageView,0,24,0,0,0,1,0,1,0,1
Taxonomy Aggregate Coverage/taxonomy-app,com.taxonomy.portfolio.dto,PortfolioDtos.ScoreChange,9,0,0,0,1,0,1,0,1,0
Taxonomy Aggregate Coverage/taxonomy-app,com.taxonomy.portfolio.dto,PortfolioGitDtos.CommitPortfolioRequest,9,0,0,0,1,0,1,0,1,0
Taxonomy Aggregate Coverage/taxonomy-app,com.taxonomy.portfolio.dto,PortfolioDtos.RelationMappingView,45,0,0,0,1,0,1,0,1,0
Taxonomy Aggregate Coverage/taxonomy-app,com.taxonomy.portfolio.dto,PortfolioGitDtos.MergePortfolioResult,39,0,0,0,1,0,1,0,1,0
Taxonomy Aggregate Coverage/taxonomy-app,com.taxonomy.portfolio.dto,PortfolioDtos.ProductView,0,69,0,0,0,1,0,1,0,1
Taxonomy Aggregate Coverage/taxonomy-app,com.taxonomy.portfolio.dto,PortfolioDtos.UpdateProductRequest,51,0,0,0,1,0,1,0,1,0
Taxonomy Aggregate Coverage/taxonomy-app,com.taxonomy.portfolio.dto,PortfolioDtos.UpsertProductCandidateRequest,0,30,0,0,0,1,0,1,0,1
Taxonomy Aggregate Coverage/taxonomy-app,com.taxonomy.portfolio.dto,PortfolioDtos.ImportRequirementCandidate,0,24,0,0,0,1,0,1,0,1
Taxonomy Aggregate Coverage/taxonomy-app,com.taxonomy.portfolio.dto,PortfolioDtos.ImportRequirementsRequest,0,18,0,0,0,1,0,1,0,1
Taxonomy Aggregate Coverage/taxonomy-app,com.taxonomy.portfolio.dto,PortfolioDtos.SolutionView,0,57,0,0,0,1,0,1,0,1
Taxonomy Aggregate Coverage/taxonomy-app,com.taxonomy.portfolio.dto,PortfolioDtos.ImportRequirementsResult,9,0,0,0,1,0,1,0,1,0
Taxonomy Aggregate Coverage/taxonomy-app,com.taxonomy.portfolio.dto,PortfolioImportReviewDtos.ReviewedImportRequest,18,0,0,0,1,0,1,0,1,0
Taxonomy Aggregate Coverage/taxonomy-app,com.taxonomy.portfolio.dto,PortfolioDtos.AddProjectSolutionRequest,0,18,0,0,0,1,0,1,0,1
Taxonomy Aggregate Coverage/taxonomy-app,com.taxonomy.portfolio.dto,PortfolioDtos.CreateProjectRequest,0,27,0,0,0,1,0,1,0,1
Taxonomy Aggregate Coverage/taxonomy-app,com.taxonomy.portfolio.dto,PortfolioDtos.ConflictView,0,48,0,0,0,1,0,1,0,1
Taxonomy Aggregate Coverage/taxonomy-app,com.taxonomy.portfolio.dto,PortfolioGitDtos.MergePortfolioRequest,12,0,0,0,1,0,1,0,1,0
Taxonomy Aggregate Coverage/taxonomy-app,com.taxonomy.portfolio.dto,PortfolioDtos.AnalysisJobItemView,0,36,0,0,0,1,0,1,0,1
Taxonomy Aggregate Coverage/taxonomy-app,com.taxonomy.portfolio.dto,PortfolioImportReviewDtos.ReviewedImportResult,12,0,0,0,1,0,1,0,1,0
Taxonomy Aggregate Coverage/taxonomy-app,com.taxonomy.portfolio.dto,PortfolioDtos.SolutionProductCandidateView,0,42,0,0,0,1,0,1,0,1
Taxonomy Aggregate Coverage/taxonomy-app,com.taxonomy.portfolio.dto,PortfolioImportReviewDtos.ReviewedImportItem,0,30,0,0,0,1,0,1,0,1
Taxonomy Aggregate Coverage/taxonomy-app,com.taxonomy.portfolio.dto,PortfolioGitDtos.MaterializePortfolioResult,24,0,0,0,1,0,1,0,1,0
Taxonomy Aggregate Coverage/taxonomy-app,com.taxonomy.portfolio.dto,PortfolioDtos.UpdateSolutionRequest,42,0,0,0,1,0,1,0,1,0
Taxonomy Aggregate Coverage/taxonomy-app,com.taxonomy.portfolio.dto,PortfolioDtos.ElementMappingView,0,57,0,0,0,1,0,1,0,1
Taxonomy Aggregate Coverage/taxonomy-app,com.taxonomy.portfolio.dto,PortfolioDtos.ProjectSolutionView,0,39,0,0,0,1,0,1,0,1
Taxonomy Aggregate Coverage/taxonomy-app,com.taxonomy.portfolio.dto,PortfolioDtos.PortfolioMetrics,0,33,0,0,0,1,0,1,0,1
Taxonomy Aggregate Coverage/taxonomy-app,com.taxonomy.portfolio.dto,PortfolioDtos.UpsertTaxonomyCoverageRequest,0,15,0,0,0,1,0,1,0,1
Taxonomy Aggregate Coverage/taxonomy-app,com.taxonomy.portfolio.dto,PortfolioDtos.ProjectPortfolioView,0,30,0,0,0,1,0,1,0,1
Taxonomy Aggregate Coverage/taxonomy-app,com.taxonomy.portfolio.dto,PortfolioDtos.RequirementView,0,48,0,0,0,1,0,1,0,1
Taxonomy Aggregate Coverage/taxonomy-app,com.taxonomy.portfolio.dto,PortfolioGitDtos.ExportedPortfolioDsl,0,33,0,0,0,1,0,1,0,1
Taxonomy Aggregate Coverage/taxonomy-app,com.taxonomy.portfolio.dto,PortfolioDtos.LinkRequirementSolutionRequest,0,21,0,0,0,1,0,1,0,1
Taxonomy Aggregate Coverage/taxonomy-app,com.taxonomy.portfolio.dto,PortfolioDtos.AnalyzeProjectRequest,0,23,0,0,0,2,0,2,0,2
Taxonomy Aggregate Coverage/taxonomy-app,com.taxonomy.portfolio.dto,PortfolioGitDtos.MaterializePortfolioRequest,9,0,0,0,1,0,1,0,1,0
Taxonomy Aggregate Coverage/taxonomy-app,com.taxonomy.portfolio.dto,PortfolioDtos.UpdateProjectSolutionRequest,0,15,0,0,0,1,0,1,0,1
Taxonomy Aggregate Coverage/taxonomy-app,com.taxonomy.portfolio.dto,PortfolioDtos.SnapshotDetail,0,24,0,0,0,1,0,1,0,1
Taxonomy Aggregate Coverage/taxonomy-app,com.taxonomy.portfolio.dto,PortfolioDtos.CreateRequirementVersionRequest,0,12,0,0,0,1,0,1,0,1
Taxonomy Aggregate Coverage/taxonomy-app,com.taxonomy.portfolio.dto,PortfolioDtos.ProjectView,0,51,0,0,0,1,0,1,0,1
Taxonomy Aggregate Coverage/taxonomy-app,com.taxonomy.workspace.model,RepositoryTopologyMode,0,15,0,0,0,3,0,1,0,1
Taxonomy Aggregate Coverage/taxonomy-app,com.taxonomy.workspace.model,SyncState,10,76,0,0,4,33,3,20,3,20
Taxonomy Aggregate Coverage/taxonomy-app,com.taxonomy.workspace.model,UserWorkspace,13,151,0,0,5,64,4,37,4,37
Taxonomy Aggregate Coverage/taxonomy-app,com.taxonomy.workspace.model,SystemRepository,7,94,1,3,3,37,3,24,2,23
Taxonomy Aggregate Coverage/taxonomy-app,com.taxonomy.workspace.model,WorkspaceProjection,10,73,0,0,4,32,3,20,3,20
Taxonomy Aggregate Coverage/taxonomy-app,com.taxonomy.workspace.model,WorkspaceProvisioningStatus,0,27,0,0,0,5,0,1,0,1
Taxonomy Aggregate Coverage/taxonomy-app,com.taxonomy.versioning.service,VersioningFacade.VariantPreview,9,0,0,0,1,0,1,0,1,0
Taxonomy Aggregate Coverage/taxonomy-app,com.taxonomy.versioning.service,SemanticGitMergeService.MergeOutcome,2,23,1,1,0,3,1,1,0,1
Taxonomy Aggregate Coverage/taxonomy-app,com.taxonomy.versioning.service,GitRepositoryBootstrap,17,65,2,4,7,18,2,4,0,3
Taxonomy Aggregate Coverage/taxonomy-app,com.taxonomy.versioning.service,VersioningFacade.FullContextState,12,0,0,0,1,0,1,0,1,0
Taxonomy Aggregate Coverage/taxonomy-app,com.taxonomy.versioning.service,HypothesisService,57,768,22,66,10,168,23,44,1,22
Taxonomy Aggregate Coverage/taxonomy-app,com.taxonomy.versioning.service,ContextCompareService,55,347,3,19,13,71,3,18,0,10
Taxonomy Aggregate Coverage/taxonomy-app,com.taxonomy.versioning.service,RequestCachingRepositoryStateService,0,38,2,4,0,12,2,4,0,3
Taxonomy Aggregate Coverage/taxonomy-app,com.taxonomy.versioning.service,ConflictDetectionService,200,306,14,18,31,64,9,18,0,11
Taxonomy Aggregate Coverage/taxonomy-app,com.taxonomy.versioning.service,ConflictDetectionService.CherryPickPreview,0,18,0,0,0,1,0,1,0,1
Taxonomy Aggregate Coverage/taxonomy-app,com.taxonomy.versioning.service,ConflictDetectionService.ConflictDetails,21,0,0,0,1,0,1,0,1,0
Taxonomy Aggregate Coverage/taxonomy-app,com.taxonomy.versioning.service,SemanticConflictDetectionService,96,21,7,1,21,7,5,2,1,2
Taxonomy Aggregate Coverage/taxonomy-app,com.taxonomy.versioning.service,SemanticDslOperationsFacade,0,71,0,2,0,18,0,4,0,3
Taxonomy Aggregate Coverage/taxonomy-app,com.taxonomy.versioning.service,SemanticGitMergeService.SemanticInputs,0,31,0,0,0,2,0,2,0,2
Taxonomy Aggregate Coverage/taxonomy-app,com.taxonomy.versioning.service,VersioningFacade,105,0,0,0,23,0,6,0,6,0
Taxonomy Aggregate Coverage/taxonomy-app,com.taxonomy.versioning.service,SelectiveTransferService,78,401,21,21,12,90,18,18,3,12
Taxonomy Aggregate Coverage/taxonomy-app,com.taxonomy.versioning.service,DslOperationsFacade,89,229,3,7,15,47,16,34,13,32
Taxonomy Aggregate Coverage/taxonomy-app,com.taxonomy.versioning.service,RepositoryStateService,127,344,3,27,18,84,3,33,0,21
Taxonomy Aggregate Coverage/taxonomy-app,com.taxonomy.versioning.service,ConflictDetectionService.MergePreview,0,27,0,0,0,1,0,1,0,1
Taxonomy Aggregate Coverage/taxonomy-app,com.taxonomy.versioning.service,SemanticGitMergeService,72,450,16,28,14,104,15,20,1,12
Taxonomy Aggregate Coverage/taxonomy-app,com.taxonomy.versioning.service,ContextHistoryService,54,100,1,1,20,28,1,6,0,6
Taxonomy Aggregate Coverage/taxonomy-app,com.taxonomy.versioning.service,ContextNavigationService,16,424,5,15,4,98,5,23,0,18
Taxonomy Aggregate Coverage/taxonomy-app,com.taxonomy.workspace.service,WorkspaceContextResolver,2,106,3,17,1,26,3,12,0,5
Taxonomy Aggregate Coverage/taxonomy-app,com.taxonomy.workspace.service,GitNativeSyncIntegrationService,162,486,33,33,28,115,31,23,4,17
Taxonomy Aggregate Coverage/taxonomy-app,com.taxonomy.workspace.service,WorkspaceResolver,7,59,6,8,2,19,6,5,0,4
Taxonomy Aggregate Coverage/taxonomy-app,com.taxonomy.workspace.service,ExternalGitSyncService.ExternalSyncConflictException,0,4,0,0,0,2,0,1,0,1
Taxonomy Aggregate Coverage/taxonomy-app,com.taxonomy.workspace.service,ExternalGitCredentials,15,32,5,5,1,8,5,4,0,4
Taxonomy Aggregate Coverage/taxonomy-app,com.taxonomy.workspace.service,SyncIntegrationService,192,594,28,32,49,150,22,27,0,18
Taxonomy Aggregate Coverage/taxonomy-app,com.taxonomy.workspace.service,RepositoryStateGuard.OperationCheck,0,12,0,0,0,1,0,1,0,1
Taxonomy Aggregate Coverage/taxonomy-app,com.taxonomy.workspace.service,ExternalGitSyncService.ExternalPushRejectedException,0,4,0,0,0,2,0,1,0,1
Taxonomy Aggregate Coverage/taxonomy-app,com.taxonomy.workspace.service,GitNativeSyncIntegrationService.WorkspaceMergeState,0,6,0,0,0,1,0,1,0,1
Taxonomy Aggregate Coverage/taxonomy-app,com.taxonomy.workspace.service,RepositoryStateGuard,0,86,0,14,0,20,0,9,0,2
Taxonomy Aggregate Coverage/taxonomy-app,com.taxonomy.workspace.service,ExternalGitSyncService,92,550,34,44,18,144,27,29,0,17
Taxonomy Aggregate Coverage/taxonomy-app,com.taxonomy.workspace.service,WorkspaceContext,0,20,0,0,0,2,0,2,0,2
Taxonomy Aggregate Coverage/taxonomy-app,com.taxonomy.workspace.service,WorkspaceProjectionService,45,342,5,9,16,85,5,15,0,13
Taxonomy Aggregate Coverage/taxonomy-app,com.taxonomy.workspace.service,SystemRepositoryService,0,109,0,4,0,34,0,9,0,7
Taxonomy Aggregate Coverage/taxonomy-app,com.taxonomy.workspace.service,UserWorkspaceState,5,122,1,3,1,37,1,21,0,20
Taxonomy Aggregate Coverage/taxonomy-app,com.taxonomy.workspace.service,ExternalGitSyncService.ExternalSyncStatus,0,21,0,0,0,1,0,1,0,1
Taxonomy Aggregate Coverage/taxonomy-app,com.taxonomy.workspace.service,WorkspaceManager,398,796,46,44,88,210,41,40,10,26
Taxonomy Aggregate Coverage/taxonomy-app,com.taxonomy.workspace.service,SyncIntegrationService.DivergedStrategy,0,21,0,0,0,4,0,1,0,1
Taxonomy Aggregate Coverage/taxonomy-app,com.taxonomy.architecture.service,ApqcHierarchyService,135,53,17,3,24,13,10,3,0,3
Taxonomy Aggregate Coverage/taxonomy-app,com.taxonomy.architecture.service,EnrichedImpactService,26,238,2,8,4,52,2,7,0,4
Taxonomy Aggregate Coverage/taxonomy-app,com.taxonomy.architecture.service,ArchitectureGraphQueryServiceImpl.Direction,0,21,0,0,0,1,0,1,0,1
Taxonomy Aggregate Coverage/taxonomy-app,com.taxonomy.architecture.service,ArchitecturePatternService,25,491,12,42,4,92,11,22,0,6
Taxonomy Aggregate Coverage/taxonomy-app,com.taxonomy.architecture.service,ArchitecturePatternService.PatternStep,0,20,0,0,0,2,0,2,0,2
Taxonomy Aggregate Coverage/taxonomy-app,com.taxonomy.architecture.service,ExplanationTraceService,119,337,31,19,19,61,25,9,2,7
Taxonomy Aggregate Coverage/taxonomy-app,com.taxonomy.architecture.service,CommitIndexService,104,320,5,17,35,68,6,21,2,14
Taxonomy Aggregate Coverage/taxonomy-app,com.taxonomy.architecture.service,ArchitectureGapService,36,571,17,43,6,116,14,26,0,10
Taxonomy Aggregate Coverage/taxonomy-app,com.taxonomy.architecture.service,ArchitectureRecommendationService,33,347,8,22,10,76,8,12,0,5
Taxonomy Aggregate Coverage/taxonomy-app,com.taxonomy.architecture.service,ArchitectureReportService,266,1348,46,110,38,261,42,46,0,10
Taxonomy Aggregate Coverage/taxonomy-app,com.taxonomy.architecture.service,ArchitectureGraphQueryServiceImpl.TraversalResult,0,15,0,0,0,6,0,1,0,1
Taxonomy Aggregate Coverage/taxonomy-app,com.taxonomy.architecture.service,ArchitectureSummaryService,67,270,9,9,7,57,11,12,3,11
Taxonomy Aggregate Coverage/taxonomy-app,com.taxonomy.architecture.service,LayerRepresentativeSelector,0,25,0,8,0,8,0,6,0,2
Taxonomy Aggregate Coverage/taxonomy-app,com.taxonomy.architecture.service,ArchitectureImpactSelector.ScoredElement,0,9,0,0,0,1,0,1,0,1
Taxonomy Aggregate Coverage/taxonomy-app,com.taxonomy.architecture.service,ArchitectureImpactSelector,3,512,9,59,0,86,9,42,0,17
Taxonomy Aggregate Coverage/taxonomy-app,com.taxonomy.architecture.service,ScoringTraceSelector,7,200,3,17,2,45,2,12,0,4
Taxonomy Aggregate Coverage/taxonomy-app,com.taxonomy.architecture.service,DerivedMetadataService,42,164,3,17,9,39,5,11,2,4
Taxonomy Aggregate Coverage/taxonomy-app,com.taxonomy.architecture.service,RequirementArchitectureViewService,0,42,0,4,0,10,0,5,0,3
Taxonomy Aggregate Coverage/taxonomy-app,com.taxonomy.architecture.service,ImpactEndpointSelector,2,134,3,21,0,29,3,12,0,3
Taxonomy Aggregate Coverage/taxonomy-app,com.taxonomy.architecture.service,ImpactEndpointSelector.new Record() {...},0,9,0,0,0,1,0,1,0,1
Taxonomy Aggregate Coverage/taxonomy-app,com.taxonomy.architecture.service,ArchitectureGraphQueryServiceImpl,62,961,23,84,13,197,19,55,0,20
Taxonomy Aggregate Coverage/taxonomy-app,com.taxonomy.architecture.service,ArchitecturePatternService.PatternTemplate,0,9,0,0,0,1,0,1,0,1
Taxonomy Aggregate Coverage/taxonomy-app,com.taxonomy.provenance.controller,DocumentImportController,371,182,33,17,87,47,27,13,5,10
Taxonomy Aggregate Coverage/taxonomy-app,com.taxonomy.provenance.controller,DocumentImportController.ConfirmedCandidate,0,9,0,0,0,1,0,1,0,1
Taxonomy Aggregate Coverage/taxonomy-app,com.taxonomy.provenance.controller,DocumentImportController.BoundedText,9,0,0,0,1,0,1,0,1,0
Taxonomy Aggregate Coverage/taxonomy-app,com.taxonomy.provenance.controller,DocumentImportController.ConfirmCandidatesRequest,0,12,0,0,0,1,0,1,0,1
Taxonomy Aggregate Coverage/taxonomy-app,com.taxonomy.provenance.controller,DocumentImportExceptionHandler,18,29,1,3,2,6,3,3,2,2
Taxonomy Aggregate Coverage/taxonomy-app,com.taxonomy.relations.model,RelationHypothesis,16,95,1,1,4,29,5,26,4,26
Taxonomy Aggregate Coverage/taxonomy-app,com.taxonomy.relations.model,RequirementCoverage,0,39,0,0,0,15,0,8,0,8
Taxonomy Aggregate Coverage/taxonomy-app,com.taxonomy.relations.model,RelationEvidence,55,32,1,1,16,10,17,8,16,8
Taxonomy Aggregate Coverage/taxonomy-app,com.taxonomy.relations.model,RelationProposal,11,114,2,4,3,37,5,28,3,27
Taxonomy Aggregate Coverage/taxonomy-app,com.taxonomy.shared.model,FloatArrayConverter,0,68,0,8,0,13,0,7,0,3
Taxonomy Aggregate Coverage/taxonomy-app,com.taxonomy.catalog.repository,TaxonomyRelationRepository,25,0,0,0,5,0,5,0,5,0
Taxonomy Aggregate Coverage/taxonomy-app,com.taxonomy.shared.config,SchemaContractMigration,223,428,32,28,58,105,29,24,4,19
Taxonomy Aggregate Coverage/taxonomy-app,com.taxonomy.shared.config,RateLimitFilter.WindowCounter,25,30,3,3,6,6,2,3,0,2
Taxonomy Aggregate Coverage/taxonomy-app,com.taxonomy.shared.config,TaxonomyAnalysisConfigurer,61,0,4,0,7,0,4,0,2,0
Taxonomy Aggregate Coverage/taxonomy-app,com.taxonomy.shared.config,OpenApiConfig,0,257,0,0,0,36,0,2,0,2
Taxonomy Aggregate Coverage/taxonomy-app,com.taxonomy.shared.config,HibernateSearchAnalysisConfigurer,0,44,0,0,0,7,0,2,0,2
Taxonomy Aggregate Coverage/taxonomy-app,com.taxonomy.shared.config,ExportConfig,2,103,1,8,1,27,1,19,0,13
Taxonomy Aggregate Coverage/taxonomy-app,com.taxonomy.shared.config,WebMvcConfig,0,75,0,0,0,13,0,4,0,4
Taxonomy Aggregate Coverage/taxonomy-app,com.taxonomy.shared.config,SpringContextHolder,0,17,0,2,0,7,0,4,0,3
Taxonomy Aggregate Coverage/taxonomy-app,com.taxonomy.shared.config,DslAnalyzer,0,18,0,0,0,4,0,2,0,2
Taxonomy Aggregate Coverage/taxonomy-app,com.taxonomy.shared.config,I18nConfig,0,39,0,0,0,9,0,5,0,5
Taxonomy Aggregate Coverage/taxonomy-app,com.taxonomy.shared.config,VersionModelAdvice,0,6,0,0,0,2,0,2,0,2
Taxonomy Aggregate Coverage/taxonomy-app,com.taxonomy.shared.config,CsvKeywordAnalyzer,0,24,0,0,0,5,0,3,0,3
Taxonomy Aggregate Coverage/taxonomy-app,com.taxonomy.shared.config,SchemaContractMigration.IndexDefinition,0,9,0,0,0,1,0,1,0,1
Taxonomy Aggregate Coverage/taxonomy-app,com.taxonomy.shared.config,SchemaContractMigration.TableRef,0,12,0,0,0,1,0,1,0,1
Taxonomy Aggregate Coverage/taxonomy-app,com.taxonomy.shared.config,RateLimitFilter,17,102,6,14,3,27,5,11,0,6
Taxonomy Aggregate Coverage/taxonomy-app,com.taxonomy.shared.config,TaxonomyHealthIndicator,1,73,1,1,0,15,1,2,0,2
Taxonomy Aggregate Coverage/taxonomy-app,com.taxonomy.shared.config,GlobalExceptionHandler,35,153,2,2,4,26,3,5,1,5
Taxonomy Aggregate Coverage/taxonomy-app,com.taxonomy.portfolio.workbench,ArchitectureWorkbenchDtos.Projection,6,78,3,3,0,5,3,1,0,1
Taxonomy Aggregate Coverage/taxonomy-app,com.taxonomy.portfolio.workbench,ArchitectureWorkbenchDtos.RelationMetadata,47,0,0,0,2,0,2,0,2,0
Taxonomy Aggregate Coverage/taxonomy-app,com.taxonomy.portfolio.workbench,ArchitectureWorkbenchService,109,265,18,18,19,52,18,8,1,7
Taxonomy Aggregate Coverage/taxonomy-app,com.taxonomy.portfolio.workbench,ArchitectureWorkbenchDtos.ElementMetadata,51,0,0,0,1,0,1,0,1,0
Taxonomy Aggregate Coverage/taxonomy-app,com.taxonomy.portfolio.workbench,ArchitecturePdfRenderer,57,746,16,23,8,134,16,20,0,14
Taxonomy Aggregate Coverage/taxonomy-app,com.taxonomy.portfolio.workbench,ArchitectureWorkbenchController,0,175,1,3,0,45,1,10,0,9
Taxonomy Aggregate Coverage/taxonomy-app,com.taxonomy.portfolio.workbench,ArchitectureWorkbenchController.RequestScope,0,9,0,0,0,1,0,1,0,1
Taxonomy Aggregate Coverage/taxonomy-app,com.taxonomy.portfolio.repository,ProjectRequirementVersionRepository,2,17,2,2,1,3,2,2,0,2
Taxonomy Aggregate Coverage/taxonomy-app,com.taxonomy.catalog.controller,ArchiMateImportController,43,89,2,6,6,19,1,8,0,5
Taxonomy Aggregate Coverage/taxonomy-app,com.taxonomy.catalog.controller,ApiController,29,25,2,2,5,9,2,3,0,3
Taxonomy Aggregate Coverage/taxonomy-app,com.taxonomy.catalog.controller,TaxonomyController,0,19,0,0,0,6,0,2,0,2
Taxonomy Aggregate Coverage/taxonomy-app,com.taxonomy.catalog.controller,ImportApiController,49,93,3,5,9,24,3,6,0,5
Taxonomy Aggregate Coverage/taxonomy-app,com.taxonomy.preferences,PreferencesStorageConfig,0,15,0,0,0,4,0,3,0,3
Taxonomy Aggregate Coverage/taxonomy-app,com.taxonomy.preferences,PreferencesService,40,308,8,8,9,63,7,14,1,12
Taxonomy Aggregate Coverage/taxonomy-app,com.taxonomy.search.service,SearchFacade,4,90,0,0,1,19,1,8,1,8
