GROUP,PACKAGE,CLASS,INSTRUCTION_MISSED,INSTRUCTION_COVERED,BRANCH_MISSED,BRANCH_COVERED,LINE_MISSED,LINE_COVERED,COMPLEXITY_MISSED,COMPLEXITY_COVERED,METHOD_MISSED,METHOD_COVERED
Taxonomy Aggregate Coverage/taxonomy-domain,com.taxonomy.dto,RelationQualityMetrics,0,30,0,0,0,1,0,1,0,1
Taxonomy Aggregate Coverage/taxonomy-domain,com.taxonomy.dto,ProjectionState,0,24,0,0,0,1,0,1,0,1
Taxonomy Aggregate Coverage/taxonomy-domain,com.taxonomy.dto,RequirementSourceLinkDto,26,47,0,0,8,13,8,13,8,13
Taxonomy Aggregate Coverage/taxonomy-domain,com.taxonomy.dto,TaxonomyDiscrepancy,0,12,0,0,0,1,0,1,0,1
Taxonomy Aggregate Coverage/taxonomy-domain,com.taxonomy.dto,ContextRef,0,36,0,0,0,1,0,1,0,1
Taxonomy Aggregate Coverage/taxonomy-domain,com.taxonomy.dto,RecommendedElement,23,40,0,0,6,14,6,8,6,8
Taxonomy Aggregate Coverage/taxonomy-domain,com.taxonomy.dto,ElementHistoryAggregation,2,31,1,1,0,3,1,2,0,2
Taxonomy Aggregate Coverage/taxonomy-domain,com.taxonomy.dto,TaxonomyNodeDto,3,210,1,1,0,63,1,53,0,53
Taxonomy Aggregate Coverage/taxonomy-domain,com.taxonomy.dto,DocumentParseResult,5,69,1,1,1,20,2,18,1,18
Taxonomy Aggregate Coverage/taxonomy-domain,com.taxonomy.dto,ImpactElement,0,45,0,0,0,13,0,13,0,13
Taxonomy Aggregate Coverage/taxonomy-domain,com.taxonomy.dto,RelationHypothesisDto,8,75,0,0,2,25,2,16,2,16
Taxonomy Aggregate Coverage/taxonomy-domain,com.taxonomy.dto,RepositoryState,0,51,0,0,0,1,0,1,0,1
Taxonomy Aggregate Coverage/taxonomy-domain,com.taxonomy.dto,TopRejectedProposal,0,24,0,0,0,1,0,1,0,1
Taxonomy Aggregate Coverage/taxonomy-domain,com.taxonomy.dto,ArchitectureRecommendation,0,77,0,0,0,20,0,15,0,15
Taxonomy Aggregate Coverage/taxonomy-domain,com.taxonomy.dto,TransferConflict,0,15,0,0,0,1,0,1,0,1
Taxonomy Aggregate Coverage/taxonomy-domain,com.taxonomy.dto,NodeOrigin,0,56,0,0,0,11,0,3,0,3
Taxonomy Aggregate Coverage/taxonomy-domain,com.taxonomy.dto,CoverageGap,19,27,0,0,5,10,5,5,5,5
Taxonomy Aggregate Coverage/taxonomy-domain,com.taxonomy.dto,SourceFragmentDto,14,59,0,0,4,17,4,17,4,17
Taxonomy Aggregate Coverage/taxonomy-domain,com.taxonomy.dto,SavedAnalysis,0,76,0,0,0,22,0,21,0,21
Taxonomy Aggregate Coverage/taxonomy-domain,com.taxonomy.dto,ArchitectureReport,0,81,0,0,0,24,0,21,0,21
Taxonomy Aggregate Coverage/taxonomy-domain,com.taxonomy.dto,ChunkingStrategy,0,21,0,0,0,4,0,1,0,1
Taxonomy Aggregate Coverage/taxonomy-domain,com.taxonomy.dto,TransferSelection.TransferMode,0,21,0,0,0,4,0,1,0,1
Taxonomy Aggregate Coverage/taxonomy-domain,com.taxonomy.dto,SuggestedRelation,0,46,0,0,0,15,0,10,0,10
Taxonomy Aggregate Coverage/taxonomy-domain,com.taxonomy.dto,ContextComparison.DiffSummary,0,39,0,0,0,2,0,2,0,2
Taxonomy Aggregate Coverage/taxonomy-domain,com.taxonomy.dto,ApqcHierarchyNode,24,0,0,0,1,0,1,0,1,0
Taxonomy Aggregate Coverage/taxonomy-domain,com.taxonomy.dto,RequirementAnchor,15,21,0,0,4,8,4,4,4,4
Taxonomy Aggregate Coverage/taxonomy-domain,com.taxonomy.dto,HierarchicalChunk,0,45,0,0,0,13,0,13,0,13
Taxonomy Aggregate Coverage/taxonomy-domain,com.taxonomy.dto,ViewContext,0,21,0,0,0,1,0,1,0,1
Taxonomy Aggregate Coverage/taxonomy-domain,com.taxonomy.dto,SemanticChange,0,21,0,0,0,1,0,1,0,1
Taxonomy Aggregate Coverage/taxonomy-domain,com.taxonomy.dto,PatternDetectionView,0,53,0,0,0,14,0,11,0,11
Taxonomy Aggregate Coverage/taxonomy-domain,com.taxonomy.dto,ArchiMateImportResult,0,71,0,0,0,21,0,19,0,19
Taxonomy Aggregate Coverage/taxonomy-domain,com.taxonomy.dto,ImpactRelationship,15,30,0,0,5,8,5,8,5,8
Taxonomy Aggregate Coverage/taxonomy-domain,com.taxonomy.dto,ProfileInfo,0,18,0,0,0,1,0,1,0,1
Taxonomy Aggregate Coverage/taxonomy-domain,com.taxonomy.dto,WorkspaceRole,15,0,0,0,3,0,1,0,1,0
Taxonomy Aggregate Coverage/taxonomy-domain,com.taxonomy.dto,LlmCallDetail,0,59,0,0,0,17,0,17,0,17
Taxonomy Aggregate Coverage/taxonomy-domain,com.taxonomy.dto,ChangeImpactView,4,75,0,0,1,20,1,16,1,16
Taxonomy Aggregate Coverage/taxonomy-domain,com.taxonomy.dto,RequirementElementView,0,115,0,0,0,33,0,33,0,33
Taxonomy Aggregate Coverage/taxonomy-domain,com.taxonomy.dto,NodeGraphMetadata,0,21,0,0,0,1,0,1,0,1
Taxonomy Aggregate Coverage/taxonomy-domain,com.taxonomy.dto,RequirementCandidate,23,33,0,0,6,12,6,6,6,6
Taxonomy Aggregate Coverage/taxonomy-domain,com.taxonomy.dto,ProvenanceMetrics,0,15,0,0,0,1,0,1,0,1
Taxonomy Aggregate Coverage/taxonomy-domain,com.taxonomy.dto,TaxonomyRelationDto,0,73,0,0,0,21,0,21,0,21
Taxonomy Aggregate Coverage/taxonomy-domain,com.taxonomy.dto,ArchitectureSummary.NextStep,0,12,0,0,0,1,0,1,0,1
Taxonomy Aggregate Coverage/taxonomy-domain,com.taxonomy.dto,AiStatusResponse,4,39,2,2,0,12,2,6,0,6
Taxonomy Aggregate Coverage/taxonomy-domain,com.taxonomy.dto,ExplanationTrace.ScoreComponent,15,21,0,0,4,8,4,4,4,4
Taxonomy Aggregate Coverage/taxonomy-domain,com.taxonomy.dto,RequirementRelationshipView,0,104,0,2,0,29,0,28,0,27
Taxonomy Aggregate Coverage/taxonomy-domain,com.taxonomy.dto,SourceVersionDto,0,66,0,0,0,19,0,19,0,19
Taxonomy Aggregate Coverage/taxonomy-domain,com.taxonomy.dto,RelationSeedRow,0,59,1,6,0,8,1,5,0,2
Taxonomy Aggregate Coverage/taxonomy-domain,com.taxonomy.dto,GraphNeighborhoodView,4,70,0,0,1,19,1,16,1,16
Taxonomy Aggregate Coverage/taxonomy-domain,com.taxonomy.dto,AiExtractedCandidate,0,15,0,0,0,1,0,1,0,1
Taxonomy Aggregate Coverage/taxonomy-domain,com.taxonomy.dto,RegulationArchitectureMatch,0,18,0,0,0,1,0,1,0,1
Taxonomy Aggregate Coverage/taxonomy-domain,com.taxonomy.dto,ContextComparison,0,18,0,0,0,1,0,1,0,1
Taxonomy Aggregate Coverage/taxonomy-domain,com.taxonomy.dto,RelationProposalDto,0,94,0,0,0,27,0,27,0,27
Taxonomy Aggregate Coverage/taxonomy-domain,com.taxonomy.dto,MissingRelation,23,33,0,0,6,12,6,6,6,6
Taxonomy Aggregate Coverage/taxonomy-domain,com.taxonomy.dto,DetectedPattern,38,48,0,0,6,15,6,6,6,6
Taxonomy Aggregate Coverage/taxonomy-domain,com.taxonomy.dto,ContextMode,0,21,0,0,0,4,0,1,0,1
Taxonomy Aggregate Coverage/taxonomy-domain,com.taxonomy.dto,CoverageStatistics,0,27,0,0,0,1,0,1,0,1
Taxonomy Aggregate Coverage/taxonomy-domain,com.taxonomy.dto,EnrichedChangeImpactView,4,94,0,0,1,25,1,20,1,20
Taxonomy Aggregate Coverage/taxonomy-domain,com.taxonomy.dto,GapAnalysisView,0,72,0,0,0,19,0,15,0,15
Taxonomy Aggregate Coverage/taxonomy-domain,com.taxonomy.dto,ContextHistoryEntry,0,15,0,0,0,1,0,1,0,1
Taxonomy Aggregate Coverage/taxonomy-domain,com.taxonomy.dto,ApqcCoverageResult,0,18,0,0,0,1,0,1,0,1
Taxonomy Aggregate Coverage/taxonomy-domain,com.taxonomy.dto,RequirementArchitectureView,0,112,0,0,0,30,0,25,0,25
Taxonomy Aggregate Coverage/taxonomy-domain,com.taxonomy.dto,RelationOrigin,0,60,0,0,0,12,0,4,0,4
Taxonomy Aggregate Coverage/taxonomy-domain,com.taxonomy.dto,NodeCoverageEntry,0,9,0,0,0,1,0,1,0,1
Taxonomy Aggregate Coverage/taxonomy-domain,com.taxonomy.dto,ProductCoverageGap,2,23,1,1,0,3,1,1,0,1
Taxonomy Aggregate Coverage/taxonomy-domain,com.taxonomy.dto,AnalysisResult,6,152,2,2,0,37,2,26,0,26
Taxonomy Aggregate Coverage/taxonomy-domain,com.taxonomy.dto,RelationTypeMetrics,0,18,0,0,0,1,0,1,0,1
Taxonomy Aggregate Coverage/taxonomy-domain,com.taxonomy.dto,AiAvailabilityLevel,0,21,0,0,0,4,0,1,0,1
Taxonomy Aggregate Coverage/taxonomy-domain,com.taxonomy.dto,IncompletePattern,19,27,0,0,5,10,5,5,5,5
Taxonomy Aggregate Coverage/taxonomy-domain,com.taxonomy.dto,ExplanationTrace,0,60,0,0,0,16,0,13,0,13
Taxonomy Aggregate Coverage/taxonomy-domain,com.taxonomy.dto,GraphSearchResult,19,27,0,0,7,10,5,5,5,5
Taxonomy Aggregate Coverage/taxonomy-domain,com.taxonomy.dto,AnalysisProvenance,10,25,4,4,2,4,4,1,0,1
Taxonomy Aggregate Coverage/taxonomy-domain,com.taxonomy.dto,RequirementImpactView,4,63,0,0,1,17,1,14,1,14
Taxonomy Aggregate Coverage/taxonomy-domain,com.taxonomy.dto,WorkspaceInfo,0,81,0,0,0,5,0,3,0,3
Taxonomy Aggregate Coverage/taxonomy-domain,com.taxonomy.dto,DocumentSection,57,38,0,0,13,12,13,7,13,7
Taxonomy Aggregate Coverage/taxonomy-domain,com.taxonomy.dto,SourceArtifactDto,0,89,0,0,0,27,0,24,0,24
Taxonomy Aggregate Coverage/taxonomy-domain,com.taxonomy.dto,ArchitectureSummary,0,39,0,0,0,1,0,1,0,1
Taxonomy Aggregate Coverage/taxonomy-domain,com.taxonomy.dto,ArchitectureSummary.SummaryEntry,0,12,0,0,0,1,0,1,0,1
Taxonomy Aggregate Coverage/taxonomy-domain,com.taxonomy.dto,NavigationReason,0,33,0,0,0,6,0,1,0,1
Taxonomy Aggregate Coverage/taxonomy-domain,com.taxonomy.dto,TransferSelection,0,18,0,0,0,1,0,1,0,1
Taxonomy Aggregate Coverage/taxonomy-domain,com.taxonomy.dto,EnrichedImpactElement,12,52,0,0,4,14,4,13,4,13
Taxonomy Aggregate Coverage/taxonomy-domain,com.taxonomy.dto,FrameworkImportResult,0,42,0,0,0,1,0,1,0,1
Taxonomy Aggregate Coverage/taxonomy-domain,com.taxonomy.dto,VersionedSearchResult,33,0,0,0,1,0,1,0,1,0
Taxonomy Aggregate Coverage/taxonomy-domain,com.taxonomy.dto,AnalysisRequest,0,43,0,0,0,13,0,10,0,10
Taxonomy Aggregate Coverage/taxonomy-domain,com.taxonomy.model,HypothesisStatus,0,27,0,0,0,5,0,1,0,1
Taxonomy Aggregate Coverage/taxonomy-domain,com.taxonomy.model,ProposalStatus,0,21,0,0,0,4,0,1,0,1
Taxonomy Aggregate Coverage/taxonomy-domain,com.taxonomy.model,SeedType,0,21,0,0,0,4,0,1,0,1
Taxonomy Aggregate Coverage/taxonomy-domain,com.taxonomy.model,LinkType,0,39,0,0,0,7,0,1,0,1
Taxonomy Aggregate Coverage/taxonomy-domain,com.taxonomy.model,SourceType,0,57,0,0,0,10,0,1,0,1
Taxonomy Aggregate Coverage/taxonomy-domain,com.taxonomy.model,RelationType,0,75,0,0,0,13,0,1,0,1
Taxonomy Aggregate Coverage/taxonomy-dsl,com.taxonomy.dsl.command,ArchitectureRelationDslTransformer.InvalidRelationBlockException,0,4,0,0,0,2,0,1,0,1
Taxonomy Aggregate Coverage/taxonomy-dsl,com.taxonomy.dsl.command,ArchitectureRelationDslTransformer.AmbiguousRelationException,0,4,0,0,0,2,0,1,0,1
Taxonomy Aggregate Coverage/taxonomy-dsl,com.taxonomy.dsl.command,ArchitectureRelationDslTransformer.ChangeKind,0,27,0,0,0,5,0,1,0,1
Taxonomy Aggregate Coverage/taxonomy-dsl,com.taxonomy.dsl.command,ArchitectureRelationDslTransformer,23,598,8,40,2,128,9,40,1,24
Taxonomy Aggregate Coverage/taxonomy-dsl,com.taxonomy.dsl.command,ArchitectureRelationDslTransformer.RelationDefinition,0,97,3,9,0,22,3,6,0,3
Taxonomy Aggregate Coverage/taxonomy-dsl,com.taxonomy.dsl.command,ArchitectureRelationDslTransformer.ChangeResult,0,27,0,2,0,5,0,3,0,2
Taxonomy Aggregate Coverage/taxonomy-dsl,com.taxonomy.dsl.command,ArchitectureRelationDslTransformer.RelationIdentity,0,42,0,0,0,8,0,3,0,3
Taxonomy Aggregate Coverage/taxonomy-dsl,com.taxonomy.dsl.diff,DiffSummary,0,93,0,2,0,16,0,3,0,2
Taxonomy Aggregate Coverage/taxonomy-dsl,com.taxonomy.dsl.diff,ModelDiff.RelationChange,0,9,0,0,0,1,0,1,0,1
Taxonomy Aggregate Coverage/taxonomy-dsl,com.taxonomy.dsl.diff,SemanticChange,0,61,0,0,0,5,0,5,0,5
Taxonomy Aggregate Coverage/taxonomy-dsl,com.taxonomy.dsl.diff,SemanticChangeType,0,105,0,0,0,18,0,3,0,3
Taxonomy Aggregate Coverage/taxonomy-dsl,com.taxonomy.dsl.diff,SemanticDiffDescriber,63,590,5,35,8,96,5,27,0,12
Taxonomy Aggregate Coverage/taxonomy-dsl,com.taxonomy.dsl.diff,ModelDiffer,0,425,7,57,0,83,7,39,0,14
Taxonomy Aggregate Coverage/taxonomy-dsl,com.taxonomy.dsl.diff,ModelDiff.ElementChange,0,9,0,0,0,1,0,1,0,1
Taxonomy Aggregate Coverage/taxonomy-dsl,com.taxonomy.dsl.diff,ModelDiff,0,73,5,7,0,5,5,4,0,3
Taxonomy Aggregate Coverage/taxonomy-dsl,com.taxonomy.dsl.mapping,ExternalElement,0,18,0,0,0,1,0,1,0,1
Taxonomy Aggregate Coverage/taxonomy-dsl,com.taxonomy.dsl.mapping,ExternalRelation,0,15,0,0,0,1,0,1,0,1
Taxonomy Aggregate Coverage/taxonomy-dsl,com.taxonomy.dsl.mapping,MappingResult,0,15,0,0,0,1,0,1,0,1
Taxonomy Aggregate Coverage/taxonomy-dsl,com.taxonomy.dsl.mapping,ExternalModelMapper,2,306,2,10,0,70,2,7,0,3
Taxonomy Aggregate Coverage/taxonomy-dsl,com.taxonomy.dsl.model,ArchitectureRequirementSourceLink,0,88,0,0,0,25,0,20,0,20
Taxonomy Aggregate Coverage/taxonomy-dsl,com.taxonomy.dsl.model,ArchitectureSource,0,81,0,0,0,23,0,18,0,18
Taxonomy Aggregate Coverage/taxonomy-dsl,com.taxonomy.dsl.model,RequirementMapping,0,57,0,0,0,16,0,12,0,12
Taxonomy Aggregate Coverage/taxonomy-dsl,com.taxonomy.dsl.model,CanonicalArchitectureModel,13,100,0,0,1,24,2,13,2,13
Taxonomy Aggregate Coverage/taxonomy-dsl,com.taxonomy.dsl.model,ArchitectureRequirement,0,53,0,0,0,15,0,10,0,10
Taxonomy Aggregate Coverage/taxonomy-dsl,com.taxonomy.dsl.model,ArchitectureRelation,0,74,0,0,0,21,0,16,0,16
Taxonomy Aggregate Coverage/taxonomy-dsl,com.taxonomy.dsl.model,ArchitectureEvidence,0,82,0,0,0,23,0,20,0,20
Taxonomy Aggregate Coverage/taxonomy-dsl,com.taxonomy.dsl.model,ArchitectureSourceVersion,0,78,0,0,0,22,0,18,0,18
Taxonomy Aggregate Coverage/taxonomy-dsl,com.taxonomy.dsl.model,ArchitectureSourceFragment,26,73,0,0,8,20,5,19,5,19
Taxonomy Aggregate Coverage/taxonomy-dsl,com.taxonomy.dsl.model,TaxonomyRootTypes,0,137,0,14,0,25,0,12,0,5
Taxonomy Aggregate Coverage/taxonomy-dsl,com.taxonomy.dsl.model,ArchitectureView,0,67,0,0,0,17,0,12,0,12
Taxonomy Aggregate Coverage/taxonomy-dsl,com.taxonomy.dsl.model,ArchitectureElement,0,73,0,0,0,21,0,14,0,14
Taxonomy Aggregate Coverage/taxonomy-dsl,com.taxonomy.dsl.serializer,TaxDslSerializer,24,562,13,47,2,97,12,30,0,12
Taxonomy Aggregate Coverage/taxonomy-dsl,com.taxonomy.dsl.mapping.profiles,UafMappingProfile,0,186,2,6,0,39,2,12,0,10
Taxonomy Aggregate Coverage/taxonomy-dsl,com.taxonomy.dsl.mapping.profiles,ApqcMappingProfile,0,85,0,4,0,19,0,12,0,10
Taxonomy Aggregate Coverage/taxonomy-dsl,com.taxonomy.dsl.mapping.profiles,C4MappingProfile,0,102,0,4,0,21,0,12,0,10
Taxonomy Aggregate Coverage/taxonomy-dsl,com.taxonomy.dsl.mapping.profiles,ArchiMateMappingProfile,0,192,2,6,0,40,2,12,0,10
Taxonomy Aggregate Coverage/taxonomy-dsl,com.taxonomy.dsl.validation,DslValidationResult,63,45,8,2,10,9,7,8,3,7
Taxonomy Aggregate Coverage/taxonomy-dsl,com.taxonomy.dsl.validation,DslValidator,72,634,31,69,15,119,25,37,0,12
Taxonomy Aggregate Coverage/taxonomy-dsl,com.taxonomy.dsl.merge,TaxDslMergeResult,2,25,1,1,0,5,1,3,0,3
Taxonomy Aggregate Coverage/taxonomy-dsl,com.taxonomy.dsl.merge,TaxDslSemanticMerger,91,744,27,75,13,147,23,51,0,23
Taxonomy Aggregate Coverage/taxonomy-dsl,com.taxonomy.dsl.merge,TaxDslMergeConflict,3,34,2,2,1,3,2,2,0,2
Taxonomy Aggregate Coverage/taxonomy-dsl,com.taxonomy.dsl.parser,DslTokenizer,4,352,2,30,0,54,2,19,0,5
Taxonomy Aggregate Coverage/taxonomy-dsl,com.taxonomy.dsl.parser,TaxDslParser,65,475,15,53,11,92,14,33,1,10
Taxonomy Aggregate Coverage/taxonomy-dsl,com.taxonomy.dsl.mapper,AstToModelMapper,7,694,19,38,0,165,19,26,0,12
Taxonomy Aggregate Coverage/taxonomy-dsl,com.taxonomy.dsl.mapper,ModelToAstMapper,93,836,27,47,16,139,25,26,1,13
Taxonomy Aggregate Coverage/taxonomy-dsl,com.taxonomy.dsl.ast,MetaAst,0,15,0,0,0,1,0,1,0,1
Taxonomy Aggregate Coverage/taxonomy-dsl,com.taxonomy.dsl.ast,SourceLocation,23,12,2,0,5,1,3,1,2,1
Taxonomy Aggregate Coverage/taxonomy-dsl,com.taxonomy.dsl.ast,PropertyAst,0,24,1,3,0,2,1,3,0,2
Taxonomy Aggregate Coverage/taxonomy-dsl,com.taxonomy.dsl.ast,BlockAst,0,78,0,0,0,23,0,11,0,11
Taxonomy Aggregate Coverage/taxonomy-dsl,com.taxonomy.dsl.ast,DocumentAst,0,31,0,0,0,7,0,5,0,5
Taxonomy Aggregate Coverage/taxonomy-export,com.taxonomy.archimate,ArchiMateView,0,15,0,0,0,1,0,1,0,1
Taxonomy Aggregate Coverage/taxonomy-export,com.taxonomy.archimate,ArchiMateModel,0,18,0,0,0,1,0,1,0,1
Taxonomy Aggregate Coverage/taxonomy-export,com.taxonomy.archimate,ArchiMateRelationship,0,21,0,0,0,1,0,1,0,1
Taxonomy Aggregate Coverage/taxonomy-export,com.taxonomy.archimate,ArchiMateViewConnection,0,15,0,0,0,1,0,1,0,1
Taxonomy Aggregate Coverage/taxonomy-export,com.taxonomy.archimate,ArchiMateElement,0,15,0,0,0,1,0,1,0,1
Taxonomy Aggregate Coverage/taxonomy-export,com.taxonomy.archimate,ArchiMateViewNode,0,36,0,0,0,1,0,1,0,1
Taxonomy Aggregate Coverage/taxonomy-export,com.taxonomy.export.spi,ExportFormatDescriptor,0,18,0,0,0,1,0,1,0,1
Taxonomy Aggregate Coverage/taxonomy-export,com.taxonomy.export.spi,ExportResult,0,29,0,0,0,6,0,3,0,3
Taxonomy Aggregate Coverage/taxonomy-export,com.taxonomy.export.spi,ExportContext,2,25,1,1,0,5,1,2,0,2
Taxonomy Aggregate Coverage/taxonomy-export,com.taxonomy.export.spi,ExportFormatExtension,0,21,0,0,0,4,0,4,0,4
Taxonomy Aggregate Coverage/taxonomy-export,com.taxonomy.export,ArchiMateDiagramService,69,677,13,77,7,121,13,63,0,14
Taxonomy Aggregate Coverage/taxonomy-export,com.taxonomy.export,MermaidExportService,66,905,19,88,13,171,16,64,0,24
Taxonomy Aggregate Coverage/taxonomy-export,com.taxonomy.export,ClusteringDiagramSelectionPolicy,4,4,0,0,2,2,1,1,1,1
Taxonomy Aggregate Coverage/taxonomy-export,com.taxonomy.export,DiagramViewMetadata,0,103,1,17,0,21,1,11,0,3
Taxonomy Aggregate Coverage/taxonomy-export,com.taxonomy.export,VisioDiagramService,1,207,3,11,0,37,3,8,0,4
Taxonomy Aggregate Coverage/taxonomy-export,com.taxonomy.export,LayeredDiagramLayoutService,12,440,12,24,1,91,12,20,0,14
Taxonomy Aggregate Coverage/taxonomy-export,com.taxonomy.export,DiagramProjectionService,4,383,1,21,1,75,2,16,1,6
Taxonomy Aggregate Coverage/taxonomy-export,com.taxonomy.export,SvgDiagramRenderer,15,381,10,19,5,78,10,12,0,5
Taxonomy Aggregate Coverage/taxonomy-export,com.taxonomy.export,DiagramSelectionConfig,0,82,0,0,0,5,0,5,0,5
Taxonomy Aggregate Coverage/taxonomy-export,com.taxonomy.export,TraceDiagramSelectionPolicy,4,4,0,0,2,2,1,1,1,1
Taxonomy Aggregate Coverage/taxonomy-export,com.taxonomy.export,VisioPackageBuilder,1,386,2,10,0,88,2,19,0,15
Taxonomy Aggregate Coverage/taxonomy-export,com.taxonomy.export,PersistedDiagramProjection,0,9,0,0,0,2,0,1,0,1
Taxonomy Aggregate Coverage/taxonomy-export,com.taxonomy.export,LeafOnlyDiagramSelectionPolicy,4,4,0,0,2,2,1,1,1,1
Taxonomy Aggregate Coverage/taxonomy-export,com.taxonomy.export,ArchiMateXmlExporter,3,506,5,23,1,107,5,18,0,9
Taxonomy Aggregate Coverage/taxonomy-export,com.taxonomy.export,ConfigurableDiagramSelectionPolicy,14,774,14,106,1,129,15,67,1,21
Taxonomy Aggregate Coverage/taxonomy-export,com.taxonomy.export,StructurizrExportService,14,328,8,24,2,61,8,14,0,6
Taxonomy Aggregate Coverage/taxonomy-export,com.taxonomy.export,MermaidLabels,0,435,0,0,0,72,0,6,0,6
Taxonomy Aggregate Coverage/taxonomy-export,com.taxonomy.export,DiagramTextWrapper,7,129,7,21,2,31,7,10,0,3
Taxonomy Aggregate Coverage/taxonomy-export,com.taxonomy.export,EdgeRerouteStrategy,0,103,0,12,0,20,0,11,0,5
Taxonomy Aggregate Coverage/taxonomy-export,com.taxonomy.export,VisioPackageValidator,56,337,26,48,12,75,24,20,0,7
Taxonomy Aggregate Coverage/taxonomy-export,com.taxonomy.visio.converter,VisioPageContentsConverter,7,627,2,18,1,145,2,25,0,17
Taxonomy Aggregate Coverage/taxonomy-export,com.taxonomy.visio.converter,VisioPagesConverter,0,169,0,2,0,41,0,11,0,10
Taxonomy Aggregate Coverage/taxonomy-export,com.taxonomy.visio.converter,VisioDocumentConverter,0,30,0,0,0,9,0,4,0,4
Taxonomy Aggregate Coverage/taxonomy-export,com.taxonomy.visio,VisioShape,0,51,0,0,0,18,0,9,0,9
Taxonomy Aggregate Coverage/taxonomy-export,com.taxonomy.visio,VisioDocument,0,11,0,0,0,3,0,2,0,2
Taxonomy Aggregate Coverage/taxonomy-export,com.taxonomy.visio,VisioConnect,0,21,0,0,0,8,0,4,0,4
Taxonomy Aggregate Coverage/taxonomy-export,com.taxonomy.visio,VisioPage,3,28,0,0,1,9,1,4,1,4
Taxonomy Aggregate Coverage/taxonomy-export,com.taxonomy.export.artifact,ArchitectureArtifactLossManifest,5,63,1,5,1,17,1,6,0,4
Taxonomy Aggregate Coverage/taxonomy-export,com.taxonomy.export.artifact,ArchitectureArtifactLoss.Disposition,0,33,0,0,0,6,0,1,0,1
Taxonomy Aggregate Coverage/taxonomy-export,com.taxonomy.export.artifact,ArchitectureArtifactSource,0,31,0,0,0,6,0,1,0,1
Taxonomy Aggregate Coverage/taxonomy-export,com.taxonomy.export.artifact,ArchitectureArtifactFormat,0,44,0,0,0,11,0,5,0,5
Taxonomy Aggregate Coverage/taxonomy-export,com.taxonomy.export.artifact,ArchitectureArtifactEnvelope,28,129,8,14,5,29,8,7,0,4
Taxonomy Aggregate Coverage/taxonomy-export,com.taxonomy.export.artifact,ArchitectureArtifactEnvelopeFactory,7,196,1,5,2,47,1,10,0,8
Taxonomy Aggregate Coverage/taxonomy-export,com.taxonomy.export.artifact,ArchitectureArtifactLoss,6,64,1,5,1,16,1,4,0,2
Taxonomy Aggregate Coverage/taxonomy-export,com.taxonomy.export.artifact,ArchitectureArtifactText,6,30,1,5,1,8,1,4,0,2
Taxonomy Aggregate Coverage/taxonomy-export,com.taxonomy.diagram,DiagramSceneEdge,0,33,0,0,0,1,0,1,0,1
Taxonomy Aggregate Coverage/taxonomy-export,com.taxonomy.diagram,DiagramLayout,0,9,0,0,0,1,0,1,0,1
Taxonomy Aggregate Coverage/taxonomy-export,com.taxonomy.diagram,DiagramEdge,0,30,0,0,0,3,0,2,0,2
Taxonomy Aggregate Coverage/taxonomy-export,com.taxonomy.diagram,DiagramSceneNode,0,45,0,0,0,1,0,1,0,1
Taxonomy Aggregate Coverage/taxonomy-export,com.taxonomy.diagram,DiagramScene,4,35,2,2,0,5,2,2,0,2
Taxonomy Aggregate Coverage/taxonomy-export,com.taxonomy.diagram,DiagramModel,0,15,0,0,0,1,0,1,0,1
Taxonomy Aggregate Coverage/taxonomy-export,com.taxonomy.diagram,DiagramNode,0,46,0,0,0,3,0,2,0,2
Taxonomy Aggregate Coverage/taxonomy-extension-api,com.taxonomy.extension.api.llm,LlmProviderExtension,0,21,0,0,0,4,0,4,0,4
Taxonomy Aggregate Coverage/taxonomy-extension-api,com.taxonomy.extension.api.llm,LlmProviderDescriptor,2,29,1,1,0,4,1,1,0,1
Taxonomy Aggregate Coverage/taxonomy-extension-api,com.taxonomy.extension.api.report,ReportRenderContext,72,50,10,2,12,12,12,6,6,6
Taxonomy Aggregate Coverage/taxonomy-extension-api,com.taxonomy.extension.api.report,ReportRendererExtension,0,42,0,2,0,10,0,7,0,6
Taxonomy Aggregate Coverage/taxonomy-extension-api,com.taxonomy.extension.api.report,ReportRenderResult,0,47,0,0,0,11,0,5,0,5
Taxonomy Aggregate Coverage/taxonomy-extension-api,com.taxonomy.extension.api.report,ReportFormatDescriptor,0,18,0,0,0,1,0,1,0,1
Taxonomy Aggregate Coverage/taxonomy-extension-api,com.taxonomy.shared.extension,ExtensionDescriptor,0,15,0,0,0,1,0,1,0,1
Taxonomy Aggregate Coverage/taxonomy-extension-api,com.taxonomy.shared.extension,TaxonomyExtension,2,12,0,0,1,1,1,1,1,1
Taxonomy Aggregate Coverage/taxonomy-extension-api,com.taxonomy.shared.extension,ExtensionKind,0,33,0,0,0,6,0,1,0,1
Taxonomy Aggregate Coverage/taxonomy-extension-api,com.taxonomy.extension.api.importer,ImportProfileExtension,0,21,0,0,0,5,0,4,0,4
Taxonomy Aggregate Coverage/taxonomy-extension-api,com.taxonomy.extension.api.importer,ImportInput,0,20,0,0,0,4,0,2,0,2
Taxonomy Aggregate Coverage/taxonomy-extension-api,com.taxonomy.extension.api.importer,ImportProfileDescriptor,0,18,0,0,0,1,0,1,0,1
Taxonomy Aggregate Coverage/taxonomy-app,com.taxonomy.security.model,AppRole,11,12,0,0,5,6,3,3,3,3
Taxonomy Aggregate Coverage/taxonomy-app,com.taxonomy.security.model,AppUser,0,67,0,0,0,21,0,17,0,17
Taxonomy Aggregate Coverage/taxonomy-app,com.taxonomy.analysis.session,AnalysisDraftDtos.SaveAnalysisDraftRequest,0,9,0,0,0,1,0,1,0,1
Taxonomy Aggregate Coverage/taxonomy-app,com.taxonomy.analysis.session,AnalysisDraftDtos.ResetAnalysisDraftRequest,0,6,0,0,0,1,0,1,0,1
Taxonomy Aggregate Coverage/taxonomy-app,com.taxonomy.analysis.session,AnalysisWorkingDraftService.DraftScope,0,15,0,0,0,1,0,1,0,1
Taxonomy Aggregate Coverage/taxonomy-app,com.taxonomy.analysis.session,AnalysisDraftConflictException,5,4,0,0,2,2,1,1,1,1
Taxonomy Aggregate Coverage/taxonomy-app,com.taxonomy.analysis.session,AnalysisDraftDtos.AnalysisDraftView,0,18,0,0,0,1,0,1,0,1
Taxonomy Aggregate Coverage/taxonomy-app,com.taxonomy.analysis.session,AnalysisWorkingDraft,17,82,4,4,4,29,6,11,2,11
Taxonomy Aggregate Coverage/taxonomy-app,com.taxonomy.analysis.session,AnalysisWorkingDraftController,0,123,2,8,0,35,2,12,0,9
Taxonomy Aggregate Coverage/taxonomy-app,com.taxonomy.analysis.session,AnalysisDraftValidationException,5,4,0,0,2,2,1,1,1,1
Taxonomy Aggregate Coverage/taxonomy-app,com.taxonomy.analysis.session,AnalysisWorkingDraftService,113,452,22,46,26,101,23,26,2,13
Taxonomy Aggregate Coverage/taxonomy-app,com.taxonomy.provenance.config,DocumentImportLimits,3,80,0,0,1,26,1,16,1,16
Taxonomy Aggregate Coverage/taxonomy-app,com.taxonomy.provenance.config,DocumentMultipartConfiguration,3,19,0,0,2,5,0,2,0,2
Taxonomy Aggregate Coverage/taxonomy-app,com.taxonomy.architecture.decision,DecisionRationaleJsonRenderer,7,35,0,0,2,10,0,6,0,6
Taxonomy Aggregate Coverage/taxonomy-app,com.taxonomy.architecture.decision,DecisionRationaleReportService.AnalysisSnapshotProvenance,0,33,0,0,0,1,0,1,0,1
Taxonomy Aggregate Coverage/taxonomy-app,com.taxonomy.architecture.decision,DecisionReportBuildMetadataService.BuildMetadata,0,9,0,0,0,1,0,1,0,1
Taxonomy Aggregate Coverage/taxonomy-app,com.taxonomy.architecture.decision,DecisionReportTemplateProvenance,5,175,2,8,1,41,2,9,0,6
Taxonomy Aggregate Coverage/taxonomy-app,com.taxonomy.architecture.decision,DecisionRationaleReport.ExecutiveSummary,0,18,0,0,0,3,0,1,0,1
Taxonomy Aggregate Coverage/taxonomy-app,com.taxonomy.architecture.decision,DecisionReportTemplateExceptionHandler,0,66,0,0,0,13,0,3,0,3
Taxonomy Aggregate Coverage/taxonomy-app,com.taxonomy.architecture.decision,DecisionRationaleDocxRenderer,255,3291,80,113,42,727,76,79,2,54
Taxonomy Aggregate Coverage/taxonomy-app,com.taxonomy.architecture.decision,DecisionChapterDiagramRenderer.Card,0,15,0,0,0,1,0,1,0,1
Taxonomy Aggregate Coverage/taxonomy-app,com.taxonomy.architecture.decision,DecisionRationaleReportService,467,2839,173,301,112,589,157,165,3,82
Taxonomy Aggregate Coverage/taxonomy-app,com.taxonomy.architecture.decision,DecisionRationaleReportService.Completeness,0,15,0,0,0,1,0,1,0,1
Taxonomy Aggregate Coverage/taxonomy-app,com.taxonomy.architecture.decision,DecisionRationaleReport,6,79,4,4,0,12,4,3,0,3
Taxonomy Aggregate Coverage/taxonomy-app,com.taxonomy.architecture.decision,TaxonomyCatalogueMetadataService,22,160,7,11,6,45,7,8,0,6
Taxonomy Aggregate Coverage/taxonomy-app,com.taxonomy.architecture.decision,DecisionChapterDiagramRenderer.CardStyle,0,18,0,0,0,1,0,1,0,1
Taxonomy Aggregate Coverage/taxonomy-app,com.taxonomy.architecture.decision,DecisionRationaleReportService.Reason,0,9,0,0,0,1,0,1,0,1
Taxonomy Aggregate Coverage/taxonomy-app,com.taxonomy.architecture.decision,DecisionRationaleReport.ReportStatus,0,27,0,0,0,5,0,1,0,1
Taxonomy Aggregate Coverage/taxonomy-app,com.taxonomy.architecture.decision,DecisionRationaleTemplatePreviewService,74,9,0,0,10,4,1,1,1,1
Taxonomy Aggregate Coverage/taxonomy-app,com.taxonomy.architecture.decision,DecisionRationaleReport.DecisionChapter,0,42,0,0,0,4,0,1,0,1
Taxonomy Aggregate Coverage/taxonomy-app,com.taxonomy.architecture.decision,DecisionReportTemplateUnavailableException,0,5,0,0,0,2,0,1,0,1
Taxonomy Aggregate Coverage/taxonomy-app,com.taxonomy.architecture.decision,DecisionReportBuildMetadataService,6,49,4,4,0,12,4,3,0,3
Taxonomy Aggregate Coverage/taxonomy-app,com.taxonomy.architecture.decision,DecisionChapterDiagramRenderer,120,1913,30,86,18,280,28,57,0,26
Taxonomy Aggregate Coverage/taxonomy-app,com.taxonomy.architecture.decision,DecisionReportLabels,82,476,37,119,8,74,37,120,8,71
Taxonomy Aggregate Coverage/taxonomy-app,com.taxonomy.architecture.decision,DecisionRationaleReport.PathStep,0,24,0,0,0,1,0,1,0,1
Taxonomy Aggregate Coverage/taxonomy-app,com.taxonomy.architecture.decision,DecisionRationaleReportService.HierarchyData,0,9,0,0,0,1,0,1,0,1
Taxonomy Aggregate Coverage/taxonomy-app,com.taxonomy.architecture.decision,DecisionReportTemplateHeaders,0,59,0,0,0,11,0,2,0,2
Taxonomy Aggregate Coverage/taxonomy-app,com.taxonomy.architecture.decision,DecisionRationaleHtmlRenderer,123,1427,31,45,33,258,27,42,0,28
Taxonomy Aggregate Coverage/taxonomy-app,com.taxonomy.architecture.decision,DecisionRationaleReport.ChildDecision,0,36,0,0,0,1,0,1,0,1
Taxonomy Aggregate Coverage/taxonomy-app,com.taxonomy.architecture.decision,TaxonomyCatalogueMetadataService.CatalogueMetadata,0,27,0,0,0,1,0,1,0,1
Taxonomy Aggregate Coverage/taxonomy-app,com.taxonomy.architecture.decision,DecisionRationaleTemplateRendererDecorator.TemplateBackedExtension,3,49,0,0,2,13,0,5,0,5
Taxonomy Aggregate Coverage/taxonomy-app,com.taxonomy.architecture.decision,DecisionRationaleTemplateRenderer,83,650,20,50,22,162,21,33,1,17
Taxonomy Aggregate Coverage/taxonomy-app,com.taxonomy.architecture.decision,DecisionRationaleTemplateRendererDecorator,5,26,1,1,1,6,1,3,0,3
Taxonomy Aggregate Coverage/taxonomy-app,com.taxonomy.architecture.decision,DecisionRationaleReport.Disposition,0,27,0,0,0,5,0,1,0,1
Taxonomy Aggregate Coverage/taxonomy-app,com.taxonomy.architecture.decision,DecisionRationaleReportService.DecisionAnalysisInput,6,95,3,7,0,17,3,6,0,4
Taxonomy Aggregate Coverage/taxonomy-app,com.taxonomy.architecture.decision,DecisionRationaleReport.LeafCandidate,0,27,0,0,0,1,0,1,0,1
Taxonomy Aggregate Coverage/taxonomy-app,com.taxonomy.architecture.decision,DecisionChapterDiagramRenderer.DiagramPanel,0,18,0,0,0,1,0,1,0,1
Taxonomy Aggregate Coverage/taxonomy-app,com.taxonomy.architecture.decision,DecisionRationaleReport.ReportMetadata,0,114,0,0,0,1,0,1,0,1
Taxonomy Aggregate Coverage/taxonomy-app,com.taxonomy.architecture.decision,DecisionRationaleReport.ReasonSource,0,21,0,0,0,4,0,1,0,1
Taxonomy Aggregate Coverage/taxonomy-app,com.taxonomy.relations.controller,RelationProjectionOperationsApiController,263,15,22,0,83,6,18,1,7,1
Taxonomy Aggregate Coverage/taxonomy-app,com.taxonomy.relations.controller,GitRelationCommandApiController.MutationResponse,21,112,0,0,4,24,1,3,1,3
Taxonomy Aggregate Coverage/taxonomy-app,com.taxonomy.relations.controller,CoverageApiController.RecordCoverageRequest,0,15,0,0,0,1,0,1,0,1
Taxonomy Aggregate Coverage/taxonomy-app,com.taxonomy.relations.controller,QualityApiController,0,57,0,0,0,16,0,7,0,7
Taxonomy Aggregate Coverage/taxonomy-app,com.taxonomy.relations.controller,GitRelationCommandApiController.MutationBody,2,33,1,1,0,5,1,2,0,2
Taxonomy Aggregate Coverage/taxonomy-app,com.taxonomy.relations.controller,GitProposalReviewApiController.ReviewResponse,49,76,0,0,13,11,2,2,2,2
Taxonomy Aggregate Coverage/taxonomy-app,com.taxonomy.relations.controller,GitProposalReviewApiController.ReviewBody,6,0,0,0,1,0,1,0,1,0
Taxonomy Aggregate Coverage/taxonomy-app,com.taxonomy.relations.controller,GitProposalReviewApiController,175,92,16,5,46,25,17,5,6,5
Taxonomy Aggregate Coverage/taxonomy-app,com.taxonomy.relations.controller,GitHttpPrecondition.PreconditionRequiredException,0,4,0,0,0,2,0,1,0,1
Taxonomy Aggregate Coverage/taxonomy-app,com.taxonomy.relations.controller,CoverageApiController,1,53,1,1,0,15,1,7,0,7
Taxonomy Aggregate Coverage/taxonomy-app,com.taxonomy.relations.controller,GitRelationCommandApiController,142,170,13,9,49,48,11,10,3,7
Taxonomy Aggregate Coverage/taxonomy-app,com.taxonomy.relations.controller,RelationApiController,20,207,4,8,9,58,4,11,0,9
Taxonomy Aggregate Coverage/taxonomy-app,com.taxonomy.relations.controller,GitHttpPrecondition.InvalidPreconditionException,5,4,0,0,2,2,1,1,1,1
Taxonomy Aggregate Coverage/taxonomy-app,com.taxonomy.relations.controller,RelationProjectionOperationsApiController.ProjectionOperationResponse,199,0,2,0,42,0,7,0,6,0
Taxonomy Aggregate Coverage/taxonomy-app,com.taxonomy.relations.controller,RelationProjectionOperationsApiController.RecoveryResponse,58,0,0,0,12,0,2,0,2,0
Taxonomy Aggregate Coverage/taxonomy-app,com.taxonomy.relations.controller,ProposalApiController,368,883,52,77,93,217,49,44,4,24
Taxonomy Aggregate Coverage/taxonomy-app,com.taxonomy.relations.controller,GitHttpPrecondition,7,108,3,25,2,22,3,14,0,3
Taxonomy Aggregate Coverage/taxonomy-app,com.taxonomy.relations.controller,ProposalHeadApiController,0,63,0,2,0,17,0,3,0,2
Taxonomy Aggregate Coverage/taxonomy-app,com.taxonomy.search,EmbeddingBridgeSupport,1,43,1,5,1,12,1,5,0,3
Taxonomy Aggregate Coverage/taxonomy-app,com.taxonomy.search,RelationEmbeddingBinder,0,25,0,0,0,10,0,2,0,2
Taxonomy Aggregate Coverage/taxonomy-app,com.taxonomy.search,LocalOnnxIndexInitializer.State,0,51,0,0,0,9,0,1,0,1
Taxonomy Aggregate Coverage/taxonomy-app,com.taxonomy.search,NodeEmbeddingBinder.Bridge,4,181,10,20,0,34,10,8,0,3
Taxonomy Aggregate Coverage/taxonomy-app,com.taxonomy.search,NodeEmbeddingBinder,0,29,0,0,0,12,0,2,0,2
Taxonomy Aggregate Coverage/taxonomy-app,com.taxonomy.search,RelationEmbeddingBinder.Bridge,3,83,6,8,0,18,6,4,0,3
Taxonomy Aggregate Coverage/taxonomy-app,com.taxonomy.search,LocalEmbeddingIndexRebuilder,0,48,0,0,0,21,0,3,0,3
Taxonomy Aggregate Coverage/taxonomy-app,com.taxonomy.search,LocalOnnxIndexInitializer,68,246,8,22,21,77,7,20,0,12
Taxonomy Aggregate Coverage/taxonomy-app,com.taxonomy.relations.command,ArchitectureRelationGitCommandService.ReadOnlyRepositoryContextException,0,4,0,0,0,2,0,1,0,1
Taxonomy Aggregate Coverage/taxonomy-app,com.taxonomy.relations.command,ArchitectureRelationGitCommandService.RemoveRelation,0,19,0,0,0,4,0,1,0,1
Taxonomy Aggregate Coverage/taxonomy-app,com.taxonomy.relations.command,ArchitectureRelationGitCommandService.CommandResult,0,60,0,0,0,8,0,1,0,1
Taxonomy Aggregate Coverage/taxonomy-app,com.taxonomy.relations.command,ArchitectureRelationGitCommandService.MissingAuthoritativeHeadException,0,4,0,0,0,2,0,1,0,1
Taxonomy Aggregate Coverage/taxonomy-app,com.taxonomy.relations.command,ArchitectureRelationGitCommandService.CommandMetadata,0,21,0,0,0,6,0,2,0,2
Taxonomy Aggregate Coverage/taxonomy-app,com.taxonomy.relations.command,ArchitectureRelationGitCommandService,16,289,6,26,4,76,6,20,0,10
Taxonomy Aggregate Coverage/taxonomy-app,com.taxonomy.relations.command,ArchitectureRelationGitCommandService.UpsertRelation,0,23,0,0,0,5,0,2,0,2
Taxonomy Aggregate Coverage/taxonomy-app,com.taxonomy.analysis.dto,AiTargetDtos.AiTargetCatalogView,0,9,0,0,0,1,0,1,0,1
Taxonomy Aggregate Coverage/taxonomy-app,com.taxonomy.analysis.dto,AiTargetDtos.AiTargetHealth,0,15,0,0,0,3,0,1,0,1
Taxonomy Aggregate Coverage/taxonomy-app,com.taxonomy.analysis.dto,AiTargetDtos.PromptBudget,0,12,0,0,0,1,0,1,0,1
Taxonomy Aggregate Coverage/taxonomy-app,com.taxonomy.analysis.dto,AiTargetDtos.AiTargetDescriptor,0,39,0,0,0,1,0,1,0,1
Taxonomy Aggregate Coverage/taxonomy-app,com.taxonomy.analysis.dto,AiTargetDtos.AiTargetMode,0,27,0,0,0,5,0,1,0,1
Taxonomy Aggregate Coverage/taxonomy-app,com.taxonomy.provenance.model,SourceArtifact,20,76,0,0,5,24,5,20,5,20
Taxonomy Aggregate Coverage/taxonomy-app,com.taxonomy.provenance.model,RequirementSourceLink,12,59,0,0,6,25,3,15,3,15
Taxonomy Aggregate Coverage/taxonomy-app,com.taxonomy.provenance.model,SourceVersion,15,60,0,0,4,19,4,16,4,16
Taxonomy Aggregate Coverage/taxonomy-app,com.taxonomy.provenance.model,SourceFragment,32,50,0,0,9,16,9,13,9,13
Taxonomy Aggregate Coverage/taxonomy-app,com.taxonomy,TaxonomyApplication,8,0,0,0,3,0,2,0,2,0
Taxonomy Aggregate Coverage/taxonomy-app,com.taxonomy,AppConfig,0,57,0,0,0,16,0,5,0,5
Taxonomy Aggregate Coverage/taxonomy-app,com.taxonomy.architecture.report,HtmlReportRendererExtension,0,31,0,0,0,7,0,4,0,4
Taxonomy Aggregate Coverage/taxonomy-app,com.taxonomy.architecture.report,MarkdownReportRendererExtension,0,31,0,0,0,7,0,4,0,4
Taxonomy Aggregate Coverage/taxonomy-app,com.taxonomy.architecture.report,ReportRendererRegistry,43,291,14,22,8,77,16,21,2,17
Taxonomy Aggregate Coverage/taxonomy-app,com.taxonomy.architecture.report,JsonReportRendererExtension,16,26,0,0,3,6,1,4,1,4
Taxonomy Aggregate Coverage/taxonomy-app,com.taxonomy.architecture.report,DocxReportRendererExtension,0,27,0,0,0,6,0,4,0,4
Taxonomy Aggregate Coverage/taxonomy-app,com.taxonomy.architecture.workbench,ArchitectureWorkbenchConfiguration,0,11,0,0,0,3,0,3,0,3
Taxonomy Aggregate Coverage/taxonomy-app,com.taxonomy.observability,TaxonomyObservationConfiguration.TaxonomyObservationBeanPostProcessor,2,255,0,4,1,34,1,5,1,3
Taxonomy Aggregate Coverage/taxonomy-app,com.taxonomy.observability,TaxonomyObservationConfiguration.TaxonomyObservationInterceptor,2,95,1,3,1,29,1,6,0,5
Taxonomy Aggregate Coverage/taxonomy-app,com.taxonomy.observability,TaxonomyObservationConfiguration.TargetDescriptor,0,15,0,0,0,3,0,1,0,1
Taxonomy Aggregate Coverage/taxonomy-app,com.taxonomy.observability,TaxonomyObservationConfiguration,5,13,0,0,2,2,2,2,2,2
Taxonomy Aggregate Coverage/taxonomy-app,com.taxonomy.search.controller,SearchApiController,47,184,11,25,9,43,11,18,0,11
Taxonomy Aggregate Coverage/taxonomy-app,com.taxonomy.analysis.controller,AnalysisApiController.JustifyLeafRequest,0,15,0,0,0,1,0,1,0,1
Taxonomy Aggregate Coverage/taxonomy-app,com.taxonomy.analysis.controller,AnalysisSseEventMapper,25,245,6,18,4,41,6,10,0,4
Taxonomy Aggregate Coverage/taxonomy-app,com.taxonomy.analysis.controller,AnalysisSseEventMapper.MappedEvent,0,9,0,0,0,1,0,1,0,1
Taxonomy Aggregate Coverage/taxonomy-app,com.taxonomy.analysis.controller,AnalysisApiController,94,417,11,17,20,110,11,16,0,13
Taxonomy Aggregate Coverage/taxonomy-app,com.taxonomy.architecture.model,ArchitectureDslDocument,4,62,1,1,1,19,2,17,1,17
Taxonomy Aggregate Coverage/taxonomy-app,com.taxonomy.architecture.model,ArchitectureCommitIndex,17,175,4,8,5,52,7,33,3,31
Taxonomy Aggregate Coverage/taxonomy-app,com.taxonomy.portfolio.config,PortfolioAnalysisExecutorConfiguration,0,35,0,0,0,10,0,2,0,2
Taxonomy Aggregate Coverage/taxonomy-app,com.taxonomy.portfolio.config,AiAutomationDefaultsConfiguration,0,3,0,0,0,1,0,1,0,1
Taxonomy Aggregate Coverage/taxonomy-app,com.taxonomy.portfolio.config,CopilotAutomationExecutorConfiguration,0,53,0,4,0,10,0,5,0,3
Taxonomy Aggregate Coverage/taxonomy-app,com.taxonomy.preferences.storage,PreferencesCommit,0,15,0,0,0,1,0,1,0,1
Taxonomy Aggregate Coverage/taxonomy-app,com.taxonomy.preferences.storage,PreferencesGitRepository,32,365,11,23,7,90,10,22,2,13
Taxonomy Aggregate Coverage/taxonomy-app,com.taxonomy.architecture.pipeline,ArchitecturePipelineStepRegistry,0,143,0,10,0,35,0,10,0,5
Taxonomy Aggregate Coverage/taxonomy-app,com.taxonomy.architecture.pipeline,ArchitectureViewPipeline,18,512,6,50,2,105,7,29,1,7
Taxonomy Aggregate Coverage/taxonomy-app,com.taxonomy.architecture.pipeline,ArchitectureViewContext,13,145,0,6,5,39,4,21,4,18
Taxonomy Aggregate Coverage/taxonomy-app,com.taxonomy.architecture.pipeline,ImpactSelectionStep,2,82,4,8,0,20,4,8,0,6
Taxonomy Aggregate Coverage/taxonomy-app,com.taxonomy.architecture.pipeline,RelevancePropagationStep,11,47,0,2,1,12,1,5,1,4
Taxonomy Aggregate Coverage/taxonomy-app,com.taxonomy.architecture.pipeline,ProvisionalRelationStep,15,200,4,18,4,53,3,14,0,6
Taxonomy Aggregate Coverage/taxonomy-app,com.taxonomy.architecture.pipeline,ArchitecturePipelineStepDescriptor,0,15,0,0,0,1,0,1,0,1
Taxonomy Aggregate Coverage/taxonomy-app,com.taxonomy.architecture.pipeline,ImpactRelationStep,70,475,18,46,15,113,16,32,0,16
Taxonomy Aggregate Coverage/taxonomy-app,com.taxonomy.architecture.pipeline,NodeLimitStep,12,239,4,24,2,63,5,20,1,10
Taxonomy Aggregate Coverage/taxonomy-app,com.taxonomy.architecture.pipeline,LeafEnrichmentStep,7,334,4,28,1,80,4,19,0,7
Taxonomy Aggregate Coverage/taxonomy-app,com.taxonomy.architecture.pipeline,AnchorSelectionStep,11,127,0,12,1,28,1,11,1,5
Taxonomy Aggregate Coverage/taxonomy-app,com.taxonomy.architecture.pipeline,ElementBuildStep,11,152,1,11,1,37,2,9,1,4
Taxonomy Aggregate Coverage/taxonomy-app,com.taxonomy.architecture.pipeline,ArchitecturePipelineStep,0,22,0,0,0,5,0,5,0,5
Taxonomy Aggregate Coverage/taxonomy-app,com.taxonomy.architecture.pipeline,RelationshipBuildStep,20,198,3,27,4,45,4,19,1,7
Taxonomy Aggregate Coverage/taxonomy-app,com.taxonomy.architecture.pipeline,ArchitecturePipelineInvariantValidator,173,302,29,49,23,60,29,18,0,8
Taxonomy Aggregate Coverage/taxonomy-app,com.taxonomy.architecture.pipeline,ScoringTraceStep,4,82,3,11,1,21,3,9,0,5
Taxonomy Aggregate Coverage/taxonomy-app,com.taxonomy.relations.repository,RelationProposalRepository,5,5,0,0,2,2,1,1,1,1
Taxonomy Aggregate Coverage/taxonomy-app,com.taxonomy.relations.repository,RelationHypothesisRepository,10,0,0,0,4,0,2,0,2,0
Taxonomy Aggregate Coverage/taxonomy-app,com.taxonomy.catalog.model,TaxonomyNode,40,179,2,0,11,50,10,47,9,47
Taxonomy Aggregate Coverage/taxonomy-app,com.taxonomy.catalog.model,PrimaryRepositorySeedRelationListener,0,57,2,12,0,16,2,8,0,3
Taxonomy Aggregate Coverage/taxonomy-app,com.taxonomy.catalog.model,TaxonomyRelation,29,140,4,8,8,38,9,29,6,26
Taxonomy Aggregate Coverage/taxonomy-app,com.taxonomy.dsl.storage,JgitStorageSchemaMigrationConfig,161,1085,24,78,48,282,26,73,4,44
Taxonomy Aggregate Coverage/taxonomy-app,com.taxonomy.dsl.storage,JgitStorageSchemaMigrationConfig.DatabaseFamily,15,73,2,4,3,19,2,7,0,6
Taxonomy Aggregate Coverage/taxonomy-app,com.taxonomy.dsl.storage,JgitStorageHibernateSchemaFilterProvider,0,24,0,0,0,8,0,7,0,7
Taxonomy Aggregate Coverage/taxonomy-app,com.taxonomy.dsl.storage,DslGitRepositoryFactory,94,330,14,30,22,78,12,33,2,21
Taxonomy Aggregate Coverage/taxonomy-app,com.taxonomy.dsl.storage,DslCommit,0,15,0,0,0,1,0,1,0,1
Taxonomy Aggregate Coverage/taxonomy-app,com.taxonomy.dsl.storage,TaxonomySchemaMigrationConfig,14,232,1,13,3,45,1,14,0,8
Taxonomy Aggregate Coverage/taxonomy-app,com.taxonomy.dsl.storage,JgitStorageHibernateSchemaFilterProvider.new SchemaFilter() {...},2,16,0,2,1,3,1,4,1,3
Taxonomy Aggregate Coverage/taxonomy-app,com.taxonomy.dsl.storage,DslBranch,0,12,0,0,0,1,0,1,0,1
Taxonomy Aggregate Coverage/taxonomy-app,com.taxonomy.dsl.storage,ExpectedHeadDslCommitter,51,306,16,29,10,81,13,19,0,9
Taxonomy Aggregate Coverage/taxonomy-app,com.taxonomy.dsl.storage,DslGitRepository,144,1515,28,78,30,323,27,66,3,37
Taxonomy Aggregate Coverage/taxonomy-app,com.taxonomy.dsl.storage,DslStorageConfig,0,29,0,0,0,7,0,4,0,4
Taxonomy Aggregate Coverage/taxonomy-app,com.taxonomy.dsl.storage,TaxonomySchemaMigrationConfig.LegacyState,0,15,0,0,0,3,0,1,0,1
Taxonomy Aggregate Coverage/taxonomy-app,com.taxonomy.dsl.storage,ExpectedHeadDslCommitter.CommitResult,0,12,0,0,0,1,0,1,0,1
Taxonomy Aggregate Coverage/taxonomy-app,com.taxonomy.dsl.storage,ExpectedHeadDslCommitter.CommitRequest,0,58,2,8,0,14,2,5,0,2
Taxonomy Aggregate Coverage/taxonomy-app,com.taxonomy.dsl.storage,JgitStorageSchemaMigrationConfig.SchemaSnapshot,10,315,5,23,4,71,5,18,0,9
Taxonomy Aggregate Coverage/taxonomy-app,com.taxonomy.dsl.storage,ExpectedHeadDslCommitter.BranchHeadConflictException,0,22,0,0,0,8,0,4,0,4
Taxonomy Aggregate Coverage/taxonomy-app,com.taxonomy.dsl.storage,JgitStorageSchemaMigrationConfig.IndexSignature,0,12,0,0,0,3,0,1,0,1
Taxonomy Aggregate Coverage/taxonomy-app,com.taxonomy.dsl.storage,TaxonomySchemaMigrationConfig.SchemaState,7,57,0,2,2,12,0,4,0,3
Taxonomy Aggregate Coverage/taxonomy-app,com.taxonomy.provenance.service,DocumentParserService.CandidateExtraction,0,9,0,0,0,1,0,1,0,1
Taxonomy Aggregate Coverage/taxonomy-app,com.taxonomy.provenance.service,SourceProvenanceService,15,248,2,2,3,54,3,12,1,12
Taxonomy Aggregate Coverage/taxonomy-app,com.taxonomy.provenance.service,DocumentParserService,184,833,51,94,41,178,43,52,2,20
Taxonomy Aggregate Coverage/taxonomy-app,com.taxonomy.provenance.service,DocumentProvenanceCommandService.RegistrationResult,0,9,0,0,0,1,0,1,0,1
Taxonomy Aggregate Coverage/taxonomy-app,com.taxonomy.provenance.service,DocumentProvenanceCommandService,69,311,19,31,13,74,20,12,1,6
Taxonomy Aggregate Coverage/taxonomy-app,com.taxonomy.provenance.service,StructuredDocumentParser,1,127,2,16,0,28,2,10,0,3
Taxonomy Aggregate Coverage/taxonomy-app,com.taxonomy.provenance.service,HierarchicalChunkingService,3,217,1,19,1,52,1,16,0,7
Taxonomy Aggregate Coverage/taxonomy-app,com.taxonomy.provenance.service,DocumentParserService.ParsedContent,0,12,0,0,0,1,0,1,0,1
Taxonomy Aggregate Coverage/taxonomy-app,com.taxonomy.provenance.service,ChunkingStrategySelector,0,88,1,13,0,23,1,10,0,4
Taxonomy Aggregate Coverage/taxonomy-app,com.taxonomy.provenance.service,DocumentProvenanceCommandService.CandidateInput,0,9,0,0,0,1,0,1,0,1
Taxonomy Aggregate Coverage/taxonomy-app,com.taxonomy.provenance.service,DocumentProvenanceCommandService.ConfirmationResult,0,9,0,0,0,1,0,1,0,1
Taxonomy Aggregate Coverage/taxonomy-app,com.taxonomy.provenance.service,DocumentProvenanceCommandService.ProvenanceCommandException,0,10,0,0,0,4,0,2,0,2
Taxonomy Aggregate Coverage/taxonomy-app,com.taxonomy.provenance.service,DocumentParserService.HeadingMatch,0,9,0,0,0,1,0,1,0,1
Taxonomy Aggregate Coverage/taxonomy-app,com.taxonomy.provenance.service,DocumentAnalysisService,91,236,16,22,21,58,14,16,2,9
Taxonomy Aggregate Coverage/taxonomy-app,com.taxonomy.provenance.service,DocumentAnalysisService.new TypeReference() {...},0,3,0,0,0,1,0,1,0,1
Taxonomy Aggregate Coverage/taxonomy-app,com.taxonomy.provenance.service,DocumentAnalysisService.new TypeReference() {...},0,3,0,0,0,1,0,1,0,1
Taxonomy Aggregate Coverage/taxonomy-app,com.taxonomy.provenance.service,DocumentLimitException,8,10,0,0,3,4,1,2,1,2
Taxonomy Aggregate Coverage/taxonomy-app,com.taxonomy.provenance.service,DocumentParserService.TextExtraction,0,9,0,0,0,1,0,1,0,1
Taxonomy Aggregate Coverage/taxonomy-app,com.taxonomy.provenance.service,SemanticChunkingService,2,351,6,30,0,66,6,22,0,10
Taxonomy Aggregate Coverage/taxonomy-app,com.taxonomy.provenance.service,DocumentParserService.BoundedTextWriter,9,45,2,2,5,12,4,4,2,4
Taxonomy Aggregate Coverage/taxonomy-app,com.taxonomy.shared.service,LogRingBufferService,63,41,19,1,16,12,11,2,1,2
Taxonomy Aggregate Coverage/taxonomy-app,com.taxonomy.shared.service,AppInitializationStateService.InitializationReadyEvent,0,11,0,0,0,3,0,1,0,1
Taxonomy Aggregate Coverage/taxonomy-app,com.taxonomy.shared.service,AppInitializationStateService,0,100,0,8,0,21,0,13,0,9
Taxonomy Aggregate Coverage/taxonomy-app,com.taxonomy.shared.service,PromptTemplateService.PromptCategory,0,27,0,0,0,5,0,1,0,1
Taxonomy Aggregate Coverage/taxonomy-app,com.taxonomy.shared.service,AppInitializationStateService.State,0,33,0,0,0,6,0,1,0,1
Taxonomy Aggregate Coverage/taxonomy-app,com.taxonomy.shared.service,LogRingBufferService.LogEntry,0,15,0,0,0,1,0,1,0,1
Taxonomy Aggregate Coverage/taxonomy-app,com.taxonomy.shared.service,LocalEmbeddingService,398,660,46,50,104,165,40,33,2,23
Taxonomy Aggregate Coverage/taxonomy-app,com.taxonomy.shared.service,AppInitializationStateService.StateSnapshot,0,15,0,0,0,1,0,1,0,1
Taxonomy Aggregate Coverage/taxonomy-app,com.taxonomy.shared.service,LogRingBufferService.new AppenderBase() {...},10,32,1,1,2,9,1,2,0,2
Taxonomy Aggregate Coverage/taxonomy-app,com.taxonomy.shared.service,HealthSummaryService,0,200,0,10,0,36,0,7,0,2
Taxonomy Aggregate Coverage/taxonomy-app,com.taxonomy.shared.service,PromptTemplateService,47,369,7,21,13,82,7,27,1,19
Taxonomy Aggregate Coverage/taxonomy-app,com.taxonomy.analysis.service,SavedAnalysisService,2,189,1,23,0,44,1,18,0,7
Taxonomy Aggregate Coverage/taxonomy-app,com.taxonomy.analysis.service,MistralLlmProviderExtension,0,18,0,0,0,4,0,3,0,3
Taxonomy Aggregate Coverage/taxonomy-app,com.taxonomy.analysis.service,LlmService,929,2695,146,228,200,592,123,119,7,48
Taxonomy Aggregate Coverage/taxonomy-app,com.taxonomy.analysis.service,LlmRecordingEntry,0,24,0,0,0,1,0,1,0,1
Taxonomy Aggregate Coverage/taxonomy-app,com.taxonomy.analysis.service,LlmProviderExtensionRegistry,26,136,4,12,3,36,5,11,1,7
Taxonomy Aggregate Coverage/taxonomy-app,com.taxonomy.analysis.service,LlmProvider,0,51,0,0,0,9,0,1,0,1
Taxonomy Aggregate Coverage/taxonomy-app,com.taxonomy.analysis.service,AiPromptBudgetPolicy,10,56,4,4,1,12,4,3,0,3
Taxonomy Aggregate Coverage/taxonomy-app,com.taxonomy.analysis.service,LlmRecordReplayService.ManifestData,0,11,0,0,0,3,0,1,0,1
Taxonomy Aggregate Coverage/taxonomy-app,com.taxonomy.analysis.service,GeminiLlmProviderExtension,0,18,0,0,0,4,0,3,0,3
Taxonomy Aggregate Coverage/taxonomy-app,com.taxonomy.analysis.service,LlmProviderException,3,15,0,0,1,6,1,2,1,2
Taxonomy Aggregate Coverage/taxonomy-app,com.taxonomy.analysis.service,GeminiGateway,97,391,20,32,22,92,18,15,0,7
Taxonomy Aggregate Coverage/taxonomy-app,com.taxonomy.analysis.service,AnalysisFacade,0,25,0,0,0,7,0,3,0,3
Taxonomy Aggregate Coverage/taxonomy-app,com.taxonomy.analysis.service,OpenAiCompatibleGateway,256,344,30,32,48,85,23,16,0,8
Taxonomy Aggregate Coverage/taxonomy-app,com.taxonomy.analysis.service,LlmProviderConfig,90,530,47,123,16,133,31,99,0,25
Taxonomy Aggregate Coverage/taxonomy-app,com.taxonomy.analysis.service,AnalysisRelationGenerator.ScoredNode,0,15,0,0,0,1,0,1,0,1
Taxonomy Aggregate Coverage/taxonomy-app,com.taxonomy.analysis.service,AiTargetCatalogService,53,419,11,49,9,90,12,42,2,17
Taxonomy Aggregate Coverage/taxonomy-app,com.taxonomy.analysis.service,QwenLlmProviderExtension,0,18,0,0,0,4,0,3,0,3
Taxonomy Aggregate Coverage/taxonomy-app,com.taxonomy.analysis.service,LocalOnnxLlmProviderExtension,0,20,0,0,0,4,0,3,0,3
Taxonomy Aggregate Coverage/taxonomy-app,com.taxonomy.analysis.service,LlmProviderException.Reason,0,27,0,0,0,5,0,1,0,1
Taxonomy Aggregate Coverage/taxonomy-app,com.taxonomy.analysis.service,LlmRateLimitException,0,9,0,0,0,4,0,2,0,2
Taxonomy Aggregate Coverage/taxonomy-app,com.taxonomy.analysis.service,DeepSeekLlmProviderExtension,0,18,0,0,0,4,0,3,0,3
Taxonomy Aggregate Coverage/taxonomy-app,com.taxonomy.analysis.service,PromptBudgetEnforcingLlmGateway,0,41,0,0,0,9,0,5,0,5
Taxonomy Aggregate Coverage/taxonomy-app,com.taxonomy.analysis.service,LlmService.ScoreParseResult,35,12,2,0,5,1,3,1,2,1
Taxonomy Aggregate Coverage/taxonomy-app,com.taxonomy.analysis.service,LlmResponseParser.new TypeReference() {...},0,3,0,0,0,1,0,1,0,1
Taxonomy Aggregate Coverage/taxonomy-app,com.taxonomy.analysis.service,LlmProviderExtensionRegistry.Registration,0,9,0,0,0,1,0,1,0,1
Taxonomy Aggregate Coverage/taxonomy-app,com.taxonomy.analysis.service,LlmResponseParser.new TypeReference() {...},0,3,0,0,0,1,0,1,0,1
Taxonomy Aggregate Coverage/taxonomy-app,com.taxonomy.analysis.service,LlmResponseParser.new TypeReference() {...},0,3,0,0,0,1,0,1,0,1
Taxonomy Aggregate Coverage/taxonomy-app,com.taxonomy.analysis.service,OpenAiLlmProviderExtension,0,18,0,0,0,4,0,3,0,3
Taxonomy Aggregate Coverage/taxonomy-app,com.taxonomy.analysis.service,LlmResponseParser.new TypeReference() {...},0,3,0,0,0,1,0,1,0,1
Taxonomy Aggregate Coverage/taxonomy-app,com.taxonomy.analysis.service,LlmGatewayRegistry,0,187,0,4,0,25,0,7,0,5
Taxonomy Aggregate Coverage/taxonomy-app,com.taxonomy.analysis.service,LlmRecordReplayService,127,467,16,32,27,100,15,24,3,12
Taxonomy Aggregate Coverage/taxonomy-app,com.taxonomy.analysis.service,CustomOpenAiLlmProviderExtension,0,20,0,0,0,4,0,3,0,3
Taxonomy Aggregate Coverage/taxonomy-app,com.taxonomy.analysis.service,LlmTimeoutException,0,9,0,0,0,4,0,2,0,2
Taxonomy Aggregate Coverage/taxonomy-app,com.taxonomy.analysis.service,LlmProviderConfig.CustomOpenAiConfigurationStatus,0,26,0,0,0,3,0,3,0,3
Taxonomy Aggregate Coverage/taxonomy-app,com.taxonomy.analysis.service,LlamaLlmProviderExtension,0,18,0,0,0,4,0,3,0,3
Taxonomy Aggregate Coverage/taxonomy-app,com.taxonomy.analysis.service,LlmRecordReplayService.ManifestEntry,0,3,0,0,0,1,0,1,0,1
Taxonomy Aggregate Coverage/taxonomy-app,com.taxonomy.analysis.service,LlmService.SiblingBatchResult,0,9,0,0,0,1,0,1,0,1
Taxonomy Aggregate Coverage/taxonomy-app,com.taxonomy.analysis.service,LlmResponseParser,17,740,6,64,5,138,6,43,0,14
Taxonomy Aggregate Coverage/taxonomy-app,com.taxonomy.analysis.service,AnalysisRelationGenerator,9,347,7,29,3,65,6,18,0,6
Taxonomy Aggregate Coverage/taxonomy-app,com.taxonomy.analysis.service,PromptBudgetExceededException,75,0,0,0,21,0,10,0,10,0
Taxonomy Aggregate Coverage/taxonomy-app,com.taxonomy.versioning.controller,HistoryIndexMaintenanceController,0,51,0,4,0,12,0,5,0,3
Taxonomy Aggregate Coverage/taxonomy-app,com.taxonomy.versioning.controller,GitStateController.RequestContext,0,9,0,0,0,1,0,1,0,1
Taxonomy Aggregate Coverage/taxonomy-app,com.taxonomy.versioning.controller,HypothesisHeadApiController,0,63,0,2,0,17,0,3,0,2
Taxonomy Aggregate Coverage/taxonomy-app,com.taxonomy.versioning.controller,DecisionRationaleReportController,8,512,27,91,3,123,27,48,0,16
Taxonomy Aggregate Coverage/taxonomy-app,com.taxonomy.versioning.controller,GitStateController,0,87,0,0,0,22,0,6,0,6
Taxonomy Aggregate Coverage/taxonomy-app,com.taxonomy.versioning.controller,DslWorkspacePreResolutionInterceptor,5,56,1,7,1,18,1,5,0,2
Taxonomy Aggregate Coverage/taxonomy-app,com.taxonomy.versioning.controller,DecisionRationaleReportController.DecisionReportRequest,0,27,0,0,0,1,0,1,0,1
Taxonomy Aggregate Coverage/taxonomy-app,com.taxonomy.versioning.controller,GitHypothesisReviewCompatibilityFilter,56,662,17,41,14,166,17,31,1,18
Taxonomy Aggregate Coverage/taxonomy-app,com.taxonomy.versioning.controller,ContextNavigationController,77,274,11,9,20,54,8,16,1,13
Taxonomy Aggregate Coverage/taxonomy-app,com.taxonomy.versioning.controller,DslApiController,257,1985,27,47,61,420,24,63,6,44
Taxonomy Aggregate Coverage/taxonomy-app,com.taxonomy.catalog.service.importer,StructurizrDslParser,17,286,17,43,5,62,17,22,0,6
Taxonomy Aggregate Coverage/taxonomy-app,com.taxonomy.catalog.service.importer,ExternalParser.ParsedExternalModel,0,9,0,0,0,1,0,1,0,1
Taxonomy Aggregate Coverage/taxonomy-app,com.taxonomy.catalog.service.importer,UafXmlParser,153,239,45,33,34,67,34,15,1,9
Taxonomy Aggregate Coverage/taxonomy-app,com.taxonomy.catalog.service.importer,ApqcExcelImportProfileExtension,4,27,0,0,2,9,2,3,2,3
Taxonomy Aggregate Coverage/taxonomy-app,com.taxonomy.catalog.service.importer,ImportProfileRegistry,0,124,2,12,0,30,2,13,0,8
Taxonomy Aggregate Coverage/taxonomy-app,com.taxonomy.catalog.service.importer,ApqcExcelParser,92,360,30,26,15,59,26,15,1,11
Taxonomy Aggregate Coverage/taxonomy-app,com.taxonomy.catalog.service.importer,FrameworkImportService,0,94,0,0,0,19,0,10,0,10
Taxonomy Aggregate Coverage/taxonomy-app,com.taxonomy.catalog.service.importer,ImportProfileRegistry.Registration,0,9,0,0,0,1,0,1,0,1
Taxonomy Aggregate Coverage/taxonomy-app,com.taxonomy.catalog.service.importer,C4ImportProfileExtension,0,33,0,0,0,13,0,5,0,5
Taxonomy Aggregate Coverage/taxonomy-app,com.taxonomy.catalog.service.importer,AbstractFrameworkImportProfileExtension,18,216,1,1,4,47,1,5,0,5
Taxonomy Aggregate Coverage/taxonomy-app,com.taxonomy.catalog.service.importer,UafImportProfileExtension,0,33,0,0,0,13,0,5,0,5
Taxonomy Aggregate Coverage/taxonomy-app,com.taxonomy.catalog.service.importer,ApqcCsvParser,48,442,20,44,7,68,19,24,1,10
Taxonomy Aggregate Coverage/taxonomy-app,com.taxonomy.catalog.service.importer,ApqcCsvImportProfileExtension,0,33,0,0,0,13,0,5,0,5
Taxonomy Aggregate Coverage/taxonomy-app,com.taxonomy.analysis.usecase,AnalyzeRequirementCommand,0,34,0,0,0,3,0,2,0,2
Taxonomy Aggregate Coverage/taxonomy-app,com.taxonomy.analysis.usecase,AnalysisStreamEvent.Phase,0,9,0,0,0,1,0,1,0,1
Taxonomy Aggregate Coverage/taxonomy-app,com.taxonomy.analysis.usecase,AnalysisStreamEvent.Complete,0,18,0,0,0,1,0,1,0,1
Taxonomy Aggregate Coverage/taxonomy-app,com.taxonomy.analysis.usecase,JustifyLeafCommand,5,44,3,9,1,7,3,4,0,1
Taxonomy Aggregate Coverage/taxonomy-app,com.taxonomy.analysis.usecase,AnalysisStreamEvent.Error,0,21,0,0,0,1,0,1,0,1
Taxonomy Aggregate Coverage/taxonomy-app,com.taxonomy.analysis.usecase,StreamRequirementAnalysisUseCase,1,74,3,5,1,24,3,5,0,4
Taxonomy Aggregate Coverage/taxonomy-app,com.taxonomy.analysis.usecase,AnalysisStreamEvent.Scores,0,15,0,0,0,1,0,1,0,1
Taxonomy Aggregate Coverage/taxonomy-app,com.taxonomy.analysis.usecase,AnalyzeNodeChildrenCommand,10,32,5,7,2,6,5,2,0,1
Taxonomy Aggregate Coverage/taxonomy-app,com.taxonomy.analysis.usecase,StreamRequirementAnalysisUseCase.new AnalysisEventCallback() {...},0,60,0,0,0,11,0,6,0,6
Taxonomy Aggregate Coverage/taxonomy-app,com.taxonomy.analysis.usecase,AnalyzeNodeChildrenUseCase,2,45,1,1,1,16,1,2,0,2
Taxonomy Aggregate Coverage/taxonomy-app,com.taxonomy.analysis.usecase,AnalyzeNodeChildrenResult,19,48,4,6,2,7,5,2,1,1
Taxonomy Aggregate Coverage/taxonomy-app,com.taxonomy.analysis.usecase,AnalysisStreamEvent.Expanding,0,9,0,0,0,1,0,1,0,1
Taxonomy Aggregate Coverage/taxonomy-app,com.taxonomy.analysis.usecase,AnalyzeRequirementUseCase,1,188,3,15,1,53,3,13,0,7
Taxonomy Aggregate Coverage/taxonomy-app,com.taxonomy.analysis.usecase,JustifyLeafResult,10,19,4,4,2,4,4,1,0,1
Taxonomy Aggregate Coverage/taxonomy-app,com.taxonomy.analysis.usecase,StreamRequirementAnalysisCommand,0,12,0,0,0,1,0,1,0,1
Taxonomy Aggregate Coverage/taxonomy-app,com.taxonomy.analysis.usecase,JustifyLeafUseCase,26,9,0,0,7,4,1,1,1,1
Taxonomy Aggregate Coverage/taxonomy-app,com.taxonomy.analysis.usecase,AnalyzeRequirementResult,0,6,0,0,0,1,0,1,0,1
Taxonomy Aggregate Coverage/taxonomy-app,com.taxonomy.analysis.usecase,UnknownAnalysisProviderException,0,14,0,0,0,5,0,3,0,3
Taxonomy Aggregate Coverage/taxonomy-app,com.taxonomy.relations.service,RelationDecisionProjectionService.ProjectionConflictException,0,4,0,0,0,2,0,1,0,1
Taxonomy Aggregate Coverage/taxonomy-app,com.taxonomy.relations.service,GitAuthoritativeRelationMutationService.ProjectionCompletionException,0,4,0,0,0,2,0,1,0,1
Taxonomy Aggregate Coverage/taxonomy-app,com.taxonomy.relations.service,RelationQualityService,2,405,1,23,1,108,1,35,0,24
Taxonomy Aggregate Coverage/taxonomy-app,com.taxonomy.relations.service,GraphSearchService,24,350,7,13,6,80,7,17,0,14
Taxonomy Aggregate Coverage/taxonomy-app,com.taxonomy.relations.service,RelationProjectionRecoveryService.RecoveryRecord,0,77,0,0,0,16,0,2,0,2
Taxonomy Aggregate Coverage/taxonomy-app,com.taxonomy.relations.service,RelationBranchProjectionRebuildService,101,293,13,27,23,70,13,19,0,12
Taxonomy Aggregate Coverage/taxonomy-app,com.taxonomy.relations.service,RelationProposalService,124,660,11,24,21,154,14,23,4,15
Taxonomy Aggregate Coverage/taxonomy-app,com.taxonomy.relations.service,RelationProjectionReadService.ReadResult,0,31,0,0,0,5,0,1,0,1
Taxonomy Aggregate Coverage/taxonomy-app,com.taxonomy.relations.service,RelationDecisionProjectionService,150,514,36,56,35,130,34,25,0,13
Taxonomy Aggregate Coverage/taxonomy-app,com.taxonomy.relations.service,RelationTraversalService,16,255,6,16,2,68,6,17,0,12
Taxonomy Aggregate Coverage/taxonomy-app,com.taxonomy.relations.service,RelationReviewService,133,190,14,6,29,46,11,7,1,7
Taxonomy Aggregate Coverage/taxonomy-app,com.taxonomy.relations.service,RelationDecisionProjectionService.ProjectionContextMismatchException,0,9,0,0,0,4,0,2,0,2
Taxonomy Aggregate Coverage/taxonomy-app,com.taxonomy.relations.service,RelationProjectionReadService.RelationIdentity,0,25,0,0,0,5,0,1,0,1
Taxonomy Aggregate Coverage/taxonomy-app,com.taxonomy.relations.service,ProposalReviewStateStore.ProposalStateConflictException,0,4,0,0,0,2,0,1,0,1
Taxonomy Aggregate Coverage/taxonomy-app,com.taxonomy.relations.service,RelationProjectionOperationsService.ProjectionStatus,20,0,0,0,4,0,1,0,1,0
Taxonomy Aggregate Coverage/taxonomy-app,com.taxonomy.relations.service,GitAuthoritativeRelationMutationService.MutationResult,0,19,0,0,0,4,0,1,0,1
Taxonomy Aggregate Coverage/taxonomy-app,com.taxonomy.relations.service,RelationProjectionRecoveryService,44,232,5,13,18,70,6,11,1,7
Taxonomy Aggregate Coverage/taxonomy-app,com.taxonomy.relations.service,GitAuthoritativeRelationMutationService,10,158,3,9,1,36,4,7,1,4
Taxonomy Aggregate Coverage/taxonomy-app,com.taxonomy.relations.service,RelationDecisionProjectionService.ProjectionRequest,0,39,0,0,0,1,0,1,0,1
Taxonomy Aggregate Coverage/taxonomy-app,com.taxonomy.relations.service,GitAuthoritativeProposalReviewService.ProposalReviewPendingException,3,61,0,0,1,13,1,6,1,6
Taxonomy Aggregate Coverage/taxonomy-app,com.taxonomy.relations.service,RelationBranchProjectionRebuildService.RelationSnapshot,5,56,3,5,1,11,3,2,0,1
Taxonomy Aggregate Coverage/taxonomy-app,com.taxonomy.relations.service,RelationValidationService.ValidationResult,0,35,0,0,0,10,0,6,0,6
Taxonomy Aggregate Coverage/taxonomy-app,com.taxonomy.relations.service,RelationBranchProjectionReadinessService.RelationProjectionNotReadyException,5,4,0,0,2,2,1,1,1,1
Taxonomy Aggregate Coverage/taxonomy-app,com.taxonomy.relations.service,RelationBranchProjectionReadinessService,14,203,4,20,5,58,4,14,0,6
Taxonomy Aggregate Coverage/taxonomy-app,com.taxonomy.relations.service,RelationDecisionProjectionWriter,0,259,3,19,0,82,3,17,0,9
Taxonomy Aggregate Coverage/taxonomy-app,com.taxonomy.relations.service,RelationBranchProjectionRebuildService.BranchProjectionSourceException,5,4,0,0,2,2,1,1,1,1
Taxonomy Aggregate Coverage/taxonomy-app,com.taxonomy.relations.service,RelationDecisionStatusPolicy,0,11,0,4,0,1,0,3,0,1
Taxonomy Aggregate Coverage/taxonomy-app,com.taxonomy.relations.service,RelationProjectionReadService.RelationProjectionUnavailableException,6,41,0,0,2,11,2,4,2,4
Taxonomy Aggregate Coverage/taxonomy-app,com.taxonomy.relations.service,RelationDecisionProjectionService.ProjectionSourceException,0,9,0,0,0,4,0,2,0,2
Taxonomy Aggregate Coverage/taxonomy-app,com.taxonomy.relations.service,RelationBranchProjectionRebuildService.RelationIdentity,0,21,0,0,0,2,0,2,0,2
Taxonomy Aggregate Coverage/taxonomy-app,com.taxonomy.relations.service,RelationBranchProjectionRebuildService.RebuildResult,0,18,0,0,0,1,0,1,0,1
Taxonomy Aggregate Coverage/taxonomy-app,com.taxonomy.relations.service,RelationProjectionReadService.ResolvedSource,0,19,0,0,0,4,0,1,0,1
Taxonomy Aggregate Coverage/taxonomy-app,com.taxonomy.relations.service,RelationProjectionReadService.ReadModel,0,15,0,0,0,3,0,1,0,1
Taxonomy Aggregate Coverage/taxonomy-app,com.taxonomy.relations.service,GitAuthoritativeProposalReviewService.ReviewAction,14,62,2,4,2,16,2,6,0,5
Taxonomy Aggregate Coverage/taxonomy-app,com.taxonomy.relations.service,RelationBranchProjectionReadinessService.Readiness,5,40,1,3,1,6,1,3,0,2
Taxonomy Aggregate Coverage/taxonomy-app,com.taxonomy.relations.service,RelationCandidateService,6,138,5,5,0,25,4,7,0,6
Taxonomy Aggregate Coverage/taxonomy-app,com.taxonomy.relations.service,RelationProjectionRecoveryService.ProjectionRecoveryReconciliationException,5,0,0,0,2,0,1,0,1,0
Taxonomy Aggregate Coverage/taxonomy-app,com.taxonomy.relations.service,RelationDecisionProjectionService.AuthoritativeState,0,15,0,0,0,1,0,1,0,1
Taxonomy Aggregate Coverage/taxonomy-app,com.taxonomy.relations.service,GitAuthoritativeProposalReviewService.ReviewResult,0,35,0,0,0,6,0,1,0,1
Taxonomy Aggregate Coverage/taxonomy-app,com.taxonomy.relations.service,RelationProjectionReadService,12,524,7,33,3,123,7,41,0,28
Taxonomy Aggregate Coverage/taxonomy-app,com.taxonomy.relations.service,RelationProjectionReadService.CountResult,5,29,1,1,1,5,1,1,0,1
Taxonomy Aggregate Coverage/taxonomy-app,com.taxonomy.relations.service,ProposalReviewStateStore.ProposalSnapshot,0,52,0,0,0,7,0,1,0,1
Taxonomy Aggregate Coverage/taxonomy-app,com.taxonomy.relations.service,RelationDecisionProjectionService.ValidatedCommand,0,9,0,0,0,1,0,1,0,1
Taxonomy Aggregate Coverage/taxonomy-app,com.taxonomy.relations.service,GitAuthoritativeRelationMutationService.ProjectionPendingException,0,35,0,2,0,10,0,6,0,5
Taxonomy Aggregate Coverage/taxonomy-app,com.taxonomy.relations.service,RankFusionUtil,0,74,0,2,0,16,0,4,0,3
Taxonomy Aggregate Coverage/taxonomy-app,com.taxonomy.relations.service,RelationProjectionOperationsService.RebuildVerificationException,0,27,0,0,0,8,0,3,0,3
Taxonomy Aggregate Coverage/taxonomy-app,com.taxonomy.relations.service,RelationProjectionRecoveryService.ReconciliationResult,0,15,0,0,0,1,0,1,0,1
Taxonomy Aggregate Coverage/taxonomy-app,com.taxonomy.relations.service,RelationProjectionOperationsService.RecoveryReconciliationPendingException,0,16,0,0,0,5,0,2,0,2
Taxonomy Aggregate Coverage/taxonomy-app,com.taxonomy.relations.service,ProposalReviewStateStore,38,118,2,18,12,32,2,14,0,6
Taxonomy Aggregate Coverage/taxonomy-app,com.taxonomy.relations.service,RelationDecisionProjectionService.ProjectionOutcome,0,21,0,0,0,4,0,1,0,1
Taxonomy Aggregate Coverage/taxonomy-app,com.taxonomy.relations.service,RelationProjectionOperationsService.RebuildHeadConflictException,18,0,0,0,6,0,3,0,3,0
Taxonomy Aggregate Coverage/taxonomy-app,com.taxonomy.relations.service,GitAuthoritativeProposalReviewService.PendingPhase,0,25,0,0,0,6,0,2,0,2
Taxonomy Aggregate Coverage/taxonomy-app,com.taxonomy.relations.service,RelationProjectionReadService.IdentitySnapshot,0,41,0,0,0,6,0,2,0,2
Taxonomy Aggregate Coverage/taxonomy-app,com.taxonomy.relations.service,RelationDecisionProjectionService.ProjectionResult,0,22,0,0,0,4,0,1,0,1
Taxonomy Aggregate Coverage/taxonomy-app,com.taxonomy.relations.service,RequirementCoverageService,2,248,3,9,0,47,3,20,0,17
Taxonomy Aggregate Coverage/taxonomy-app,com.taxonomy.relations.service,GitAuthoritativeProposalReviewService,0,149,0,2,0,39,0,7,0,6
Taxonomy Aggregate Coverage/taxonomy-app,com.taxonomy.relations.service,RelationBranchProjectionReadinessService.ReadinessState,0,33,0,0,0,6,0,1,0,1
Taxonomy Aggregate Coverage/taxonomy-app,com.taxonomy.relations.service,RelationBranchProjectionRebuildWriter,4,180,0,0,0,55,1,5,1,5
Taxonomy Aggregate Coverage/taxonomy-app,com.taxonomy.relations.service,HybridSearchService,5,68,1,3,2,14,1,4,0,3
Taxonomy Aggregate Coverage/taxonomy-app,com.taxonomy.relations.service,RelationCompatibilityMatrix,0,288,1,13,0,53,1,12,0,6
Taxonomy Aggregate Coverage/taxonomy-app,com.taxonomy.relations.service,RelationProjectionOperationsService.RebuildOperation,0,27,0,0,0,5,0,1,0,1
Taxonomy Aggregate Coverage/taxonomy-app,com.taxonomy.relations.service,RelationProjectionOperationsService,42,159,7,13,11,39,8,8,1,5
Taxonomy Aggregate Coverage/taxonomy-app,com.taxonomy.relations.service,RelationBranchProjectionRebuildService.BranchProjectionContextException,0,4,0,0,0,2,0,1,0,1
Taxonomy Aggregate Coverage/taxonomy-app,com.taxonomy.relations.service,RelationValidationService,0,123,0,6,0,26,0,6,0,3
Taxonomy Aggregate Coverage/taxonomy-app,com.taxonomy.security.keycloak,KeycloakHealthIndicator,0,106,1,5,0,39,1,8,0,6
Taxonomy Aggregate Coverage/taxonomy-app,com.taxonomy.security.keycloak,KeycloakAccountRedirectController,9,0,0,0,2,0,2,0,2,0
Taxonomy Aggregate Coverage/taxonomy-app,com.taxonomy.security.keycloak,KeycloakOidcUserService,80,6,4,0,19,1,5,1,3,1
Taxonomy Aggregate Coverage/taxonomy-app,com.taxonomy.security.keycloak,KeycloakAuthenticationEntryPoint,20,5,0,0,6,1,2,1,2,1
Taxonomy Aggregate Coverage/taxonomy-app,com.taxonomy.security.keycloak,SwaggerKeycloakConfig,0,50,1,1,0,14,1,3,0,3
Taxonomy Aggregate Coverage/taxonomy-app,com.taxonomy.security.keycloak,KeycloakLogoutHandler,0,73,1,5,0,18,1,5,0,3
Taxonomy Aggregate Coverage/taxonomy-app,com.taxonomy.security.keycloak,KeycloakJwtAuthConverter,2,105,2,8,1,22,2,8,0,5
Taxonomy Aggregate Coverage/taxonomy-app,com.taxonomy.architecture.controller,RecommendationApiController.RecommendationRequest,0,12,0,0,0,1,0,1,0,1
Taxonomy Aggregate Coverage/taxonomy-app,com.taxonomy.architecture.controller,PatternDetectionApiController,1,29,1,1,0,9,1,3,0,3
Taxonomy Aggregate Coverage/taxonomy-app,com.taxonomy.architecture.controller,PatternDetectionApiController.PatternDetectionRequest,0,9,0,0,0,1,0,1,0,1
Taxonomy Aggregate Coverage/taxonomy-app,com.taxonomy.architecture.controller,ExplanationTraceApiController,21,24,3,1,6,8,3,2,1,2
Taxonomy Aggregate Coverage/taxonomy-app,com.taxonomy.architecture.controller,GapAnalysisApiController.GapAnalysisRequest,0,12,0,0,0,1,0,1,0,1
Taxonomy Aggregate Coverage/taxonomy-app,com.taxonomy.architecture.controller,ArchitectureSummaryApiController,0,63,0,2,0,21,0,5,0,4
Taxonomy Aggregate Coverage/taxonomy-app,com.taxonomy.architecture.controller,ReportApiController.ReportRequest,0,12,0,0,0,1,0,1,0,1
Taxonomy Aggregate Coverage/taxonomy-app,com.taxonomy.architecture.controller,GraphQueryApiController,0,122,2,8,0,28,2,10,0,7
Taxonomy Aggregate Coverage/taxonomy-app,com.taxonomy.architecture.controller,ReportApiController,3,128,3,7,1,30,3,10,0,8
Taxonomy Aggregate Coverage/taxonomy-app,com.taxonomy.architecture.controller,RecommendationApiController,1,23,1,1,0,8,1,2,0,2
Taxonomy Aggregate Coverage/taxonomy-app,com.taxonomy.architecture.controller,GapAnalysisApiController,0,32,0,2,0,10,0,4,0,3
Taxonomy Aggregate Coverage/taxonomy-app,com.taxonomy.architecture.controller,ExplanationTraceApiController.ExplainRequest,0,15,0,0,0,1,0,1,0,1
Taxonomy Aggregate Coverage/taxonomy-app,com.taxonomy.workspace.controller,WorkspaceController,93,1061,13,39,19,235,12,49,2,33
Taxonomy Aggregate Coverage/taxonomy-app,com.taxonomy.workspace.controller,ArchitectureRepositoryController.CreateRepositoryRequest,18,0,0,0,1,0,1,0,1,0
Taxonomy Aggregate Coverage/taxonomy-app,com.taxonomy.workspace.controller,ArchitectureRepositoryController.CreateWorkspaceRequest,0,12,0,0,0,1,0,1,0,1
Taxonomy Aggregate Coverage/taxonomy-app,com.taxonomy.workspace.controller,WorkspaceAccessWebMvcConfiguration,0,22,0,0,0,6,0,2,0,2
Taxonomy Aggregate Coverage/taxonomy-app,com.taxonomy.workspace.controller,WorkspaceAccessWebMvcConfiguration.WorkspaceInfoAccessInterceptor,2,75,3,11,1,20,3,7,0,3
Taxonomy Aggregate Coverage/taxonomy-app,com.taxonomy.workspace.controller,ArchitectureRepositoryController.CreateForkRequest,0,18,0,0,0,1,0,1,0,1
Taxonomy Aggregate Coverage/taxonomy-app,com.taxonomy.workspace.controller,ArchitectureRepositoryController.UpdateMembershipRequest,0,6,0,0,0,1,0,1,0,1
Taxonomy Aggregate Coverage/taxonomy-app,com.taxonomy.workspace.controller,ExternalSyncController,14,369,5,17,4,94,5,16,0,10
Taxonomy Aggregate Coverage/taxonomy-app,com.taxonomy.workspace.controller,ArchitectureRepositoryController,367,219,12,14,89,51,16,13,6,10
Taxonomy Aggregate Coverage/taxonomy-app,com.taxonomy.catalog.service,CatalogueOverlayService.OverlayDefinition,5,57,1,1,1,15,2,14,1,14
Taxonomy Aggregate Coverage/taxonomy-app,com.taxonomy.catalog.service,HierarchyScoreDistributor,64,791,13,59,11,159,13,33,0,10
Taxonomy Aggregate Coverage/taxonomy-app,com.taxonomy.catalog.service,ArchiMateXmlImporter.ParsedElement,0,15,0,0,0,1,0,1,0,1
Taxonomy Aggregate Coverage/taxonomy-app,com.taxonomy.catalog.service,PropagationResult,0,27,0,0,0,10,0,5,0,5
Taxonomy Aggregate Coverage/taxonomy-app,com.taxonomy.catalog.service,HierarchyScoreDistributor.DistributionResult,0,9,0,0,0,1,0,1,0,1
Taxonomy Aggregate Coverage/taxonomy-app,com.taxonomy.catalog.service,CatalogueOverlayService.NodePatch,2,74,1,1,0,21,1,19,0,19
Taxonomy Aggregate Coverage/taxonomy-app,com.taxonomy.catalog.service,CatalogueOverlayService.NodeMetadata,0,27,0,0,0,2,0,2,0,2
Taxonomy Aggregate Coverage/taxonomy-app,com.taxonomy.catalog.service,CatalogueOverlayService.LoadedOverlay,22,9,0,0,6,1,1,1,1,1
Taxonomy Aggregate Coverage/taxonomy-app,com.taxonomy.catalog.service,BudgetDistribution,46,177,6,10,8,32,5,11,1,7
Taxonomy Aggregate Coverage/taxonomy-app,com.taxonomy.catalog.service,TaxonomyRelationService,67,565,9,23,13,129,13,35,4,28
Taxonomy Aggregate Coverage/taxonomy-app,com.taxonomy.catalog.service,CatalogueOverlayService.HierarchyStats,0,9,0,0,0,1,0,1,0,1
Taxonomy Aggregate Coverage/taxonomy-app,com.taxonomy.catalog.service,RelevancePropagationService,22,313,12,24,5,60,9,13,0,4
Taxonomy Aggregate Coverage/taxonomy-app,com.taxonomy.catalog.service,ArchiMateXmlImporter.ParsedRelationship,0,15,0,0,0,1,0,1,0,1
Taxonomy Aggregate Coverage/taxonomy-app,com.taxonomy.catalog.service,TaxonomyService,460,1241,71,82,115,299,57,54,3,28
Taxonomy Aggregate Coverage/taxonomy-app,com.taxonomy.catalog.service,CatalogueOverlayService.OverlayApplicationResult,0,24,0,0,0,1,0,1,0,1
Taxonomy Aggregate Coverage/taxonomy-app,com.taxonomy.catalog.service,RelationSeedParser,0,253,1,31,0,63,1,22,0,7
Taxonomy Aggregate Coverage/taxonomy-app,com.taxonomy.catalog.service,ArchiMateXmlImporter.ParsedModel,0,9,0,0,0,1,0,1,0,1
Taxonomy Aggregate Coverage/taxonomy-app,com.taxonomy.catalog.service,ArchiMateXmlImporter,59,593,24,62,18,142,22,35,0,14
Taxonomy Aggregate Coverage/taxonomy-app,com.taxonomy.catalog.service,ArchiMateImportException,4,5,0,0,2,2,1,1,1,1
Taxonomy Aggregate Coverage/taxonomy-app,com.taxonomy.catalog.service,PropagationResult.TraversedRelation,0,27,0,0,0,10,0,5,0,5
Taxonomy Aggregate Coverage/taxonomy-app,com.taxonomy.catalog.service,SearchService,11,186,2,2,4,37,2,6,0,6
Taxonomy Aggregate Coverage/taxonomy-app,com.taxonomy.catalog.service,DeterministicNodeScorer,0,37,0,2,0,7,0,3,0,2
Taxonomy Aggregate Coverage/taxonomy-app,com.taxonomy.catalog.service,IndependentScoring,2,40,0,2,1,7,1,4,1,3
Taxonomy Aggregate Coverage/taxonomy-app,com.taxonomy.catalog.service,CatalogueOverlayService.OverlayValidation,0,17,0,0,0,5,0,5,0,5
Taxonomy Aggregate Coverage/taxonomy-app,com.taxonomy.catalog.service,CatalogFacade,0,133,0,6,0,35,0,12,0,9
Taxonomy Aggregate Coverage/taxonomy-app,com.taxonomy.catalog.service,CatalogueOverlayService.VisitState,0,15,0,0,0,1,0,1,0,1
Taxonomy Aggregate Coverage/taxonomy-app,com.taxonomy.catalog.service,CatalogueOverlayService.OverlayMetadata,0,21,0,0,0,1,0,1,0,1
Taxonomy Aggregate Coverage/taxonomy-app,com.taxonomy.catalog.service,CatalogueOverlayService,349,1010,59,99,72,226,61,54,3,33
Taxonomy Aggregate Coverage/taxonomy-app,com.taxonomy.catalog.service,RecordedNodeScorer,14,40,3,3,5,8,3,3,1,2
Taxonomy Aggregate Coverage/taxonomy-app,com.taxonomy.security.service,DatabaseUserDetailsService,0,52,0,2,0,14,0,5,0,4
Taxonomy Aggregate Coverage/taxonomy-app,com.taxonomy.security.service,UserManagementService.NotFoundException,0,4,0,0,0,1,0,1,0,1
Taxonomy Aggregate Coverage/taxonomy-app,com.taxonomy.security.service,PasswordChangeService,0,109,0,22,0,32,0,15,0,4
Taxonomy Aggregate Coverage/taxonomy-app,com.taxonomy.security.service,UserManagementService,87,490,23,35,16,93,22,27,1,19
Taxonomy Aggregate Coverage/taxonomy-app,com.taxonomy.security.service,PasswordChangeService.Result,0,39,0,0,0,7,0,1,0,1
Taxonomy Aggregate Coverage/taxonomy-app,com.taxonomy.security.service,PasswordChangeService.new TransactionSynchronization() {...},0,11,0,0,0,3,0,2,0,2
Taxonomy Aggregate Coverage/taxonomy-app,com.taxonomy.security.service,UserManagementService.ConflictException,0,4,0,0,0,1,0,1,0,1
Taxonomy Aggregate Coverage/taxonomy-app,com.taxonomy.security.service,BootstrapAdminCredentialStore,41,283,1,21,12,76,1,22,0,12
Taxonomy Aggregate Coverage/taxonomy-app,com.taxonomy.security.service,UserManagementService.ValidationException,0,4,0,0,0,1,0,1,0,1
Taxonomy Aggregate Coverage/taxonomy-app,com.taxonomy.shared.logging,SensitiveLlmPromptTurboFilter,32,20,6,6,10,6,6,4,2,2
Taxonomy Aggregate Coverage/taxonomy-app,com.taxonomy.shared.controller,PreferencesController,67,10,4,0,17,4,6,2,4,2
Taxonomy Aggregate Coverage/taxonomy-app,com.taxonomy.shared.controller,ExtensionApiController,0,27,0,0,0,9,0,3,0,3
Taxonomy Aggregate Coverage/taxonomy-app,com.taxonomy.shared.controller,AboutController,34,192,6,6,10,36,7,10,1,10
Taxonomy Aggregate Coverage/taxonomy-app,com.taxonomy.shared.controller,I18nApiController,14,84,1,5,5,21,1,6,0,4
Taxonomy Aggregate Coverage/taxonomy-app,com.taxonomy.shared.controller,HelpController.DocEntry,0,15,0,0,0,1,0,1,0,1
Taxonomy Aggregate Coverage/taxonomy-app,com.taxonomy.shared.controller,AdminApiController,59,500,13,27,12,92,13,21,2,12
Taxonomy Aggregate Coverage/taxonomy-app,com.taxonomy.shared.controller,HelpController,104,1263,20,8,24,52,14,12,1,11
Taxonomy Aggregate Coverage/taxonomy-app,com.taxonomy.security.controller,ChangePasswordController,2,67,2,7,1,17,2,9,0,4
Taxonomy Aggregate Coverage/taxonomy-app,com.taxonomy.security.controller,UserManagementController,78,54,1,1,18,15,5,6,4,6
Taxonomy Aggregate Coverage/taxonomy-app,com.taxonomy.security.controller,AccountContextController,7,65,2,10,1,14,2,6,0,2
Taxonomy Aggregate Coverage/taxonomy-app,com.taxonomy.security.controller,AccountApiController,34,36,8,2,11,11,8,2,1,2
Taxonomy Aggregate Coverage/taxonomy-app,com.taxonomy.portfolio.service,ProjectConflictService,20,332,10,18,2,80,10,13,1,8
Taxonomy Aggregate Coverage/taxonomy-app,com.taxonomy.portfolio.service,PortfolioScope,0,30,0,0,0,8,0,6,0,6
Taxonomy Aggregate Coverage/taxonomy-app,com.taxonomy.portfolio.service,ProductCatalogService,276,539,42,22,55,145,38,17,6,17
Taxonomy Aggregate Coverage/taxonomy-app,com.taxonomy.portfolio.service,PortablePortfolioGitService,21,419,13,27,5,100,13,17,0,10
Taxonomy Aggregate Coverage/taxonomy-app,com.taxonomy.portfolio.service,CopilotAutomationService.OperationDefinition,0,50,0,0,0,2,0,2,0,2
Taxonomy Aggregate Coverage/taxonomy-app,com.taxonomy.portfolio.service,PortfolioGitService.CommitResult,0,12,0,0,0,1,0,1,0,1
Taxonomy Aggregate Coverage/taxonomy-app,com.taxonomy.portfolio.service,PortfolioJsonCodec.new TypeReference() {...},0,3,0,0,0,1,0,1,0,1
Taxonomy Aggregate Coverage/taxonomy-app,com.taxonomy.portfolio.service,PortfolioJsonCodec.new TypeReference() {...},0,3,0,0,0,1,0,1,0,1
Taxonomy Aggregate Coverage/taxonomy-app,com.taxonomy.portfolio.service,PortfolioReportService.RenderedReport,0,12,0,0,0,1,0,1,0,1
Taxonomy Aggregate Coverage/taxonomy-app,com.taxonomy.portfolio.service,CopilotJobControlService,0,112,0,10,0,27,0,9,0,4
Taxonomy Aggregate Coverage/taxonomy-app,com.taxonomy.portfolio.service,PortfolioReportService.SnapshotBaseline,36,0,0,0,1,0,1,0,1,0
Taxonomy Aggregate Coverage/taxonomy-app,com.taxonomy.portfolio.service,PortfolioReportService.Format,0,60,0,0,0,12,0,4,0,4
Taxonomy Aggregate Coverage/taxonomy-app,com.taxonomy.portfolio.service,PortfolioException,17,56,0,0,4,14,2,9,2,9
Taxonomy Aggregate Coverage/taxonomy-app,com.taxonomy.portfolio.service,CopilotOperationKey,36,133,9,17,4,22,10,8,1,4
Taxonomy Aggregate Coverage/taxonomy-app,com.taxonomy.portfolio.service,CopilotCompletionService,0,293,0,38,0,67,0,25,0,6
Taxonomy Aggregate Coverage/taxonomy-app,com.taxonomy.portfolio.service,CopilotResultSelector.Quality,0,90,0,12,0,14,0,8,0,2
Taxonomy Aggregate Coverage/taxonomy-app,com.taxonomy.portfolio.service,PortfolioGitApplicationService.Counts,18,0,0,0,1,0,1,0,1,0
Taxonomy Aggregate Coverage/taxonomy-app,com.taxonomy.portfolio.service,PortfolioException.Kind,0,39,0,0,0,7,0,1,0,1
Taxonomy Aggregate Coverage/taxonomy-app,com.taxonomy.portfolio.service,ProjectAutopilotService,17,254,9,29,4,69,9,15,0,5
Taxonomy Aggregate Coverage/taxonomy-app,com.taxonomy.portfolio.service,PortfolioGitPortAdapter,0,31,0,0,0,8,0,4,0,4
Taxonomy Aggregate Coverage/taxonomy-app,com.taxonomy.portfolio.service,PortfolioReportService,602,1064,45,64,89,188,49,43,15,20
Taxonomy Aggregate Coverage/taxonomy-app,com.taxonomy.portfolio.service,CopilotResultSelector,3,128,9,19,0,30,9,10,0,5
Taxonomy Aggregate Coverage/taxonomy-app,com.taxonomy.portfolio.service,CopilotAutomationService,129,1468,40,144,28,308,38,118,2,60
Taxonomy Aggregate Coverage/taxonomy-app,com.taxonomy.portfolio.service,PortfolioGitService.MaterializeResult,2,20,1,1,0,3,1,1,0,1
Taxonomy Aggregate Coverage/taxonomy-app,com.taxonomy.portfolio.service,CopilotResultPersistenceService,4,77,0,6,0,20,1,6,1,3
Taxonomy Aggregate Coverage/taxonomy-app,com.taxonomy.portfolio.service,PortfolioAggregationService,22,633,8,28,3,135,11,35,3,25
Taxonomy Aggregate Coverage/taxonomy-app,com.taxonomy.portfolio.service,ProjectRequirementAnalysisService,77,688,16,48,14,149,17,44,2,27
Taxonomy Aggregate Coverage/taxonomy-app,com.taxonomy.portfolio.service,PortfolioAnalysisWorkQueue.WorkItem,13,33,0,0,2,1,1,1,1,1
Taxonomy Aggregate Coverage/taxonomy-app,com.taxonomy.portfolio.service,PortfolioAnalysisClaimPersistenceService,0,223,13,33,0,67,13,17,0,7
Taxonomy Aggregate Coverage/taxonomy-app,com.taxonomy.portfolio.service,CopilotAutomationService.JobWithKey,0,9,0,0,0,1,0,1,0,1
Taxonomy Aggregate Coverage/taxonomy-app,com.taxonomy.portfolio.service,AiAutomationPolicy,124,449,27,61,29,97,27,40,4,19
Taxonomy Aggregate Coverage/taxonomy-app,com.taxonomy.portfolio.service,PortfolioGitService,344,1525,46,70,57,266,41,51,1,33
Taxonomy Aggregate Coverage/taxonomy-app,com.taxonomy.portfolio.service,ProjectPortfolioService,152,965,38,68,32,247,36,55,3,35
Taxonomy Aggregate Coverage/taxonomy-app,com.taxonomy.portfolio.service,ProjectConflictService.ConflictRule,0,18,0,0,0,1,0,1,0,1
Taxonomy Aggregate Coverage/taxonomy-app,com.taxonomy.portfolio.service,PortfolioReportService.ReportModel,0,39,0,0,0,1,0,1,0,1
Taxonomy Aggregate Coverage/taxonomy-app,com.taxonomy.portfolio.service,PortfolioDecisionGitContributor,815,1686,62,68,159,298,51,46,1,31
Taxonomy Aggregate Coverage/taxonomy-app,com.taxonomy.portfolio.service,CopilotCompletionService.CompletionSummary,0,12,0,0,0,1,0,1,0,1
Taxonomy Aggregate Coverage/taxonomy-app,com.taxonomy.portfolio.service,PortfolioDecisionGitContributor.DecisionMaterializeResult,2,26,1,1,0,3,1,1,0,1
[...]
Taxonomy Aggregate Coverage/taxonomy-app,com.taxonomy.versioning.service,GitAuthoritativeHypothesisReviewService.ReviewAction,11,68,3,7,1,16,2,8,0,5
Taxonomy Aggregate Coverage/taxonomy-app,com.taxonomy.versioning.service,SemanticGitMergeService.SemanticInputs,0,31,0,0,0,2,0,2,0,2
Taxonomy Aggregate Coverage/taxonomy-app,com.taxonomy.versioning.service,VersioningFacade,105,0,0,0,23,0,6,0,6,0
Taxonomy Aggregate Coverage/taxonomy-app,com.taxonomy.versioning.service,DslOperationsFacade,110,260,5,9,22,61,20,35,15,33
Taxonomy Aggregate Coverage/taxonomy-app,com.taxonomy.versioning.service,ConflictDetectionService.MergePreview,0,27,0,0,0,1,0,1,0,1
Taxonomy Aggregate Coverage/taxonomy-app,com.taxonomy.versioning.service,GitAuthoritativeHypothesisService,163,242,26,15,40,58,24,19,7,15
Taxonomy Aggregate Coverage/taxonomy-app,com.taxonomy.versioning.service,HypothesisReviewStateStore.HypothesisReviewConflictException,0,27,0,0,0,8,0,4,0,4
Taxonomy Aggregate Coverage/taxonomy-app,com.taxonomy.versioning.service,GitAuthoritativeHypothesisReviewService.ReviewResult,0,35,0,0,0,6,0,1,0,1
Taxonomy Aggregate Coverage/taxonomy-app,com.taxonomy.workspace.service,WorkspaceContextResolver,16,376,15,51,5,88,16,33,1,15
Taxonomy Aggregate Coverage/taxonomy-app,com.taxonomy.workspace.service,ExternalGitSyncService.ExternalSyncConflictException,0,4,0,0,0,2,0,1,0,1
Taxonomy Aggregate Coverage/taxonomy-app,com.taxonomy.workspace.service,ExternalGitCredentials,15,32,5,5,1,8,5,4,0,4
Taxonomy Aggregate Coverage/taxonomy-app,com.taxonomy.workspace.service,WorkspaceScope,5,105,7,25,1,26,7,15,0,6
Taxonomy Aggregate Coverage/taxonomy-app,com.taxonomy.workspace.service,SystemRepositoryCatalogInitializer,0,10,0,0,0,5,0,2,0,2
Taxonomy Aggregate Coverage/taxonomy-app,com.taxonomy.workspace.service,ExplicitWorkspacePinValidationInterceptor,0,64,2,12,0,17,2,9,0,4
Taxonomy Aggregate Coverage/taxonomy-app,com.taxonomy.workspace.service,SyncIntegrationService,192,594,28,32,49,150,22,27,0,18
Taxonomy Aggregate Coverage/taxonomy-app,com.taxonomy.workspace.service,RepositoryStateGuard.OperationCheck,0,12,0,0,0,1,0,1,0,1
Taxonomy Aggregate Coverage/taxonomy-app,com.taxonomy.workspace.service,RepositoryStateGuard,0,86,0,14,0,20,0,9,0,2
Taxonomy Aggregate Coverage/taxonomy-app,com.taxonomy.workspace.service,ExternalGitSyncService,92,550,34,44,18,144,27,29,0,17
Taxonomy Aggregate Coverage/taxonomy-app,com.taxonomy.workspace.service,WorkspaceProjectionService,45,342,5,9,16,85,5,15,0,13
Taxonomy Aggregate Coverage/taxonomy-app,com.taxonomy.workspace.service,WorkspaceManager,398,796,46,44,88,210,41,40,10,26
Taxonomy Aggregate Coverage/taxonomy-app,com.taxonomy.workspace.service,GitNativeSyncIntegrationService,101,778,34,54,17,194,35,37,2,26
Taxonomy Aggregate Coverage/taxonomy-app,com.taxonomy.workspace.service,WorkspaceResolver,5,110,3,15,1,38,3,12,0,6
Taxonomy Aggregate Coverage/taxonomy-app,com.taxonomy.workspace.service,SystemRepositoryCatalogBootstrapOrder,0,46,1,3,0,13,1,4,0,3
Taxonomy Aggregate Coverage/taxonomy-app,com.taxonomy.workspace.service,RepositoryWorkspaceService,39,222,12,12,9,65,12,4,0,4
Taxonomy Aggregate Coverage/taxonomy-app,com.taxonomy.workspace.service,ExternalGitSyncService.ExternalPushRejectedException,0,4,0,0,0,2,0,1,0,1
Taxonomy Aggregate Coverage/taxonomy-app,com.taxonomy.workspace.service,GitNativeSyncIntegrationService.WorkspaceMergeState,0,6,0,0,0,1,0,1,0,1
Taxonomy Aggregate Coverage/taxonomy-app,com.taxonomy.workspace.service,WorkspaceContext,0,41,1,3,0,7,1,4,0,3
Taxonomy Aggregate Coverage/taxonomy-app,com.taxonomy.workspace.service,SystemRepositoryService,93,450,24,42,18,133,25,27,3,16
Taxonomy Aggregate Coverage/taxonomy-app,com.taxonomy.workspace.service,WorkspaceAccessService,0,32,0,10,0,8,0,7,0,2
Taxonomy Aggregate Coverage/taxonomy-app,com.taxonomy.workspace.service,RepositoryScope,0,27,0,0,0,5,0,1,0,1
Taxonomy Aggregate Coverage/taxonomy-app,com.taxonomy.workspace.service,UserWorkspaceState,5,122,1,3,1,37,1,21,0,20
Taxonomy Aggregate Coverage/taxonomy-app,com.taxonomy.workspace.service,ExternalGitSyncService.ExternalSyncStatus,0,21,0,0,0,1,0,1,0,1
Taxonomy Aggregate Coverage/taxonomy-app,com.taxonomy.workspace.service,RepositoryMembershipService,85,459,30,68,18,116,32,47,5,25
Taxonomy Aggregate Coverage/taxonomy-app,com.taxonomy.workspace.service,ArchitectureRepositoryProvisioningService,29,163,6,10,9,41,6,7,0,5
Taxonomy Aggregate Coverage/taxonomy-app,com.taxonomy.workspace.service,RepositoryContext,0,104,1,15,0,19,1,12,0,5
Taxonomy Aggregate Coverage/taxonomy-app,com.taxonomy.workspace.service,SyncIntegrationService.DivergedStrategy,0,21,0,0,0,4,0,1,0,1
Taxonomy Aggregate Coverage/taxonomy-app,com.taxonomy.architecture.service,ApqcHierarchyService,135,53,17,3,24,13,10,3,0,3
Taxonomy Aggregate Coverage/taxonomy-app,com.taxonomy.architecture.service,ArchitectureGraphQueryServiceImpl.Direction,0,21,0,0,0,1,0,1,0,1
Taxonomy Aggregate Coverage/taxonomy-app,com.taxonomy.architecture.service,ArchitecturePatternService,3,513,7,47,0,96,7,26,0,6
Taxonomy Aggregate Coverage/taxonomy-app,com.taxonomy.architecture.service,ArchitectureGapService,18,589,15,45,2,120,12,28,0,10
Taxonomy Aggregate Coverage/taxonomy-app,com.taxonomy.architecture.service,ArchitectureGraphQueryServiceImpl.TraversalResult,0,15,0,0,0,6,0,1,0,1
Taxonomy Aggregate Coverage/taxonomy-app,com.taxonomy.architecture.service,ArchitectureImpactSelector,3,512,9,59,0,86,9,42,0,17
Taxonomy Aggregate Coverage/taxonomy-app,com.taxonomy.architecture.service,ScoringTraceSelector,7,200,3,17,2,45,2,12,0,4
Taxonomy Aggregate Coverage/taxonomy-app,com.taxonomy.architecture.service,DerivedMetadataService,42,164,3,17,9,39,5,11,2,4
Taxonomy Aggregate Coverage/taxonomy-app,com.taxonomy.architecture.service,CommitIndexSearchRebuilder,0,22,0,0,0,12,0,2,0,2
Taxonomy Aggregate Coverage/taxonomy-app,com.taxonomy.architecture.service,ImpactEndpointSelector,2,134,3,21,0,29,3,12,0,3
Taxonomy Aggregate Coverage/taxonomy-app,com.taxonomy.architecture.service,ImpactEndpointSelector.new Record() {...},0,9,0,0,0,1,0,1,0,1
Taxonomy Aggregate Coverage/taxonomy-app,com.taxonomy.architecture.service,ArchitectureGraphQueryServiceImpl,62,961,23,84,13,197,19,55,0,20
Taxonomy Aggregate Coverage/taxonomy-app,com.taxonomy.architecture.service,ArchitecturePatternService.PatternTemplate,0,9,0,0,0,1,0,1,0,1
Taxonomy Aggregate Coverage/taxonomy-app,com.taxonomy.architecture.service,EnrichedImpactService,26,238,2,8,4,52,2,7,0,4
Taxonomy Aggregate Coverage/taxonomy-app,com.taxonomy.architecture.service,ArchitecturePatternService.PatternStep,0,20,0,0,0,2,0,2,0,2
Taxonomy Aggregate Coverage/taxonomy-app,com.taxonomy.architecture.service,ExplanationTraceService,119,337,31,19,19,61,25,9,2,7
Taxonomy Aggregate Coverage/taxonomy-app,com.taxonomy.architecture.service,CommitIndexService,114,621,11,21,32,174,10,25,0,19
Taxonomy Aggregate Coverage/taxonomy-app,com.taxonomy.architecture.service,ArchitectureRecommendationService,21,359,6,24,6,80,6,14,0,5
Taxonomy Aggregate Coverage/taxonomy-app,com.taxonomy.architecture.service,ArchitectureReportService,126,1506,34,127,19,287,33,59,0,11
Taxonomy Aggregate Coverage/taxonomy-app,com.taxonomy.architecture.service,ArchitectureSummaryService,67,270,9,9,7,57,11,12,3,11
Taxonomy Aggregate Coverage/taxonomy-app,com.taxonomy.architecture.service,CommitIndexService.TenantScope,5,40,2,4,1,9,2,3,0,2
Taxonomy Aggregate Coverage/taxonomy-app,com.taxonomy.architecture.service,LayerRepresentativeSelector,0,25,0,8,0,8,0,6,0,2
Taxonomy Aggregate Coverage/taxonomy-app,com.taxonomy.architecture.service,ArchitectureImpactSelector.ScoredElement,0,9,0,0,0,1,0,1,0,1
Taxonomy Aggregate Coverage/taxonomy-app,com.taxonomy.architecture.service,RequirementArchitectureViewService,0,42,0,4,0,10,0,5,0,3
Taxonomy Aggregate Coverage/taxonomy-app,com.taxonomy.architecture.service,CommitIndexSearchLifecycle,0,37,0,2,0,14,0,4,0,3
Taxonomy Aggregate Coverage/taxonomy-app,com.taxonomy.provenance.controller,DocumentImportController.ConfirmedCandidate,0,9,0,0,0,1,0,1,0,1
Taxonomy Aggregate Coverage/taxonomy-app,com.taxonomy.provenance.controller,DocumentImportController.BoundedText,9,0,0,0,1,0,1,0,1,0
Taxonomy Aggregate Coverage/taxonomy-app,com.taxonomy.provenance.controller,DocumentImportExceptionHandler,18,29,1,3,2,6,3,3,2,2
Taxonomy Aggregate Coverage/taxonomy-app,com.taxonomy.provenance.controller,DocumentImportController,371,182,33,17,87,47,27,13,5,10
Taxonomy Aggregate Coverage/taxonomy-app,com.taxonomy.provenance.controller,DocumentImportController.ConfirmCandidatesRequest,0,12,0,0,0,1,0,1,0,1
Taxonomy Aggregate Coverage/taxonomy-app,com.taxonomy.relations.model,RelationHypothesis,12,229,5,9,2,67,6,41,1,39
Taxonomy Aggregate Coverage/taxonomy-app,com.taxonomy.relations.model,RelationProposal,4,175,3,9,1,50,4,36,1,33
Taxonomy Aggregate Coverage/taxonomy-app,com.taxonomy.relations.model,RelationDecisionProjectionCheckpoint,46,153,15,17,11,40,18,21,5,18
Taxonomy Aggregate Coverage/taxonomy-app,com.taxonomy.relations.model,RelationDecisionProjection,17,255,7,13,4,72,9,38,2,35
Taxonomy Aggregate Coverage/taxonomy-app,com.taxonomy.relations.model,RequirementCoverage,0,39,0,0,0,15,0,8,0,8
Taxonomy Aggregate Coverage/taxonomy-app,com.taxonomy.relations.model,RelationProjectionRecovery.RecoveryStatus,0,21,0,0,0,4,0,1,0,1
Taxonomy Aggregate Coverage/taxonomy-app,com.taxonomy.relations.model,RelationEvidence,55,32,1,1,16,10,17,8,16,8
Taxonomy Aggregate Coverage/taxonomy-app,com.taxonomy.relations.model,RelationProjectionRecovery,162,215,33,21,34,59,30,31,6,28
Taxonomy Aggregate Coverage/taxonomy-app,com.taxonomy.shared.model,FloatArrayConverter,0,68,0,8,0,13,0,7,0,3
Taxonomy Aggregate Coverage/taxonomy-app,com.taxonomy.templates,DocumentTemplateWebDavLockManager,98,249,21,19,26,60,18,17,1,14
Taxonomy Aggregate Coverage/taxonomy-app,com.taxonomy.templates,DocumentTemplateWebDavServlet.Resource,0,9,0,0,0,1,0,1,0,1
Taxonomy Aggregate Coverage/taxonomy-app,com.taxonomy.templates,OoxmlTemplatePackageCodec.PackageData,0,35,0,0,0,6,0,2,0,2
Taxonomy Aggregate Coverage/taxonomy-app,com.taxonomy.templates,OoxmlActiveContentValidator,114,842,60,112,27,164,53,52,1,18
Taxonomy Aggregate Coverage/taxonomy-app,com.taxonomy.templates,DocumentTemplateAdminController,96,58,7,1,21,18,11,2,7,2
Taxonomy Aggregate Coverage/taxonomy-app,com.taxonomy.templates,DocumentTemplateGitRepository.PartChange,0,21,0,0,0,4,0,1,0,1
Taxonomy Aggregate Coverage/taxonomy-app,com.taxonomy.templates,DecisionRationaleTemplateHealthIndicator,0,58,0,0,0,21,0,2,0,2
Taxonomy Aggregate Coverage/taxonomy-app,com.taxonomy.templates,DocumentTemplateGitRepository.TemplateRevision,0,15,0,0,0,1,0,1,0,1
Taxonomy Aggregate Coverage/taxonomy-app,com.taxonomy.templates,OoxmlTemplatePackageCodec,153,828,63,99,43,193,60,44,0,23
Taxonomy Aggregate Coverage/taxonomy-app,com.taxonomy.templates,DocumentTemplateGitRepository.TemplateSnapshot,0,32,0,0,0,6,0,2,0,2
Taxonomy Aggregate Coverage/taxonomy-app,com.taxonomy.templates,DocumentTemplateGitRepository.TemplateNotFoundException,7,15,5,3,1,7,4,1,0,1
Taxonomy Aggregate Coverage/taxonomy-app,com.taxonomy.templates,DecisionRationaleTemplateContract,89,676,37,97,20,156,32,54,2,17
Taxonomy Aggregate Coverage/taxonomy-app,com.taxonomy.templates,DocumentTemplateDetailController,65,126,15,3,10,34,9,5,0,5
Taxonomy Aggregate Coverage/taxonomy-app,com.taxonomy.templates,DocumentTemplateGitRepository.TemplateDiff,15,0,0,0,1,0,1,0,1,0
Taxonomy Aggregate Coverage/taxonomy-app,com.taxonomy.templates,DocumentTemplateWebDavLockManager.TemplateLock,0,21,0,0,0,1,0,1,0,1
Taxonomy Aggregate Coverage/taxonomy-app,com.taxonomy.templates,DocumentTemplateService.TemplatePartView,15,0,0,0,1,0,1,0,1,0
Taxonomy Aggregate Coverage/taxonomy-app,com.taxonomy.templates,DocumentTemplateGitRepository.TemplateManifest,0,33,0,0,0,1,0,1,0,1
Taxonomy Aggregate Coverage/taxonomy-app,com.taxonomy.templates,DocumentTemplateWebDavConfig,26,0,0,0,5,0,2,0,2,0
Taxonomy Aggregate Coverage/taxonomy-app,com.taxonomy.templates,DocumentTemplateService.TemplateFile,0,36,0,0,0,7,0,3,0,3
Taxonomy Aggregate Coverage/taxonomy-app,com.taxonomy.templates,DocumentTemplatePageController,0,18,0,0,0,5,0,3,0,3
Taxonomy Aggregate Coverage/taxonomy-app,com.taxonomy.templates,DocumentTemplateWebDavLockManager.LockedWriteResult,0,9,0,0,0,1,0,1,0,1
Taxonomy Aggregate Coverage/taxonomy-app,com.taxonomy.templates,DocumentTemplateWebDavLockManager.LockConflictException,4,0,0,0,2,0,1,0,1,0
Taxonomy Aggregate Coverage/taxonomy-app,com.taxonomy.templates,DocumentTemplateMaterializationCache.Key,0,12,0,0,0,1,0,1,0,1
Taxonomy Aggregate Coverage/taxonomy-app,com.taxonomy.templates,DefaultDocumentTemplateBootstrap,17,68,3,3,5,22,2,6,0,5
Taxonomy Aggregate Coverage/taxonomy-app,com.taxonomy.templates,DocumentTemplateGitRepository.TemplateConflictException,8,24,1,5,2,7,3,3,2,1
Taxonomy Aggregate Coverage/taxonomy-app,com.taxonomy.templates,DocumentTemplateGitRepository.TemplateDescriptor,0,30,0,0,0,1,0,1,0,1
Taxonomy Aggregate Coverage/taxonomy-app,com.taxonomy.templates,DocumentTemplateWebDavServlet,208,935,42,64,55,274,37,51,1,31
Taxonomy Aggregate Coverage/taxonomy-app,com.taxonomy.templates,DocumentTemplateMaterializationCache,84,237,12,16,19,55,14,12,3,9
Taxonomy Aggregate Coverage/taxonomy-app,com.taxonomy.templates,DocumentTemplateService,247,490,56,46,47,111,46,33,7,21
Taxonomy Aggregate Coverage/taxonomy-app,com.taxonomy.templates,DocumentTemplateGitRepository,274,1093,62,106,60,274,53,62,3,28
Taxonomy Aggregate Coverage/taxonomy-app,com.taxonomy.templates,DocumentTemplateExceptionHandler,35,7,2,0,7,3,6,2,5,2
Taxonomy Aggregate Coverage/taxonomy-app,com.taxonomy.catalog.repository,TaxonomyRelationRepository,25,10,0,0,5,4,5,2,5,2
Taxonomy Aggregate Coverage/taxonomy-app,com.taxonomy.shared.config,SchemaContractMigration,0,52,0,0,0,15,0,3,0,3
Taxonomy Aggregate Coverage/taxonomy-app,com.taxonomy.shared.config,RateLimitFilter.WindowCounter,0,83,0,6,0,22,0,9,0,6
Taxonomy Aggregate Coverage/taxonomy-app,com.taxonomy.shared.config,TaxonomyAnalysisConfigurer,61,0,4,0,7,0,4,0,2,0
Taxonomy Aggregate Coverage/taxonomy-app,com.taxonomy.shared.config,OracleHypothesisSessionColumnMigrator,578,65,65,11,137,19,49,10,15,6
Taxonomy Aggregate Coverage/taxonomy-app,com.taxonomy.shared.config,ExportConfig,2,103,1,8,1,27,1,19,0,13
Taxonomy Aggregate Coverage/taxonomy-app,com.taxonomy.shared.config,CommitIndexProjectionResetMigrator.TableRef,0,12,0,0,0,1,0,1,0,1
Taxonomy Aggregate Coverage/taxonomy-app,com.taxonomy.shared.config,CommitIndexSchemaMigrator,285,822,54,60,71,199,44,47,4,30
Taxonomy Aggregate Coverage/taxonomy-app,com.taxonomy.shared.config,SchemaContractMigrator.IndexDefinition,0,9,0,0,0,1,0,1,0,1
Taxonomy Aggregate Coverage/taxonomy-app,com.taxonomy.shared.config,CommitIndexSchemaMigrator.TableRef,0,12,0,0,0,1,0,1,0,1
Taxonomy Aggregate Coverage/taxonomy-app,com.taxonomy.shared.config,VersionModelAdvice,0,6,0,0,0,2,0,2,0,2
Taxonomy Aggregate Coverage/taxonomy-app,com.taxonomy.shared.config,OracleHypothesisSessionColumnMigrator.ColumnRef,12,0,0,0,1,0,1,0,1,0
Taxonomy Aggregate Coverage/taxonomy-app,com.taxonomy.shared.config,SchemaContractMigrator.TableRef,0,12,0,0,0,1,0,1,0,1
Taxonomy Aggregate Coverage/taxonomy-app,com.taxonomy.shared.config,OracleHypothesisSessionColumnMigrator.TableRef,12,0,0,0,1,0,1,0,1,0
Taxonomy Aggregate Coverage/taxonomy-app,com.taxonomy.shared.config,RateLimitFilter,16,480,10,58,4,127,10,42,0,18
Taxonomy Aggregate Coverage/taxonomy-app,com.taxonomy.shared.config,TaxonomyHealthIndicator,1,73,1,1,0,15,1,2,0,2
Taxonomy Aggregate Coverage/taxonomy-app,com.taxonomy.shared.config,GlobalExceptionHandler,2,259,3,9,1,56,3,14,0,11
Taxonomy Aggregate Coverage/taxonomy-app,com.taxonomy.shared.config,LegacyScopeIdentityNormalizer,33,226,10,26,12,60,11,15,1,7
Taxonomy Aggregate Coverage/taxonomy-app,com.taxonomy.shared.config,CommitIndexSchemaMigrator.ColumnDefinition,6,0,0,0,1,0,1,0,1,0
Taxonomy Aggregate Coverage/taxonomy-app,com.taxonomy.shared.config,OpenApiConfig,0,257,0,0,0,36,0,2,0,2
Taxonomy Aggregate Coverage/taxonomy-app,com.taxonomy.shared.config,RateLimitFilterConfiguration,0,15,0,0,0,4,0,2,0,2
Taxonomy Aggregate Coverage/taxonomy-app,com.taxonomy.shared.config,HibernateSearchAnalysisConfigurer,0,44,0,0,0,7,0,2,0,2
Taxonomy Aggregate Coverage/taxonomy-app,com.taxonomy.shared.config,SchemaContractMigrator,177,1105,41,79,45,271,35,60,2,33
Taxonomy Aggregate Coverage/taxonomy-app,com.taxonomy.shared.config,WebMvcConfig,0,97,0,0,0,17,0,4,0,4
Taxonomy Aggregate Coverage/taxonomy-app,com.taxonomy.shared.config,SchemaContractMigrator.WorkspaceTenantRow,0,9,0,0,0,1,0,1,0,1
Taxonomy Aggregate Coverage/taxonomy-app,com.taxonomy.shared.config,CommitIndexProjectionResetMigrator,58,464,27,49,17,108,25,32,2,17
Taxonomy Aggregate Coverage/taxonomy-app,com.taxonomy.shared.config,SpringContextHolder,0,17,0,2,0,7,0,4,0,3
Taxonomy Aggregate Coverage/taxonomy-app,com.taxonomy.shared.config,DslAnalyzer,0,18,0,0,0,4,0,2,0,2
Taxonomy Aggregate Coverage/taxonomy-app,com.taxonomy.shared.config,I18nConfig,0,91,0,0,0,9,0,5,0,5
Taxonomy Aggregate Coverage/taxonomy-app,com.taxonomy.shared.config,CsvKeywordAnalyzer,0,24,0,0,0,5,0,3,0,3
Taxonomy Aggregate Coverage/taxonomy-app,com.taxonomy.shared.config,CommitIndexSchemaMigrator.IndexDefinition,0,9,0,0,0,1,0,1,0,1
Taxonomy Aggregate Coverage/taxonomy-app,com.taxonomy.shared.config,CommitIndexProjectionResetMigrator.IndexDefinition,0,9,0,0,0,1,0,1,0,1
Taxonomy Aggregate Coverage/taxonomy-app,com.taxonomy.shared.config,OracleHypothesisSessionColumnMigrator.IndexDefinition,9,0,0,0,1,0,1,0,1,0
Taxonomy Aggregate Coverage/taxonomy-app,com.taxonomy.shared.config,RateLimitFilter.Acquisition,0,9,0,0,0,1,0,1,0,1
Taxonomy Aggregate Coverage/taxonomy-app,com.taxonomy.portfolio.repository,ProjectRequirementVersionRepository,6,42,1,9,1,9,1,7,0,3
Taxonomy Aggregate Coverage/taxonomy-app,com.taxonomy.portfolio.workbench,ArchitecturePdfRenderer,57,746,16,23,8,134,16,20,0,14
Taxonomy Aggregate Coverage/taxonomy-app,com.taxonomy.portfolio.workbench,ArchitectureWorkbenchController,0,337,1,3,0,88,1,14,0,13
Taxonomy Aggregate Coverage/taxonomy-app,com.taxonomy.portfolio.workbench,ArchitectureSnapshotExportService.Artifact,0,108,0,0,0,16,0,2,0,2
Taxonomy Aggregate Coverage/taxonomy-app,com.taxonomy.portfolio.workbench,ArchitectureWorkbenchDtos.Projection,6,78,3,3,0,5,3,1,0,1
Taxonomy Aggregate Coverage/taxonomy-app,com.taxonomy.portfolio.workbench,ArchitectureWorkbenchDtos.RelationMetadata,47,0,0,0,2,0,2,0,2,0
Taxonomy Aggregate Coverage/taxonomy-app,com.taxonomy.portfolio.workbench,ArchitectureWorkbenchService,109,265,18,18,19,52,18,8,1,7
Taxonomy Aggregate Coverage/taxonomy-app,com.taxonomy.portfolio.workbench,ArchitectureWorkbenchDtos.ElementMetadata,51,0,0,0,1,0,1,0,1,0
Taxonomy Aggregate Coverage/taxonomy-app,com.taxonomy.portfolio.workbench,ArchitectureSnapshotExportService,26,541,19,45,9,141,19,35,0,22
Taxonomy Aggregate Coverage/taxonomy-app,com.taxonomy.portfolio.workbench,ArchitectureWorkbenchController.RequestScope,0,9,0,0,0,1,0,1,0,1
Taxonomy Aggregate Coverage/taxonomy-app,com.taxonomy.portfolio.workbench,ArchitectureSnapshotExportService.Format,0,44,0,0,0,11,0,5,0,5
Taxonomy Aggregate Coverage/taxonomy-app,com.taxonomy.catalog.controller,ArchiMateImportController,43,89,2,6,6,19,1,8,0,5
Taxonomy Aggregate Coverage/taxonomy-app,com.taxonomy.catalog.controller,TaxonomyController,0,19,0,0,0,6,0,2,0,2
Taxonomy Aggregate Coverage/taxonomy-app,com.taxonomy.catalog.controller,ApiController,29,25,2,2,5,9,2,3,0,3
Taxonomy Aggregate Coverage/taxonomy-app,com.taxonomy.catalog.controller,ImportApiController,49,93,3,5,9,24,3,6,0,5
Taxonomy Aggregate Coverage/taxonomy-app,com.taxonomy.preferences,PreferencesStorageConfig,0,15,0,0,0,4,0,3,0,3
Taxonomy Aggregate Coverage/taxonomy-app,com.taxonomy.preferences,PreferencesService,40,308,8,8,9,63,7,14,1,12
Taxonomy Aggregate Coverage/taxonomy-app,com.taxonomy.search.service,SearchFacade,4,181,2,12,1,43,3,15,1,10
